<?xml version="1.0" encoding="UTF-8"?>
<testsuites name="Test Suite Quria Search" time="1006" tests="13" failures="2" errors="0">
   <testsuite name="Test Suite Quria Search" tests="13" failures="2" errors="0" time="1006" timestamp="2020-04-23 13:52:10" hostname="ignacio - BIBITS-IGNACIO2.bibsent.no" id="Test Suites/Test Suite Quria Search">
      <properties>
         <property name="deviceName" value=""/>
         <property name="devicePlatform" value=""/>
         <property name="logFolder" value="C:\\Users\\ignacio\\Katalon Studio\\KatalonQuriaTest\\Reports\\Test Suite Quria Search\\20200423_135208"/>
         <property name="logFiles" value="C:\\Users\\ignacio\\Katalon Studio\\KatalonQuriaTest\\Reports\\Test Suite Quria Search\\20200423_135208\\execution0.log"/>
         <property name="attachments" value="C:\\Users\\ignacio\\Katalon Studio\\KatalonQuriaTest\\Reports\\Test Suite Quria Search\\20200423_135208\\1587642975282.png, C:\\Users\\ignacio\\Katalon Studio\\KatalonQuriaTest\\Reports\\Test Suite Quria Search\\20200423_135208\\1587643184057.png"/>
         <property name="hostName" value="ignacio - BIBITS-IGNACIO2.bibsent.no"/>
         <property name="os" value="Windows 10 64bit"/>
         <property name="katalonVersion" value="5.10.0.1"/>
         <property name="browser" value="Chrome 81.0.4044.122"/>
         <property name="hostAddress" value="10.81.1.185"/>
         <property name="sessionId" value="3df594bfc9d44fab8a48f0665a26a78e"/>
         <property name="seleniumVersion" value="3.7.1"/>
         <property name="proxyInformation" value="ProxyInformation{proxyOption=NO_PROXY, proxyServerType=HTTP, password=, proxyServerAddress=, proxyServerPort=0}"/>
         <property name="platform" value="Windows 10"/>
      </properties>
      <testcase name="Test Cases/Test Simple Search" classname="Test Cases/Test Simple Search" status="PASSED">
         <system-out><![CDATA[2020-04-23 13:52:10 - [TEST_CASE][PASSED] - Test Cases/Test Simple Search: Test Cases/Test Simple Search

2020-04-23 13:52:11 - [TEST_STEP][PASSED] - callTestCase(findTestCase("Test Patron/Test Case Login"), [:], STOP_ON_FAILURE): Call Test Case 'Test Cases/Test Patron/Test Case Login' successfully

2020-04-23 13:52:11 - [TEST_CASE][PASSED] - Test Cases/Test Patron/Test Case Login: Test Cases/Test Patron/Test Case Login

2020-04-23 13:52:11 - [TEST_STEP][PASSED] - openBrowser(""): Browser is opened with url: ''

2020-04-23 13:52:11 - [MESSAGE][INFO] - Starting 'Chrome' driver

2020-04-23 13:52:11 - [MESSAGE][INFO] - Action delay is set to 1 seconds

2020-04-23 13:52:23 - [MESSAGE][PASSED] - Browser is opened with url: ''

2020-04-23 13:52:23 - [TEST_STEP][PASSED] - navigateToUrl("https://nightlyno.quriaint.axiell.com"): Navigate to 'https://nightlyno.quriaint.axiell.com' successfully

2020-04-23 13:52:24 - [MESSAGE][PASSED] - Navigate to 'https://nightlyno.quriaint.axiell.com' successfully

2020-04-23 13:52:24 - [TEST_STEP][PASSED] - click(findTestObject("Test Simple Search/Page_Axiell Quria/a_Sign in with Google")): Object: 'Object Repository/Test Simple Search/Page_Axiell Quria/a_Sign in with Google' is clicked on

2020-04-23 13:52:28 - [MESSAGE][PASSED] - Object: 'Object Repository/Test Simple Search/Page_Axiell Quria/a_Sign in with Google' is clicked on

2020-04-23 13:52:28 - [TEST_STEP][PASSED] - setText(findTestObject("Capture Object Patron/Page_Axiell Quria/input_axiell.com_identifier"), "axiell.norge.quria@gmail.com"): Text 'axiell.norge.quria@gmail.com' is set on object 'Object Repository/Capture Object Patron/Page_Axiell Quria/input_axiell.com_identifier'

2020-04-23 13:52:32 - [MESSAGE][PASSED] - Text 'axiell.norge.quria@gmail.com' is set on object 'Object Repository/Capture Object Patron/Page_Axiell Quria/input_axiell.com_identifier'

2020-04-23 13:52:32 - [TEST_STEP][PASSED] - click(findTestObject("Capture Object Patron/Page_Logg p  Google-kontoer/span_Neste")): Object: 'Object Repository/Capture Object Patron/Page_Logg p  Google-kontoer/span_Neste' is clicked on

2020-04-23 13:52:34 - [MESSAGE][PASSED] - Object: 'Object Repository/Capture Object Patron/Page_Logg p  Google-kontoer/span_Neste' is clicked on

2020-04-23 13:52:34 - [TEST_STEP][PASSED] - waitForElementVisible(findTestObject("Capture Object Patron/Page_Axiell Quria/input_Password"), 30): Object 'Object Repository/Capture Object Patron/Page_Axiell Quria/input_Password' is visible

2020-04-23 13:52:36 - [MESSAGE][PASSED] - Object 'Object Repository/Capture Object Patron/Page_Axiell Quria/input_Password' is visible

2020-04-23 13:52:36 - [TEST_STEP][PASSED] - setEncryptedText(findTestObject("Capture Object Patron/Page_Axiell Quria/input_Password"), "d097ITWPO7f2v9EptRJGCg=="): Text ****** has been set on object 'Object Repository/Capture Object Patron/Page_Axiell Quria/input_Password'

2020-04-23 13:52:39 - [MESSAGE][PASSED] - Text ****** has been set on object 'Object Repository/Capture Object Patron/Page_Axiell Quria/input_Password'

2020-04-23 13:52:39 - [TEST_STEP][PASSED] - click(findTestObject("Manual Captured Objects/Page_Logg p  Google-kontoer/div_Neste")): Object: 'Object Repository/Manual Captured Objects/Page_Logg p  Google-kontoer/div_Neste' is clicked on

2020-04-23 13:52:42 - [MESSAGE][PASSED] - Object: 'Object Repository/Manual Captured Objects/Page_Logg p  Google-kontoer/div_Neste' is clicked on

2020-04-23 13:52:42 - [MESSAGE][PASSED] - Call Test Case 'Test Cases/Test Patron/Test Case Login' successfully

2020-04-23 13:52:42 - [TEST_STEP][PASSED] - click(findTestObject("Object Repository/Test Simple Search/Page_nightlyno - Axiell Quria/md-icon")): Object: 'Object Repository/Test Simple Search/Page_nightlyno - Axiell Quria/md-icon' is clicked on

2020-04-23 13:52:48 - [MESSAGE][PASSED] - Object: 'Object Repository/Test Simple Search/Page_nightlyno - Axiell Quria/md-icon' is clicked on

2020-04-23 13:52:48 - [TEST_STEP][PASSED] - waitForElementVisible(findTestObject("Test Simple Search/Page_nightlyno - Axiell Quria/input_Abonnementer_search-inpu"), 30): Object 'Object Repository/Test Simple Search/Page_nightlyno - Axiell Quria/input_Abonnementer_search-inpu' is visible

2020-04-23 13:52:54 - [MESSAGE][PASSED] - Object 'Object Repository/Test Simple Search/Page_nightlyno - Axiell Quria/input_Abonnementer_search-inpu' is visible

2020-04-23 13:52:54 - [TEST_STEP][PASSED] - setText(findTestObject("Object Repository/Test Simple Search/Page_nightlyno - Axiell Quria/input_Abonnementer_search-inpu"), "Quria"): Text 'Quria' is set on object 'Object Repository/Test Simple Search/Page_nightlyno - Axiell Quria/input_Abonnementer_search-inpu'

2020-04-23 13:52:59 - [MESSAGE][PASSED] - Text 'Quria' is set on object 'Object Repository/Test Simple Search/Page_nightlyno - Axiell Quria/input_Abonnementer_search-inpu'

2020-04-23 13:52:59 - [TEST_STEP][PASSED] - click(findTestObject("test manuel objecter 2/Page_nightlyno - Axiell Quria/md-icon_1")): Object: 'Object Repository/test manuel objecter 2/Page_nightlyno - Axiell Quria/md-icon_1' is clicked on

2020-04-23 13:53:01 - [MESSAGE][PASSED] - Object: 'Object Repository/test manuel objecter 2/Page_nightlyno - Axiell Quria/md-icon_1' is clicked on

2020-04-23 13:53:01 - [TEST_STEP][PASSED] - click(findTestObject("test manuel objecter 2/Page_nightlyno - Axiell Quria/div_Resultater")): Object: 'Object Repository/test manuel objecter 2/Page_nightlyno - Axiell Quria/div_Resultater' is clicked on

2020-04-23 13:53:03 - [MESSAGE][PASSED] - Object: 'Object Repository/test manuel objecter 2/Page_nightlyno - Axiell Quria/div_Resultater' is clicked on

2020-04-23 13:53:03 - [TEST_STEP][PASSED] - verifyElementText(findTestObject("test manuel objecter 2/Page_nightlyno - Axiell Quria/div_Resultater"), "Resultater: 2"): Actual text and expected text of test object 'Object Repository/test manuel objecter 2/Page_nightlyno - Axiell Quria/div_Resultater' are matched.

2020-04-23 13:53:05 - [MESSAGE][PASSED] - Actual text and expected text of test object 'Object Repository/test manuel objecter 2/Page_nightlyno - Axiell Quria/div_Resultater' are matched.

2020-04-23 13:53:05 - [TEST_STEP][PASSED] - click(findTestObject("Object Repository/test manuel objecter 2/Page_nightlyno - Axiell Quria/md-icon_expand_more")): Object: 'Object Repository/test manuel objecter 2/Page_nightlyno - Axiell Quria/md-icon_expand_more' is clicked on

2020-04-23 13:53:07 - [MESSAGE][PASSED] - Object: 'Object Repository/test manuel objecter 2/Page_nightlyno - Axiell Quria/md-icon_expand_more' is clicked on

2020-04-23 13:53:07 - [TEST_STEP][PASSED] - click(findTestObject("Object Repository/test manuel objecter 2/Page_nightlyno - Axiell Quria/a_exit_to_appLogg av")): Object: 'Object Repository/test manuel objecter 2/Page_nightlyno - Axiell Quria/a_exit_to_appLogg av' is clicked on

2020-04-23 13:53:09 - [MESSAGE][PASSED] - Object: 'Object Repository/test manuel objecter 2/Page_nightlyno - Axiell Quria/a_exit_to_appLogg av' is clicked on

2020-04-23 13:53:09 - [TEST_STEP][PASSED] - closeBrowser(): Browser is closed

2020-04-23 13:53:11 - [MESSAGE][PASSED] - Browser is closed]]></system-out>
         <system-err><![CDATA[]]></system-err>
      </testcase>
      <testcase name="Test Cases/Test Simple Search - Facet" classname="Test Cases/Test Simple Search - Facet" status="PASSED">
         <system-out><![CDATA[2020-04-23 13:53:11 - [TEST_CASE][PASSED] - Test Cases/Test Simple Search - Facet: Test Cases/Test Simple Search - Facet

2020-04-23 13:53:11 - [TEST_STEP][PASSED] - callTestCase(findTestCase("Test Patron/Test Case Login"), [:], STOP_ON_FAILURE): Call Test Case 'Test Cases/Test Patron/Test Case Login' successfully

2020-04-23 13:53:12 - [TEST_CASE][PASSED] - Test Cases/Test Patron/Test Case Login: Test Cases/Test Patron/Test Case Login

2020-04-23 13:53:12 - [TEST_STEP][PASSED] - openBrowser(""): Browser is opened with url: ''

2020-04-23 13:53:12 - [MESSAGE][INFO] - Starting 'Chrome' driver

2020-04-23 13:53:19 - [MESSAGE][PASSED] - Browser is opened with url: ''

2020-04-23 13:53:19 - [TEST_STEP][PASSED] - navigateToUrl("https://nightlyno.quriaint.axiell.com"): Navigate to 'https://nightlyno.quriaint.axiell.com' successfully

2020-04-23 13:53:21 - [MESSAGE][PASSED] - Navigate to 'https://nightlyno.quriaint.axiell.com' successfully

2020-04-23 13:53:21 - [TEST_STEP][PASSED] - click(findTestObject("Test Simple Search/Page_Axiell Quria/a_Sign in with Google")): Object: 'Object Repository/Test Simple Search/Page_Axiell Quria/a_Sign in with Google' is clicked on

2020-04-23 13:53:24 - [MESSAGE][PASSED] - Object: 'Object Repository/Test Simple Search/Page_Axiell Quria/a_Sign in with Google' is clicked on

2020-04-23 13:53:24 - [TEST_STEP][PASSED] - setText(findTestObject("Capture Object Patron/Page_Axiell Quria/input_axiell.com_identifier"), "axiell.norge.quria@gmail.com"): Text 'axiell.norge.quria@gmail.com' is set on object 'Object Repository/Capture Object Patron/Page_Axiell Quria/input_axiell.com_identifier'

2020-04-23 13:53:29 - [MESSAGE][PASSED] - Text 'axiell.norge.quria@gmail.com' is set on object 'Object Repository/Capture Object Patron/Page_Axiell Quria/input_axiell.com_identifier'

2020-04-23 13:53:29 - [TEST_STEP][PASSED] - click(findTestObject("Capture Object Patron/Page_Logg p  Google-kontoer/span_Neste")): Object: 'Object Repository/Capture Object Patron/Page_Logg p  Google-kontoer/span_Neste' is clicked on

2020-04-23 13:53:31 - [MESSAGE][PASSED] - Object: 'Object Repository/Capture Object Patron/Page_Logg p  Google-kontoer/span_Neste' is clicked on

2020-04-23 13:53:31 - [TEST_STEP][PASSED] - waitForElementVisible(findTestObject("Capture Object Patron/Page_Axiell Quria/input_Password"), 30): Object 'Object Repository/Capture Object Patron/Page_Axiell Quria/input_Password' is visible

2020-04-23 13:53:33 - [MESSAGE][PASSED] - Object 'Object Repository/Capture Object Patron/Page_Axiell Quria/input_Password' is visible

2020-04-23 13:53:33 - [TEST_STEP][PASSED] - setEncryptedText(findTestObject("Capture Object Patron/Page_Axiell Quria/input_Password"), "d097ITWPO7f2v9EptRJGCg=="): Text ****** has been set on object 'Object Repository/Capture Object Patron/Page_Axiell Quria/input_Password'

2020-04-23 13:53:36 - [MESSAGE][PASSED] - Text ****** has been set on object 'Object Repository/Capture Object Patron/Page_Axiell Quria/input_Password'

2020-04-23 13:53:36 - [TEST_STEP][PASSED] - click(findTestObject("Manual Captured Objects/Page_Logg p  Google-kontoer/div_Neste")): Object: 'Object Repository/Manual Captured Objects/Page_Logg p  Google-kontoer/div_Neste' is clicked on

2020-04-23 13:53:38 - [MESSAGE][PASSED] - Object: 'Object Repository/Manual Captured Objects/Page_Logg p  Google-kontoer/div_Neste' is clicked on

2020-04-23 13:53:38 - [MESSAGE][PASSED] - Call Test Case 'Test Cases/Test Patron/Test Case Login' successfully

2020-04-23 13:53:38 - [TEST_STEP][PASSED] - click(findTestObject("Object Repository/Test Simple Search/Page_nightlyno - Axiell Quria/md-icon")): Object: 'Object Repository/Test Simple Search/Page_nightlyno - Axiell Quria/md-icon' is clicked on

2020-04-23 13:53:45 - [MESSAGE][PASSED] - Object: 'Object Repository/Test Simple Search/Page_nightlyno - Axiell Quria/md-icon' is clicked on

2020-04-23 13:53:45 - [TEST_STEP][PASSED] - setText(findTestObject("Object Repository/Test Simple Search/Page_nightlyno - Axiell Quria/input_Abonnementer_search-inpu"), "Subject: Lydbøker"): Text 'Subject: Lydbøker' is set on object 'Object Repository/Test Simple Search/Page_nightlyno - Axiell Quria/input_Abonnementer_search-inpu'

2020-04-23 13:53:55 - [MESSAGE][PASSED] - Text 'Subject: Lydbøker' is set on object 'Object Repository/Test Simple Search/Page_nightlyno - Axiell Quria/input_Abonnementer_search-inpu'

2020-04-23 13:53:55 - [TEST_STEP][PASSED] - click(findTestObject("test manuel objecter 2/Page_nightlyno - Axiell Quria/md-icon_1")): Object: 'Object Repository/test manuel objecter 2/Page_nightlyno - Axiell Quria/md-icon_1' is clicked on

2020-04-23 13:53:57 - [MESSAGE][PASSED] - Object: 'Object Repository/test manuel objecter 2/Page_nightlyno - Axiell Quria/md-icon_1' is clicked on

2020-04-23 13:53:57 - [TEST_STEP][PASSED] - click(findTestObject("test manuel objecter 2/Page_nightlyno - Axiell Quria/div_Resultater")): Object: 'Object Repository/test manuel objecter 2/Page_nightlyno - Axiell Quria/div_Resultater' is clicked on

2020-04-23 13:53:59 - [MESSAGE][PASSED] - Object: 'Object Repository/test manuel objecter 2/Page_nightlyno - Axiell Quria/div_Resultater' is clicked on

2020-04-23 13:53:59 - [TEST_STEP][PASSED] - verifyElementText(findTestObject("test manuel objecter 2/Page_nightlyno - Axiell Quria/div_Resultater"), "Resultater: 583"): Actual text and expected text of test object 'Object Repository/test manuel objecter 2/Page_nightlyno - Axiell Quria/div_Resultater' are matched.

2020-04-23 13:54:01 - [MESSAGE][PASSED] - Actual text and expected text of test object 'Object Repository/test manuel objecter 2/Page_nightlyno - Axiell Quria/div_Resultater' are matched.

2020-04-23 13:54:01 - [TEST_STEP][PASSED] - click(findTestObject("Object Repository/Object Clouse Browser/Page_nightlyno - Axiell Quria/md-icon_expand_more")): Object: 'Object Repository/Object Clouse Browser/Page_nightlyno - Axiell Quria/md-icon_expand_more' is clicked on

2020-04-23 13:54:04 - [MESSAGE][PASSED] - Object: 'Object Repository/Object Clouse Browser/Page_nightlyno - Axiell Quria/md-icon_expand_more' is clicked on

2020-04-23 13:54:04 - [TEST_STEP][PASSED] - click(findTestObject("Object Repository/Object Clouse Browser/Page_nightlyno - Axiell Quria/a_exit_to_appLogg av")): Object: 'Object Repository/Object Clouse Browser/Page_nightlyno - Axiell Quria/a_exit_to_appLogg av' is clicked on

2020-04-23 13:54:06 - [MESSAGE][PASSED] - Object: 'Object Repository/Object Clouse Browser/Page_nightlyno - Axiell Quria/a_exit_to_appLogg av' is clicked on

2020-04-23 13:54:06 - [TEST_STEP][PASSED] - closeBrowser(): Browser is closed

2020-04-23 13:54:08 - [MESSAGE][PASSED] - Browser is closed]]></system-out>
         <system-err><![CDATA[]]></system-err>
      </testcase>
      <testcase name="Test Cases/Test Simple Search - Masking (a single letter)" classname="Test Cases/Test Simple Search - Masking (a single letter)" status="PASSED">
         <system-out><![CDATA[2020-04-23 13:54:08 - [TEST_CASE][PASSED] - Test Cases/Test Simple Search - Masking (a single letter): Test Cases/Test Simple Search - Masking (a single letter)

2020-04-23 13:54:08 - [TEST_STEP][PASSED] - callTestCase(findTestCase("Test Patron/Test Case Login"), [:], STOP_ON_FAILURE): Call Test Case 'Test Cases/Test Patron/Test Case Login' successfully

2020-04-23 13:54:08 - [TEST_CASE][PASSED] - Test Cases/Test Patron/Test Case Login: Test Cases/Test Patron/Test Case Login

2020-04-23 13:54:08 - [TEST_STEP][PASSED] - openBrowser(""): Browser is opened with url: ''

2020-04-23 13:54:08 - [MESSAGE][INFO] - Starting 'Chrome' driver

2020-04-23 13:54:16 - [MESSAGE][PASSED] - Browser is opened with url: ''

2020-04-23 13:54:16 - [TEST_STEP][PASSED] - navigateToUrl("https://nightlyno.quriaint.axiell.com"): Navigate to 'https://nightlyno.quriaint.axiell.com' successfully

2020-04-23 13:54:17 - [MESSAGE][PASSED] - Navigate to 'https://nightlyno.quriaint.axiell.com' successfully

2020-04-23 13:54:17 - [TEST_STEP][PASSED] - click(findTestObject("Test Simple Search/Page_Axiell Quria/a_Sign in with Google")): Object: 'Object Repository/Test Simple Search/Page_Axiell Quria/a_Sign in with Google' is clicked on

2020-04-23 13:54:23 - [MESSAGE][PASSED] - Object: 'Object Repository/Test Simple Search/Page_Axiell Quria/a_Sign in with Google' is clicked on

2020-04-23 13:54:23 - [TEST_STEP][PASSED] - setText(findTestObject("Capture Object Patron/Page_Axiell Quria/input_axiell.com_identifier"), "axiell.norge.quria@gmail.com"): Text 'axiell.norge.quria@gmail.com' is set on object 'Object Repository/Capture Object Patron/Page_Axiell Quria/input_axiell.com_identifier'

2020-04-23 13:54:27 - [MESSAGE][PASSED] - Text 'axiell.norge.quria@gmail.com' is set on object 'Object Repository/Capture Object Patron/Page_Axiell Quria/input_axiell.com_identifier'

2020-04-23 13:54:27 - [TEST_STEP][PASSED] - click(findTestObject("Capture Object Patron/Page_Logg p  Google-kontoer/span_Neste")): Object: 'Object Repository/Capture Object Patron/Page_Logg p  Google-kontoer/span_Neste' is clicked on

2020-04-23 13:54:30 - [MESSAGE][PASSED] - Object: 'Object Repository/Capture Object Patron/Page_Logg p  Google-kontoer/span_Neste' is clicked on

2020-04-23 13:54:30 - [TEST_STEP][PASSED] - waitForElementVisible(findTestObject("Capture Object Patron/Page_Axiell Quria/input_Password"), 30): Object 'Object Repository/Capture Object Patron/Page_Axiell Quria/input_Password' is visible

2020-04-23 13:54:32 - [MESSAGE][PASSED] - Object 'Object Repository/Capture Object Patron/Page_Axiell Quria/input_Password' is visible

2020-04-23 13:54:32 - [TEST_STEP][PASSED] - setEncryptedText(findTestObject("Capture Object Patron/Page_Axiell Quria/input_Password"), "d097ITWPO7f2v9EptRJGCg=="): Text ****** has been set on object 'Object Repository/Capture Object Patron/Page_Axiell Quria/input_Password'

2020-04-23 13:54:35 - [MESSAGE][PASSED] - Text ****** has been set on object 'Object Repository/Capture Object Patron/Page_Axiell Quria/input_Password'

2020-04-23 13:54:35 - [TEST_STEP][PASSED] - click(findTestObject("Manual Captured Objects/Page_Logg p  Google-kontoer/div_Neste")): Object: 'Object Repository/Manual Captured Objects/Page_Logg p  Google-kontoer/div_Neste' is clicked on

2020-04-23 13:54:37 - [MESSAGE][PASSED] - Object: 'Object Repository/Manual Captured Objects/Page_Logg p  Google-kontoer/div_Neste' is clicked on

2020-04-23 13:54:37 - [MESSAGE][PASSED] - Call Test Case 'Test Cases/Test Patron/Test Case Login' successfully

2020-04-23 13:54:37 - [TEST_STEP][PASSED] - click(findTestObject("Object Repository/Test Simple Search/Page_nightlyno - Axiell Quria/md-icon")): Object: 'Object Repository/Test Simple Search/Page_nightlyno - Axiell Quria/md-icon' is clicked on

2020-04-23 13:54:53 - [MESSAGE][PASSED] - Object: 'Object Repository/Test Simple Search/Page_nightlyno - Axiell Quria/md-icon' is clicked on

2020-04-23 13:54:53 - [TEST_STEP][PASSED] - waitForElementVisible(findTestObject("Test Simple Search/Page_nightlyno - Axiell Quria/input_Abonnementer_search-inpu"), 30): Object 'Object Repository/Test Simple Search/Page_nightlyno - Axiell Quria/input_Abonnementer_search-inpu' is visible

2020-04-23 13:54:55 - [MESSAGE][PASSED] - Object 'Object Repository/Test Simple Search/Page_nightlyno - Axiell Quria/input_Abonnementer_search-inpu' is visible

2020-04-23 13:54:55 - [TEST_STEP][PASSED] - setText(findTestObject("Object Repository/Test Simple Search/Page_nightlyno - Axiell Quria/input_Abonnementer_search-inpu"), "b?rn"): Text 'b?rn' is set on object 'Object Repository/Test Simple Search/Page_nightlyno - Axiell Quria/input_Abonnementer_search-inpu'

2020-04-23 13:54:59 - [MESSAGE][PASSED] - Text 'b?rn' is set on object 'Object Repository/Test Simple Search/Page_nightlyno - Axiell Quria/input_Abonnementer_search-inpu'

2020-04-23 13:54:59 - [TEST_STEP][PASSED] - click(findTestObject("test manuel objecter 2/Page_nightlyno - Axiell Quria/md-icon_1")): Object: 'Object Repository/test manuel objecter 2/Page_nightlyno - Axiell Quria/md-icon_1' is clicked on

2020-04-23 13:55:01 - [MESSAGE][PASSED] - Object: 'Object Repository/test manuel objecter 2/Page_nightlyno - Axiell Quria/md-icon_1' is clicked on

2020-04-23 13:55:01 - [TEST_STEP][PASSED] - waitForElementPresent(findTestObject("test manuel objecter 2/Page_nightlyno - Axiell Quria/div_Resultater"), 30): Object 'Object Repository/test manuel objecter 2/Page_nightlyno - Axiell Quria/div_Resultater' is present

2020-04-23 13:55:03 - [MESSAGE][PASSED] - Object 'Object Repository/test manuel objecter 2/Page_nightlyno - Axiell Quria/div_Resultater' is present

2020-04-23 13:55:03 - [TEST_STEP][PASSED] - click(findTestObject("test manuel objecter 2/Page_nightlyno - Axiell Quria/div_Resultater")): Object: 'Object Repository/test manuel objecter 2/Page_nightlyno - Axiell Quria/div_Resultater' is clicked on

2020-04-23 13:55:05 - [MESSAGE][PASSED] - Object: 'Object Repository/test manuel objecter 2/Page_nightlyno - Axiell Quria/div_Resultater' is clicked on

2020-04-23 13:55:05 - [TEST_STEP][PASSED] - verifyElementText(findTestObject("test manuel objecter 2/Page_nightlyno - Axiell Quria/div_Resultater"), "Resultater: 221"): Actual text and expected text of test object 'Object Repository/test manuel objecter 2/Page_nightlyno - Axiell Quria/div_Resultater' are matched.

2020-04-23 13:55:07 - [MESSAGE][PASSED] - Actual text and expected text of test object 'Object Repository/test manuel objecter 2/Page_nightlyno - Axiell Quria/div_Resultater' are matched.

2020-04-23 13:55:07 - [TEST_STEP][PASSED] - click(findTestObject("Object Repository/Object Clouse Browser/Page_nightlyno - Axiell Quria/md-icon_expand_more")): Object: 'Object Repository/Object Clouse Browser/Page_nightlyno - Axiell Quria/md-icon_expand_more' is clicked on

2020-04-23 13:55:10 - [MESSAGE][PASSED] - Object: 'Object Repository/Object Clouse Browser/Page_nightlyno - Axiell Quria/md-icon_expand_more' is clicked on

2020-04-23 13:55:10 - [TEST_STEP][PASSED] - click(findTestObject("Object Repository/Object Clouse Browser/Page_nightlyno - Axiell Quria/a_exit_to_appLogg av")): Object: 'Object Repository/Object Clouse Browser/Page_nightlyno - Axiell Quria/a_exit_to_appLogg av' is clicked on

2020-04-23 13:55:12 - [MESSAGE][PASSED] - Object: 'Object Repository/Object Clouse Browser/Page_nightlyno - Axiell Quria/a_exit_to_appLogg av' is clicked on

2020-04-23 13:55:12 - [TEST_STEP][PASSED] - closeBrowser(): Browser is closed

2020-04-23 13:55:14 - [MESSAGE][PASSED] - Browser is closed]]></system-out>
         <system-err><![CDATA[]]></system-err>
      </testcase>
      <testcase name="Test Cases/Test Simple Search - Masking" classname="Test Cases/Test Simple Search - Masking" status="FAILED">
         <failure type="FAILED" message="Test Cases/Test Simple Search - Masking FAILED.
Reason:
com.kms.katalon.core.exception.StepFailedException: Actual text 'Resultater: 718' and expected text 'Resultater: 717' of test object 'Object Repository/test manuel objecter 2/Page_nightlyno - Axiell Quria/div_Resultater' are NOT matched.
	at com.kms.katalon.core.keyword.internal.KeywordMain.stepFailed(KeywordMain.groovy:32)
	at com.kms.katalon.core.webui.keyword.internal.WebUIKeywordMain.stepFailed(WebUIKeywordMain.groovy:65)
	at com.kms.katalon.core.webui.keyword.builtin.VerifyElementTextKeyword$_verifyElementText_closure1.doCall(VerifyElementTextKeyword.groovy:57)
	at com.kms.katalon.core.webui.keyword.builtin.VerifyElementTextKeyword$_verifyElementText_closure1.call(VerifyElementTextKeyword.groovy)
	at com.kms.katalon.core.webui.keyword.internal.WebUIKeywordMain.runKeyword(WebUIKeywordMain.groovy:21)
	at com.kms.katalon.core.webui.keyword.builtin.VerifyElementTextKeyword.verifyElementText(VerifyElementTextKeyword.groovy:72)
	at com.kms.katalon.core.webui.keyword.builtin.VerifyElementTextKeyword.execute(VerifyElementTextKeyword.groovy:40)
	at com.kms.katalon.core.keyword.internal.KeywordExecutor.executeKeywordForPlatform(KeywordExecutor.groovy:53)
	at com.kms.katalon.core.webui.keyword.WebUiBuiltInKeywords.verifyElementText(WebUiBuiltInKeywords.groovy:3663)
	at com.kms.katalon.core.webui.keyword.WebUiBuiltInKeywords$verifyElementText$5.call(Unknown Source)
	at Test Simple Search - Masking.run(Test Simple Search - Masking:30)
	at com.kms.katalon.core.main.ScriptEngine.run(ScriptEngine.java:194)
	at com.kms.katalon.core.main.ScriptEngine.runScriptAsRawText(ScriptEngine.java:119)
	at com.kms.katalon.core.main.TestCaseExecutor.runScript(TestCaseExecutor.java:328)
	at com.kms.katalon.core.main.TestCaseExecutor.doExecute(TestCaseExecutor.java:319)
	at com.kms.katalon.core.main.TestCaseExecutor.processExecutionPhase(TestCaseExecutor.java:298)
	at com.kms.katalon.core.main.TestCaseExecutor.accessMainPhase(TestCaseExecutor.java:290)
	at com.kms.katalon.core.main.TestCaseExecutor.execute(TestCaseExecutor.java:224)
	at com.kms.katalon.core.main.TestSuiteExecutor.accessTestCaseMainPhase(TestSuiteExecutor.java:129)
	at com.kms.katalon.core.main.TestSuiteExecutor.accessTestSuiteMainPhase(TestSuiteExecutor.java:112)
	at com.kms.katalon.core.main.TestSuiteExecutor.execute(TestSuiteExecutor.java:81)
	at com.kms.katalon.core.main.TestCaseMain.startTestSuite(TestCaseMain.java:149)
	at com.kms.katalon.core.main.TestCaseMain$startTestSuite$0.call(Unknown Source)
	at TempTestSuite1587642728192.run(TempTestSuite1587642728192.groovy:36)
"/>
         <system-out><![CDATA[2020-04-23 13:55:14 - [TEST_CASE][FAILED] - Test Cases/Test Simple Search - Masking: Test Cases/Test Simple Search - Masking FAILED.
Reason:
com.kms.katalon.core.exception.StepFailedException: Actual text 'Resultater: 718' and expected text 'Resultater: 717' of test object 'Object Repository/test manuel objecter 2/Page_nightlyno - Axiell Quria/div_Resultater' are NOT matched.
	at com.kms.katalon.core.keyword.internal.KeywordMain.stepFailed(KeywordMain.groovy:32)
	at com.kms.katalon.core.webui.keyword.internal.WebUIKeywordMain.stepFailed(WebUIKeywordMain.groovy:65)
	at com.kms.katalon.core.webui.keyword.builtin.VerifyElementTextKeyword$_verifyElementText_closure1.doCall(VerifyElementTextKeyword.groovy:57)
	at com.kms.katalon.core.webui.keyword.builtin.VerifyElementTextKeyword$_verifyElementText_closure1.call(VerifyElementTextKeyword.groovy)
	at com.kms.katalon.core.webui.keyword.internal.WebUIKeywordMain.runKeyword(WebUIKeywordMain.groovy:21)
	at com.kms.katalon.core.webui.keyword.builtin.VerifyElementTextKeyword.verifyElementText(VerifyElementTextKeyword.groovy:72)
	at com.kms.katalon.core.webui.keyword.builtin.VerifyElementTextKeyword.execute(VerifyElementTextKeyword.groovy:40)
	at com.kms.katalon.core.keyword.internal.KeywordExecutor.executeKeywordForPlatform(KeywordExecutor.groovy:53)
	at com.kms.katalon.core.webui.keyword.WebUiBuiltInKeywords.verifyElementText(WebUiBuiltInKeywords.groovy:3663)
	at com.kms.katalon.core.webui.keyword.WebUiBuiltInKeywords$verifyElementText$5.call(Unknown Source)
	at Test Simple Search - Masking.run(Test Simple Search - Masking:30)
	at com.kms.katalon.core.main.ScriptEngine.run(ScriptEngine.java:194)
	at com.kms.katalon.core.main.ScriptEngine.runScriptAsRawText(ScriptEngine.java:119)
	at com.kms.katalon.core.main.TestCaseExecutor.runScript(TestCaseExecutor.java:328)
	at com.kms.katalon.core.main.TestCaseExecutor.doExecute(TestCaseExecutor.java:319)
	at com.kms.katalon.core.main.TestCaseExecutor.processExecutionPhase(TestCaseExecutor.java:298)
	at com.kms.katalon.core.main.TestCaseExecutor.accessMainPhase(TestCaseExecutor.java:290)
	at com.kms.katalon.core.main.TestCaseExecutor.execute(TestCaseExecutor.java:224)
	at com.kms.katalon.core.main.TestSuiteExecutor.accessTestCaseMainPhase(TestSuiteExecutor.java:129)
	at com.kms.katalon.core.main.TestSuiteExecutor.accessTestSuiteMainPhase(TestSuiteExecutor.java:112)
	at com.kms.katalon.core.main.TestSuiteExecutor.execute(TestSuiteExecutor.java:81)
	at com.kms.katalon.core.main.TestCaseMain.startTestSuite(TestCaseMain.java:149)
	at com.kms.katalon.core.main.TestCaseMain$startTestSuite$0.call(Unknown Source)
	at TempTestSuite1587642728192.run(TempTestSuite1587642728192.groovy:36)


2020-04-23 13:55:15 - [TEST_STEP][PASSED] - callTestCase(findTestCase("Test Patron/Test Case Login"), [:], STOP_ON_FAILURE): Call Test Case 'Test Cases/Test Patron/Test Case Login' successfully

2020-04-23 13:55:15 - [TEST_CASE][PASSED] - Test Cases/Test Patron/Test Case Login: Test Cases/Test Patron/Test Case Login

2020-04-23 13:55:15 - [TEST_STEP][PASSED] - openBrowser(""): Browser is opened with url: ''

2020-04-23 13:55:15 - [MESSAGE][INFO] - Starting 'Chrome' driver

2020-04-23 13:55:25 - [MESSAGE][PASSED] - Browser is opened with url: ''

2020-04-23 13:55:25 - [TEST_STEP][PASSED] - navigateToUrl("https://nightlyno.quriaint.axiell.com"): Navigate to 'https://nightlyno.quriaint.axiell.com' successfully

2020-04-23 13:55:26 - [MESSAGE][PASSED] - Navigate to 'https://nightlyno.quriaint.axiell.com' successfully

2020-04-23 13:55:26 - [TEST_STEP][PASSED] - click(findTestObject("Test Simple Search/Page_Axiell Quria/a_Sign in with Google")): Object: 'Object Repository/Test Simple Search/Page_Axiell Quria/a_Sign in with Google' is clicked on

2020-04-23 13:55:33 - [MESSAGE][PASSED] - Object: 'Object Repository/Test Simple Search/Page_Axiell Quria/a_Sign in with Google' is clicked on

2020-04-23 13:55:33 - [TEST_STEP][PASSED] - setText(findTestObject("Capture Object Patron/Page_Axiell Quria/input_axiell.com_identifier"), "axiell.norge.quria@gmail.com"): Text 'axiell.norge.quria@gmail.com' is set on object 'Object Repository/Capture Object Patron/Page_Axiell Quria/input_axiell.com_identifier'

2020-04-23 13:55:37 - [MESSAGE][PASSED] - Text 'axiell.norge.quria@gmail.com' is set on object 'Object Repository/Capture Object Patron/Page_Axiell Quria/input_axiell.com_identifier'

2020-04-23 13:55:37 - [TEST_STEP][PASSED] - click(findTestObject("Capture Object Patron/Page_Logg p  Google-kontoer/span_Neste")): Object: 'Object Repository/Capture Object Patron/Page_Logg p  Google-kontoer/span_Neste' is clicked on

2020-04-23 13:55:39 - [MESSAGE][PASSED] - Object: 'Object Repository/Capture Object Patron/Page_Logg p  Google-kontoer/span_Neste' is clicked on

2020-04-23 13:55:39 - [TEST_STEP][PASSED] - waitForElementVisible(findTestObject("Capture Object Patron/Page_Axiell Quria/input_Password"), 30): Object 'Object Repository/Capture Object Patron/Page_Axiell Quria/input_Password' is visible

2020-04-23 13:55:42 - [MESSAGE][PASSED] - Object 'Object Repository/Capture Object Patron/Page_Axiell Quria/input_Password' is visible

2020-04-23 13:55:42 - [TEST_STEP][PASSED] - setEncryptedText(findTestObject("Capture Object Patron/Page_Axiell Quria/input_Password"), "d097ITWPO7f2v9EptRJGCg=="): Text ****** has been set on object 'Object Repository/Capture Object Patron/Page_Axiell Quria/input_Password'

2020-04-23 13:55:45 - [MESSAGE][PASSED] - Text ****** has been set on object 'Object Repository/Capture Object Patron/Page_Axiell Quria/input_Password'

2020-04-23 13:55:45 - [TEST_STEP][PASSED] - click(findTestObject("Manual Captured Objects/Page_Logg p  Google-kontoer/div_Neste")): Object: 'Object Repository/Manual Captured Objects/Page_Logg p  Google-kontoer/div_Neste' is clicked on

2020-04-23 13:55:47 - [MESSAGE][PASSED] - Object: 'Object Repository/Manual Captured Objects/Page_Logg p  Google-kontoer/div_Neste' is clicked on

2020-04-23 13:55:47 - [MESSAGE][PASSED] - Call Test Case 'Test Cases/Test Patron/Test Case Login' successfully

2020-04-23 13:55:47 - [TEST_STEP][PASSED] - click(findTestObject("Object Repository/Test Simple Search/Page_nightlyno - Axiell Quria/md-icon")): Object: 'Object Repository/Test Simple Search/Page_nightlyno - Axiell Quria/md-icon' is clicked on

2020-04-23 13:56:02 - [MESSAGE][PASSED] - Object: 'Object Repository/Test Simple Search/Page_nightlyno - Axiell Quria/md-icon' is clicked on

2020-04-23 13:56:02 - [TEST_STEP][PASSED] - waitForElementVisible(findTestObject("Test Simple Search/Page_nightlyno - Axiell Quria/input_Abonnementer_search-inpu"), 30): Object 'Object Repository/Test Simple Search/Page_nightlyno - Axiell Quria/input_Abonnementer_search-inpu' is visible

2020-04-23 13:56:04 - [MESSAGE][PASSED] - Object 'Object Repository/Test Simple Search/Page_nightlyno - Axiell Quria/input_Abonnementer_search-inpu' is visible

2020-04-23 13:56:04 - [TEST_STEP][PASSED] - setText(findTestObject("Object Repository/Test Simple Search/Page_nightlyno - Axiell Quria/input_Abonnementer_search-inpu"), "Ha*n"): Text 'Ha*n' is set on object 'Object Repository/Test Simple Search/Page_nightlyno - Axiell Quria/input_Abonnementer_search-inpu'

2020-04-23 13:56:08 - [MESSAGE][PASSED] - Text 'Ha*n' is set on object 'Object Repository/Test Simple Search/Page_nightlyno - Axiell Quria/input_Abonnementer_search-inpu'

2020-04-23 13:56:08 - [TEST_STEP][PASSED] - click(findTestObject("test manuel objecter 2/Page_nightlyno - Axiell Quria/md-icon_1")): Object: 'Object Repository/test manuel objecter 2/Page_nightlyno - Axiell Quria/md-icon_1' is clicked on

2020-04-23 13:56:10 - [MESSAGE][PASSED] - Object: 'Object Repository/test manuel objecter 2/Page_nightlyno - Axiell Quria/md-icon_1' is clicked on

2020-04-23 13:56:10 - [TEST_STEP][PASSED] - click(findTestObject("test manuel objecter 2/Page_nightlyno - Axiell Quria/div_Resultater")): Object: 'Object Repository/test manuel objecter 2/Page_nightlyno - Axiell Quria/div_Resultater' is clicked on

2020-04-23 13:56:13 - [MESSAGE][PASSED] - Object: 'Object Repository/test manuel objecter 2/Page_nightlyno - Axiell Quria/div_Resultater' is clicked on

2020-04-23 13:56:13 - [TEST_STEP][FAILED] - verifyElementText(findTestObject("test manuel objecter 2/Page_nightlyno - Axiell Quria/div_Resultater"), "Resultater: 717"): Actual text 'Resultater: 718' and expected text 'Resultater: 717' of test object 'Object Repository/test manuel objecter 2/Page_nightlyno - Axiell Quria/div_Resultater' are NOT matched.

2020-04-23 13:56:16 - [MESSAGE][FAILED] - Actual text 'Resultater: 718' and expected text 'Resultater: 717' of test object 'Object Repository/test manuel objecter 2/Page_nightlyno - Axiell Quria/div_Resultater' are NOT matched.
[[ATTACHMENT|C:\\Users\\ignacio\\Katalon Studio\\KatalonQuriaTest\\Reports\\Test Suite Quria Search\\20200423_135208\\1587642975282.png]]

2020-04-23 13:56:16 - [TEST_STEP][PASSED] - click(findTestObject("Object Repository/Object Clouse Browser/Page_nightlyno - Axiell Quria/md-icon_expand_more")): Object: 'Object Repository/Object Clouse Browser/Page_nightlyno - Axiell Quria/md-icon_expand_more' is clicked on

2020-04-23 13:56:18 - [MESSAGE][PASSED] - Object: 'Object Repository/Object Clouse Browser/Page_nightlyno - Axiell Quria/md-icon_expand_more' is clicked on

2020-04-23 13:56:18 - [TEST_STEP][PASSED] - click(findTestObject("Object Repository/Object Clouse Browser/Page_nightlyno - Axiell Quria/a_exit_to_appLogg av")): Object: 'Object Repository/Object Clouse Browser/Page_nightlyno - Axiell Quria/a_exit_to_appLogg av' is clicked on

2020-04-23 13:56:21 - [MESSAGE][PASSED] - Object: 'Object Repository/Object Clouse Browser/Page_nightlyno - Axiell Quria/a_exit_to_appLogg av' is clicked on

2020-04-23 13:56:21 - [TEST_STEP][FAILED] - closeBrowser(): closeBrowser() FAILED.
Reason:
com.kms.katalon.core.exception.StepFailedException: Actual text 'Resultater: 718' and expected text 'Resultater: 717' of test object 'Object Repository/test manuel objecter 2/Page_nightlyno - Axiell Quria/div_Resultater' are NOT matched.
	at com.kms.katalon.core.keyword.internal.KeywordMain.stepFailed(KeywordMain.groovy:32)
	at com.kms.katalon.core.webui.keyword.internal.WebUIKeywordMain.stepFailed(WebUIKeywordMain.groovy:65)
	at com.kms.katalon.core.webui.keyword.builtin.VerifyElementTextKeyword$_verifyElementText_closure1.doCall(VerifyElementTextKeyword.groovy:57)
	at com.kms.katalon.core.webui.keyword.builtin.VerifyElementTextKeyword$_verifyElementText_closure1.call(VerifyElementTextKeyword.groovy)
	at com.kms.katalon.core.webui.keyword.internal.WebUIKeywordMain.runKeyword(WebUIKeywordMain.groovy:21)
	at com.kms.katalon.core.webui.keyword.builtin.VerifyElementTextKeyword.verifyElementText(VerifyElementTextKeyword.groovy:72)
	at com.kms.katalon.core.webui.keyword.builtin.VerifyElementTextKeyword.execute(VerifyElementTextKeyword.groovy:40)
	at com.kms.katalon.core.keyword.internal.KeywordExecutor.executeKeywordForPlatform(KeywordExecutor.groovy:53)
	at com.kms.katalon.core.webui.keyword.WebUiBuiltInKeywords.verifyElementText(WebUiBuiltInKeywords.groovy:3663)
	at com.kms.katalon.core.webui.keyword.WebUiBuiltInKeywords$verifyElementText$5.call(Unknown Source)
	at Test Simple Search - Masking.run(Test Simple Search - Masking:30)
	at com.kms.katalon.core.main.ScriptEngine.run(ScriptEngine.java:194)
	at com.kms.katalon.core.main.ScriptEngine.runScriptAsRawText(ScriptEngine.java:119)
	at com.kms.katalon.core.main.TestCaseExecutor.runScript(TestCaseExecutor.java:328)
	at com.kms.katalon.core.main.TestCaseExecutor.doExecute(TestCaseExecutor.java:319)
	at com.kms.katalon.core.main.TestCaseExecutor.processExecutionPhase(TestCaseExecutor.java:298)
	at com.kms.katalon.core.main.TestCaseExecutor.accessMainPhase(TestCaseExecutor.java:290)
	at com.kms.katalon.core.main.TestCaseExecutor.execute(TestCaseExecutor.java:224)
	at com.kms.katalon.core.main.TestSuiteExecutor.accessTestCaseMainPhase(TestSuiteExecutor.java:129)
	at com.kms.katalon.core.main.TestSuiteExecutor.accessTestSuiteMainPhase(TestSuiteExecutor.java:112)
	at com.kms.katalon.core.main.TestSuiteExecutor.execute(TestSuiteExecutor.java:81)
	at com.kms.katalon.core.main.TestCaseMain.startTestSuite(TestCaseMain.java:149)
	at com.kms.katalon.core.main.TestCaseMain$startTestSuite$0.call(Unknown Source)
	at TempTestSuite1587642728192.run(TempTestSuite1587642728192.groovy:36)


2020-04-23 13:56:23 - [MESSAGE][PASSED] - Browser is closed

2020-04-23 13:56:23 - [MESSAGE][FAILED] - closeBrowser() FAILED.
Reason:
com.kms.katalon.core.exception.StepFailedException: Actual text 'Resultater: 718' and expected text 'Resultater: 717' of test object 'Object Repository/test manuel objecter 2/Page_nightlyno - Axiell Quria/div_Resultater' are NOT matched.
	at com.kms.katalon.core.keyword.internal.KeywordMain.stepFailed(KeywordMain.groovy:32)
	at com.kms.katalon.core.webui.keyword.internal.WebUIKeywordMain.stepFailed(WebUIKeywordMain.groovy:65)
	at com.kms.katalon.core.webui.keyword.builtin.VerifyElementTextKeyword$_verifyElementText_closure1.doCall(VerifyElementTextKeyword.groovy:57)
	at com.kms.katalon.core.webui.keyword.builtin.VerifyElementTextKeyword$_verifyElementText_closure1.call(VerifyElementTextKeyword.groovy)
	at com.kms.katalon.core.webui.keyword.internal.WebUIKeywordMain.runKeyword(WebUIKeywordMain.groovy:21)
	at com.kms.katalon.core.webui.keyword.builtin.VerifyElementTextKeyword.verifyElementText(VerifyElementTextKeyword.groovy:72)
	at com.kms.katalon.core.webui.keyword.builtin.VerifyElementTextKeyword.execute(VerifyElementTextKeyword.groovy:40)
	at com.kms.katalon.core.keyword.internal.KeywordExecutor.executeKeywordForPlatform(KeywordExecutor.groovy:53)
	at com.kms.katalon.core.webui.keyword.WebUiBuiltInKeywords.verifyElementText(WebUiBuiltInKeywords.groovy:3663)
	at com.kms.katalon.core.webui.keyword.WebUiBuiltInKeywords$verifyElementText$5.call(Unknown Source)
	at Test Simple Search - Masking.run(Test Simple Search - Masking:30)
	at com.kms.katalon.core.main.ScriptEngine.run(ScriptEngine.java:194)
	at com.kms.katalon.core.main.ScriptEngine.runScriptAsRawText(ScriptEngine.java:119)
	at com.kms.katalon.core.main.TestCaseExecutor.runScript(TestCaseExecutor.java:328)
	at com.kms.katalon.core.main.TestCaseExecutor.doExecute(TestCaseExecutor.java:319)
	at com.kms.katalon.core.main.TestCaseExecutor.processExecutionPhase(TestCaseExecutor.java:298)
	at com.kms.katalon.core.main.TestCaseExecutor.accessMainPhase(TestCaseExecutor.java:290)
	at com.kms.katalon.core.main.TestCaseExecutor.execute(TestCaseExecutor.java:224)
	at com.kms.katalon.core.main.TestSuiteExecutor.accessTestCaseMainPhase(TestSuiteExecutor.java:129)
	at com.kms.katalon.core.main.TestSuiteExecutor.accessTestSuiteMainPhase(TestSuiteExecutor.java:112)
	at com.kms.katalon.core.main.TestSuiteExecutor.execute(TestSuiteExecutor.java:81)
	at com.kms.katalon.core.main.TestCaseMain.startTestSuite(TestCaseMain.java:149)
	at com.kms.katalon.core.main.TestCaseMain$startTestSuite$0.call(Unknown Source)
	at TempTestSuite1587642728192.run(TempTestSuite1587642728192.groovy:36)]]></system-out>
         <system-err><![CDATA[2020-04-23 13:55:14 - [TEST_CASE][FAILED] - Test Cases/Test Simple Search - Masking: Test Cases/Test Simple Search - Masking FAILED.
Reason:
com.kms.katalon.core.exception.StepFailedException: Actual text 'Resultater: 718' and expected text 'Resultater: 717' of test object 'Object Repository/test manuel objecter 2/Page_nightlyno - Axiell Quria/div_Resultater' are NOT matched.
	at com.kms.katalon.core.keyword.internal.KeywordMain.stepFailed(KeywordMain.groovy:32)
	at com.kms.katalon.core.webui.keyword.internal.WebUIKeywordMain.stepFailed(WebUIKeywordMain.groovy:65)
	at com.kms.katalon.core.webui.keyword.builtin.VerifyElementTextKeyword$_verifyElementText_closure1.doCall(VerifyElementTextKeyword.groovy:57)
	at com.kms.katalon.core.webui.keyword.builtin.VerifyElementTextKeyword$_verifyElementText_closure1.call(VerifyElementTextKeyword.groovy)
	at com.kms.katalon.core.webui.keyword.internal.WebUIKeywordMain.runKeyword(WebUIKeywordMain.groovy:21)
	at com.kms.katalon.core.webui.keyword.builtin.VerifyElementTextKeyword.verifyElementText(VerifyElementTextKeyword.groovy:72)
	at com.kms.katalon.core.webui.keyword.builtin.VerifyElementTextKeyword.execute(VerifyElementTextKeyword.groovy:40)
	at com.kms.katalon.core.keyword.internal.KeywordExecutor.executeKeywordForPlatform(KeywordExecutor.groovy:53)
	at com.kms.katalon.core.webui.keyword.WebUiBuiltInKeywords.verifyElementText(WebUiBuiltInKeywords.groovy:3663)
	at com.kms.katalon.core.webui.keyword.WebUiBuiltInKeywords$verifyElementText$5.call(Unknown Source)
	at Test Simple Search - Masking.run(Test Simple Search - Masking:30)
	at com.kms.katalon.core.main.ScriptEngine.run(ScriptEngine.java:194)
	at com.kms.katalon.core.main.ScriptEngine.runScriptAsRawText(ScriptEngine.java:119)
	at com.kms.katalon.core.main.TestCaseExecutor.runScript(TestCaseExecutor.java:328)
	at com.kms.katalon.core.main.TestCaseExecutor.doExecute(TestCaseExecutor.java:319)
	at com.kms.katalon.core.main.TestCaseExecutor.processExecutionPhase(TestCaseExecutor.java:298)
	at com.kms.katalon.core.main.TestCaseExecutor.accessMainPhase(TestCaseExecutor.java:290)
	at com.kms.katalon.core.main.TestCaseExecutor.execute(TestCaseExecutor.java:224)
	at com.kms.katalon.core.main.TestSuiteExecutor.accessTestCaseMainPhase(TestSuiteExecutor.java:129)
	at com.kms.katalon.core.main.TestSuiteExecutor.accessTestSuiteMainPhase(TestSuiteExecutor.java:112)
	at com.kms.katalon.core.main.TestSuiteExecutor.execute(TestSuiteExecutor.java:81)
	at com.kms.katalon.core.main.TestCaseMain.startTestSuite(TestCaseMain.java:149)
	at com.kms.katalon.core.main.TestCaseMain$startTestSuite$0.call(Unknown Source)
	at TempTestSuite1587642728192.run(TempTestSuite1587642728192.groovy:36)]]></system-err>
      </testcase>
      <testcase name="Test Cases/Test Single Search hit, only one hit result" classname="Test Cases/Test Single Search hit, only one hit result" status="PASSED">
         <system-out><![CDATA[2020-04-23 13:56:23 - [TEST_CASE][PASSED] - Test Cases/Test Single Search hit, only one hit result: Test Cases/Test Single Search hit, only one hit result

2020-04-23 13:56:23 - [TEST_STEP][PASSED] - callTestCase(findTestCase("Test Patron/Test Case Login"), [:], STOP_ON_FAILURE): Call Test Case 'Test Cases/Test Patron/Test Case Login' successfully

2020-04-23 13:56:23 - [TEST_CASE][PASSED] - Test Cases/Test Patron/Test Case Login: Test Cases/Test Patron/Test Case Login

2020-04-23 13:56:23 - [TEST_STEP][PASSED] - openBrowser(""): Browser is opened with url: ''

2020-04-23 13:56:23 - [MESSAGE][INFO] - Starting 'Chrome' driver

2020-04-23 13:56:33 - [MESSAGE][PASSED] - Browser is opened with url: ''

2020-04-23 13:56:33 - [TEST_STEP][PASSED] - navigateToUrl("https://nightlyno.quriaint.axiell.com"): Navigate to 'https://nightlyno.quriaint.axiell.com' successfully

2020-04-23 13:56:35 - [MESSAGE][PASSED] - Navigate to 'https://nightlyno.quriaint.axiell.com' successfully

2020-04-23 13:56:35 - [TEST_STEP][PASSED] - click(findTestObject("Test Simple Search/Page_Axiell Quria/a_Sign in with Google")): Object: 'Object Repository/Test Simple Search/Page_Axiell Quria/a_Sign in with Google' is clicked on

2020-04-23 13:56:40 - [MESSAGE][PASSED] - Object: 'Object Repository/Test Simple Search/Page_Axiell Quria/a_Sign in with Google' is clicked on

2020-04-23 13:56:40 - [TEST_STEP][PASSED] - setText(findTestObject("Capture Object Patron/Page_Axiell Quria/input_axiell.com_identifier"), "axiell.norge.quria@gmail.com"): Text 'axiell.norge.quria@gmail.com' is set on object 'Object Repository/Capture Object Patron/Page_Axiell Quria/input_axiell.com_identifier'

2020-04-23 13:56:45 - [MESSAGE][PASSED] - Text 'axiell.norge.quria@gmail.com' is set on object 'Object Repository/Capture Object Patron/Page_Axiell Quria/input_axiell.com_identifier'

2020-04-23 13:56:45 - [TEST_STEP][PASSED] - click(findTestObject("Capture Object Patron/Page_Logg p  Google-kontoer/span_Neste")): Object: 'Object Repository/Capture Object Patron/Page_Logg p  Google-kontoer/span_Neste' is clicked on

2020-04-23 13:56:47 - [MESSAGE][PASSED] - Object: 'Object Repository/Capture Object Patron/Page_Logg p  Google-kontoer/span_Neste' is clicked on

2020-04-23 13:56:47 - [TEST_STEP][PASSED] - waitForElementVisible(findTestObject("Capture Object Patron/Page_Axiell Quria/input_Password"), 30): Object 'Object Repository/Capture Object Patron/Page_Axiell Quria/input_Password' is visible

2020-04-23 13:56:49 - [MESSAGE][PASSED] - Object 'Object Repository/Capture Object Patron/Page_Axiell Quria/input_Password' is visible

2020-04-23 13:56:49 - [TEST_STEP][PASSED] - setEncryptedText(findTestObject("Capture Object Patron/Page_Axiell Quria/input_Password"), "d097ITWPO7f2v9EptRJGCg=="): Text ****** has been set on object 'Object Repository/Capture Object Patron/Page_Axiell Quria/input_Password'

2020-04-23 13:56:53 - [MESSAGE][PASSED] - Text ****** has been set on object 'Object Repository/Capture Object Patron/Page_Axiell Quria/input_Password'

2020-04-23 13:56:53 - [TEST_STEP][PASSED] - click(findTestObject("Manual Captured Objects/Page_Logg p  Google-kontoer/div_Neste")): Object: 'Object Repository/Manual Captured Objects/Page_Logg p  Google-kontoer/div_Neste' is clicked on

2020-04-23 13:56:55 - [MESSAGE][PASSED] - Object: 'Object Repository/Manual Captured Objects/Page_Logg p  Google-kontoer/div_Neste' is clicked on

2020-04-23 13:56:55 - [MESSAGE][PASSED] - Call Test Case 'Test Cases/Test Patron/Test Case Login' successfully

2020-04-23 13:56:55 - [TEST_STEP][PASSED] - click(findTestObject("Object Repository/Test Simple Search/Page_nightlyno - Axiell Quria/md-icon")): Object: 'Object Repository/Test Simple Search/Page_nightlyno - Axiell Quria/md-icon' is clicked on

2020-04-23 13:57:12 - [MESSAGE][PASSED] - Object: 'Object Repository/Test Simple Search/Page_nightlyno - Axiell Quria/md-icon' is clicked on

2020-04-23 13:57:12 - [TEST_STEP][PASSED] - setText(findTestObject("Object Repository/Test Simple Search/Page_nightlyno - Axiell Quria/input_Abonnementer_search-inpu"), "Cervantes"): Text 'Cervantes' is set on object 'Object Repository/Test Simple Search/Page_nightlyno - Axiell Quria/input_Abonnementer_search-inpu'

2020-04-23 13:57:16 - [MESSAGE][PASSED] - Text 'Cervantes' is set on object 'Object Repository/Test Simple Search/Page_nightlyno - Axiell Quria/input_Abonnementer_search-inpu'

2020-04-23 13:57:16 - [TEST_STEP][PASSED] - click(findTestObject("Manual Captured Objects/Page_nightlyno - Axiell Quria/md-icon_1")): Object: 'Object Repository/Manual Captured Objects/Page_nightlyno - Axiell Quria/md-icon_1' is clicked on

2020-04-23 13:57:18 - [MESSAGE][PASSED] - Object: 'Object Repository/Manual Captured Objects/Page_nightlyno - Axiell Quria/md-icon_1' is clicked on

2020-04-23 13:57:18 - [TEST_STEP][PASSED] - waitForElementVisible(findTestObject("Page_nightlyno - Axiell Quria/span_Title"), 30): Object 'Object Repository/Page_nightlyno - Axiell Quria/span_Title' is visible

2020-04-23 13:57:21 - [MESSAGE][PASSED] - Object 'Object Repository/Page_nightlyno - Axiell Quria/span_Title' is visible

2020-04-23 13:57:21 - [TEST_STEP][PASSED] - verifyElementText(findTestObject("Page_nightlyno - Axiell Quria/span_Title"), "El Quijote de Cervantes"): Actual text and expected text of test object 'Object Repository/Page_nightlyno - Axiell Quria/span_Title' are matched.

2020-04-23 13:57:23 - [MESSAGE][PASSED] - Actual text and expected text of test object 'Object Repository/Page_nightlyno - Axiell Quria/span_Title' are matched.

2020-04-23 13:57:23 - [TEST_STEP][PASSED] - waitForPageLoad(30): Wait for page load successfully

2020-04-23 13:57:24 - [MESSAGE][PASSED] - Wait for page load successfully

2020-04-23 13:57:24 - [TEST_STEP][PASSED] - click(findTestObject("Object Repository/Test Simple Search/Page_nightlyno - Axiell Quria/md-icon_expand_more")): Object: 'Object Repository/Test Simple Search/Page_nightlyno - Axiell Quria/md-icon_expand_more' is clicked on

2020-04-23 13:57:26 - [MESSAGE][PASSED] - Object: 'Object Repository/Test Simple Search/Page_nightlyno - Axiell Quria/md-icon_expand_more' is clicked on

2020-04-23 13:57:26 - [TEST_STEP][PASSED] - waitForElementVisible(findTestObject("Test Simple Search/Page_nightlyno - Axiell Quria/a_exit_to_appLogg av"), 30): Object 'Object Repository/Test Simple Search/Page_nightlyno - Axiell Quria/a_exit_to_appLogg av' is visible

2020-04-23 13:57:28 - [MESSAGE][PASSED] - Object 'Object Repository/Test Simple Search/Page_nightlyno - Axiell Quria/a_exit_to_appLogg av' is visible

2020-04-23 13:57:28 - [TEST_STEP][PASSED] - click(findTestObject("Object Repository/Test Simple Search/Page_nightlyno - Axiell Quria/a_exit_to_appLogg av")): Object: 'Object Repository/Test Simple Search/Page_nightlyno - Axiell Quria/a_exit_to_appLogg av' is clicked on

2020-04-23 13:57:30 - [MESSAGE][PASSED] - Object: 'Object Repository/Test Simple Search/Page_nightlyno - Axiell Quria/a_exit_to_appLogg av' is clicked on

2020-04-23 13:57:30 - [TEST_STEP][PASSED] - closeBrowser(): Browser is closed

2020-04-23 13:57:33 - [MESSAGE][PASSED] - Browser is closed]]></system-out>
         <system-err><![CDATA[]]></system-err>
      </testcase>
      <testcase name="Test Cases/Test turn off stop word" classname="Test Cases/Test turn off stop word" status="PASSED">
         <system-out><![CDATA[2020-04-23 13:57:33 - [TEST_CASE][PASSED] - Test Cases/Test turn off stop word: Test Cases/Test turn off stop word

2020-04-23 13:57:34 - [TEST_STEP][PASSED] - callTestCase(findTestCase("Test Patron/Test Case Login"), [:], STOP_ON_FAILURE): Call Test Case 'Test Cases/Test Patron/Test Case Login' successfully

2020-04-23 13:57:34 - [TEST_CASE][PASSED] - Test Cases/Test Patron/Test Case Login: Test Cases/Test Patron/Test Case Login

2020-04-23 13:57:34 - [TEST_STEP][PASSED] - openBrowser(""): Browser is opened with url: ''

2020-04-23 13:57:34 - [MESSAGE][INFO] - Starting 'Chrome' driver

2020-04-23 13:57:44 - [MESSAGE][PASSED] - Browser is opened with url: ''

2020-04-23 13:57:44 - [TEST_STEP][PASSED] - navigateToUrl("https://nightlyno.quriaint.axiell.com"): Navigate to 'https://nightlyno.quriaint.axiell.com' successfully

2020-04-23 13:57:45 - [MESSAGE][PASSED] - Navigate to 'https://nightlyno.quriaint.axiell.com' successfully

2020-04-23 13:57:45 - [TEST_STEP][PASSED] - click(findTestObject("Test Simple Search/Page_Axiell Quria/a_Sign in with Google")): Object: 'Object Repository/Test Simple Search/Page_Axiell Quria/a_Sign in with Google' is clicked on

2020-04-23 13:57:52 - [MESSAGE][PASSED] - Object: 'Object Repository/Test Simple Search/Page_Axiell Quria/a_Sign in with Google' is clicked on

2020-04-23 13:57:52 - [TEST_STEP][PASSED] - setText(findTestObject("Capture Object Patron/Page_Axiell Quria/input_axiell.com_identifier"), "axiell.norge.quria@gmail.com"): Text 'axiell.norge.quria@gmail.com' is set on object 'Object Repository/Capture Object Patron/Page_Axiell Quria/input_axiell.com_identifier'

2020-04-23 13:57:56 - [MESSAGE][PASSED] - Text 'axiell.norge.quria@gmail.com' is set on object 'Object Repository/Capture Object Patron/Page_Axiell Quria/input_axiell.com_identifier'

2020-04-23 13:57:56 - [TEST_STEP][PASSED] - click(findTestObject("Capture Object Patron/Page_Logg p  Google-kontoer/span_Neste")): Object: 'Object Repository/Capture Object Patron/Page_Logg p  Google-kontoer/span_Neste' is clicked on

2020-04-23 13:57:59 - [MESSAGE][PASSED] - Object: 'Object Repository/Capture Object Patron/Page_Logg p  Google-kontoer/span_Neste' is clicked on

2020-04-23 13:57:59 - [TEST_STEP][PASSED] - waitForElementVisible(findTestObject("Capture Object Patron/Page_Axiell Quria/input_Password"), 30): Object 'Object Repository/Capture Object Patron/Page_Axiell Quria/input_Password' is visible

2020-04-23 13:58:01 - [MESSAGE][PASSED] - Object 'Object Repository/Capture Object Patron/Page_Axiell Quria/input_Password' is visible

2020-04-23 13:58:01 - [TEST_STEP][PASSED] - setEncryptedText(findTestObject("Capture Object Patron/Page_Axiell Quria/input_Password"), "d097ITWPO7f2v9EptRJGCg=="): Text ****** has been set on object 'Object Repository/Capture Object Patron/Page_Axiell Quria/input_Password'

2020-04-23 13:58:05 - [MESSAGE][PASSED] - Text ****** has been set on object 'Object Repository/Capture Object Patron/Page_Axiell Quria/input_Password'

2020-04-23 13:58:05 - [TEST_STEP][PASSED] - click(findTestObject("Manual Captured Objects/Page_Logg p  Google-kontoer/div_Neste")): Object: 'Object Repository/Manual Captured Objects/Page_Logg p  Google-kontoer/div_Neste' is clicked on

2020-04-23 13:58:07 - [MESSAGE][PASSED] - Object: 'Object Repository/Manual Captured Objects/Page_Logg p  Google-kontoer/div_Neste' is clicked on

2020-04-23 13:58:07 - [MESSAGE][PASSED] - Call Test Case 'Test Cases/Test Patron/Test Case Login' successfully

2020-04-23 13:58:07 - [TEST_STEP][PASSED] - click(findTestObject("Object Repository/Test Simple Search/Page_nightlyno - Axiell Quria/md-icon")): Object: 'Object Repository/Test Simple Search/Page_nightlyno - Axiell Quria/md-icon' is clicked on

2020-04-23 13:58:25 - [MESSAGE][PASSED] - Object: 'Object Repository/Test Simple Search/Page_nightlyno - Axiell Quria/md-icon' is clicked on

2020-04-23 13:58:25 - [TEST_STEP][PASSED] - setText(findTestObject("Object Repository/Test Simple Search/Page_nightlyno - Axiell Quria/input_Abonnementer_search-inpu"), "En lang natt på jorden"): Text 'En lang natt på jorden' is set on object 'Object Repository/Test Simple Search/Page_nightlyno - Axiell Quria/input_Abonnementer_search-inpu'

2020-04-23 13:58:29 - [MESSAGE][PASSED] - Text 'En lang natt på jorden' is set on object 'Object Repository/Test Simple Search/Page_nightlyno - Axiell Quria/input_Abonnementer_search-inpu'

2020-04-23 13:58:29 - [TEST_STEP][PASSED] - click(findTestObject("test manuel objecter 2/Page_nightlyno - Axiell Quria/md-icon_1")): Object: 'Object Repository/test manuel objecter 2/Page_nightlyno - Axiell Quria/md-icon_1' is clicked on

2020-04-23 13:58:31 - [MESSAGE][PASSED] - Object: 'Object Repository/test manuel objecter 2/Page_nightlyno - Axiell Quria/md-icon_1' is clicked on

2020-04-23 13:58:31 - [TEST_STEP][PASSED] - waitForElementVisible(findTestObject("Page_nightlyno - Axiell Quria/span_Title"), 30): Object 'Object Repository/Page_nightlyno - Axiell Quria/span_Title' is visible

2020-04-23 13:58:35 - [MESSAGE][PASSED] - Object 'Object Repository/Page_nightlyno - Axiell Quria/span_Title' is visible

2020-04-23 13:58:35 - [TEST_STEP][PASSED] - verifyElementText(findTestObject("Page_nightlyno - Axiell Quria/span_Title"), "En lang natt på jorden"): Actual text and expected text of test object 'Object Repository/Page_nightlyno - Axiell Quria/span_Title' are matched.

2020-04-23 13:58:37 - [MESSAGE][PASSED] - Actual text and expected text of test object 'Object Repository/Page_nightlyno - Axiell Quria/span_Title' are matched.

2020-04-23 13:58:37 - [TEST_STEP][PASSED] - click(findTestObject("Object Repository/Object Clouse Browser/Page_nightlyno - Axiell Quria/md-icon_expand_more")): Object: 'Object Repository/Object Clouse Browser/Page_nightlyno - Axiell Quria/md-icon_expand_more' is clicked on

2020-04-23 13:58:39 - [MESSAGE][PASSED] - Object: 'Object Repository/Object Clouse Browser/Page_nightlyno - Axiell Quria/md-icon_expand_more' is clicked on

2020-04-23 13:58:39 - [TEST_STEP][PASSED] - click(findTestObject("Object Repository/Object Clouse Browser/Page_nightlyno - Axiell Quria/a_exit_to_appLogg av")): Object: 'Object Repository/Object Clouse Browser/Page_nightlyno - Axiell Quria/a_exit_to_appLogg av' is clicked on

2020-04-23 13:58:41 - [MESSAGE][PASSED] - Object: 'Object Repository/Object Clouse Browser/Page_nightlyno - Axiell Quria/a_exit_to_appLogg av' is clicked on

2020-04-23 13:58:41 - [TEST_STEP][PASSED] - closeBrowser(): Browser is closed

2020-04-23 13:58:44 - [MESSAGE][PASSED] - Browser is closed]]></system-out>
         <system-err><![CDATA[]]></system-err>
      </testcase>
      <testcase name="Test Cases/Test verify free text search" classname="Test Cases/Test verify free text search" status="FAILED">
         <failure type="FAILED" message="Test Cases/Test verify free text search FAILED.
Reason:
com.kms.katalon.core.exception.StepFailedException: Actual text 'Resultater: 38' and expected text 'Resultater: 37' of test object 'Object Repository/test manuel objecter 2/Page_nightlyno - Axiell Quria/div_Resultater' are NOT matched.
	at com.kms.katalon.core.keyword.internal.KeywordMain.stepFailed(KeywordMain.groovy:32)
	at com.kms.katalon.core.webui.keyword.internal.WebUIKeywordMain.stepFailed(WebUIKeywordMain.groovy:65)
	at com.kms.katalon.core.webui.keyword.builtin.VerifyElementTextKeyword$_verifyElementText_closure1.doCall(VerifyElementTextKeyword.groovy:57)
	at com.kms.katalon.core.webui.keyword.builtin.VerifyElementTextKeyword$_verifyElementText_closure1.call(VerifyElementTextKeyword.groovy)
	at com.kms.katalon.core.webui.keyword.internal.WebUIKeywordMain.runKeyword(WebUIKeywordMain.groovy:21)
	at com.kms.katalon.core.webui.keyword.builtin.VerifyElementTextKeyword.verifyElementText(VerifyElementTextKeyword.groovy:72)
	at com.kms.katalon.core.webui.keyword.builtin.VerifyElementTextKeyword.execute(VerifyElementTextKeyword.groovy:40)
	at com.kms.katalon.core.keyword.internal.KeywordExecutor.executeKeywordForPlatform(KeywordExecutor.groovy:53)
	at com.kms.katalon.core.webui.keyword.WebUiBuiltInKeywords.verifyElementText(WebUiBuiltInKeywords.groovy:3663)
	at com.kms.katalon.core.webui.keyword.WebUiBuiltInKeywords$verifyElementText$5.call(Unknown Source)
	at Test verify free text search.run(Test verify free text search:27)
	at com.kms.katalon.core.main.ScriptEngine.run(ScriptEngine.java:194)
	at com.kms.katalon.core.main.ScriptEngine.runScriptAsRawText(ScriptEngine.java:119)
	at com.kms.katalon.core.main.TestCaseExecutor.runScript(TestCaseExecutor.java:328)
	at com.kms.katalon.core.main.TestCaseExecutor.doExecute(TestCaseExecutor.java:319)
	at com.kms.katalon.core.main.TestCaseExecutor.processExecutionPhase(TestCaseExecutor.java:298)
	at com.kms.katalon.core.main.TestCaseExecutor.accessMainPhase(TestCaseExecutor.java:290)
	at com.kms.katalon.core.main.TestCaseExecutor.execute(TestCaseExecutor.java:224)
	at com.kms.katalon.core.main.TestSuiteExecutor.accessTestCaseMainPhase(TestSuiteExecutor.java:129)
	at com.kms.katalon.core.main.TestSuiteExecutor.accessTestSuiteMainPhase(TestSuiteExecutor.java:112)
	at com.kms.katalon.core.main.TestSuiteExecutor.execute(TestSuiteExecutor.java:81)
	at com.kms.katalon.core.main.TestCaseMain.startTestSuite(TestCaseMain.java:149)
	at com.kms.katalon.core.main.TestCaseMain$startTestSuite$0.call(Unknown Source)
	at TempTestSuite1587642728192.run(TempTestSuite1587642728192.groovy:36)
"/>
         <system-out><![CDATA[2020-04-23 13:58:44 - [TEST_CASE][FAILED] - Test Cases/Test verify free text search: Test Cases/Test verify free text search FAILED.
Reason:
com.kms.katalon.core.exception.StepFailedException: Actual text 'Resultater: 38' and expected text 'Resultater: 37' of test object 'Object Repository/test manuel objecter 2/Page_nightlyno - Axiell Quria/div_Resultater' are NOT matched.
	at com.kms.katalon.core.keyword.internal.KeywordMain.stepFailed(KeywordMain.groovy:32)
	at com.kms.katalon.core.webui.keyword.internal.WebUIKeywordMain.stepFailed(WebUIKeywordMain.groovy:65)
	at com.kms.katalon.core.webui.keyword.builtin.VerifyElementTextKeyword$_verifyElementText_closure1.doCall(VerifyElementTextKeyword.groovy:57)
	at com.kms.katalon.core.webui.keyword.builtin.VerifyElementTextKeyword$_verifyElementText_closure1.call(VerifyElementTextKeyword.groovy)
	at com.kms.katalon.core.webui.keyword.internal.WebUIKeywordMain.runKeyword(WebUIKeywordMain.groovy:21)
	at com.kms.katalon.core.webui.keyword.builtin.VerifyElementTextKeyword.verifyElementText(VerifyElementTextKeyword.groovy:72)
	at com.kms.katalon.core.webui.keyword.builtin.VerifyElementTextKeyword.execute(VerifyElementTextKeyword.groovy:40)
	at com.kms.katalon.core.keyword.internal.KeywordExecutor.executeKeywordForPlatform(KeywordExecutor.groovy:53)
	at com.kms.katalon.core.webui.keyword.WebUiBuiltInKeywords.verifyElementText(WebUiBuiltInKeywords.groovy:3663)
	at com.kms.katalon.core.webui.keyword.WebUiBuiltInKeywords$verifyElementText$5.call(Unknown Source)
	at Test verify free text search.run(Test verify free text search:27)
	at com.kms.katalon.core.main.ScriptEngine.run(ScriptEngine.java:194)
	at com.kms.katalon.core.main.ScriptEngine.runScriptAsRawText(ScriptEngine.java:119)
	at com.kms.katalon.core.main.TestCaseExecutor.runScript(TestCaseExecutor.java:328)
	at com.kms.katalon.core.main.TestCaseExecutor.doExecute(TestCaseExecutor.java:319)
	at com.kms.katalon.core.main.TestCaseExecutor.processExecutionPhase(TestCaseExecutor.java:298)
	at com.kms.katalon.core.main.TestCaseExecutor.accessMainPhase(TestCaseExecutor.java:290)
	at com.kms.katalon.core.main.TestCaseExecutor.execute(TestCaseExecutor.java:224)
	at com.kms.katalon.core.main.TestSuiteExecutor.accessTestCaseMainPhase(TestSuiteExecutor.java:129)
	at com.kms.katalon.core.main.TestSuiteExecutor.accessTestSuiteMainPhase(TestSuiteExecutor.java:112)
	at com.kms.katalon.core.main.TestSuiteExecutor.execute(TestSuiteExecutor.java:81)
	at com.kms.katalon.core.main.TestCaseMain.startTestSuite(TestCaseMain.java:149)
	at com.kms.katalon.core.main.TestCaseMain$startTestSuite$0.call(Unknown Source)
	at TempTestSuite1587642728192.run(TempTestSuite1587642728192.groovy:36)


2020-04-23 13:58:44 - [TEST_STEP][PASSED] - callTestCase(findTestCase("Test Patron/Test Case Login"), [:], STOP_ON_FAILURE): Call Test Case 'Test Cases/Test Patron/Test Case Login' successfully

2020-04-23 13:58:44 - [TEST_CASE][PASSED] - Test Cases/Test Patron/Test Case Login: Test Cases/Test Patron/Test Case Login

2020-04-23 13:58:44 - [TEST_STEP][PASSED] - openBrowser(""): Browser is opened with url: ''

2020-04-23 13:58:44 - [MESSAGE][INFO] - Starting 'Chrome' driver

2020-04-23 13:58:54 - [MESSAGE][PASSED] - Browser is opened with url: ''

2020-04-23 13:58:54 - [TEST_STEP][PASSED] - navigateToUrl("https://nightlyno.quriaint.axiell.com"): Navigate to 'https://nightlyno.quriaint.axiell.com' successfully

2020-04-23 13:58:56 - [MESSAGE][PASSED] - Navigate to 'https://nightlyno.quriaint.axiell.com' successfully

2020-04-23 13:58:56 - [TEST_STEP][PASSED] - click(findTestObject("Test Simple Search/Page_Axiell Quria/a_Sign in with Google")): Object: 'Object Repository/Test Simple Search/Page_Axiell Quria/a_Sign in with Google' is clicked on

2020-04-23 13:59:03 - [MESSAGE][PASSED] - Object: 'Object Repository/Test Simple Search/Page_Axiell Quria/a_Sign in with Google' is clicked on

2020-04-23 13:59:03 - [TEST_STEP][PASSED] - setText(findTestObject("Capture Object Patron/Page_Axiell Quria/input_axiell.com_identifier"), "axiell.norge.quria@gmail.com"): Text 'axiell.norge.quria@gmail.com' is set on object 'Object Repository/Capture Object Patron/Page_Axiell Quria/input_axiell.com_identifier'

2020-04-23 13:59:07 - [MESSAGE][PASSED] - Text 'axiell.norge.quria@gmail.com' is set on object 'Object Repository/Capture Object Patron/Page_Axiell Quria/input_axiell.com_identifier'

2020-04-23 13:59:07 - [TEST_STEP][PASSED] - click(findTestObject("Capture Object Patron/Page_Logg p  Google-kontoer/span_Neste")): Object: 'Object Repository/Capture Object Patron/Page_Logg p  Google-kontoer/span_Neste' is clicked on

2020-04-23 13:59:10 - [MESSAGE][PASSED] - Object: 'Object Repository/Capture Object Patron/Page_Logg p  Google-kontoer/span_Neste' is clicked on

2020-04-23 13:59:10 - [TEST_STEP][PASSED] - waitForElementVisible(findTestObject("Capture Object Patron/Page_Axiell Quria/input_Password"), 30): Object 'Object Repository/Capture Object Patron/Page_Axiell Quria/input_Password' is visible

2020-04-23 13:59:12 - [MESSAGE][PASSED] - Object 'Object Repository/Capture Object Patron/Page_Axiell Quria/input_Password' is visible

2020-04-23 13:59:12 - [TEST_STEP][PASSED] - setEncryptedText(findTestObject("Capture Object Patron/Page_Axiell Quria/input_Password"), "d097ITWPO7f2v9EptRJGCg=="): Text ****** has been set on object 'Object Repository/Capture Object Patron/Page_Axiell Quria/input_Password'

2020-04-23 13:59:15 - [MESSAGE][PASSED] - Text ****** has been set on object 'Object Repository/Capture Object Patron/Page_Axiell Quria/input_Password'

2020-04-23 13:59:15 - [TEST_STEP][PASSED] - click(findTestObject("Manual Captured Objects/Page_Logg p  Google-kontoer/div_Neste")): Object: 'Object Repository/Manual Captured Objects/Page_Logg p  Google-kontoer/div_Neste' is clicked on

2020-04-23 13:59:17 - [MESSAGE][PASSED] - Object: 'Object Repository/Manual Captured Objects/Page_Logg p  Google-kontoer/div_Neste' is clicked on

2020-04-23 13:59:17 - [MESSAGE][PASSED] - Call Test Case 'Test Cases/Test Patron/Test Case Login' successfully

2020-04-23 13:59:17 - [TEST_STEP][PASSED] - click(findTestObject("Object Repository/Test Simple Search/Page_nightlyno - Axiell Quria/md-icon")): Object: 'Object Repository/Test Simple Search/Page_nightlyno - Axiell Quria/md-icon' is clicked on

2020-04-23 13:59:33 - [MESSAGE][PASSED] - Object: 'Object Repository/Test Simple Search/Page_nightlyno - Axiell Quria/md-icon' is clicked on

2020-04-23 13:59:33 - [TEST_STEP][PASSED] - setText(findTestObject("Object Repository/Test Simple Search/Page_nightlyno - Axiell Quria/input_Abonnementer_search-inpu"), "cre:Hamsun"): Text 'cre:Hamsun' is set on object 'Object Repository/Test Simple Search/Page_nightlyno - Axiell Quria/input_Abonnementer_search-inpu'

2020-04-23 13:59:37 - [MESSAGE][PASSED] - Text 'cre:Hamsun' is set on object 'Object Repository/Test Simple Search/Page_nightlyno - Axiell Quria/input_Abonnementer_search-inpu'

2020-04-23 13:59:37 - [TEST_STEP][PASSED] - click(findTestObject("test manuel objecter 2/Page_nightlyno - Axiell Quria/md-icon_1")): Object: 'Object Repository/test manuel objecter 2/Page_nightlyno - Axiell Quria/md-icon_1' is clicked on

2020-04-23 13:59:39 - [MESSAGE][PASSED] - Object: 'Object Repository/test manuel objecter 2/Page_nightlyno - Axiell Quria/md-icon_1' is clicked on

2020-04-23 13:59:39 - [TEST_STEP][PASSED] - click(findTestObject("test manuel objecter 2/Page_nightlyno - Axiell Quria/div_Resultater")): Object: 'Object Repository/test manuel objecter 2/Page_nightlyno - Axiell Quria/div_Resultater' is clicked on

2020-04-23 13:59:42 - [MESSAGE][PASSED] - Object: 'Object Repository/test manuel objecter 2/Page_nightlyno - Axiell Quria/div_Resultater' is clicked on

2020-04-23 13:59:42 - [TEST_STEP][FAILED] - verifyElementText(findTestObject("test manuel objecter 2/Page_nightlyno - Axiell Quria/div_Resultater"), "Resultater: 37"): Actual text 'Resultater: 38' and expected text 'Resultater: 37' of test object 'Object Repository/test manuel objecter 2/Page_nightlyno - Axiell Quria/div_Resultater' are NOT matched.

2020-04-23 13:59:45 - [MESSAGE][FAILED] - Actual text 'Resultater: 38' and expected text 'Resultater: 37' of test object 'Object Repository/test manuel objecter 2/Page_nightlyno - Axiell Quria/div_Resultater' are NOT matched.
[[ATTACHMENT|C:\\Users\\ignacio\\Katalon Studio\\KatalonQuriaTest\\Reports\\Test Suite Quria Search\\20200423_135208\\1587643184057.png]]

2020-04-23 13:59:45 - [TEST_STEP][PASSED] - click(findTestObject("Object Repository/Object Clouse Browser/Page_nightlyno - Axiell Quria/md-icon_expand_more")): Object: 'Object Repository/Object Clouse Browser/Page_nightlyno - Axiell Quria/md-icon_expand_more' is clicked on

2020-04-23 13:59:47 - [MESSAGE][PASSED] - Object: 'Object Repository/Object Clouse Browser/Page_nightlyno - Axiell Quria/md-icon_expand_more' is clicked on

2020-04-23 13:59:47 - [TEST_STEP][PASSED] - click(findTestObject("Object Repository/Object Clouse Browser/Page_nightlyno - Axiell Quria/a_exit_to_appLogg av")): Object: 'Object Repository/Object Clouse Browser/Page_nightlyno - Axiell Quria/a_exit_to_appLogg av' is clicked on

2020-04-23 13:59:49 - [MESSAGE][PASSED] - Object: 'Object Repository/Object Clouse Browser/Page_nightlyno - Axiell Quria/a_exit_to_appLogg av' is clicked on

2020-04-23 13:59:49 - [TEST_STEP][FAILED] - closeBrowser(): closeBrowser() FAILED.
Reason:
com.kms.katalon.core.exception.StepFailedException: Actual text 'Resultater: 38' and expected text 'Resultater: 37' of test object 'Object Repository/test manuel objecter 2/Page_nightlyno - Axiell Quria/div_Resultater' are NOT matched.
	at com.kms.katalon.core.keyword.internal.KeywordMain.stepFailed(KeywordMain.groovy:32)
	at com.kms.katalon.core.webui.keyword.internal.WebUIKeywordMain.stepFailed(WebUIKeywordMain.groovy:65)
	at com.kms.katalon.core.webui.keyword.builtin.VerifyElementTextKeyword$_verifyElementText_closure1.doCall(VerifyElementTextKeyword.groovy:57)
	at com.kms.katalon.core.webui.keyword.builtin.VerifyElementTextKeyword$_verifyElementText_closure1.call(VerifyElementTextKeyword.groovy)
	at com.kms.katalon.core.webui.keyword.internal.WebUIKeywordMain.runKeyword(WebUIKeywordMain.groovy:21)
	at com.kms.katalon.core.webui.keyword.builtin.VerifyElementTextKeyword.verifyElementText(VerifyElementTextKeyword.groovy:72)
	at com.kms.katalon.core.webui.keyword.builtin.VerifyElementTextKeyword.execute(VerifyElementTextKeyword.groovy:40)
	at com.kms.katalon.core.keyword.internal.KeywordExecutor.executeKeywordForPlatform(KeywordExecutor.groovy:53)
	at com.kms.katalon.core.webui.keyword.WebUiBuiltInKeywords.verifyElementText(WebUiBuiltInKeywords.groovy:3663)
	at com.kms.katalon.core.webui.keyword.WebUiBuiltInKeywords$verifyElementText$5.call(Unknown Source)
	at Test verify free text search.run(Test verify free text search:27)
	at com.kms.katalon.core.main.ScriptEngine.run(ScriptEngine.java:194)
	at com.kms.katalon.core.main.ScriptEngine.runScriptAsRawText(ScriptEngine.java:119)
	at com.kms.katalon.core.main.TestCaseExecutor.runScript(TestCaseExecutor.java:328)
	at com.kms.katalon.core.main.TestCaseExecutor.doExecute(TestCaseExecutor.java:319)
	at com.kms.katalon.core.main.TestCaseExecutor.processExecutionPhase(TestCaseExecutor.java:298)
	at com.kms.katalon.core.main.TestCaseExecutor.accessMainPhase(TestCaseExecutor.java:290)
	at com.kms.katalon.core.main.TestCaseExecutor.execute(TestCaseExecutor.java:224)
	at com.kms.katalon.core.main.TestSuiteExecutor.accessTestCaseMainPhase(TestSuiteExecutor.java:129)
	at com.kms.katalon.core.main.TestSuiteExecutor.accessTestSuiteMainPhase(TestSuiteExecutor.java:112)
	at com.kms.katalon.core.main.TestSuiteExecutor.execute(TestSuiteExecutor.java:81)
	at com.kms.katalon.core.main.TestCaseMain.startTestSuite(TestCaseMain.java:149)
	at com.kms.katalon.core.main.TestCaseMain$startTestSuite$0.call(Unknown Source)
	at TempTestSuite1587642728192.run(TempTestSuite1587642728192.groovy:36)


2020-04-23 13:59:51 - [MESSAGE][PASSED] - Browser is closed

2020-04-23 13:59:51 - [MESSAGE][FAILED] - closeBrowser() FAILED.
Reason:
com.kms.katalon.core.exception.StepFailedException: Actual text 'Resultater: 38' and expected text 'Resultater: 37' of test object 'Object Repository/test manuel objecter 2/Page_nightlyno - Axiell Quria/div_Resultater' are NOT matched.
	at com.kms.katalon.core.keyword.internal.KeywordMain.stepFailed(KeywordMain.groovy:32)
	at com.kms.katalon.core.webui.keyword.internal.WebUIKeywordMain.stepFailed(WebUIKeywordMain.groovy:65)
	at com.kms.katalon.core.webui.keyword.builtin.VerifyElementTextKeyword$_verifyElementText_closure1.doCall(VerifyElementTextKeyword.groovy:57)
	at com.kms.katalon.core.webui.keyword.builtin.VerifyElementTextKeyword$_verifyElementText_closure1.call(VerifyElementTextKeyword.groovy)
	at com.kms.katalon.core.webui.keyword.internal.WebUIKeywordMain.runKeyword(WebUIKeywordMain.groovy:21)
	at com.kms.katalon.core.webui.keyword.builtin.VerifyElementTextKeyword.verifyElementText(VerifyElementTextKeyword.groovy:72)
	at com.kms.katalon.core.webui.keyword.builtin.VerifyElementTextKeyword.execute(VerifyElementTextKeyword.groovy:40)
	at com.kms.katalon.core.keyword.internal.KeywordExecutor.executeKeywordForPlatform(KeywordExecutor.groovy:53)
	at com.kms.katalon.core.webui.keyword.WebUiBuiltInKeywords.verifyElementText(WebUiBuiltInKeywords.groovy:3663)
	at com.kms.katalon.core.webui.keyword.WebUiBuiltInKeywords$verifyElementText$5.call(Unknown Source)
	at Test verify free text search.run(Test verify free text search:27)
	at com.kms.katalon.core.main.ScriptEngine.run(ScriptEngine.java:194)
	at com.kms.katalon.core.main.ScriptEngine.runScriptAsRawText(ScriptEngine.java:119)
	at com.kms.katalon.core.main.TestCaseExecutor.runScript(TestCaseExecutor.java:328)
	at com.kms.katalon.core.main.TestCaseExecutor.doExecute(TestCaseExecutor.java:319)
	at com.kms.katalon.core.main.TestCaseExecutor.processExecutionPhase(TestCaseExecutor.java:298)
	at com.kms.katalon.core.main.TestCaseExecutor.accessMainPhase(TestCaseExecutor.java:290)
	at com.kms.katalon.core.main.TestCaseExecutor.execute(TestCaseExecutor.java:224)
	at com.kms.katalon.core.main.TestSuiteExecutor.accessTestCaseMainPhase(TestSuiteExecutor.java:129)
	at com.kms.katalon.core.main.TestSuiteExecutor.accessTestSuiteMainPhase(TestSuiteExecutor.java:112)
	at com.kms.katalon.core.main.TestSuiteExecutor.execute(TestSuiteExecutor.java:81)
	at com.kms.katalon.core.main.TestCaseMain.startTestSuite(TestCaseMain.java:149)
	at com.kms.katalon.core.main.TestCaseMain$startTestSuite$0.call(Unknown Source)
	at TempTestSuite1587642728192.run(TempTestSuite1587642728192.groovy:36)]]></system-out>
         <system-err><![CDATA[2020-04-23 13:58:44 - [TEST_CASE][FAILED] - Test Cases/Test verify free text search: Test Cases/Test verify free text search FAILED.
Reason:
com.kms.katalon.core.exception.StepFailedException: Actual text 'Resultater: 38' and expected text 'Resultater: 37' of test object 'Object Repository/test manuel objecter 2/Page_nightlyno - Axiell Quria/div_Resultater' are NOT matched.
	at com.kms.katalon.core.keyword.internal.KeywordMain.stepFailed(KeywordMain.groovy:32)
	at com.kms.katalon.core.webui.keyword.internal.WebUIKeywordMain.stepFailed(WebUIKeywordMain.groovy:65)
	at com.kms.katalon.core.webui.keyword.builtin.VerifyElementTextKeyword$_verifyElementText_closure1.doCall(VerifyElementTextKeyword.groovy:57)
	at com.kms.katalon.core.webui.keyword.builtin.VerifyElementTextKeyword$_verifyElementText_closure1.call(VerifyElementTextKeyword.groovy)
	at com.kms.katalon.core.webui.keyword.internal.WebUIKeywordMain.runKeyword(WebUIKeywordMain.groovy:21)
	at com.kms.katalon.core.webui.keyword.builtin.VerifyElementTextKeyword.verifyElementText(VerifyElementTextKeyword.groovy:72)
	at com.kms.katalon.core.webui.keyword.builtin.VerifyElementTextKeyword.execute(VerifyElementTextKeyword.groovy:40)
	at com.kms.katalon.core.keyword.internal.KeywordExecutor.executeKeywordForPlatform(KeywordExecutor.groovy:53)
	at com.kms.katalon.core.webui.keyword.WebUiBuiltInKeywords.verifyElementText(WebUiBuiltInKeywords.groovy:3663)
	at com.kms.katalon.core.webui.keyword.WebUiBuiltInKeywords$verifyElementText$5.call(Unknown Source)
	at Test verify free text search.run(Test verify free text search:27)
	at com.kms.katalon.core.main.ScriptEngine.run(ScriptEngine.java:194)
	at com.kms.katalon.core.main.ScriptEngine.runScriptAsRawText(ScriptEngine.java:119)
	at com.kms.katalon.core.main.TestCaseExecutor.runScript(TestCaseExecutor.java:328)
	at com.kms.katalon.core.main.TestCaseExecutor.doExecute(TestCaseExecutor.java:319)
	at com.kms.katalon.core.main.TestCaseExecutor.processExecutionPhase(TestCaseExecutor.java:298)
	at com.kms.katalon.core.main.TestCaseExecutor.accessMainPhase(TestCaseExecutor.java:290)
	at com.kms.katalon.core.main.TestCaseExecutor.execute(TestCaseExecutor.java:224)
	at com.kms.katalon.core.main.TestSuiteExecutor.accessTestCaseMainPhase(TestSuiteExecutor.java:129)
	at com.kms.katalon.core.main.TestSuiteExecutor.accessTestSuiteMainPhase(TestSuiteExecutor.java:112)
	at com.kms.katalon.core.main.TestSuiteExecutor.execute(TestSuiteExecutor.java:81)
	at com.kms.katalon.core.main.TestCaseMain.startTestSuite(TestCaseMain.java:149)
	at com.kms.katalon.core.main.TestCaseMain$startTestSuite$0.call(Unknown Source)
	at TempTestSuite1587642728192.run(TempTestSuite1587642728192.groovy:36)]]></system-err>
      </testcase>
      <testcase name="Test Cases/Test verify Fuzzy search (between 0-2 letters)" classname="Test Cases/Test verify Fuzzy search (between 0-2 letters)" status="PASSED">
         <system-out><![CDATA[2020-04-23 13:59:51 - [TEST_CASE][PASSED] - Test Cases/Test verify Fuzzy search (between 0-2 letters): Test Cases/Test verify Fuzzy search (between 0-2 letters)

2020-04-23 13:59:52 - [TEST_STEP][PASSED] - callTestCase(findTestCase("Test Patron/Test Case Login"), [:], STOP_ON_FAILURE): Call Test Case 'Test Cases/Test Patron/Test Case Login' successfully

2020-04-23 13:59:52 - [TEST_CASE][PASSED] - Test Cases/Test Patron/Test Case Login: Test Cases/Test Patron/Test Case Login

2020-04-23 13:59:52 - [TEST_STEP][PASSED] - openBrowser(""): Browser is opened with url: ''

2020-04-23 13:59:52 - [MESSAGE][INFO] - Starting 'Chrome' driver

2020-04-23 14:00:02 - [MESSAGE][PASSED] - Browser is opened with url: ''

2020-04-23 14:00:02 - [TEST_STEP][PASSED] - navigateToUrl("https://nightlyno.quriaint.axiell.com"): Navigate to 'https://nightlyno.quriaint.axiell.com' successfully

2020-04-23 14:00:03 - [MESSAGE][PASSED] - Navigate to 'https://nightlyno.quriaint.axiell.com' successfully

2020-04-23 14:00:03 - [TEST_STEP][PASSED] - click(findTestObject("Test Simple Search/Page_Axiell Quria/a_Sign in with Google")): Object: 'Object Repository/Test Simple Search/Page_Axiell Quria/a_Sign in with Google' is clicked on

2020-04-23 14:00:09 - [MESSAGE][PASSED] - Object: 'Object Repository/Test Simple Search/Page_Axiell Quria/a_Sign in with Google' is clicked on

2020-04-23 14:00:09 - [TEST_STEP][PASSED] - setText(findTestObject("Capture Object Patron/Page_Axiell Quria/input_axiell.com_identifier"), "axiell.norge.quria@gmail.com"): Text 'axiell.norge.quria@gmail.com' is set on object 'Object Repository/Capture Object Patron/Page_Axiell Quria/input_axiell.com_identifier'

2020-04-23 14:00:13 - [MESSAGE][PASSED] - Text 'axiell.norge.quria@gmail.com' is set on object 'Object Repository/Capture Object Patron/Page_Axiell Quria/input_axiell.com_identifier'

2020-04-23 14:00:13 - [TEST_STEP][PASSED] - click(findTestObject("Capture Object Patron/Page_Logg p  Google-kontoer/span_Neste")): Object: 'Object Repository/Capture Object Patron/Page_Logg p  Google-kontoer/span_Neste' is clicked on

2020-04-23 14:00:16 - [MESSAGE][PASSED] - Object: 'Object Repository/Capture Object Patron/Page_Logg p  Google-kontoer/span_Neste' is clicked on

2020-04-23 14:00:16 - [TEST_STEP][PASSED] - waitForElementVisible(findTestObject("Capture Object Patron/Page_Axiell Quria/input_Password"), 30): Object 'Object Repository/Capture Object Patron/Page_Axiell Quria/input_Password' is visible

2020-04-23 14:00:18 - [MESSAGE][PASSED] - Object 'Object Repository/Capture Object Patron/Page_Axiell Quria/input_Password' is visible

2020-04-23 14:00:18 - [TEST_STEP][PASSED] - setEncryptedText(findTestObject("Capture Object Patron/Page_Axiell Quria/input_Password"), "d097ITWPO7f2v9EptRJGCg=="): Text ****** has been set on object 'Object Repository/Capture Object Patron/Page_Axiell Quria/input_Password'

2020-04-23 14:00:21 - [MESSAGE][PASSED] - Text ****** has been set on object 'Object Repository/Capture Object Patron/Page_Axiell Quria/input_Password'

2020-04-23 14:00:21 - [TEST_STEP][PASSED] - click(findTestObject("Manual Captured Objects/Page_Logg p  Google-kontoer/div_Neste")): Object: 'Object Repository/Manual Captured Objects/Page_Logg p  Google-kontoer/div_Neste' is clicked on

2020-04-23 14:00:23 - [MESSAGE][PASSED] - Object: 'Object Repository/Manual Captured Objects/Page_Logg p  Google-kontoer/div_Neste' is clicked on

2020-04-23 14:00:23 - [MESSAGE][PASSED] - Call Test Case 'Test Cases/Test Patron/Test Case Login' successfully

2020-04-23 14:00:23 - [TEST_STEP][PASSED] - click(findTestObject("Object Repository/Test Simple Search/Page_nightlyno - Axiell Quria/md-icon")): Object: 'Object Repository/Test Simple Search/Page_nightlyno - Axiell Quria/md-icon' is clicked on

2020-04-23 14:00:40 - [MESSAGE][PASSED] - Object: 'Object Repository/Test Simple Search/Page_nightlyno - Axiell Quria/md-icon' is clicked on

2020-04-23 14:00:40 - [TEST_STEP][PASSED] - setText(findTestObject("Object Repository/Test Simple Search/Page_nightlyno - Axiell Quria/input_Abonnementer_search-inpu"), "me"): Text 'me' is set on object 'Object Repository/Test Simple Search/Page_nightlyno - Axiell Quria/input_Abonnementer_search-inpu'

2020-04-23 14:00:45 - [MESSAGE][PASSED] - Text 'me' is set on object 'Object Repository/Test Simple Search/Page_nightlyno - Axiell Quria/input_Abonnementer_search-inpu'

2020-04-23 14:00:45 - [TEST_STEP][PASSED] - click(findTestObject("test manuel objecter 2/Page_nightlyno - Axiell Quria/md-icon_1")): Object: 'Object Repository/test manuel objecter 2/Page_nightlyno - Axiell Quria/md-icon_1' is clicked on

2020-04-23 14:00:47 - [MESSAGE][PASSED] - Object: 'Object Repository/test manuel objecter 2/Page_nightlyno - Axiell Quria/md-icon_1' is clicked on

2020-04-23 14:00:47 - [TEST_STEP][PASSED] - click(findTestObject("test manuel objecter 2/Page_nightlyno - Axiell Quria/div_Resultater")): Object: 'Object Repository/test manuel objecter 2/Page_nightlyno - Axiell Quria/div_Resultater' is clicked on

2020-04-23 14:00:49 - [MESSAGE][PASSED] - Object: 'Object Repository/test manuel objecter 2/Page_nightlyno - Axiell Quria/div_Resultater' is clicked on

2020-04-23 14:00:49 - [TEST_STEP][PASSED] - verifyElementText(findTestObject("test manuel objecter 2/Page_nightlyno - Axiell Quria/div_Resultater"), "Resultater: 125"): Actual text and expected text of test object 'Object Repository/test manuel objecter 2/Page_nightlyno - Axiell Quria/div_Resultater' are matched.

2020-04-23 14:00:52 - [MESSAGE][PASSED] - Actual text and expected text of test object 'Object Repository/test manuel objecter 2/Page_nightlyno - Axiell Quria/div_Resultater' are matched.

2020-04-23 14:00:52 - [TEST_STEP][PASSED] - click(findTestObject("Object Repository/Object Clouse Browser/Page_nightlyno - Axiell Quria/md-icon_expand_more")): Object: 'Object Repository/Object Clouse Browser/Page_nightlyno - Axiell Quria/md-icon_expand_more' is clicked on

2020-04-23 14:00:54 - [MESSAGE][PASSED] - Object: 'Object Repository/Object Clouse Browser/Page_nightlyno - Axiell Quria/md-icon_expand_more' is clicked on

2020-04-23 14:00:54 - [TEST_STEP][PASSED] - click(findTestObject("Object Repository/Object Clouse Browser/Page_nightlyno - Axiell Quria/a_exit_to_appLogg av")): Object: 'Object Repository/Object Clouse Browser/Page_nightlyno - Axiell Quria/a_exit_to_appLogg av' is clicked on

2020-04-23 14:00:56 - [MESSAGE][PASSED] - Object: 'Object Repository/Object Clouse Browser/Page_nightlyno - Axiell Quria/a_exit_to_appLogg av' is clicked on

2020-04-23 14:00:56 - [TEST_STEP][PASSED] - closeBrowser(): Browser is closed

2020-04-23 14:00:58 - [MESSAGE][PASSED] - Browser is closed]]></system-out>
         <system-err><![CDATA[]]></system-err>
      </testcase>
      <testcase name="Test Cases/Test verify Fuzzy search (between 3-5 letters)" classname="Test Cases/Test verify Fuzzy search (between 3-5 letters)" status="PASSED">
         <system-out><![CDATA[2020-04-23 14:00:58 - [TEST_CASE][PASSED] - Test Cases/Test verify Fuzzy search (between 3-5 letters): Test Cases/Test verify Fuzzy search (between 3-5 letters)

2020-04-23 14:00:59 - [TEST_STEP][PASSED] - callTestCase(findTestCase("Test Patron/Test Case Login"), [:], STOP_ON_FAILURE): Call Test Case 'Test Cases/Test Patron/Test Case Login' successfully

2020-04-23 14:00:59 - [TEST_CASE][PASSED] - Test Cases/Test Patron/Test Case Login: Test Cases/Test Patron/Test Case Login

2020-04-23 14:00:59 - [TEST_STEP][PASSED] - openBrowser(""): Browser is opened with url: ''

2020-04-23 14:00:59 - [MESSAGE][INFO] - Starting 'Chrome' driver

2020-04-23 14:01:09 - [MESSAGE][PASSED] - Browser is opened with url: ''

2020-04-23 14:01:09 - [TEST_STEP][PASSED] - navigateToUrl("https://nightlyno.quriaint.axiell.com"): Navigate to 'https://nightlyno.quriaint.axiell.com' successfully

2020-04-23 14:01:10 - [MESSAGE][PASSED] - Navigate to 'https://nightlyno.quriaint.axiell.com' successfully

2020-04-23 14:01:10 - [TEST_STEP][PASSED] - click(findTestObject("Test Simple Search/Page_Axiell Quria/a_Sign in with Google")): Object: 'Object Repository/Test Simple Search/Page_Axiell Quria/a_Sign in with Google' is clicked on

2020-04-23 14:01:16 - [MESSAGE][PASSED] - Object: 'Object Repository/Test Simple Search/Page_Axiell Quria/a_Sign in with Google' is clicked on

2020-04-23 14:01:16 - [TEST_STEP][PASSED] - setText(findTestObject("Capture Object Patron/Page_Axiell Quria/input_axiell.com_identifier"), "axiell.norge.quria@gmail.com"): Text 'axiell.norge.quria@gmail.com' is set on object 'Object Repository/Capture Object Patron/Page_Axiell Quria/input_axiell.com_identifier'

2020-04-23 14:01:21 - [MESSAGE][PASSED] - Text 'axiell.norge.quria@gmail.com' is set on object 'Object Repository/Capture Object Patron/Page_Axiell Quria/input_axiell.com_identifier'

2020-04-23 14:01:21 - [TEST_STEP][PASSED] - click(findTestObject("Capture Object Patron/Page_Logg p  Google-kontoer/span_Neste")): Object: 'Object Repository/Capture Object Patron/Page_Logg p  Google-kontoer/span_Neste' is clicked on

2020-04-23 14:01:23 - [MESSAGE][PASSED] - Object: 'Object Repository/Capture Object Patron/Page_Logg p  Google-kontoer/span_Neste' is clicked on

2020-04-23 14:01:23 - [TEST_STEP][PASSED] - waitForElementVisible(findTestObject("Capture Object Patron/Page_Axiell Quria/input_Password"), 30): Object 'Object Repository/Capture Object Patron/Page_Axiell Quria/input_Password' is visible

2020-04-23 14:01:26 - [MESSAGE][PASSED] - Object 'Object Repository/Capture Object Patron/Page_Axiell Quria/input_Password' is visible

2020-04-23 14:01:26 - [TEST_STEP][PASSED] - setEncryptedText(findTestObject("Capture Object Patron/Page_Axiell Quria/input_Password"), "d097ITWPO7f2v9EptRJGCg=="): Text ****** has been set on object 'Object Repository/Capture Object Patron/Page_Axiell Quria/input_Password'

2020-04-23 14:01:29 - [MESSAGE][PASSED] - Text ****** has been set on object 'Object Repository/Capture Object Patron/Page_Axiell Quria/input_Password'

2020-04-23 14:01:29 - [TEST_STEP][PASSED] - click(findTestObject("Manual Captured Objects/Page_Logg p  Google-kontoer/div_Neste")): Object: 'Object Repository/Manual Captured Objects/Page_Logg p  Google-kontoer/div_Neste' is clicked on

2020-04-23 14:01:31 - [MESSAGE][PASSED] - Object: 'Object Repository/Manual Captured Objects/Page_Logg p  Google-kontoer/div_Neste' is clicked on

2020-04-23 14:01:31 - [MESSAGE][PASSED] - Call Test Case 'Test Cases/Test Patron/Test Case Login' successfully

2020-04-23 14:01:31 - [TEST_STEP][PASSED] - click(findTestObject("Object Repository/Test Simple Search/Page_nightlyno - Axiell Quria/md-icon")): Object: 'Object Repository/Test Simple Search/Page_nightlyno - Axiell Quria/md-icon' is clicked on

2020-04-23 14:01:48 - [MESSAGE][PASSED] - Object: 'Object Repository/Test Simple Search/Page_nightlyno - Axiell Quria/md-icon' is clicked on

2020-04-23 14:01:48 - [TEST_STEP][PASSED] - setText(findTestObject("Object Repository/Test Simple Search/Page_nightlyno - Axiell Quria/input_Abonnementer_search-inpu"), "meyr"): Text 'meyr' is set on object 'Object Repository/Test Simple Search/Page_nightlyno - Axiell Quria/input_Abonnementer_search-inpu'

2020-04-23 14:01:53 - [MESSAGE][PASSED] - Text 'meyr' is set on object 'Object Repository/Test Simple Search/Page_nightlyno - Axiell Quria/input_Abonnementer_search-inpu'

2020-04-23 14:01:53 - [TEST_STEP][PASSED] - click(findTestObject("test manuel objecter 2/Page_nightlyno - Axiell Quria/md-icon_1")): Object: 'Object Repository/test manuel objecter 2/Page_nightlyno - Axiell Quria/md-icon_1' is clicked on

2020-04-23 14:01:55 - [MESSAGE][PASSED] - Object: 'Object Repository/test manuel objecter 2/Page_nightlyno - Axiell Quria/md-icon_1' is clicked on

2020-04-23 14:01:55 - [TEST_STEP][PASSED] - click(findTestObject("test manuel objecter 2/Page_nightlyno - Axiell Quria/div_Resultater")): Object: 'Object Repository/test manuel objecter 2/Page_nightlyno - Axiell Quria/div_Resultater' is clicked on

2020-04-23 14:01:57 - [MESSAGE][PASSED] - Object: 'Object Repository/test manuel objecter 2/Page_nightlyno - Axiell Quria/div_Resultater' is clicked on

2020-04-23 14:01:57 - [TEST_STEP][PASSED] - verifyElementText(findTestObject("test manuel objecter 2/Page_nightlyno - Axiell Quria/div_Resultater"), "Resultater: 0"): Actual text and expected text of test object 'Object Repository/test manuel objecter 2/Page_nightlyno - Axiell Quria/div_Resultater' are matched.

2020-04-23 14:01:59 - [MESSAGE][PASSED] - Actual text and expected text of test object 'Object Repository/test manuel objecter 2/Page_nightlyno - Axiell Quria/div_Resultater' are matched.

2020-04-23 14:01:59 - [TEST_STEP][PASSED] - click(findTestObject("Object Repository/Object Clouse Browser/Page_nightlyno - Axiell Quria/md-icon_expand_more")): Object: 'Object Repository/Object Clouse Browser/Page_nightlyno - Axiell Quria/md-icon_expand_more' is clicked on

2020-04-23 14:02:01 - [MESSAGE][PASSED] - Object: 'Object Repository/Object Clouse Browser/Page_nightlyno - Axiell Quria/md-icon_expand_more' is clicked on

2020-04-23 14:02:01 - [TEST_STEP][PASSED] - click(findTestObject("Object Repository/Object Clouse Browser/Page_nightlyno - Axiell Quria/a_exit_to_appLogg av")): Object: 'Object Repository/Object Clouse Browser/Page_nightlyno - Axiell Quria/a_exit_to_appLogg av' is clicked on

2020-04-23 14:02:03 - [MESSAGE][PASSED] - Object: 'Object Repository/Object Clouse Browser/Page_nightlyno - Axiell Quria/a_exit_to_appLogg av' is clicked on

2020-04-23 14:02:03 - [TEST_STEP][PASSED] - closeBrowser(): Browser is closed

2020-04-23 14:02:05 - [MESSAGE][PASSED] - Browser is closed]]></system-out>
         <system-err><![CDATA[]]></system-err>
      </testcase>
      <testcase name="Test Cases/Test verify Fuzzy search (more tha 6 letters)" classname="Test Cases/Test verify Fuzzy search (more tha 6 letters)" status="PASSED">
         <system-out><![CDATA[2020-04-23 14:02:05 - [TEST_CASE][PASSED] - Test Cases/Test verify Fuzzy search (more tha 6 letters): Test Cases/Test verify Fuzzy search (more tha 6 letters)

2020-04-23 14:02:06 - [TEST_STEP][PASSED] - callTestCase(findTestCase("Test Patron/Test Case Login"), [:], STOP_ON_FAILURE): Call Test Case 'Test Cases/Test Patron/Test Case Login' successfully

2020-04-23 14:02:06 - [TEST_CASE][PASSED] - Test Cases/Test Patron/Test Case Login: Test Cases/Test Patron/Test Case Login

2020-04-23 14:02:06 - [TEST_STEP][PASSED] - openBrowser(""): Browser is opened with url: ''

2020-04-23 14:02:06 - [MESSAGE][INFO] - Starting 'Chrome' driver

2020-04-23 14:02:16 - [MESSAGE][PASSED] - Browser is opened with url: ''

2020-04-23 14:02:16 - [TEST_STEP][PASSED] - navigateToUrl("https://nightlyno.quriaint.axiell.com"): Navigate to 'https://nightlyno.quriaint.axiell.com' successfully

2020-04-23 14:02:18 - [MESSAGE][PASSED] - Navigate to 'https://nightlyno.quriaint.axiell.com' successfully

2020-04-23 14:02:18 - [TEST_STEP][PASSED] - click(findTestObject("Test Simple Search/Page_Axiell Quria/a_Sign in with Google")): Object: 'Object Repository/Test Simple Search/Page_Axiell Quria/a_Sign in with Google' is clicked on

2020-04-23 14:02:24 - [MESSAGE][PASSED] - Object: 'Object Repository/Test Simple Search/Page_Axiell Quria/a_Sign in with Google' is clicked on

2020-04-23 14:02:24 - [TEST_STEP][PASSED] - setText(findTestObject("Capture Object Patron/Page_Axiell Quria/input_axiell.com_identifier"), "axiell.norge.quria@gmail.com"): Text 'axiell.norge.quria@gmail.com' is set on object 'Object Repository/Capture Object Patron/Page_Axiell Quria/input_axiell.com_identifier'

2020-04-23 14:02:29 - [MESSAGE][PASSED] - Text 'axiell.norge.quria@gmail.com' is set on object 'Object Repository/Capture Object Patron/Page_Axiell Quria/input_axiell.com_identifier'

2020-04-23 14:02:29 - [TEST_STEP][PASSED] - click(findTestObject("Capture Object Patron/Page_Logg p  Google-kontoer/span_Neste")): Object: 'Object Repository/Capture Object Patron/Page_Logg p  Google-kontoer/span_Neste' is clicked on

2020-04-23 14:02:31 - [MESSAGE][PASSED] - Object: 'Object Repository/Capture Object Patron/Page_Logg p  Google-kontoer/span_Neste' is clicked on

2020-04-23 14:02:31 - [TEST_STEP][PASSED] - waitForElementVisible(findTestObject("Capture Object Patron/Page_Axiell Quria/input_Password"), 30): Object 'Object Repository/Capture Object Patron/Page_Axiell Quria/input_Password' is visible

2020-04-23 14:02:34 - [MESSAGE][PASSED] - Object 'Object Repository/Capture Object Patron/Page_Axiell Quria/input_Password' is visible

2020-04-23 14:02:34 - [TEST_STEP][PASSED] - setEncryptedText(findTestObject("Capture Object Patron/Page_Axiell Quria/input_Password"), "d097ITWPO7f2v9EptRJGCg=="): Text ****** has been set on object 'Object Repository/Capture Object Patron/Page_Axiell Quria/input_Password'

2020-04-23 14:02:37 - [MESSAGE][PASSED] - Text ****** has been set on object 'Object Repository/Capture Object Patron/Page_Axiell Quria/input_Password'

2020-04-23 14:02:37 - [TEST_STEP][PASSED] - click(findTestObject("Manual Captured Objects/Page_Logg p  Google-kontoer/div_Neste")): Object: 'Object Repository/Manual Captured Objects/Page_Logg p  Google-kontoer/div_Neste' is clicked on

2020-04-23 14:02:39 - [MESSAGE][PASSED] - Object: 'Object Repository/Manual Captured Objects/Page_Logg p  Google-kontoer/div_Neste' is clicked on

2020-04-23 14:02:39 - [MESSAGE][PASSED] - Call Test Case 'Test Cases/Test Patron/Test Case Login' successfully

2020-04-23 14:02:39 - [TEST_STEP][PASSED] - click(findTestObject("Object Repository/Test Simple Search/Page_nightlyno - Axiell Quria/md-icon")): Object: 'Object Repository/Test Simple Search/Page_nightlyno - Axiell Quria/md-icon' is clicked on

2020-04-23 14:02:56 - [MESSAGE][PASSED] - Object: 'Object Repository/Test Simple Search/Page_nightlyno - Axiell Quria/md-icon' is clicked on

2020-04-23 14:02:56 - [TEST_STEP][PASSED] - setText(findTestObject("Object Repository/Test Simple Search/Page_nightlyno - Axiell Quria/input_Abonnementer_search-inpu"), "norwgan"): Text 'norwgan' is set on object 'Object Repository/Test Simple Search/Page_nightlyno - Axiell Quria/input_Abonnementer_search-inpu'

2020-04-23 14:03:00 - [MESSAGE][PASSED] - Text 'norwgan' is set on object 'Object Repository/Test Simple Search/Page_nightlyno - Axiell Quria/input_Abonnementer_search-inpu'

2020-04-23 14:03:00 - [TEST_STEP][PASSED] - click(findTestObject("test manuel objecter 2/Page_nightlyno - Axiell Quria/md-icon_1")): Object: 'Object Repository/test manuel objecter 2/Page_nightlyno - Axiell Quria/md-icon_1' is clicked on

2020-04-23 14:03:02 - [MESSAGE][PASSED] - Object: 'Object Repository/test manuel objecter 2/Page_nightlyno - Axiell Quria/md-icon_1' is clicked on

2020-04-23 14:03:02 - [TEST_STEP][PASSED] - click(findTestObject("test manuel objecter 2/Page_nightlyno - Axiell Quria/div_Resultater")): Object: 'Object Repository/test manuel objecter 2/Page_nightlyno - Axiell Quria/div_Resultater' is clicked on

2020-04-23 14:03:04 - [MESSAGE][PASSED] - Object: 'Object Repository/test manuel objecter 2/Page_nightlyno - Axiell Quria/div_Resultater' is clicked on

2020-04-23 14:03:04 - [TEST_STEP][PASSED] - verifyElementText(findTestObject("test manuel objecter 2/Page_nightlyno - Axiell Quria/div_Resultater"), "Resultater: 0"): Actual text and expected text of test object 'Object Repository/test manuel objecter 2/Page_nightlyno - Axiell Quria/div_Resultater' are matched.

2020-04-23 14:03:06 - [MESSAGE][PASSED] - Actual text and expected text of test object 'Object Repository/test manuel objecter 2/Page_nightlyno - Axiell Quria/div_Resultater' are matched.

2020-04-23 14:03:06 - [TEST_STEP][PASSED] - click(findTestObject("Object Repository/Object Clouse Browser/Page_nightlyno - Axiell Quria/md-icon_expand_more")): Object: 'Object Repository/Object Clouse Browser/Page_nightlyno - Axiell Quria/md-icon_expand_more' is clicked on

2020-04-23 14:03:08 - [MESSAGE][PASSED] - Object: 'Object Repository/Object Clouse Browser/Page_nightlyno - Axiell Quria/md-icon_expand_more' is clicked on

2020-04-23 14:03:08 - [TEST_STEP][PASSED] - click(findTestObject("Object Repository/Object Clouse Browser/Page_nightlyno - Axiell Quria/a_exit_to_appLogg av")): Object: 'Object Repository/Object Clouse Browser/Page_nightlyno - Axiell Quria/a_exit_to_appLogg av' is clicked on

2020-04-23 14:03:10 - [MESSAGE][PASSED] - Object: 'Object Repository/Object Clouse Browser/Page_nightlyno - Axiell Quria/a_exit_to_appLogg av' is clicked on

2020-04-23 14:03:10 - [TEST_STEP][PASSED] - closeBrowser(): Browser is closed

2020-04-23 14:03:13 - [MESSAGE][PASSED] - Browser is closed]]></system-out>
         <system-err><![CDATA[]]></system-err>
      </testcase>
      <testcase name="Test Cases/Test verify phrase search" classname="Test Cases/Test verify phrase search" status="PASSED">
         <system-out><![CDATA[2020-04-23 14:03:13 - [TEST_CASE][PASSED] - Test Cases/Test verify phrase search: Test Cases/Test verify phrase search

2020-04-23 14:03:13 - [TEST_STEP][PASSED] - callTestCase(findTestCase("Test Patron/Test Case Login"), [:], STOP_ON_FAILURE): Call Test Case 'Test Cases/Test Patron/Test Case Login' successfully

2020-04-23 14:03:13 - [TEST_CASE][PASSED] - Test Cases/Test Patron/Test Case Login: Test Cases/Test Patron/Test Case Login

2020-04-23 14:03:13 - [TEST_STEP][PASSED] - openBrowser(""): Browser is opened with url: ''

2020-04-23 14:03:13 - [MESSAGE][INFO] - Starting 'Chrome' driver

2020-04-23 14:03:23 - [MESSAGE][PASSED] - Browser is opened with url: ''

2020-04-23 14:03:23 - [TEST_STEP][PASSED] - navigateToUrl("https://nightlyno.quriaint.axiell.com"): Navigate to 'https://nightlyno.quriaint.axiell.com' successfully

2020-04-23 14:03:24 - [MESSAGE][PASSED] - Navigate to 'https://nightlyno.quriaint.axiell.com' successfully

2020-04-23 14:03:24 - [TEST_STEP][PASSED] - click(findTestObject("Test Simple Search/Page_Axiell Quria/a_Sign in with Google")): Object: 'Object Repository/Test Simple Search/Page_Axiell Quria/a_Sign in with Google' is clicked on

2020-04-23 14:03:30 - [MESSAGE][PASSED] - Object: 'Object Repository/Test Simple Search/Page_Axiell Quria/a_Sign in with Google' is clicked on

2020-04-23 14:03:30 - [TEST_STEP][PASSED] - setText(findTestObject("Capture Object Patron/Page_Axiell Quria/input_axiell.com_identifier"), "axiell.norge.quria@gmail.com"): Text 'axiell.norge.quria@gmail.com' is set on object 'Object Repository/Capture Object Patron/Page_Axiell Quria/input_axiell.com_identifier'

2020-04-23 14:03:34 - [MESSAGE][PASSED] - Text 'axiell.norge.quria@gmail.com' is set on object 'Object Repository/Capture Object Patron/Page_Axiell Quria/input_axiell.com_identifier'

2020-04-23 14:03:34 - [TEST_STEP][PASSED] - click(findTestObject("Capture Object Patron/Page_Logg p  Google-kontoer/span_Neste")): Object: 'Object Repository/Capture Object Patron/Page_Logg p  Google-kontoer/span_Neste' is clicked on

2020-04-23 14:03:37 - [MESSAGE][PASSED] - Object: 'Object Repository/Capture Object Patron/Page_Logg p  Google-kontoer/span_Neste' is clicked on

2020-04-23 14:03:37 - [TEST_STEP][PASSED] - waitForElementVisible(findTestObject("Capture Object Patron/Page_Axiell Quria/input_Password"), 30): Object 'Object Repository/Capture Object Patron/Page_Axiell Quria/input_Password' is visible

2020-04-23 14:03:39 - [MESSAGE][PASSED] - Object 'Object Repository/Capture Object Patron/Page_Axiell Quria/input_Password' is visible

2020-04-23 14:03:39 - [TEST_STEP][PASSED] - setEncryptedText(findTestObject("Capture Object Patron/Page_Axiell Quria/input_Password"), "d097ITWPO7f2v9EptRJGCg=="): Text ****** has been set on object 'Object Repository/Capture Object Patron/Page_Axiell Quria/input_Password'

2020-04-23 14:03:42 - [MESSAGE][PASSED] - Text ****** has been set on object 'Object Repository/Capture Object Patron/Page_Axiell Quria/input_Password'

2020-04-23 14:03:42 - [TEST_STEP][PASSED] - click(findTestObject("Manual Captured Objects/Page_Logg p  Google-kontoer/div_Neste")): Object: 'Object Repository/Manual Captured Objects/Page_Logg p  Google-kontoer/div_Neste' is clicked on

2020-04-23 14:03:44 - [MESSAGE][PASSED] - Object: 'Object Repository/Manual Captured Objects/Page_Logg p  Google-kontoer/div_Neste' is clicked on

2020-04-23 14:03:44 - [MESSAGE][PASSED] - Call Test Case 'Test Cases/Test Patron/Test Case Login' successfully

2020-04-23 14:03:44 - [TEST_STEP][PASSED] - click(findTestObject("Object Repository/Test Simple Search/Page_nightlyno - Axiell Quria/md-icon")): Object: 'Object Repository/Test Simple Search/Page_nightlyno - Axiell Quria/md-icon' is clicked on

2020-04-23 14:04:01 - [MESSAGE][PASSED] - Object: 'Object Repository/Test Simple Search/Page_nightlyno - Axiell Quria/md-icon' is clicked on

2020-04-23 14:04:01 - [TEST_STEP][PASSED] - waitForElementVisible(findTestObject("Test Simple Search/Page_nightlyno - Axiell Quria/input_Abonnementer_search-inpu"), 30): Object 'Object Repository/Test Simple Search/Page_nightlyno - Axiell Quria/input_Abonnementer_search-inpu' is visible

2020-04-23 14:04:03 - [MESSAGE][PASSED] - Object 'Object Repository/Test Simple Search/Page_nightlyno - Axiell Quria/input_Abonnementer_search-inpu' is visible

2020-04-23 14:04:03 - [TEST_STEP][PASSED] - setText(findTestObject("Object Repository/Test Simple Search/Page_nightlyno - Axiell Quria/input_Abonnementer_search-inpu"), ""magiske fingeren""): Text '"magiske fingeren"' is set on object 'Object Repository/Test Simple Search/Page_nightlyno - Axiell Quria/input_Abonnementer_search-inpu'

2020-04-23 14:04:07 - [MESSAGE][PASSED] - Text '"magiske fingeren"' is set on object 'Object Repository/Test Simple Search/Page_nightlyno - Axiell Quria/input_Abonnementer_search-inpu'

2020-04-23 14:04:07 - [TEST_STEP][PASSED] - click(findTestObject("test manuel objecter 2/Page_nightlyno - Axiell Quria/md-icon_1")): Object: 'Object Repository/test manuel objecter 2/Page_nightlyno - Axiell Quria/md-icon_1' is clicked on

2020-04-23 14:04:09 - [MESSAGE][PASSED] - Object: 'Object Repository/test manuel objecter 2/Page_nightlyno - Axiell Quria/md-icon_1' is clicked on

2020-04-23 14:04:09 - [TEST_STEP][PASSED] - click(findTestObject("test manuel objecter 2/Page_nightlyno - Axiell Quria/div_Resultater")): Object: 'Object Repository/test manuel objecter 2/Page_nightlyno - Axiell Quria/div_Resultater' is clicked on

2020-04-23 14:04:11 - [MESSAGE][PASSED] - Object: 'Object Repository/test manuel objecter 2/Page_nightlyno - Axiell Quria/div_Resultater' is clicked on

2020-04-23 14:04:11 - [TEST_STEP][PASSED] - verifyElementText(findTestObject("test manuel objecter 2/Page_nightlyno - Axiell Quria/div_Resultater"), "Resultater: 3"): Actual text and expected text of test object 'Object Repository/test manuel objecter 2/Page_nightlyno - Axiell Quria/div_Resultater' are matched.

2020-04-23 14:04:13 - [MESSAGE][PASSED] - Actual text and expected text of test object 'Object Repository/test manuel objecter 2/Page_nightlyno - Axiell Quria/div_Resultater' are matched.

2020-04-23 14:04:13 - [TEST_STEP][PASSED] - click(findTestObject("Object Repository/Object Clouse Browser/Page_nightlyno - Axiell Quria/md-icon_expand_more")): Object: 'Object Repository/Object Clouse Browser/Page_nightlyno - Axiell Quria/md-icon_expand_more' is clicked on

2020-04-23 14:04:16 - [MESSAGE][PASSED] - Object: 'Object Repository/Object Clouse Browser/Page_nightlyno - Axiell Quria/md-icon_expand_more' is clicked on

2020-04-23 14:04:16 - [TEST_STEP][PASSED] - click(findTestObject("Object Repository/Object Clouse Browser/Page_nightlyno - Axiell Quria/a_exit_to_appLogg av")): Object: 'Object Repository/Object Clouse Browser/Page_nightlyno - Axiell Quria/a_exit_to_appLogg av' is clicked on

2020-04-23 14:04:18 - [MESSAGE][PASSED] - Object: 'Object Repository/Object Clouse Browser/Page_nightlyno - Axiell Quria/a_exit_to_appLogg av' is clicked on

2020-04-23 14:04:18 - [TEST_STEP][PASSED] - closeBrowser(): Browser is closed

2020-04-23 14:04:20 - [MESSAGE][PASSED] - Browser is closed]]></system-out>
         <system-err><![CDATA[]]></system-err>
      </testcase>
      <testcase name="Test Cases/Test verify scandinavian letters (Danish)" classname="Test Cases/Test verify scandinavian letters (Danish)" status="PASSED">
         <system-out><![CDATA[2020-04-23 14:04:20 - [TEST_CASE][PASSED] - Test Cases/Test verify scandinavian letters (Danish): Test Cases/Test verify scandinavian letters (Danish)

2020-04-23 14:04:20 - [TEST_STEP][PASSED] - callTestCase(findTestCase("Test Patron/Test Case Login"), [:], STOP_ON_FAILURE): Call Test Case 'Test Cases/Test Patron/Test Case Login' successfully

2020-04-23 14:04:20 - [TEST_CASE][PASSED] - Test Cases/Test Patron/Test Case Login: Test Cases/Test Patron/Test Case Login

2020-04-23 14:04:20 - [TEST_STEP][PASSED] - openBrowser(""): Browser is opened with url: ''

2020-04-23 14:04:20 - [MESSAGE][INFO] - Starting 'Chrome' driver

2020-04-23 14:04:30 - [MESSAGE][PASSED] - Browser is opened with url: ''

2020-04-23 14:04:30 - [TEST_STEP][PASSED] - navigateToUrl("https://nightlyno.quriaint.axiell.com"): Navigate to 'https://nightlyno.quriaint.axiell.com' successfully

2020-04-23 14:04:32 - [MESSAGE][PASSED] - Navigate to 'https://nightlyno.quriaint.axiell.com' successfully

2020-04-23 14:04:32 - [TEST_STEP][PASSED] - click(findTestObject("Test Simple Search/Page_Axiell Quria/a_Sign in with Google")): Object: 'Object Repository/Test Simple Search/Page_Axiell Quria/a_Sign in with Google' is clicked on

2020-04-23 14:04:38 - [MESSAGE][PASSED] - Object: 'Object Repository/Test Simple Search/Page_Axiell Quria/a_Sign in with Google' is clicked on

2020-04-23 14:04:38 - [TEST_STEP][PASSED] - setText(findTestObject("Capture Object Patron/Page_Axiell Quria/input_axiell.com_identifier"), "axiell.norge.quria@gmail.com"): Text 'axiell.norge.quria@gmail.com' is set on object 'Object Repository/Capture Object Patron/Page_Axiell Quria/input_axiell.com_identifier'

2020-04-23 14:04:42 - [MESSAGE][PASSED] - Text 'axiell.norge.quria@gmail.com' is set on object 'Object Repository/Capture Object Patron/Page_Axiell Quria/input_axiell.com_identifier'

2020-04-23 14:04:42 - [TEST_STEP][PASSED] - click(findTestObject("Capture Object Patron/Page_Logg p  Google-kontoer/span_Neste")): Object: 'Object Repository/Capture Object Patron/Page_Logg p  Google-kontoer/span_Neste' is clicked on

2020-04-23 14:04:45 - [MESSAGE][PASSED] - Object: 'Object Repository/Capture Object Patron/Page_Logg p  Google-kontoer/span_Neste' is clicked on

2020-04-23 14:04:45 - [TEST_STEP][PASSED] - waitForElementVisible(findTestObject("Capture Object Patron/Page_Axiell Quria/input_Password"), 30): Object 'Object Repository/Capture Object Patron/Page_Axiell Quria/input_Password' is visible

2020-04-23 14:04:47 - [MESSAGE][PASSED] - Object 'Object Repository/Capture Object Patron/Page_Axiell Quria/input_Password' is visible

2020-04-23 14:04:47 - [TEST_STEP][PASSED] - setEncryptedText(findTestObject("Capture Object Patron/Page_Axiell Quria/input_Password"), "d097ITWPO7f2v9EptRJGCg=="): Text ****** has been set on object 'Object Repository/Capture Object Patron/Page_Axiell Quria/input_Password'

2020-04-23 14:04:50 - [MESSAGE][PASSED] - Text ****** has been set on object 'Object Repository/Capture Object Patron/Page_Axiell Quria/input_Password'

2020-04-23 14:04:50 - [TEST_STEP][PASSED] - click(findTestObject("Manual Captured Objects/Page_Logg p  Google-kontoer/div_Neste")): Object: 'Object Repository/Manual Captured Objects/Page_Logg p  Google-kontoer/div_Neste' is clicked on

2020-04-23 14:04:52 - [MESSAGE][PASSED] - Object: 'Object Repository/Manual Captured Objects/Page_Logg p  Google-kontoer/div_Neste' is clicked on

2020-04-23 14:04:52 - [MESSAGE][PASSED] - Call Test Case 'Test Cases/Test Patron/Test Case Login' successfully

2020-04-23 14:04:52 - [TEST_STEP][PASSED] - click(findTestObject("Object Repository/Test Simple Search/Page_nightlyno - Axiell Quria/md-icon")): Object: 'Object Repository/Test Simple Search/Page_nightlyno - Axiell Quria/md-icon' is clicked on

2020-04-23 14:05:10 - [MESSAGE][PASSED] - Object: 'Object Repository/Test Simple Search/Page_nightlyno - Axiell Quria/md-icon' is clicked on

2020-04-23 14:05:10 - [TEST_STEP][PASSED] - setText(findTestObject("Object Repository/Test Simple Search/Page_nightlyno - Axiell Quria/input_Abonnementer_search-inpu"), "Nissen hos Spækhøkeren"): Text 'Nissen hos Spækhøkeren' is set on object 'Object Repository/Test Simple Search/Page_nightlyno - Axiell Quria/input_Abonnementer_search-inpu'

2020-04-23 14:05:15 - [MESSAGE][PASSED] - Text 'Nissen hos Spækhøkeren' is set on object 'Object Repository/Test Simple Search/Page_nightlyno - Axiell Quria/input_Abonnementer_search-inpu'

2020-04-23 14:05:15 - [TEST_STEP][PASSED] - click(findTestObject("Manual Captured Objects/Page_nightlyno - Axiell Quria/md-icon_1")): Object: 'Object Repository/Manual Captured Objects/Page_nightlyno - Axiell Quria/md-icon_1' is clicked on

2020-04-23 14:05:17 - [MESSAGE][PASSED] - Object: 'Object Repository/Manual Captured Objects/Page_nightlyno - Axiell Quria/md-icon_1' is clicked on

2020-04-23 14:05:17 - [TEST_STEP][PASSED] - waitForElementVisible(findTestObject("Page_nightlyno - Axiell Quria/span_Title"), 30): Object 'Object Repository/Page_nightlyno - Axiell Quria/span_Title' is visible

2020-04-23 14:05:19 - [MESSAGE][PASSED] - Object 'Object Repository/Page_nightlyno - Axiell Quria/span_Title' is visible

2020-04-23 14:05:19 - [TEST_STEP][PASSED] - verifyElementText(findTestObject("Page_nightlyno - Axiell Quria/span_Title"), "Nissen hos Spækhøkeren"): Actual text and expected text of test object 'Object Repository/Page_nightlyno - Axiell Quria/span_Title' are matched.

2020-04-23 14:05:21 - [MESSAGE][PASSED] - Actual text and expected text of test object 'Object Repository/Page_nightlyno - Axiell Quria/span_Title' are matched.

2020-04-23 14:05:21 - [TEST_STEP][PASSED] - waitForPageLoad(30): Wait for page load successfully

2020-04-23 14:05:22 - [MESSAGE][PASSED] - Wait for page load successfully

2020-04-23 14:05:22 - [TEST_STEP][PASSED] - click(findTestObject("Object Repository/Test Simple Search/Page_nightlyno - Axiell Quria/md-icon_expand_more")): Object: 'Object Repository/Test Simple Search/Page_nightlyno - Axiell Quria/md-icon_expand_more' is clicked on

2020-04-23 14:05:25 - [MESSAGE][PASSED] - Object: 'Object Repository/Test Simple Search/Page_nightlyno - Axiell Quria/md-icon_expand_more' is clicked on

2020-04-23 14:05:25 - [TEST_STEP][PASSED] - waitForElementVisible(findTestObject("Test Simple Search/Page_nightlyno - Axiell Quria/a_exit_to_appLogg av"), 30): Object 'Object Repository/Test Simple Search/Page_nightlyno - Axiell Quria/a_exit_to_appLogg av' is visible

2020-04-23 14:05:27 - [MESSAGE][PASSED] - Object 'Object Repository/Test Simple Search/Page_nightlyno - Axiell Quria/a_exit_to_appLogg av' is visible

2020-04-23 14:05:27 - [TEST_STEP][PASSED] - click(findTestObject("Object Repository/Test Simple Search/Page_nightlyno - Axiell Quria/a_exit_to_appLogg av")): Object: 'Object Repository/Test Simple Search/Page_nightlyno - Axiell Quria/a_exit_to_appLogg av' is clicked on

2020-04-23 14:05:29 - [MESSAGE][PASSED] - Object: 'Object Repository/Test Simple Search/Page_nightlyno - Axiell Quria/a_exit_to_appLogg av' is clicked on

2020-04-23 14:05:29 - [TEST_STEP][PASSED] - closeBrowser(): Browser is closed

2020-04-23 14:05:31 - [MESSAGE][PASSED] - Browser is closed]]></system-out>
         <system-err><![CDATA[]]></system-err>
      </testcase>
      <testcase name="Test Cases/Test verify scandinavian letters (Norwegian)" classname="Test Cases/Test verify scandinavian letters (Norwegian)" status="PASSED">
         <system-out><![CDATA[2020-04-23 14:05:31 - [TEST_CASE][PASSED] - Test Cases/Test verify scandinavian letters (Norwegian): Test Cases/Test verify scandinavian letters (Norwegian)

2020-04-23 14:05:32 - [TEST_STEP][PASSED] - callTestCase(findTestCase("Test Patron/Test Case Login"), [:], STOP_ON_FAILURE): Call Test Case 'Test Cases/Test Patron/Test Case Login' successfully

2020-04-23 14:05:32 - [TEST_CASE][PASSED] - Test Cases/Test Patron/Test Case Login: Test Cases/Test Patron/Test Case Login

2020-04-23 14:05:32 - [TEST_STEP][PASSED] - openBrowser(""): Browser is opened with url: ''

2020-04-23 14:05:32 - [MESSAGE][INFO] - Starting 'Chrome' driver

2020-04-23 14:05:42 - [MESSAGE][PASSED] - Browser is opened with url: ''

2020-04-23 14:05:42 - [TEST_STEP][PASSED] - navigateToUrl("https://nightlyno.quriaint.axiell.com"): Navigate to 'https://nightlyno.quriaint.axiell.com' successfully

2020-04-23 14:05:44 - [MESSAGE][PASSED] - Navigate to 'https://nightlyno.quriaint.axiell.com' successfully

2020-04-23 14:05:44 - [TEST_STEP][PASSED] - click(findTestObject("Test Simple Search/Page_Axiell Quria/a_Sign in with Google")): Object: 'Object Repository/Test Simple Search/Page_Axiell Quria/a_Sign in with Google' is clicked on

2020-04-23 14:05:50 - [MESSAGE][PASSED] - Object: 'Object Repository/Test Simple Search/Page_Axiell Quria/a_Sign in with Google' is clicked on

2020-04-23 14:05:50 - [TEST_STEP][PASSED] - setText(findTestObject("Capture Object Patron/Page_Axiell Quria/input_axiell.com_identifier"), "axiell.norge.quria@gmail.com"): Text 'axiell.norge.quria@gmail.com' is set on object 'Object Repository/Capture Object Patron/Page_Axiell Quria/input_axiell.com_identifier'

2020-04-23 14:05:54 - [MESSAGE][PASSED] - Text 'axiell.norge.quria@gmail.com' is set on object 'Object Repository/Capture Object Patron/Page_Axiell Quria/input_axiell.com_identifier'

2020-04-23 14:05:54 - [TEST_STEP][PASSED] - click(findTestObject("Capture Object Patron/Page_Logg p  Google-kontoer/span_Neste")): Object: 'Object Repository/Capture Object Patron/Page_Logg p  Google-kontoer/span_Neste' is clicked on

2020-04-23 14:05:57 - [MESSAGE][PASSED] - Object: 'Object Repository/Capture Object Patron/Page_Logg p  Google-kontoer/span_Neste' is clicked on

2020-04-23 14:05:57 - [TEST_STEP][PASSED] - waitForElementVisible(findTestObject("Capture Object Patron/Page_Axiell Quria/input_Password"), 30): Object 'Object Repository/Capture Object Patron/Page_Axiell Quria/input_Password' is visible

2020-04-23 14:05:59 - [MESSAGE][PASSED] - Object 'Object Repository/Capture Object Patron/Page_Axiell Quria/input_Password' is visible

2020-04-23 14:05:59 - [TEST_STEP][PASSED] - setEncryptedText(findTestObject("Capture Object Patron/Page_Axiell Quria/input_Password"), "d097ITWPO7f2v9EptRJGCg=="): Text ****** has been set on object 'Object Repository/Capture Object Patron/Page_Axiell Quria/input_Password'

2020-04-23 14:06:02 - [MESSAGE][PASSED] - Text ****** has been set on object 'Object Repository/Capture Object Patron/Page_Axiell Quria/input_Password'

2020-04-23 14:06:02 - [TEST_STEP][PASSED] - click(findTestObject("Manual Captured Objects/Page_Logg p  Google-kontoer/div_Neste")): Object: 'Object Repository/Manual Captured Objects/Page_Logg p  Google-kontoer/div_Neste' is clicked on

2020-04-23 14:06:04 - [MESSAGE][PASSED] - Object: 'Object Repository/Manual Captured Objects/Page_Logg p  Google-kontoer/div_Neste' is clicked on

2020-04-23 14:06:04 - [MESSAGE][PASSED] - Call Test Case 'Test Cases/Test Patron/Test Case Login' successfully

2020-04-23 14:06:04 - [TEST_STEP][PASSED] - click(findTestObject("Object Repository/Test Simple Search/Page_nightlyno - Axiell Quria/md-icon")): Object: 'Object Repository/Test Simple Search/Page_nightlyno - Axiell Quria/md-icon' is clicked on

2020-04-23 14:06:21 - [MESSAGE][PASSED] - Object: 'Object Repository/Test Simple Search/Page_nightlyno - Axiell Quria/md-icon' is clicked on

2020-04-23 14:06:21 - [TEST_STEP][PASSED] - waitForElementVisible(findTestObject("Test Simple Search/Page_nightlyno - Axiell Quria/input_Abonnementer_search-inpu"), 30): Object 'Object Repository/Test Simple Search/Page_nightlyno - Axiell Quria/input_Abonnementer_search-inpu' is visible

2020-04-23 14:06:23 - [MESSAGE][PASSED] - Object 'Object Repository/Test Simple Search/Page_nightlyno - Axiell Quria/input_Abonnementer_search-inpu' is visible

2020-04-23 14:06:23 - [TEST_STEP][PASSED] - setText(findTestObject("Object Repository/Test Simple Search/Page_nightlyno - Axiell Quria/input_Abonnementer_search-inpu"), "søster"): Text 'søster' is set on object 'Object Repository/Test Simple Search/Page_nightlyno - Axiell Quria/input_Abonnementer_search-inpu'

2020-04-23 14:06:27 - [MESSAGE][PASSED] - Text 'søster' is set on object 'Object Repository/Test Simple Search/Page_nightlyno - Axiell Quria/input_Abonnementer_search-inpu'

2020-04-23 14:06:27 - [TEST_STEP][PASSED] - click(findTestObject("test manuel objecter 2/Page_nightlyno - Axiell Quria/md-icon_1")): Object: 'Object Repository/test manuel objecter 2/Page_nightlyno - Axiell Quria/md-icon_1' is clicked on

2020-04-23 14:06:29 - [MESSAGE][PASSED] - Object: 'Object Repository/test manuel objecter 2/Page_nightlyno - Axiell Quria/md-icon_1' is clicked on

2020-04-23 14:06:29 - [TEST_STEP][PASSED] - click(findTestObject("test manuel objecter 2/Page_nightlyno - Axiell Quria/div_Resultater")): Object: 'Object Repository/test manuel objecter 2/Page_nightlyno - Axiell Quria/div_Resultater' is clicked on

2020-04-23 14:06:32 - [MESSAGE][PASSED] - Object: 'Object Repository/test manuel objecter 2/Page_nightlyno - Axiell Quria/div_Resultater' is clicked on

2020-04-23 14:06:32 - [TEST_STEP][PASSED] - verifyElementText(findTestObject("test manuel objecter 2/Page_nightlyno - Axiell Quria/div_Resultater"), "Resultater: 56"): Actual text and expected text of test object 'Object Repository/test manuel objecter 2/Page_nightlyno - Axiell Quria/div_Resultater' are matched.

2020-04-23 14:06:34 - [MESSAGE][PASSED] - Actual text and expected text of test object 'Object Repository/test manuel objecter 2/Page_nightlyno - Axiell Quria/div_Resultater' are matched.

2020-04-23 14:06:34 - [TEST_STEP][PASSED] - click(findTestObject("Object Repository/Object Clouse Browser/Page_nightlyno - Axiell Quria/md-icon_expand_more")): Object: 'Object Repository/Object Clouse Browser/Page_nightlyno - Axiell Quria/md-icon_expand_more' is clicked on

2020-04-23 14:06:36 - [MESSAGE][PASSED] - Object: 'Object Repository/Object Clouse Browser/Page_nightlyno - Axiell Quria/md-icon_expand_more' is clicked on

2020-04-23 14:06:36 - [TEST_STEP][PASSED] - click(findTestObject("Object Repository/Object Clouse Browser/Page_nightlyno - Axiell Quria/a_exit_to_appLogg av")): Object: 'Object Repository/Object Clouse Browser/Page_nightlyno - Axiell Quria/a_exit_to_appLogg av' is clicked on

2020-04-23 14:06:38 - [MESSAGE][PASSED] - Object: 'Object Repository/Object Clouse Browser/Page_nightlyno - Axiell Quria/a_exit_to_appLogg av' is clicked on

2020-04-23 14:06:38 - [TEST_STEP][PASSED] - closeBrowser(): Browser is closed

2020-04-23 14:06:41 - [MESSAGE][PASSED] - Browser is closed]]></system-out>
         <system-err><![CDATA[]]></system-err>
      </testcase>
      <testcase name="Test Cases/Test verify scandinavian letters (Swedish)" classname="Test Cases/Test verify scandinavian letters (Swedish)" status="PASSED">
         <system-out><![CDATA[2020-04-23 14:06:41 - [TEST_CASE][PASSED] - Test Cases/Test verify scandinavian letters (Swedish): Test Cases/Test verify scandinavian letters (Swedish)

2020-04-23 14:06:41 - [TEST_STEP][PASSED] - callTestCase(findTestCase("Test Patron/Test Case Login"), [:], STOP_ON_FAILURE): Call Test Case 'Test Cases/Test Patron/Test Case Login' successfully

2020-04-23 14:06:41 - [TEST_CASE][PASSED] - Test Cases/Test Patron/Test Case Login: Test Cases/Test Patron/Test Case Login

2020-04-23 14:06:41 - [TEST_STEP][PASSED] - openBrowser(""): Browser is opened with url: ''

2020-04-23 14:06:41 - [MESSAGE][INFO] - Starting 'Chrome' driver

2020-04-23 14:06:52 - [MESSAGE][PASSED] - Browser is opened with url: ''

2020-04-23 14:06:52 - [TEST_STEP][PASSED] - navigateToUrl("https://nightlyno.quriaint.axiell.com"): Navigate to 'https://nightlyno.quriaint.axiell.com' successfully

2020-04-23 14:06:54 - [MESSAGE][PASSED] - Navigate to 'https://nightlyno.quriaint.axiell.com' successfully

2020-04-23 14:06:54 - [TEST_STEP][PASSED] - click(findTestObject("Test Simple Search/Page_Axiell Quria/a_Sign in with Google")): Object: 'Object Repository/Test Simple Search/Page_Axiell Quria/a_Sign in with Google' is clicked on

2020-04-23 14:06:59 - [MESSAGE][PASSED] - Object: 'Object Repository/Test Simple Search/Page_Axiell Quria/a_Sign in with Google' is clicked on

2020-04-23 14:06:59 - [TEST_STEP][PASSED] - setText(findTestObject("Capture Object Patron/Page_Axiell Quria/input_axiell.com_identifier"), "axiell.norge.quria@gmail.com"): Text 'axiell.norge.quria@gmail.com' is set on object 'Object Repository/Capture Object Patron/Page_Axiell Quria/input_axiell.com_identifier'

2020-04-23 14:07:03 - [MESSAGE][PASSED] - Text 'axiell.norge.quria@gmail.com' is set on object 'Object Repository/Capture Object Patron/Page_Axiell Quria/input_axiell.com_identifier'

2020-04-23 14:07:03 - [TEST_STEP][PASSED] - click(findTestObject("Capture Object Patron/Page_Logg p  Google-kontoer/span_Neste")): Object: 'Object Repository/Capture Object Patron/Page_Logg p  Google-kontoer/span_Neste' is clicked on

2020-04-23 14:07:06 - [MESSAGE][PASSED] - Object: 'Object Repository/Capture Object Patron/Page_Logg p  Google-kontoer/span_Neste' is clicked on

2020-04-23 14:07:06 - [TEST_STEP][PASSED] - waitForElementVisible(findTestObject("Capture Object Patron/Page_Axiell Quria/input_Password"), 30): Object 'Object Repository/Capture Object Patron/Page_Axiell Quria/input_Password' is visible

2020-04-23 14:07:08 - [MESSAGE][PASSED] - Object 'Object Repository/Capture Object Patron/Page_Axiell Quria/input_Password' is visible

2020-04-23 14:07:08 - [TEST_STEP][PASSED] - setEncryptedText(findTestObject("Capture Object Patron/Page_Axiell Quria/input_Password"), "d097ITWPO7f2v9EptRJGCg=="): Text ****** has been set on object 'Object Repository/Capture Object Patron/Page_Axiell Quria/input_Password'

2020-04-23 14:07:11 - [MESSAGE][PASSED] - Text ****** has been set on object 'Object Repository/Capture Object Patron/Page_Axiell Quria/input_Password'

2020-04-23 14:07:11 - [TEST_STEP][PASSED] - click(findTestObject("Manual Captured Objects/Page_Logg p  Google-kontoer/div_Neste")): Object: 'Object Repository/Manual Captured Objects/Page_Logg p  Google-kontoer/div_Neste' is clicked on

2020-04-23 14:07:13 - [MESSAGE][PASSED] - Object: 'Object Repository/Manual Captured Objects/Page_Logg p  Google-kontoer/div_Neste' is clicked on

2020-04-23 14:07:13 - [MESSAGE][PASSED] - Call Test Case 'Test Cases/Test Patron/Test Case Login' successfully

2020-04-23 14:07:13 - [TEST_STEP][PASSED] - click(findTestObject("Object Repository/Test Simple Search/Page_nightlyno - Axiell Quria/md-icon")): Object: 'Object Repository/Test Simple Search/Page_nightlyno - Axiell Quria/md-icon' is clicked on

2020-04-23 14:07:30 - [MESSAGE][PASSED] - Object: 'Object Repository/Test Simple Search/Page_nightlyno - Axiell Quria/md-icon' is clicked on

2020-04-23 14:07:30 - [TEST_STEP][PASSED] - waitForElementVisible(findTestObject("Test Simple Search/Page_nightlyno - Axiell Quria/input_Abonnementer_search-inpu"), 30): Object 'Object Repository/Test Simple Search/Page_nightlyno - Axiell Quria/input_Abonnementer_search-inpu' is visible

2020-04-23 14:07:32 - [MESSAGE][PASSED] - Object 'Object Repository/Test Simple Search/Page_nightlyno - Axiell Quria/input_Abonnementer_search-inpu' is visible

2020-04-23 14:07:32 - [TEST_STEP][PASSED] - setText(findTestObject("Object Repository/Test Simple Search/Page_nightlyno - Axiell Quria/input_Abonnementer_search-inpu"), "söster "): Text 'söster ' is set on object 'Object Repository/Test Simple Search/Page_nightlyno - Axiell Quria/input_Abonnementer_search-inpu'

2020-04-23 14:07:36 - [MESSAGE][PASSED] - Text 'söster ' is set on object 'Object Repository/Test Simple Search/Page_nightlyno - Axiell Quria/input_Abonnementer_search-inpu'

2020-04-23 14:07:36 - [TEST_STEP][PASSED] - click(findTestObject("test manuel objecter 2/Page_nightlyno - Axiell Quria/md-icon_1")): Object: 'Object Repository/test manuel objecter 2/Page_nightlyno - Axiell Quria/md-icon_1' is clicked on

2020-04-23 14:07:39 - [MESSAGE][PASSED] - Object: 'Object Repository/test manuel objecter 2/Page_nightlyno - Axiell Quria/md-icon_1' is clicked on

2020-04-23 14:07:39 - [TEST_STEP][PASSED] - click(findTestObject("test manuel objecter 2/Page_nightlyno - Axiell Quria/div_Resultater")): Object: 'Object Repository/test manuel objecter 2/Page_nightlyno - Axiell Quria/div_Resultater' is clicked on

2020-04-23 14:07:41 - [MESSAGE][PASSED] - Object: 'Object Repository/test manuel objecter 2/Page_nightlyno - Axiell Quria/div_Resultater' is clicked on

2020-04-23 14:07:41 - [TEST_STEP][PASSED] - verifyElementText(findTestObject("test manuel objecter 2/Page_nightlyno - Axiell Quria/div_Resultater"), "Resultater: 56"): Actual text and expected text of test object 'Object Repository/test manuel objecter 2/Page_nightlyno - Axiell Quria/div_Resultater' are matched.

2020-04-23 14:07:43 - [MESSAGE][PASSED] - Actual text and expected text of test object 'Object Repository/test manuel objecter 2/Page_nightlyno - Axiell Quria/div_Resultater' are matched.

2020-04-23 14:07:43 - [TEST_STEP][PASSED] - click(findTestObject("Object Repository/Object Clouse Browser/Page_nightlyno - Axiell Quria/md-icon_expand_more")): Object: 'Object Repository/Object Clouse Browser/Page_nightlyno - Axiell Quria/md-icon_expand_more' is clicked on

2020-04-23 14:07:45 - [MESSAGE][PASSED] - Object: 'Object Repository/Object Clouse Browser/Page_nightlyno - Axiell Quria/md-icon_expand_more' is clicked on

2020-04-23 14:07:45 - [TEST_STEP][PASSED] - click(findTestObject("Object Repository/Object Clouse Browser/Page_nightlyno - Axiell Quria/a_exit_to_appLogg av")): Object: 'Object Repository/Object Clouse Browser/Page_nightlyno - Axiell Quria/a_exit_to_appLogg av' is clicked on

2020-04-23 14:07:47 - [MESSAGE][PASSED] - Object: 'Object Repository/Object Clouse Browser/Page_nightlyno - Axiell Quria/a_exit_to_appLogg av' is clicked on

2020-04-23 14:07:47 - [TEST_STEP][PASSED] - closeBrowser(): Browser is closed

2020-04-23 14:07:49 - [MESSAGE][PASSED] - Browser is closed]]></system-out>
         <system-err><![CDATA[]]></system-err>
      </testcase>
      <testcase name="Test Cases/Test verify truncation and masking" classname="Test Cases/Test verify truncation and masking" status="PASSED">
         <system-out><![CDATA[2020-04-23 14:07:49 - [TEST_CASE][PASSED] - Test Cases/Test verify truncation and masking: Test Cases/Test verify truncation and masking

2020-04-23 14:07:50 - [TEST_STEP][PASSED] - callTestCase(findTestCase("Test Patron/Test Case Login"), [:], STOP_ON_FAILURE): Call Test Case 'Test Cases/Test Patron/Test Case Login' successfully

2020-04-23 14:07:50 - [TEST_CASE][PASSED] - Test Cases/Test Patron/Test Case Login: Test Cases/Test Patron/Test Case Login

2020-04-23 14:07:50 - [TEST_STEP][PASSED] - openBrowser(""): Browser is opened with url: ''

2020-04-23 14:07:50 - [MESSAGE][INFO] - Starting 'Chrome' driver

2020-04-23 14:07:59 - [MESSAGE][PASSED] - Browser is opened with url: ''

2020-04-23 14:07:59 - [TEST_STEP][PASSED] - navigateToUrl("https://nightlyno.quriaint.axiell.com"): Navigate to 'https://nightlyno.quriaint.axiell.com' successfully

2020-04-23 14:08:01 - [MESSAGE][PASSED] - Navigate to 'https://nightlyno.quriaint.axiell.com' successfully

2020-04-23 14:08:01 - [TEST_STEP][PASSED] - click(findTestObject("Test Simple Search/Page_Axiell Quria/a_Sign in with Google")): Object: 'Object Repository/Test Simple Search/Page_Axiell Quria/a_Sign in with Google' is clicked on

2020-04-23 14:08:07 - [MESSAGE][PASSED] - Object: 'Object Repository/Test Simple Search/Page_Axiell Quria/a_Sign in with Google' is clicked on

2020-04-23 14:08:07 - [TEST_STEP][PASSED] - setText(findTestObject("Capture Object Patron/Page_Axiell Quria/input_axiell.com_identifier"), "axiell.norge.quria@gmail.com"): Text 'axiell.norge.quria@gmail.com' is set on object 'Object Repository/Capture Object Patron/Page_Axiell Quria/input_axiell.com_identifier'

2020-04-23 14:08:11 - [MESSAGE][PASSED] - Text 'axiell.norge.quria@gmail.com' is set on object 'Object Repository/Capture Object Patron/Page_Axiell Quria/input_axiell.com_identifier'

2020-04-23 14:08:11 - [TEST_STEP][PASSED] - click(findTestObject("Capture Object Patron/Page_Logg p  Google-kontoer/span_Neste")): Object: 'Object Repository/Capture Object Patron/Page_Logg p  Google-kontoer/span_Neste' is clicked on

2020-04-23 14:08:14 - [MESSAGE][PASSED] - Object: 'Object Repository/Capture Object Patron/Page_Logg p  Google-kontoer/span_Neste' is clicked on

2020-04-23 14:08:14 - [TEST_STEP][PASSED] - waitForElementVisible(findTestObject("Capture Object Patron/Page_Axiell Quria/input_Password"), 30): Object 'Object Repository/Capture Object Patron/Page_Axiell Quria/input_Password' is visible

2020-04-23 14:08:16 - [MESSAGE][PASSED] - Object 'Object Repository/Capture Object Patron/Page_Axiell Quria/input_Password' is visible

2020-04-23 14:08:16 - [TEST_STEP][PASSED] - setEncryptedText(findTestObject("Capture Object Patron/Page_Axiell Quria/input_Password"), "d097ITWPO7f2v9EptRJGCg=="): Text ****** has been set on object 'Object Repository/Capture Object Patron/Page_Axiell Quria/input_Password'

2020-04-23 14:08:19 - [MESSAGE][PASSED] - Text ****** has been set on object 'Object Repository/Capture Object Patron/Page_Axiell Quria/input_Password'

2020-04-23 14:08:19 - [TEST_STEP][PASSED] - click(findTestObject("Manual Captured Objects/Page_Logg p  Google-kontoer/div_Neste")): Object: 'Object Repository/Manual Captured Objects/Page_Logg p  Google-kontoer/div_Neste' is clicked on

2020-04-23 14:08:21 - [MESSAGE][PASSED] - Object: 'Object Repository/Manual Captured Objects/Page_Logg p  Google-kontoer/div_Neste' is clicked on

2020-04-23 14:08:21 - [MESSAGE][PASSED] - Call Test Case 'Test Cases/Test Patron/Test Case Login' successfully

2020-04-23 14:08:21 - [TEST_STEP][PASSED] - click(findTestObject("Object Repository/Test Simple Search/Page_nightlyno - Axiell Quria/md-icon")): Object: 'Object Repository/Test Simple Search/Page_nightlyno - Axiell Quria/md-icon' is clicked on

2020-04-23 14:08:37 - [MESSAGE][PASSED] - Object: 'Object Repository/Test Simple Search/Page_nightlyno - Axiell Quria/md-icon' is clicked on

2020-04-23 14:08:37 - [TEST_STEP][PASSED] - waitForElementVisible(findTestObject("Test Simple Search/Page_nightlyno - Axiell Quria/input_Abonnementer_search-inpu"), 30): Object 'Object Repository/Test Simple Search/Page_nightlyno - Axiell Quria/input_Abonnementer_search-inpu' is visible

2020-04-23 14:08:39 - [MESSAGE][PASSED] - Object 'Object Repository/Test Simple Search/Page_nightlyno - Axiell Quria/input_Abonnementer_search-inpu' is visible

2020-04-23 14:08:39 - [TEST_STEP][PASSED] - setText(findTestObject("Object Repository/Test Simple Search/Page_nightlyno - Axiell Quria/input_Abonnementer_search-inpu"), "Ha*n AND hest*"): Text 'Ha*n AND hest*' is set on object 'Object Repository/Test Simple Search/Page_nightlyno - Axiell Quria/input_Abonnementer_search-inpu'

2020-04-23 14:08:43 - [MESSAGE][PASSED] - Text 'Ha*n AND hest*' is set on object 'Object Repository/Test Simple Search/Page_nightlyno - Axiell Quria/input_Abonnementer_search-inpu'

2020-04-23 14:08:43 - [TEST_STEP][PASSED] - click(findTestObject("test manuel objecter 2/Page_nightlyno - Axiell Quria/md-icon_1")): Object: 'Object Repository/test manuel objecter 2/Page_nightlyno - Axiell Quria/md-icon_1' is clicked on

2020-04-23 14:08:46 - [MESSAGE][PASSED] - Object: 'Object Repository/test manuel objecter 2/Page_nightlyno - Axiell Quria/md-icon_1' is clicked on

2020-04-23 14:08:46 - [TEST_STEP][PASSED] - click(findTestObject("test manuel objecter 2/Page_nightlyno - Axiell Quria/div_Resultater")): Object: 'Object Repository/test manuel objecter 2/Page_nightlyno - Axiell Quria/div_Resultater' is clicked on

2020-04-23 14:08:48 - [MESSAGE][PASSED] - Object: 'Object Repository/test manuel objecter 2/Page_nightlyno - Axiell Quria/div_Resultater' is clicked on

2020-04-23 14:08:48 - [TEST_STEP][PASSED] - verifyElementText(findTestObject("test manuel objecter 2/Page_nightlyno - Axiell Quria/div_Resultater"), "Resultater: 3"): Actual text and expected text of test object 'Object Repository/test manuel objecter 2/Page_nightlyno - Axiell Quria/div_Resultater' are matched.

2020-04-23 14:08:50 - [MESSAGE][PASSED] - Actual text and expected text of test object 'Object Repository/test manuel objecter 2/Page_nightlyno - Axiell Quria/div_Resultater' are matched.

2020-04-23 14:08:50 - [TEST_STEP][PASSED] - click(findTestObject("Object Repository/Object Clouse Browser/Page_nightlyno - Axiell Quria/md-icon_expand_more")): Object: 'Object Repository/Object Clouse Browser/Page_nightlyno - Axiell Quria/md-icon_expand_more' is clicked on

2020-04-23 14:08:52 - [MESSAGE][PASSED] - Object: 'Object Repository/Object Clouse Browser/Page_nightlyno - Axiell Quria/md-icon_expand_more' is clicked on

2020-04-23 14:08:52 - [TEST_STEP][PASSED] - click(findTestObject("Object Repository/Object Clouse Browser/Page_nightlyno - Axiell Quria/a_exit_to_appLogg av")): Object: 'Object Repository/Object Clouse Browser/Page_nightlyno - Axiell Quria/a_exit_to_appLogg av' is clicked on

2020-04-23 14:08:54 - [MESSAGE][PASSED] - Object: 'Object Repository/Object Clouse Browser/Page_nightlyno - Axiell Quria/a_exit_to_appLogg av' is clicked on

2020-04-23 14:08:54 - [TEST_STEP][PASSED] - closeBrowser(): Browser is closed

2020-04-23 14:08:57 - [MESSAGE][PASSED] - Browser is closed]]></system-out>
         <system-err><![CDATA[]]></system-err>
      </testcase>
      <system-out><![CDATA[2020-04-23 13:52:10 - [TEST_SUITE][FAILED] - Test Suite Quria Search: Test Cases/Test Simple Search - Masking FAILED.
Reason:
com.kms.katalon.core.exception.StepFailedException: Actual text 'Resultater: 718' and expected text 'Resultater: 717' of test object 'Object Repository/test manuel objecter 2/Page_nightlyno - Axiell Quria/div_Resultater' are NOT matched.
	at com.kms.katalon.core.keyword.internal.KeywordMain.stepFailed(KeywordMain.groovy:32)
	at com.kms.katalon.core.webui.keyword.internal.WebUIKeywordMain.stepFailed(WebUIKeywordMain.groovy:65)
	at com.kms.katalon.core.webui.keyword.builtin.VerifyElementTextKeyword$_verifyElementText_closure1.doCall(VerifyElementTextKeyword.groovy:57)
	at com.kms.katalon.core.webui.keyword.builtin.VerifyElementTextKeyword$_verifyElementText_closure1.call(VerifyElementTextKeyword.groovy)
	at com.kms.katalon.core.webui.keyword.internal.WebUIKeywordMain.runKeyword(WebUIKeywordMain.groovy:21)
	at com.kms.katalon.core.webui.keyword.builtin.VerifyElementTextKeyword.verifyElementText(VerifyElementTextKeyword.groovy:72)
	at com.kms.katalon.core.webui.keyword.builtin.VerifyElementTextKeyword.execute(VerifyElementTextKeyword.groovy:40)
	at com.kms.katalon.core.keyword.internal.KeywordExecutor.executeKeywordForPlatform(KeywordExecutor.groovy:53)
	at com.kms.katalon.core.webui.keyword.WebUiBuiltInKeywords.verifyElementText(WebUiBuiltInKeywords.groovy:3663)
	at com.kms.katalon.core.webui.keyword.WebUiBuiltInKeywords$verifyElementText$5.call(Unknown Source)
	at Test Simple Search - Masking.run(Test Simple Search - Masking:30)
	at com.kms.katalon.core.main.ScriptEngine.run(ScriptEngine.java:194)
	at com.kms.katalon.core.main.ScriptEngine.runScriptAsRawText(ScriptEngine.java:119)
	at com.kms.katalon.core.main.TestCaseExecutor.runScript(TestCaseExecutor.java:328)
	at com.kms.katalon.core.main.TestCaseExecutor.doExecute(TestCaseExecutor.java:319)
	at com.kms.katalon.core.main.TestCaseExecutor.processExecutionPhase(TestCaseExecutor.java:298)
	at com.kms.katalon.core.main.TestCaseExecutor.accessMainPhase(TestCaseExecutor.java:290)
	at com.kms.katalon.core.main.TestCaseExecutor.execute(TestCaseExecutor.java:224)
	at com.kms.katalon.core.main.TestSuiteExecutor.accessTestCaseMainPhase(TestSuiteExecutor.java:129)
	at com.kms.katalon.core.main.TestSuiteExecutor.accessTestSuiteMainPhase(TestSuiteExecutor.java:112)
	at com.kms.katalon.core.main.TestSuiteExecutor.execute(TestSuiteExecutor.java:81)
	at com.kms.katalon.core.main.TestCaseMain.startTestSuite(TestCaseMain.java:149)
	at com.kms.katalon.core.main.TestCaseMain$startTestSuite$0.call(Unknown Source)
	at TempTestSuite1587642728192.run(TempTestSuite1587642728192.groovy:36)]]></system-out>
      <system-err><![CDATA[2020-04-23 13:52:10 - [TEST_SUITE][FAILED] - Test Suite Quria Search: Test Cases/Test Simple Search - Masking FAILED.
Reason:
com.kms.katalon.core.exception.StepFailedException: Actual text 'Resultater: 718' and expected text 'Resultater: 717' of test object 'Object Repository/test manuel objecter 2/Page_nightlyno - Axiell Quria/div_Resultater' are NOT matched.
	at com.kms.katalon.core.keyword.internal.KeywordMain.stepFailed(KeywordMain.groovy:32)
	at com.kms.katalon.core.webui.keyword.internal.WebUIKeywordMain.stepFailed(WebUIKeywordMain.groovy:65)
	at com.kms.katalon.core.webui.keyword.builtin.VerifyElementTextKeyword$_verifyElementText_closure1.doCall(VerifyElementTextKeyword.groovy:57)
	at com.kms.katalon.core.webui.keyword.builtin.VerifyElementTextKeyword$_verifyElementText_closure1.call(VerifyElementTextKeyword.groovy)
	at com.kms.katalon.core.webui.keyword.internal.WebUIKeywordMain.runKeyword(WebUIKeywordMain.groovy:21)
	at com.kms.katalon.core.webui.keyword.builtin.VerifyElementTextKeyword.verifyElementText(VerifyElementTextKeyword.groovy:72)
	at com.kms.katalon.core.webui.keyword.builtin.VerifyElementTextKeyword.execute(VerifyElementTextKeyword.groovy:40)
	at com.kms.katalon.core.keyword.internal.KeywordExecutor.executeKeywordForPlatform(KeywordExecutor.groovy:53)
	at com.kms.katalon.core.webui.keyword.WebUiBuiltInKeywords.verifyElementText(WebUiBuiltInKeywords.groovy:3663)
	at com.kms.katalon.core.webui.keyword.WebUiBuiltInKeywords$verifyElementText$5.call(Unknown Source)
	at Test Simple Search - Masking.run(Test Simple Search - Masking:30)
	at com.kms.katalon.core.main.ScriptEngine.run(ScriptEngine.java:194)
	at com.kms.katalon.core.main.ScriptEngine.runScriptAsRawText(ScriptEngine.java:119)
	at com.kms.katalon.core.main.TestCaseExecutor.runScript(TestCaseExecutor.java:328)
	at com.kms.katalon.core.main.TestCaseExecutor.doExecute(TestCaseExecutor.java:319)
	at com.kms.katalon.core.main.TestCaseExecutor.processExecutionPhase(TestCaseExecutor.java:298)
	at com.kms.katalon.core.main.TestCaseExecutor.accessMainPhase(TestCaseExecutor.java:290)
	at com.kms.katalon.core.main.TestCaseExecutor.execute(TestCaseExecutor.java:224)
	at com.kms.katalon.core.main.TestSuiteExecutor.accessTestCaseMainPhase(TestSuiteExecutor.java:129)
	at com.kms.katalon.core.main.TestSuiteExecutor.accessTestSuiteMainPhase(TestSuiteExecutor.java:112)
	at com.kms.katalon.core.main.TestSuiteExecutor.execute(TestSuiteExecutor.java:81)
	at com.kms.katalon.core.main.TestCaseMain.startTestSuite(TestCaseMain.java:149)
	at com.kms.katalon.core.main.TestCaseMain$startTestSuite$0.call(Unknown Source)
	at TempTestSuite1587642728192.run(TempTestSuite1587642728192.groovy:36)]]></system-err>
   </testsuite>
</testsuites>
