<?xml version="1.0" encoding="UTF-8"?>
<testsuites name="Test Quria Advanced Search" time="563" tests="4" failures="2" errors="0">
   <testsuite name="Test Quria Advanced Search" tests="4" failures="2" errors="0" time="563" timestamp="2020-04-22 15:57:12" hostname="ignacio - BIBITS-IGNACIO2.bibsent.no" id="Test Suites/Test Quria Advanced Search">
      <properties>
         <property name="deviceName" value=""/>
         <property name="devicePlatform" value=""/>
         <property name="logFolder" value="C:\\Users\\ignacio\\Katalon Studio\\KatalonQuriaTest\\Reports\\Test Quria Advanced Search\\20200422_155707"/>
         <property name="logFiles" value="C:\\Users\\ignacio\\Katalon Studio\\KatalonQuriaTest\\Reports\\Test Quria Advanced Search\\20200422_155707\\execution0.log"/>
         <property name="attachments" value="C:\\Users\\ignacio\\Katalon Studio\\KatalonQuriaTest\\Reports\\Test Quria Advanced Search\\20200422_155707\\1587564051984.png, C:\\Users\\ignacio\\Katalon Studio\\KatalonQuriaTest\\Reports\\Test Quria Advanced Search\\20200422_155707\\1587564083740.png, C:\\Users\\ignacio\\Katalon Studio\\KatalonQuriaTest\\Reports\\Test Quria Advanced Search\\20200422_155707\\1587564115431.png, C:\\Users\\ignacio\\Katalon Studio\\KatalonQuriaTest\\Reports\\Test Quria Advanced Search\\20200422_155707\\1587564147206.png, C:\\Users\\ignacio\\Katalon Studio\\KatalonQuriaTest\\Reports\\Test Quria Advanced Search\\20200422_155707\\1587564178891.png, C:\\Users\\ignacio\\Katalon Studio\\KatalonQuriaTest\\Reports\\Test Quria Advanced Search\\20200422_155707\\1587564387952.png"/>
         <property name="hostName" value="ignacio - BIBITS-IGNACIO2.bibsent.no"/>
         <property name="os" value="Windows 10 64bit"/>
         <property name="katalonVersion" value="5.10.0.1"/>
         <property name="browser" value="Chrome 81.0.4044.122"/>
         <property name="hostAddress" value="10.81.1.185"/>
         <property name="sessionId" value="29b43ae17757817d90a546d8077fa77a"/>
         <property name="seleniumVersion" value="3.7.1"/>
         <property name="proxyInformation" value="ProxyInformation{proxyOption=NO_PROXY, proxyServerType=HTTP, password=, proxyServerAddress=, proxyServerPort=0}"/>
         <property name="platform" value="Windows 10"/>
      </properties>
      <testcase name="Test Cases/Test Advanced Search Boolean Prefix cre NOT Prefix sub" classname="Test Cases/Test Advanced Search Boolean Prefix cre NOT Prefix sub" status="PASSED">
         <system-out><![CDATA[2020-04-22 15:57:13 - [TEST_CASE][PASSED] - Test Cases/Test Advanced Search Boolean Prefix cre NOT Prefix sub: Test Cases/Test Advanced Search Boolean Prefix cre NOT Prefix sub

2020-04-22 15:57:14 - [TEST_STEP][PASSED] - callTestCase(findTestCase("Test Patron/Test Case Login"), [:], STOP_ON_FAILURE): Call Test Case 'Test Cases/Test Patron/Test Case Login' successfully

2020-04-22 15:57:15 - [TEST_CASE][PASSED] - Test Cases/Test Patron/Test Case Login: Test Cases/Test Patron/Test Case Login

2020-04-22 15:57:16 - [TEST_STEP][PASSED] - openBrowser(""): Browser is opened with url: ''

2020-04-22 15:57:17 - [MESSAGE][INFO] - Starting 'Chrome' driver

2020-04-22 15:57:17 - [MESSAGE][INFO] - Action delay is set to 1 seconds

2020-04-22 15:57:33 - [MESSAGE][PASSED] - Browser is opened with url: ''

2020-04-22 15:57:33 - [TEST_STEP][PASSED] - navigateToUrl("https://nightlyno.quriaint.axiell.com"): Navigate to 'https://nightlyno.quriaint.axiell.com' successfully

2020-04-22 15:57:35 - [MESSAGE][PASSED] - Navigate to 'https://nightlyno.quriaint.axiell.com' successfully

2020-04-22 15:57:35 - [TEST_STEP][PASSED] - click(findTestObject("Test Simple Search/Page_Axiell Quria/a_Sign in with Google")): Object: 'Object Repository/Test Simple Search/Page_Axiell Quria/a_Sign in with Google' is clicked on

2020-04-22 15:57:43 - [MESSAGE][PASSED] - Object: 'Object Repository/Test Simple Search/Page_Axiell Quria/a_Sign in with Google' is clicked on

2020-04-22 15:57:43 - [TEST_STEP][PASSED] - setText(findTestObject("Capture Object Patron/Page_Axiell Quria/input_axiell.com_identifier"), "axiell.norge.quria@gmail.com"): Text 'axiell.norge.quria@gmail.com' is set on object 'Object Repository/Capture Object Patron/Page_Axiell Quria/input_axiell.com_identifier'

2020-04-22 15:57:47 - [MESSAGE][PASSED] - Text 'axiell.norge.quria@gmail.com' is set on object 'Object Repository/Capture Object Patron/Page_Axiell Quria/input_axiell.com_identifier'

2020-04-22 15:57:47 - [TEST_STEP][PASSED] - click(findTestObject("Capture Object Patron/Page_Logg p  Google-kontoer/span_Neste")): Object: 'Object Repository/Capture Object Patron/Page_Logg p  Google-kontoer/span_Neste' is clicked on

2020-04-22 15:57:49 - [MESSAGE][PASSED] - Object: 'Object Repository/Capture Object Patron/Page_Logg p  Google-kontoer/span_Neste' is clicked on

2020-04-22 15:57:49 - [TEST_STEP][PASSED] - waitForElementVisible(findTestObject("Capture Object Patron/Page_Axiell Quria/input_Password"), 30): Object 'Object Repository/Capture Object Patron/Page_Axiell Quria/input_Password' is visible

2020-04-22 15:57:52 - [MESSAGE][PASSED] - Object 'Object Repository/Capture Object Patron/Page_Axiell Quria/input_Password' is visible

2020-04-22 15:57:52 - [TEST_STEP][PASSED] - setEncryptedText(findTestObject("Capture Object Patron/Page_Axiell Quria/input_Password"), "d097ITWPO7f2v9EptRJGCg=="): Text ****** has been set on object 'Object Repository/Capture Object Patron/Page_Axiell Quria/input_Password'

2020-04-22 15:57:55 - [MESSAGE][PASSED] - Text ****** has been set on object 'Object Repository/Capture Object Patron/Page_Axiell Quria/input_Password'

2020-04-22 15:57:55 - [TEST_STEP][PASSED] - click(findTestObject("Manual Captured Objects/Page_Logg p  Google-kontoer/div_Neste")): Object: 'Object Repository/Manual Captured Objects/Page_Logg p  Google-kontoer/div_Neste' is clicked on

2020-04-22 15:57:57 - [MESSAGE][PASSED] - Object: 'Object Repository/Manual Captured Objects/Page_Logg p  Google-kontoer/div_Neste' is clicked on

2020-04-22 15:57:57 - [MESSAGE][PASSED] - Call Test Case 'Test Cases/Test Patron/Test Case Login' successfully

2020-04-22 15:57:57 - [TEST_STEP][PASSED] - click(findTestObject("Object Repository/Test Simple Search/Page_nightlyno - Axiell Quria/md-icon")): Object: 'Object Repository/Test Simple Search/Page_nightlyno - Axiell Quria/md-icon' is clicked on

2020-04-22 15:58:15 - [MESSAGE][PASSED] - Object: 'Object Repository/Test Simple Search/Page_nightlyno - Axiell Quria/md-icon' is clicked on

2020-04-22 15:58:15 - [TEST_STEP][PASSED] - setText(findTestObject("Object Repository/Test Simple Search/Page_nightlyno - Axiell Quria/input_Abonnementer_search-inpu"), "cre:boge NOT sub:romantikk"): Text 'cre:boge NOT sub:romantikk' is set on object 'Object Repository/Test Simple Search/Page_nightlyno - Axiell Quria/input_Abonnementer_search-inpu'

2020-04-22 15:58:19 - [MESSAGE][PASSED] - Text 'cre:boge NOT sub:romantikk' is set on object 'Object Repository/Test Simple Search/Page_nightlyno - Axiell Quria/input_Abonnementer_search-inpu'

2020-04-22 15:58:19 - [TEST_STEP][PASSED] - click(findTestObject("Manual Captured Objects/Page_nightlyno - Axiell Quria/md-icon_1")): Object: 'Object Repository/Manual Captured Objects/Page_nightlyno - Axiell Quria/md-icon_1' is clicked on

2020-04-22 15:58:21 - [MESSAGE][PASSED] - Object: 'Object Repository/Manual Captured Objects/Page_nightlyno - Axiell Quria/md-icon_1' is clicked on

2020-04-22 15:58:21 - [TEST_STEP][PASSED] - click(findTestObject("test manuel objecter 2/Page_nightlyno - Axiell Quria/div_Resultater")): Object: 'Object Repository/test manuel objecter 2/Page_nightlyno - Axiell Quria/div_Resultater' is clicked on

2020-04-22 15:58:24 - [MESSAGE][PASSED] - Object: 'Object Repository/test manuel objecter 2/Page_nightlyno - Axiell Quria/div_Resultater' is clicked on

2020-04-22 15:58:24 - [TEST_STEP][PASSED] - verifyElementText(findTestObject("test manuel objecter 2/Page_nightlyno - Axiell Quria/div_Resultater"), "Resultater: 0"): Actual text and expected text of test object 'Object Repository/test manuel objecter 2/Page_nightlyno - Axiell Quria/div_Resultater' are matched.

2020-04-22 15:58:26 - [MESSAGE][PASSED] - Actual text and expected text of test object 'Object Repository/test manuel objecter 2/Page_nightlyno - Axiell Quria/div_Resultater' are matched.

2020-04-22 15:58:26 - [TEST_STEP][PASSED] - waitForPageLoad(30): Wait for page load successfully

2020-04-22 15:58:27 - [MESSAGE][PASSED] - Wait for page load successfully

2020-04-22 15:58:27 - [TEST_STEP][PASSED] - click(findTestObject("Object Repository/Test Simple Search/Page_nightlyno - Axiell Quria/md-icon_expand_more")): Object: 'Object Repository/Test Simple Search/Page_nightlyno - Axiell Quria/md-icon_expand_more' is clicked on

2020-04-22 15:58:29 - [MESSAGE][PASSED] - Object: 'Object Repository/Test Simple Search/Page_nightlyno - Axiell Quria/md-icon_expand_more' is clicked on

2020-04-22 15:58:29 - [TEST_STEP][PASSED] - waitForElementVisible(findTestObject("Test Simple Search/Page_nightlyno - Axiell Quria/a_exit_to_appLogg av"), 30): Object 'Object Repository/Test Simple Search/Page_nightlyno - Axiell Quria/a_exit_to_appLogg av' is visible

2020-04-22 15:58:31 - [MESSAGE][PASSED] - Object 'Object Repository/Test Simple Search/Page_nightlyno - Axiell Quria/a_exit_to_appLogg av' is visible

2020-04-22 15:58:31 - [TEST_STEP][PASSED] - click(findTestObject("Object Repository/Test Simple Search/Page_nightlyno - Axiell Quria/a_exit_to_appLogg av")): Object: 'Object Repository/Test Simple Search/Page_nightlyno - Axiell Quria/a_exit_to_appLogg av' is clicked on

2020-04-22 15:58:33 - [MESSAGE][PASSED] - Object: 'Object Repository/Test Simple Search/Page_nightlyno - Axiell Quria/a_exit_to_appLogg av' is clicked on

2020-04-22 15:58:33 - [TEST_STEP][PASSED] - closeBrowser(): Browser is closed

2020-04-22 15:58:35 - [MESSAGE][PASSED] - Browser is closed]]></system-out>
         <system-err><![CDATA[]]></system-err>
      </testcase>
      <testcase name="Test Cases/Test Advanced Search Boolean Prefix cre" classname="Test Cases/Test Advanced Search Boolean Prefix cre" status="PASSED">
         <system-out><![CDATA[2020-04-22 15:58:35 - [TEST_CASE][PASSED] - Test Cases/Test Advanced Search Boolean Prefix cre: Test Cases/Test Advanced Search Boolean Prefix cre

2020-04-22 15:58:35 - [TEST_STEP][PASSED] - callTestCase(findTestCase("Test Patron/Test Case Login"), [:], STOP_ON_FAILURE): Call Test Case 'Test Cases/Test Patron/Test Case Login' successfully

2020-04-22 15:58:35 - [TEST_CASE][PASSED] - Test Cases/Test Patron/Test Case Login: Test Cases/Test Patron/Test Case Login

2020-04-22 15:58:35 - [TEST_STEP][PASSED] - openBrowser(""): Browser is opened with url: ''

2020-04-22 15:58:35 - [MESSAGE][INFO] - Starting 'Chrome' driver

2020-04-22 15:58:45 - [MESSAGE][PASSED] - Browser is opened with url: ''

2020-04-22 15:58:45 - [TEST_STEP][PASSED] - navigateToUrl("https://nightlyno.quriaint.axiell.com"): Navigate to 'https://nightlyno.quriaint.axiell.com' successfully

2020-04-22 15:58:47 - [MESSAGE][PASSED] - Navigate to 'https://nightlyno.quriaint.axiell.com' successfully

2020-04-22 15:58:47 - [TEST_STEP][PASSED] - click(findTestObject("Test Simple Search/Page_Axiell Quria/a_Sign in with Google")): Object: 'Object Repository/Test Simple Search/Page_Axiell Quria/a_Sign in with Google' is clicked on

2020-04-22 15:58:53 - [MESSAGE][PASSED] - Object: 'Object Repository/Test Simple Search/Page_Axiell Quria/a_Sign in with Google' is clicked on

2020-04-22 15:58:53 - [TEST_STEP][PASSED] - setText(findTestObject("Capture Object Patron/Page_Axiell Quria/input_axiell.com_identifier"), "axiell.norge.quria@gmail.com"): Text 'axiell.norge.quria@gmail.com' is set on object 'Object Repository/Capture Object Patron/Page_Axiell Quria/input_axiell.com_identifier'

2020-04-22 15:58:58 - [MESSAGE][PASSED] - Text 'axiell.norge.quria@gmail.com' is set on object 'Object Repository/Capture Object Patron/Page_Axiell Quria/input_axiell.com_identifier'

2020-04-22 15:58:58 - [TEST_STEP][PASSED] - click(findTestObject("Capture Object Patron/Page_Logg p  Google-kontoer/span_Neste")): Object: 'Object Repository/Capture Object Patron/Page_Logg p  Google-kontoer/span_Neste' is clicked on

2020-04-22 15:59:01 - [MESSAGE][PASSED] - Object: 'Object Repository/Capture Object Patron/Page_Logg p  Google-kontoer/span_Neste' is clicked on

2020-04-22 15:59:01 - [TEST_STEP][PASSED] - waitForElementVisible(findTestObject("Capture Object Patron/Page_Axiell Quria/input_Password"), 30): Object 'Object Repository/Capture Object Patron/Page_Axiell Quria/input_Password' is visible

2020-04-22 15:59:03 - [MESSAGE][PASSED] - Object 'Object Repository/Capture Object Patron/Page_Axiell Quria/input_Password' is visible

2020-04-22 15:59:03 - [TEST_STEP][PASSED] - setEncryptedText(findTestObject("Capture Object Patron/Page_Axiell Quria/input_Password"), "d097ITWPO7f2v9EptRJGCg=="): Text ****** has been set on object 'Object Repository/Capture Object Patron/Page_Axiell Quria/input_Password'

2020-04-22 15:59:06 - [MESSAGE][PASSED] - Text ****** has been set on object 'Object Repository/Capture Object Patron/Page_Axiell Quria/input_Password'

2020-04-22 15:59:06 - [TEST_STEP][PASSED] - click(findTestObject("Manual Captured Objects/Page_Logg p  Google-kontoer/div_Neste")): Object: 'Object Repository/Manual Captured Objects/Page_Logg p  Google-kontoer/div_Neste' is clicked on

2020-04-22 15:59:08 - [MESSAGE][PASSED] - Object: 'Object Repository/Manual Captured Objects/Page_Logg p  Google-kontoer/div_Neste' is clicked on

2020-04-22 15:59:08 - [MESSAGE][PASSED] - Call Test Case 'Test Cases/Test Patron/Test Case Login' successfully

2020-04-22 15:59:08 - [TEST_STEP][PASSED] - click(findTestObject("Object Repository/Test Simple Search/Page_nightlyno - Axiell Quria/md-icon")): Object: 'Object Repository/Test Simple Search/Page_nightlyno - Axiell Quria/md-icon' is clicked on

2020-04-22 15:59:28 - [MESSAGE][PASSED] - Object: 'Object Repository/Test Simple Search/Page_nightlyno - Axiell Quria/md-icon' is clicked on

2020-04-22 15:59:28 - [TEST_STEP][PASSED] - setText(findTestObject("Object Repository/Test Simple Search/Page_nightlyno - Axiell Quria/input_Abonnementer_search-inpu"), "Cre:boge"): Text 'Cre:boge' is set on object 'Object Repository/Test Simple Search/Page_nightlyno - Axiell Quria/input_Abonnementer_search-inpu'

2020-04-22 15:59:32 - [MESSAGE][PASSED] - Text 'Cre:boge' is set on object 'Object Repository/Test Simple Search/Page_nightlyno - Axiell Quria/input_Abonnementer_search-inpu'

2020-04-22 15:59:32 - [TEST_STEP][PASSED] - click(findTestObject("test manuel objecter 2/Page_nightlyno - Axiell Quria/md-icon_1")): Object: 'Object Repository/test manuel objecter 2/Page_nightlyno - Axiell Quria/md-icon_1' is clicked on

2020-04-22 15:59:34 - [MESSAGE][PASSED] - Object: 'Object Repository/test manuel objecter 2/Page_nightlyno - Axiell Quria/md-icon_1' is clicked on

2020-04-22 15:59:34 - [TEST_STEP][PASSED] - click(findTestObject("test manuel objecter 2/Page_nightlyno - Axiell Quria/div_Resultater")): Object: 'Object Repository/test manuel objecter 2/Page_nightlyno - Axiell Quria/div_Resultater' is clicked on

2020-04-22 15:59:36 - [MESSAGE][PASSED] - Object: 'Object Repository/test manuel objecter 2/Page_nightlyno - Axiell Quria/div_Resultater' is clicked on

2020-04-22 15:59:36 - [TEST_STEP][PASSED] - verifyElementText(findTestObject("test manuel objecter 2/Page_nightlyno - Axiell Quria/div_Resultater"), "Resultater: 54"): Actual text and expected text of test object 'Object Repository/test manuel objecter 2/Page_nightlyno - Axiell Quria/div_Resultater' are matched.

2020-04-22 15:59:38 - [MESSAGE][PASSED] - Actual text and expected text of test object 'Object Repository/test manuel objecter 2/Page_nightlyno - Axiell Quria/div_Resultater' are matched.

2020-04-22 15:59:38 - [TEST_STEP][PASSED] - click(findTestObject("Object Repository/test manuel objecter 2/Page_nightlyno - Axiell Quria/md-icon_expand_more")): Object: 'Object Repository/test manuel objecter 2/Page_nightlyno - Axiell Quria/md-icon_expand_more' is clicked on

2020-04-22 15:59:41 - [MESSAGE][PASSED] - Object: 'Object Repository/test manuel objecter 2/Page_nightlyno - Axiell Quria/md-icon_expand_more' is clicked on

2020-04-22 15:59:41 - [TEST_STEP][PASSED] - click(findTestObject("Object Repository/test manuel objecter 2/Page_nightlyno - Axiell Quria/a_exit_to_appLogg av")): Object: 'Object Repository/test manuel objecter 2/Page_nightlyno - Axiell Quria/a_exit_to_appLogg av' is clicked on

2020-04-22 15:59:43 - [MESSAGE][PASSED] - Object: 'Object Repository/test manuel objecter 2/Page_nightlyno - Axiell Quria/a_exit_to_appLogg av' is clicked on

2020-04-22 15:59:43 - [TEST_STEP][PASSED] - closeBrowser(): Browser is closed

2020-04-22 15:59:45 - [MESSAGE][PASSED] - Browser is closed]]></system-out>
         <system-err><![CDATA[]]></system-err>
      </testcase>
      <testcase name="Test Cases/Test Advanced Search Boolean Prefix sub AND Prefix cre" classname="Test Cases/Test Advanced Search Boolean Prefix sub AND Prefix cre" status="FAILED">
         <failure type="FAILED" message="Test Cases/Test Advanced Search Boolean Prefix sub AND Prefix cre FAILED.
Reason:
com.kms.katalon.core.exception.StepFailedException: Unable to click on object 'Object Repository/Test Simple Search/Page_nightlyno - Axiell Quria/md-icon' (Root cause: com.kms.katalon.core.webui.exception.WebElementNotFoundException: Web element with id: 'Object Repository/Test Simple Search/Page_nightlyno - Axiell Quria/md-icon' located by 'By.xpath: //a[@id='nav_module_id_collection']/span/md-icon' not found)
	at com.kms.katalon.core.keyword.internal.KeywordMain.stepFailed(KeywordMain.groovy:32)
	at com.kms.katalon.core.webui.keyword.internal.WebUIKeywordMain.stepFailed(WebUIKeywordMain.groovy:65)
	at com.kms.katalon.core.webui.keyword.internal.WebUIKeywordMain.runKeyword(WebUIKeywordMain.groovy:27)
	at com.kms.katalon.core.webui.keyword.builtin.ClickKeyword.click(ClickKeyword.groovy:86)
	at com.kms.katalon.core.webui.keyword.builtin.ClickKeyword.execute(ClickKeyword.groovy:67)
	at com.kms.katalon.core.keyword.internal.KeywordExecutor.executeKeywordForPlatform(KeywordExecutor.groovy:53)
	at com.kms.katalon.core.webui.keyword.WebUiBuiltInKeywords.click(WebUiBuiltInKeywords.groovy:616)
	at com.kms.katalon.core.webui.keyword.WebUiBuiltInKeywords$click$1.call(Unknown Source)
	at Test Advanced Search Boolean Prefix sub AND Prefix cre.run(Test Advanced Search Boolean Prefix sub AND Prefix cre:18)
	at com.kms.katalon.core.main.ScriptEngine.run(ScriptEngine.java:194)
	at com.kms.katalon.core.main.ScriptEngine.runScriptAsRawText(ScriptEngine.java:119)
	at com.kms.katalon.core.main.TestCaseExecutor.runScript(TestCaseExecutor.java:328)
	at com.kms.katalon.core.main.TestCaseExecutor.doExecute(TestCaseExecutor.java:319)
	at com.kms.katalon.core.main.TestCaseExecutor.processExecutionPhase(TestCaseExecutor.java:298)
	at com.kms.katalon.core.main.TestCaseExecutor.accessMainPhase(TestCaseExecutor.java:290)
	at com.kms.katalon.core.main.TestCaseExecutor.execute(TestCaseExecutor.java:224)
	at com.kms.katalon.core.main.TestSuiteExecutor.accessTestCaseMainPhase(TestSuiteExecutor.java:129)
	at com.kms.katalon.core.main.TestSuiteExecutor.accessTestSuiteMainPhase(TestSuiteExecutor.java:112)
	at com.kms.katalon.core.main.TestSuiteExecutor.execute(TestSuiteExecutor.java:81)
	at com.kms.katalon.core.main.TestCaseMain.startTestSuite(TestCaseMain.java:149)
	at com.kms.katalon.core.main.TestCaseMain$startTestSuite$0.call(Unknown Source)
	at TempTestSuite1587563827574.run(TempTestSuite1587563827574.groovy:36)
"/>
         <system-out><![CDATA[2020-04-22 15:59:45 - [TEST_CASE][FAILED] - Test Cases/Test Advanced Search Boolean Prefix sub AND Prefix cre: Test Cases/Test Advanced Search Boolean Prefix sub AND Prefix cre FAILED.
Reason:
com.kms.katalon.core.exception.StepFailedException: Unable to click on object 'Object Repository/Test Simple Search/Page_nightlyno - Axiell Quria/md-icon' (Root cause: com.kms.katalon.core.webui.exception.WebElementNotFoundException: Web element with id: 'Object Repository/Test Simple Search/Page_nightlyno - Axiell Quria/md-icon' located by 'By.xpath: //a[@id='nav_module_id_collection']/span/md-icon' not found)
	at com.kms.katalon.core.keyword.internal.KeywordMain.stepFailed(KeywordMain.groovy:32)
	at com.kms.katalon.core.webui.keyword.internal.WebUIKeywordMain.stepFailed(WebUIKeywordMain.groovy:65)
	at com.kms.katalon.core.webui.keyword.internal.WebUIKeywordMain.runKeyword(WebUIKeywordMain.groovy:27)
	at com.kms.katalon.core.webui.keyword.builtin.ClickKeyword.click(ClickKeyword.groovy:86)
	at com.kms.katalon.core.webui.keyword.builtin.ClickKeyword.execute(ClickKeyword.groovy:67)
	at com.kms.katalon.core.keyword.internal.KeywordExecutor.executeKeywordForPlatform(KeywordExecutor.groovy:53)
	at com.kms.katalon.core.webui.keyword.WebUiBuiltInKeywords.click(WebUiBuiltInKeywords.groovy:616)
	at com.kms.katalon.core.webui.keyword.WebUiBuiltInKeywords$click$1.call(Unknown Source)
	at Test Advanced Search Boolean Prefix sub AND Prefix cre.run(Test Advanced Search Boolean Prefix sub AND Prefix cre:18)
	at com.kms.katalon.core.main.ScriptEngine.run(ScriptEngine.java:194)
	at com.kms.katalon.core.main.ScriptEngine.runScriptAsRawText(ScriptEngine.java:119)
	at com.kms.katalon.core.main.TestCaseExecutor.runScript(TestCaseExecutor.java:328)
	at com.kms.katalon.core.main.TestCaseExecutor.doExecute(TestCaseExecutor.java:319)
	at com.kms.katalon.core.main.TestCaseExecutor.processExecutionPhase(TestCaseExecutor.java:298)
	at com.kms.katalon.core.main.TestCaseExecutor.accessMainPhase(TestCaseExecutor.java:290)
	at com.kms.katalon.core.main.TestCaseExecutor.execute(TestCaseExecutor.java:224)
	at com.kms.katalon.core.main.TestSuiteExecutor.accessTestCaseMainPhase(TestSuiteExecutor.java:129)
	at com.kms.katalon.core.main.TestSuiteExecutor.accessTestSuiteMainPhase(TestSuiteExecutor.java:112)
	at com.kms.katalon.core.main.TestSuiteExecutor.execute(TestSuiteExecutor.java:81)
	at com.kms.katalon.core.main.TestCaseMain.startTestSuite(TestCaseMain.java:149)
	at com.kms.katalon.core.main.TestCaseMain$startTestSuite$0.call(Unknown Source)
	at TempTestSuite1587563827574.run(TempTestSuite1587563827574.groovy:36)


2020-04-22 15:59:46 - [TEST_STEP][PASSED] - callTestCase(findTestCase("Test Patron/Test Case Login"), [:], STOP_ON_FAILURE): Call Test Case 'Test Cases/Test Patron/Test Case Login' successfully

2020-04-22 15:59:46 - [TEST_CASE][PASSED] - Test Cases/Test Patron/Test Case Login: Test Cases/Test Patron/Test Case Login

2020-04-22 15:59:46 - [TEST_STEP][PASSED] - openBrowser(""): Browser is opened with url: ''

2020-04-22 15:59:46 - [MESSAGE][INFO] - Starting 'Chrome' driver

2020-04-22 15:59:56 - [MESSAGE][PASSED] - Browser is opened with url: ''

2020-04-22 15:59:56 - [TEST_STEP][PASSED] - navigateToUrl("https://nightlyno.quriaint.axiell.com"): Navigate to 'https://nightlyno.quriaint.axiell.com' successfully

2020-04-22 15:59:58 - [MESSAGE][PASSED] - Navigate to 'https://nightlyno.quriaint.axiell.com' successfully

2020-04-22 15:59:58 - [TEST_STEP][PASSED] - click(findTestObject("Test Simple Search/Page_Axiell Quria/a_Sign in with Google")): Object: 'Object Repository/Test Simple Search/Page_Axiell Quria/a_Sign in with Google' is clicked on

2020-04-22 16:00:05 - [MESSAGE][PASSED] - Object: 'Object Repository/Test Simple Search/Page_Axiell Quria/a_Sign in with Google' is clicked on

2020-04-22 16:00:05 - [TEST_STEP][PASSED] - setText(findTestObject("Capture Object Patron/Page_Axiell Quria/input_axiell.com_identifier"), "axiell.norge.quria@gmail.com"): Text 'axiell.norge.quria@gmail.com' is set on object 'Object Repository/Capture Object Patron/Page_Axiell Quria/input_axiell.com_identifier'

2020-04-22 16:00:10 - [MESSAGE][PASSED] - Text 'axiell.norge.quria@gmail.com' is set on object 'Object Repository/Capture Object Patron/Page_Axiell Quria/input_axiell.com_identifier'

2020-04-22 16:00:10 - [TEST_STEP][PASSED] - click(findTestObject("Capture Object Patron/Page_Logg p  Google-kontoer/span_Neste")): Object: 'Object Repository/Capture Object Patron/Page_Logg p  Google-kontoer/span_Neste' is clicked on

2020-04-22 16:00:12 - [MESSAGE][PASSED] - Object: 'Object Repository/Capture Object Patron/Page_Logg p  Google-kontoer/span_Neste' is clicked on

2020-04-22 16:00:12 - [TEST_STEP][PASSED] - waitForElementVisible(findTestObject("Capture Object Patron/Page_Axiell Quria/input_Password"), 30): Object 'Object Repository/Capture Object Patron/Page_Axiell Quria/input_Password' is visible

2020-04-22 16:00:14 - [MESSAGE][PASSED] - Object 'Object Repository/Capture Object Patron/Page_Axiell Quria/input_Password' is visible

2020-04-22 16:00:14 - [TEST_STEP][PASSED] - setEncryptedText(findTestObject("Capture Object Patron/Page_Axiell Quria/input_Password"), "d097ITWPO7f2v9EptRJGCg=="): Text ****** has been set on object 'Object Repository/Capture Object Patron/Page_Axiell Quria/input_Password'

2020-04-22 16:00:18 - [MESSAGE][PASSED] - Text ****** has been set on object 'Object Repository/Capture Object Patron/Page_Axiell Quria/input_Password'

2020-04-22 16:00:18 - [TEST_STEP][PASSED] - click(findTestObject("Manual Captured Objects/Page_Logg p  Google-kontoer/div_Neste")): Object: 'Object Repository/Manual Captured Objects/Page_Logg p  Google-kontoer/div_Neste' is clicked on

2020-04-22 16:00:20 - [MESSAGE][PASSED] - Object: 'Object Repository/Manual Captured Objects/Page_Logg p  Google-kontoer/div_Neste' is clicked on

2020-04-22 16:00:20 - [MESSAGE][PASSED] - Call Test Case 'Test Cases/Test Patron/Test Case Login' successfully

2020-04-22 16:00:20 - [TEST_STEP][FAILED] - click(findTestObject("Object Repository/Test Simple Search/Page_nightlyno - Axiell Quria/md-icon")): Unable to click on object 'Object Repository/Test Simple Search/Page_nightlyno - Axiell Quria/md-icon' (Root cause: com.kms.katalon.core.webui.exception.WebElementNotFoundException: Web element with id: 'Object Repository/Test Simple Search/Page_nightlyno - Axiell Quria/md-icon' located by 'By.xpath: //a[@id='nav_module_id_collection']/span/md-icon' not found)

2020-04-22 16:00:51 - [MESSAGE][INFO] - Unable to find the element located by 'By.xpath: //a[@id='nav_module_id_collection']/span/md-icon'. Please recheck the objects properties to make sure the desired element is located. 

2020-04-22 16:00:53 - [MESSAGE][FAILED] - Unable to click on object 'Object Repository/Test Simple Search/Page_nightlyno - Axiell Quria/md-icon' (Root cause: com.kms.katalon.core.webui.exception.WebElementNotFoundException: Web element with id: 'Object Repository/Test Simple Search/Page_nightlyno - Axiell Quria/md-icon' located by 'By.xpath: //a[@id='nav_module_id_collection']/span/md-icon' not found)
[[ATTACHMENT|C:\\Users\\ignacio\\Katalon Studio\\KatalonQuriaTest\\Reports\\Test Quria Advanced Search\\20200422_155707\\1587564051984.png]]

2020-04-22 16:00:53 - [TEST_STEP][FAILED] - setText(findTestObject("Object Repository/Test Simple Search/Page_nightlyno - Axiell Quria/input_Abonnementer_search-inpu"), "sub:romantikk AND cre:boge"): Unable to set text 'sub:romantikk AND cre:boge' of object 'Object Repository/Test Simple Search/Page_nightlyno - Axiell Quria/input_Abonnementer_search-inpu' (Root cause: com.kms.katalon.core.webui.exception.WebElementNotFoundException: Web element with id: 'Object Repository/Test Simple Search/Page_nightlyno - Axiell Quria/input_Abonnementer_search-inpu' located by 'By.xpath: //input[@id = 'search-input' and @placeholder = 'Skriv inn søketekst' and @type = 'text']' not found)

2020-04-22 16:01:23 - [MESSAGE][INFO] - Unable to find the element located by 'By.xpath: //input[@id = 'search-input' and @placeholder = 'Skriv inn søketekst' and @type = 'text']'. Please recheck the objects properties to make sure the desired element is located. 

2020-04-22 16:01:25 - [MESSAGE][FAILED] - Unable to set text 'sub:romantikk AND cre:boge' of object 'Object Repository/Test Simple Search/Page_nightlyno - Axiell Quria/input_Abonnementer_search-inpu' (Root cause: com.kms.katalon.core.webui.exception.WebElementNotFoundException: Web element with id: 'Object Repository/Test Simple Search/Page_nightlyno - Axiell Quria/input_Abonnementer_search-inpu' located by 'By.xpath: //input[@id = 'search-input' and @placeholder = 'Skriv inn søketekst' and @type = 'text']' not found)
[[ATTACHMENT|C:\\Users\\ignacio\\Katalon Studio\\KatalonQuriaTest\\Reports\\Test Quria Advanced Search\\20200422_155707\\1587564083740.png]]

2020-04-22 16:01:25 - [TEST_STEP][FAILED] - click(findTestObject("test manuel objecter 2/Page_nightlyno - Axiell Quria/md-icon_1")): Unable to click on object 'Object Repository/test manuel objecter 2/Page_nightlyno - Axiell Quria/md-icon_1' (Root cause: com.kms.katalon.core.webui.exception.WebElementNotFoundException: Web element with id: 'Object Repository/test manuel objecter 2/Page_nightlyno - Axiell Quria/md-icon_1' located by 'By.xpath: //form[@id='field-Query']/button/md-icon' not found)

2020-04-22 16:01:55 - [MESSAGE][INFO] - Unable to find the element located by 'By.xpath: //form[@id='field-Query']/button/md-icon'. Please recheck the objects properties to make sure the desired element is located. 

2020-04-22 16:01:56 - [MESSAGE][FAILED] - Unable to click on object 'Object Repository/test manuel objecter 2/Page_nightlyno - Axiell Quria/md-icon_1' (Root cause: com.kms.katalon.core.webui.exception.WebElementNotFoundException: Web element with id: 'Object Repository/test manuel objecter 2/Page_nightlyno - Axiell Quria/md-icon_1' located by 'By.xpath: //form[@id='field-Query']/button/md-icon' not found)
[[ATTACHMENT|C:\\Users\\ignacio\\Katalon Studio\\KatalonQuriaTest\\Reports\\Test Quria Advanced Search\\20200422_155707\\1587564115431.png]]

2020-04-22 16:01:56 - [TEST_STEP][FAILED] - click(findTestObject("test manuel objecter 2/Page_nightlyno - Axiell Quria/div_Resultater")): Unable to click on object 'Object Repository/test manuel objecter 2/Page_nightlyno - Axiell Quria/div_Resultater' (Root cause: com.kms.katalon.core.webui.exception.WebElementNotFoundException: Web element with id: 'Object Repository/test manuel objecter 2/Page_nightlyno - Axiell Quria/div_Resultater' located by 'By.xpath: //md-content[@id='content']/div/div/div/div[2]/div/div' not found)

2020-04-22 16:02:27 - [MESSAGE][INFO] - Unable to find the element located by 'By.xpath: //md-content[@id='content']/div/div/div/div[2]/div/div'. Please recheck the objects properties to make sure the desired element is located. 

2020-04-22 16:02:28 - [MESSAGE][FAILED] - Unable to click on object 'Object Repository/test manuel objecter 2/Page_nightlyno - Axiell Quria/div_Resultater' (Root cause: com.kms.katalon.core.webui.exception.WebElementNotFoundException: Web element with id: 'Object Repository/test manuel objecter 2/Page_nightlyno - Axiell Quria/div_Resultater' located by 'By.xpath: //md-content[@id='content']/div/div/div/div[2]/div/div' not found)
[[ATTACHMENT|C:\\Users\\ignacio\\Katalon Studio\\KatalonQuriaTest\\Reports\\Test Quria Advanced Search\\20200422_155707\\1587564147206.png]]

2020-04-22 16:02:28 - [TEST_STEP][FAILED] - verifyElementText(findTestObject("test manuel objecter 2/Page_nightlyno - Axiell Quria/div_Resultater"), "Resultater: 54"): com.kms.katalon.core.webui.exception.WebElementNotFoundException: Web element with id: 'Object Repository/test manuel objecter 2/Page_nightlyno - Axiell Quria/div_Resultater' located by 'By.xpath: //md-content[@id='content']/div/div/div/div[2]/div/div' not found

2020-04-22 16:02:58 - [MESSAGE][INFO] - Unable to find the element located by 'By.xpath: //md-content[@id='content']/div/div/div/div[2]/div/div'. Please recheck the objects properties to make sure the desired element is located. 

2020-04-22 16:03:00 - [MESSAGE][FAILED] - com.kms.katalon.core.webui.exception.WebElementNotFoundException: Web element with id: 'Object Repository/test manuel objecter 2/Page_nightlyno - Axiell Quria/div_Resultater' located by 'By.xpath: //md-content[@id='content']/div/div/div/div[2]/div/div' not found
[[ATTACHMENT|C:\\Users\\ignacio\\Katalon Studio\\KatalonQuriaTest\\Reports\\Test Quria Advanced Search\\20200422_155707\\1587564178891.png]]

2020-04-22 16:03:00 - [TEST_STEP][PASSED] - click(findTestObject("Object Repository/test manuel objecter 2/Page_nightlyno - Axiell Quria/md-icon_expand_more")): Object: 'Object Repository/test manuel objecter 2/Page_nightlyno - Axiell Quria/md-icon_expand_more' is clicked on

2020-04-22 16:03:02 - [MESSAGE][PASSED] - Object: 'Object Repository/test manuel objecter 2/Page_nightlyno - Axiell Quria/md-icon_expand_more' is clicked on

2020-04-22 16:03:02 - [TEST_STEP][PASSED] - click(findTestObject("Object Repository/test manuel objecter 2/Page_nightlyno - Axiell Quria/a_exit_to_appLogg av")): Object: 'Object Repository/test manuel objecter 2/Page_nightlyno - Axiell Quria/a_exit_to_appLogg av' is clicked on

2020-04-22 16:03:04 - [MESSAGE][PASSED] - Object: 'Object Repository/test manuel objecter 2/Page_nightlyno - Axiell Quria/a_exit_to_appLogg av' is clicked on

2020-04-22 16:03:04 - [TEST_STEP][FAILED] - closeBrowser(): closeBrowser() FAILED.
Reason:
com.kms.katalon.core.exception.StepFailedException: Unable to click on object 'Object Repository/Test Simple Search/Page_nightlyno - Axiell Quria/md-icon' (Root cause: com.kms.katalon.core.webui.exception.WebElementNotFoundException: Web element with id: 'Object Repository/Test Simple Search/Page_nightlyno - Axiell Quria/md-icon' located by 'By.xpath: //a[@id='nav_module_id_collection']/span/md-icon' not found)
	at com.kms.katalon.core.keyword.internal.KeywordMain.stepFailed(KeywordMain.groovy:32)
	at com.kms.katalon.core.webui.keyword.internal.WebUIKeywordMain.stepFailed(WebUIKeywordMain.groovy:65)
	at com.kms.katalon.core.webui.keyword.internal.WebUIKeywordMain.runKeyword(WebUIKeywordMain.groovy:27)
	at com.kms.katalon.core.webui.keyword.builtin.ClickKeyword.click(ClickKeyword.groovy:86)
	at com.kms.katalon.core.webui.keyword.builtin.ClickKeyword.execute(ClickKeyword.groovy:67)
	at com.kms.katalon.core.keyword.internal.KeywordExecutor.executeKeywordForPlatform(KeywordExecutor.groovy:53)
	at com.kms.katalon.core.webui.keyword.WebUiBuiltInKeywords.click(WebUiBuiltInKeywords.groovy:616)
	at com.kms.katalon.core.webui.keyword.WebUiBuiltInKeywords$click$1.call(Unknown Source)
	at Test Advanced Search Boolean Prefix sub AND Prefix cre.run(Test Advanced Search Boolean Prefix sub AND Prefix cre:18)
	at com.kms.katalon.core.main.ScriptEngine.run(ScriptEngine.java:194)
	at com.kms.katalon.core.main.ScriptEngine.runScriptAsRawText(ScriptEngine.java:119)
	at com.kms.katalon.core.main.TestCaseExecutor.runScript(TestCaseExecutor.java:328)
	at com.kms.katalon.core.main.TestCaseExecutor.doExecute(TestCaseExecutor.java:319)
	at com.kms.katalon.core.main.TestCaseExecutor.processExecutionPhase(TestCaseExecutor.java:298)
	at com.kms.katalon.core.main.TestCaseExecutor.accessMainPhase(TestCaseExecutor.java:290)
	at com.kms.katalon.core.main.TestCaseExecutor.execute(TestCaseExecutor.java:224)
	at com.kms.katalon.core.main.TestSuiteExecutor.accessTestCaseMainPhase(TestSuiteExecutor.java:129)
	at com.kms.katalon.core.main.TestSuiteExecutor.accessTestSuiteMainPhase(TestSuiteExecutor.java:112)
	at com.kms.katalon.core.main.TestSuiteExecutor.execute(TestSuiteExecutor.java:81)
	at com.kms.katalon.core.main.TestCaseMain.startTestSuite(TestCaseMain.java:149)
	at com.kms.katalon.core.main.TestCaseMain$startTestSuite$0.call(Unknown Source)
	at TempTestSuite1587563827574.run(TempTestSuite1587563827574.groovy:36)


2020-04-22 16:03:06 - [MESSAGE][PASSED] - Browser is closed

2020-04-22 16:03:06 - [MESSAGE][FAILED] - closeBrowser() FAILED.
Reason:
com.kms.katalon.core.exception.StepFailedException: Unable to click on object 'Object Repository/Test Simple Search/Page_nightlyno - Axiell Quria/md-icon' (Root cause: com.kms.katalon.core.webui.exception.WebElementNotFoundException: Web element with id: 'Object Repository/Test Simple Search/Page_nightlyno - Axiell Quria/md-icon' located by 'By.xpath: //a[@id='nav_module_id_collection']/span/md-icon' not found)
	at com.kms.katalon.core.keyword.internal.KeywordMain.stepFailed(KeywordMain.groovy:32)
	at com.kms.katalon.core.webui.keyword.internal.WebUIKeywordMain.stepFailed(WebUIKeywordMain.groovy:65)
	at com.kms.katalon.core.webui.keyword.internal.WebUIKeywordMain.runKeyword(WebUIKeywordMain.groovy:27)
	at com.kms.katalon.core.webui.keyword.builtin.ClickKeyword.click(ClickKeyword.groovy:86)
	at com.kms.katalon.core.webui.keyword.builtin.ClickKeyword.execute(ClickKeyword.groovy:67)
	at com.kms.katalon.core.keyword.internal.KeywordExecutor.executeKeywordForPlatform(KeywordExecutor.groovy:53)
	at com.kms.katalon.core.webui.keyword.WebUiBuiltInKeywords.click(WebUiBuiltInKeywords.groovy:616)
	at com.kms.katalon.core.webui.keyword.WebUiBuiltInKeywords$click$1.call(Unknown Source)
	at Test Advanced Search Boolean Prefix sub AND Prefix cre.run(Test Advanced Search Boolean Prefix sub AND Prefix cre:18)
	at com.kms.katalon.core.main.ScriptEngine.run(ScriptEngine.java:194)
	at com.kms.katalon.core.main.ScriptEngine.runScriptAsRawText(ScriptEngine.java:119)
	at com.kms.katalon.core.main.TestCaseExecutor.runScript(TestCaseExecutor.java:328)
	at com.kms.katalon.core.main.TestCaseExecutor.doExecute(TestCaseExecutor.java:319)
	at com.kms.katalon.core.main.TestCaseExecutor.processExecutionPhase(TestCaseExecutor.java:298)
	at com.kms.katalon.core.main.TestCaseExecutor.accessMainPhase(TestCaseExecutor.java:290)
	at com.kms.katalon.core.main.TestCaseExecutor.execute(TestCaseExecutor.java:224)
	at com.kms.katalon.core.main.TestSuiteExecutor.accessTestCaseMainPhase(TestSuiteExecutor.java:129)
	at com.kms.katalon.core.main.TestSuiteExecutor.accessTestSuiteMainPhase(TestSuiteExecutor.java:112)
	at com.kms.katalon.core.main.TestSuiteExecutor.execute(TestSuiteExecutor.java:81)
	at com.kms.katalon.core.main.TestCaseMain.startTestSuite(TestCaseMain.java:149)
	at com.kms.katalon.core.main.TestCaseMain$startTestSuite$0.call(Unknown Source)
	at TempTestSuite1587563827574.run(TempTestSuite1587563827574.groovy:36)]]></system-out>
         <system-err><![CDATA[2020-04-22 15:59:45 - [TEST_CASE][FAILED] - Test Cases/Test Advanced Search Boolean Prefix sub AND Prefix cre: Test Cases/Test Advanced Search Boolean Prefix sub AND Prefix cre FAILED.
Reason:
com.kms.katalon.core.exception.StepFailedException: Unable to click on object 'Object Repository/Test Simple Search/Page_nightlyno - Axiell Quria/md-icon' (Root cause: com.kms.katalon.core.webui.exception.WebElementNotFoundException: Web element with id: 'Object Repository/Test Simple Search/Page_nightlyno - Axiell Quria/md-icon' located by 'By.xpath: //a[@id='nav_module_id_collection']/span/md-icon' not found)
	at com.kms.katalon.core.keyword.internal.KeywordMain.stepFailed(KeywordMain.groovy:32)
	at com.kms.katalon.core.webui.keyword.internal.WebUIKeywordMain.stepFailed(WebUIKeywordMain.groovy:65)
	at com.kms.katalon.core.webui.keyword.internal.WebUIKeywordMain.runKeyword(WebUIKeywordMain.groovy:27)
	at com.kms.katalon.core.webui.keyword.builtin.ClickKeyword.click(ClickKeyword.groovy:86)
	at com.kms.katalon.core.webui.keyword.builtin.ClickKeyword.execute(ClickKeyword.groovy:67)
	at com.kms.katalon.core.keyword.internal.KeywordExecutor.executeKeywordForPlatform(KeywordExecutor.groovy:53)
	at com.kms.katalon.core.webui.keyword.WebUiBuiltInKeywords.click(WebUiBuiltInKeywords.groovy:616)
	at com.kms.katalon.core.webui.keyword.WebUiBuiltInKeywords$click$1.call(Unknown Source)
	at Test Advanced Search Boolean Prefix sub AND Prefix cre.run(Test Advanced Search Boolean Prefix sub AND Prefix cre:18)
	at com.kms.katalon.core.main.ScriptEngine.run(ScriptEngine.java:194)
	at com.kms.katalon.core.main.ScriptEngine.runScriptAsRawText(ScriptEngine.java:119)
	at com.kms.katalon.core.main.TestCaseExecutor.runScript(TestCaseExecutor.java:328)
	at com.kms.katalon.core.main.TestCaseExecutor.doExecute(TestCaseExecutor.java:319)
	at com.kms.katalon.core.main.TestCaseExecutor.processExecutionPhase(TestCaseExecutor.java:298)
	at com.kms.katalon.core.main.TestCaseExecutor.accessMainPhase(TestCaseExecutor.java:290)
	at com.kms.katalon.core.main.TestCaseExecutor.execute(TestCaseExecutor.java:224)
	at com.kms.katalon.core.main.TestSuiteExecutor.accessTestCaseMainPhase(TestSuiteExecutor.java:129)
	at com.kms.katalon.core.main.TestSuiteExecutor.accessTestSuiteMainPhase(TestSuiteExecutor.java:112)
	at com.kms.katalon.core.main.TestSuiteExecutor.execute(TestSuiteExecutor.java:81)
	at com.kms.katalon.core.main.TestCaseMain.startTestSuite(TestCaseMain.java:149)
	at com.kms.katalon.core.main.TestCaseMain$startTestSuite$0.call(Unknown Source)
	at TempTestSuite1587563827574.run(TempTestSuite1587563827574.groovy:36)]]></system-err>
      </testcase>
      <testcase name="Test Cases/Test Advanced Search Boolean Prefix sub NOT Prefix cre" classname="Test Cases/Test Advanced Search Boolean Prefix sub NOT Prefix cre" status="PASSED">
         <system-out><![CDATA[2020-04-22 16:03:06 - [TEST_CASE][PASSED] - Test Cases/Test Advanced Search Boolean Prefix sub NOT Prefix cre: Test Cases/Test Advanced Search Boolean Prefix sub NOT Prefix cre

2020-04-22 16:03:07 - [TEST_STEP][PASSED] - callTestCase(findTestCase("Test Patron/Test Case Login"), [:], STOP_ON_FAILURE): Call Test Case 'Test Cases/Test Patron/Test Case Login' successfully

2020-04-22 16:03:07 - [TEST_CASE][PASSED] - Test Cases/Test Patron/Test Case Login: Test Cases/Test Patron/Test Case Login

2020-04-22 16:03:07 - [TEST_STEP][PASSED] - openBrowser(""): Browser is opened with url: ''

2020-04-22 16:03:07 - [MESSAGE][INFO] - Starting 'Chrome' driver

2020-04-22 16:03:17 - [MESSAGE][PASSED] - Browser is opened with url: ''

2020-04-22 16:03:17 - [TEST_STEP][PASSED] - navigateToUrl("https://nightlyno.quriaint.axiell.com"): Navigate to 'https://nightlyno.quriaint.axiell.com' successfully

2020-04-22 16:03:19 - [MESSAGE][PASSED] - Navigate to 'https://nightlyno.quriaint.axiell.com' successfully

2020-04-22 16:03:19 - [TEST_STEP][PASSED] - click(findTestObject("Test Simple Search/Page_Axiell Quria/a_Sign in with Google")): Object: 'Object Repository/Test Simple Search/Page_Axiell Quria/a_Sign in with Google' is clicked on

2020-04-22 16:03:27 - [MESSAGE][PASSED] - Object: 'Object Repository/Test Simple Search/Page_Axiell Quria/a_Sign in with Google' is clicked on

2020-04-22 16:03:27 - [TEST_STEP][PASSED] - setText(findTestObject("Capture Object Patron/Page_Axiell Quria/input_axiell.com_identifier"), "axiell.norge.quria@gmail.com"): Text 'axiell.norge.quria@gmail.com' is set on object 'Object Repository/Capture Object Patron/Page_Axiell Quria/input_axiell.com_identifier'

2020-04-22 16:03:32 - [MESSAGE][PASSED] - Text 'axiell.norge.quria@gmail.com' is set on object 'Object Repository/Capture Object Patron/Page_Axiell Quria/input_axiell.com_identifier'

2020-04-22 16:03:32 - [TEST_STEP][PASSED] - click(findTestObject("Capture Object Patron/Page_Logg p  Google-kontoer/span_Neste")): Object: 'Object Repository/Capture Object Patron/Page_Logg p  Google-kontoer/span_Neste' is clicked on

2020-04-22 16:03:35 - [MESSAGE][PASSED] - Object: 'Object Repository/Capture Object Patron/Page_Logg p  Google-kontoer/span_Neste' is clicked on

2020-04-22 16:03:35 - [TEST_STEP][PASSED] - waitForElementVisible(findTestObject("Capture Object Patron/Page_Axiell Quria/input_Password"), 30): Object 'Object Repository/Capture Object Patron/Page_Axiell Quria/input_Password' is visible

2020-04-22 16:03:37 - [MESSAGE][PASSED] - Object 'Object Repository/Capture Object Patron/Page_Axiell Quria/input_Password' is visible

2020-04-22 16:03:37 - [TEST_STEP][PASSED] - setEncryptedText(findTestObject("Capture Object Patron/Page_Axiell Quria/input_Password"), "d097ITWPO7f2v9EptRJGCg=="): Text ****** has been set on object 'Object Repository/Capture Object Patron/Page_Axiell Quria/input_Password'

2020-04-22 16:03:40 - [MESSAGE][PASSED] - Text ****** has been set on object 'Object Repository/Capture Object Patron/Page_Axiell Quria/input_Password'

2020-04-22 16:03:40 - [TEST_STEP][PASSED] - click(findTestObject("Manual Captured Objects/Page_Logg p  Google-kontoer/div_Neste")): Object: 'Object Repository/Manual Captured Objects/Page_Logg p  Google-kontoer/div_Neste' is clicked on

2020-04-22 16:03:42 - [MESSAGE][PASSED] - Object: 'Object Repository/Manual Captured Objects/Page_Logg p  Google-kontoer/div_Neste' is clicked on

2020-04-22 16:03:42 - [MESSAGE][PASSED] - Call Test Case 'Test Cases/Test Patron/Test Case Login' successfully

2020-04-22 16:03:42 - [TEST_STEP][PASSED] - click(findTestObject("Object Repository/Test Simple Search/Page_nightlyno - Axiell Quria/md-icon")): Object: 'Object Repository/Test Simple Search/Page_nightlyno - Axiell Quria/md-icon' is clicked on

2020-04-22 16:03:59 - [MESSAGE][PASSED] - Object: 'Object Repository/Test Simple Search/Page_nightlyno - Axiell Quria/md-icon' is clicked on

2020-04-22 16:03:59 - [TEST_STEP][PASSED] - setText(findTestObject("Object Repository/Test Simple Search/Page_nightlyno - Axiell Quria/input_Abonnementer_search-inpu"), "sub:romantikk NOT cre:boge"): Text 'sub:romantikk NOT cre:boge' is set on object 'Object Repository/Test Simple Search/Page_nightlyno - Axiell Quria/input_Abonnementer_search-inpu'

2020-04-22 16:04:04 - [MESSAGE][PASSED] - Text 'sub:romantikk NOT cre:boge' is set on object 'Object Repository/Test Simple Search/Page_nightlyno - Axiell Quria/input_Abonnementer_search-inpu'

2020-04-22 16:04:04 - [TEST_STEP][PASSED] - click(findTestObject("test manuel objecter 2/Page_nightlyno - Axiell Quria/md-icon_1")): Object: 'Object Repository/test manuel objecter 2/Page_nightlyno - Axiell Quria/md-icon_1' is clicked on

2020-04-22 16:04:06 - [MESSAGE][PASSED] - Object: 'Object Repository/test manuel objecter 2/Page_nightlyno - Axiell Quria/md-icon_1' is clicked on

2020-04-22 16:04:06 - [TEST_STEP][PASSED] - click(findTestObject("test manuel objecter 2/Page_nightlyno - Axiell Quria/div_Resultater")): Object: 'Object Repository/test manuel objecter 2/Page_nightlyno - Axiell Quria/div_Resultater' is clicked on

2020-04-22 16:04:08 - [MESSAGE][PASSED] - Object: 'Object Repository/test manuel objecter 2/Page_nightlyno - Axiell Quria/div_Resultater' is clicked on

2020-04-22 16:04:08 - [TEST_STEP][PASSED] - verifyElementText(findTestObject("test manuel objecter 2/Page_nightlyno - Axiell Quria/div_Resultater"), "Resultater: 484"): Actual text and expected text of test object 'Object Repository/test manuel objecter 2/Page_nightlyno - Axiell Quria/div_Resultater' are matched.

2020-04-22 16:04:10 - [MESSAGE][PASSED] - Actual text and expected text of test object 'Object Repository/test manuel objecter 2/Page_nightlyno - Axiell Quria/div_Resultater' are matched.

2020-04-22 16:04:10 - [TEST_STEP][PASSED] - click(findTestObject("Object Repository/test manuel objecter 2/Page_nightlyno - Axiell Quria/md-icon_expand_more")): Object: 'Object Repository/test manuel objecter 2/Page_nightlyno - Axiell Quria/md-icon_expand_more' is clicked on

2020-04-22 16:04:13 - [MESSAGE][PASSED] - Object: 'Object Repository/test manuel objecter 2/Page_nightlyno - Axiell Quria/md-icon_expand_more' is clicked on

2020-04-22 16:04:13 - [TEST_STEP][PASSED] - click(findTestObject("Object Repository/test manuel objecter 2/Page_nightlyno - Axiell Quria/a_exit_to_appLogg av")): Object: 'Object Repository/test manuel objecter 2/Page_nightlyno - Axiell Quria/a_exit_to_appLogg av' is clicked on

2020-04-22 16:04:15 - [MESSAGE][PASSED] - Object: 'Object Repository/test manuel objecter 2/Page_nightlyno - Axiell Quria/a_exit_to_appLogg av' is clicked on

2020-04-22 16:04:15 - [TEST_STEP][PASSED] - closeBrowser(): Browser is closed

2020-04-22 16:04:17 - [MESSAGE][PASSED] - Browser is closed]]></system-out>
         <system-err><![CDATA[]]></system-err>
      </testcase>
      <testcase name="Test Cases/Test Advanced Search Boolean Prefix sub OR Prefix cre" classname="Test Cases/Test Advanced Search Boolean Prefix sub OR Prefix cre" status="PASSED">
         <system-out><![CDATA[2020-04-22 16:04:17 - [TEST_CASE][PASSED] - Test Cases/Test Advanced Search Boolean Prefix sub OR Prefix cre: Test Cases/Test Advanced Search Boolean Prefix sub OR Prefix cre

2020-04-22 16:04:18 - [TEST_STEP][PASSED] - callTestCase(findTestCase("Test Patron/Test Case Login"), [:], STOP_ON_FAILURE): Call Test Case 'Test Cases/Test Patron/Test Case Login' successfully

2020-04-22 16:04:18 - [TEST_CASE][PASSED] - Test Cases/Test Patron/Test Case Login: Test Cases/Test Patron/Test Case Login

2020-04-22 16:04:18 - [TEST_STEP][PASSED] - openBrowser(""): Browser is opened with url: ''

2020-04-22 16:04:18 - [MESSAGE][INFO] - Starting 'Chrome' driver

2020-04-22 16:04:28 - [MESSAGE][PASSED] - Browser is opened with url: ''

2020-04-22 16:04:28 - [TEST_STEP][PASSED] - navigateToUrl("https://nightlyno.quriaint.axiell.com"): Navigate to 'https://nightlyno.quriaint.axiell.com' successfully

2020-04-22 16:04:30 - [MESSAGE][PASSED] - Navigate to 'https://nightlyno.quriaint.axiell.com' successfully

2020-04-22 16:04:30 - [TEST_STEP][PASSED] - click(findTestObject("Test Simple Search/Page_Axiell Quria/a_Sign in with Google")): Object: 'Object Repository/Test Simple Search/Page_Axiell Quria/a_Sign in with Google' is clicked on

2020-04-22 16:04:36 - [MESSAGE][PASSED] - Object: 'Object Repository/Test Simple Search/Page_Axiell Quria/a_Sign in with Google' is clicked on

2020-04-22 16:04:36 - [TEST_STEP][PASSED] - setText(findTestObject("Capture Object Patron/Page_Axiell Quria/input_axiell.com_identifier"), "axiell.norge.quria@gmail.com"): Text 'axiell.norge.quria@gmail.com' is set on object 'Object Repository/Capture Object Patron/Page_Axiell Quria/input_axiell.com_identifier'

2020-04-22 16:04:41 - [MESSAGE][PASSED] - Text 'axiell.norge.quria@gmail.com' is set on object 'Object Repository/Capture Object Patron/Page_Axiell Quria/input_axiell.com_identifier'

2020-04-22 16:04:41 - [TEST_STEP][PASSED] - click(findTestObject("Capture Object Patron/Page_Logg p  Google-kontoer/span_Neste")): Object: 'Object Repository/Capture Object Patron/Page_Logg p  Google-kontoer/span_Neste' is clicked on

2020-04-22 16:04:43 - [MESSAGE][PASSED] - Object: 'Object Repository/Capture Object Patron/Page_Logg p  Google-kontoer/span_Neste' is clicked on

2020-04-22 16:04:43 - [TEST_STEP][PASSED] - waitForElementVisible(findTestObject("Capture Object Patron/Page_Axiell Quria/input_Password"), 30): Object 'Object Repository/Capture Object Patron/Page_Axiell Quria/input_Password' is visible

2020-04-22 16:04:46 - [MESSAGE][PASSED] - Object 'Object Repository/Capture Object Patron/Page_Axiell Quria/input_Password' is visible

2020-04-22 16:04:46 - [TEST_STEP][PASSED] - setEncryptedText(findTestObject("Capture Object Patron/Page_Axiell Quria/input_Password"), "d097ITWPO7f2v9EptRJGCg=="): Text ****** has been set on object 'Object Repository/Capture Object Patron/Page_Axiell Quria/input_Password'

2020-04-22 16:04:49 - [MESSAGE][PASSED] - Text ****** has been set on object 'Object Repository/Capture Object Patron/Page_Axiell Quria/input_Password'

2020-04-22 16:04:49 - [TEST_STEP][PASSED] - click(findTestObject("Manual Captured Objects/Page_Logg p  Google-kontoer/div_Neste")): Object: 'Object Repository/Manual Captured Objects/Page_Logg p  Google-kontoer/div_Neste' is clicked on

2020-04-22 16:04:51 - [MESSAGE][PASSED] - Object: 'Object Repository/Manual Captured Objects/Page_Logg p  Google-kontoer/div_Neste' is clicked on

2020-04-22 16:04:51 - [MESSAGE][PASSED] - Call Test Case 'Test Cases/Test Patron/Test Case Login' successfully

2020-04-22 16:04:51 - [TEST_STEP][PASSED] - click(findTestObject("Object Repository/Test Simple Search/Page_nightlyno - Axiell Quria/md-icon")): Object: 'Object Repository/Test Simple Search/Page_nightlyno - Axiell Quria/md-icon' is clicked on

2020-04-22 16:05:08 - [MESSAGE][PASSED] - Object: 'Object Repository/Test Simple Search/Page_nightlyno - Axiell Quria/md-icon' is clicked on

2020-04-22 16:05:08 - [TEST_STEP][PASSED] - setText(findTestObject("Object Repository/Test Simple Search/Page_nightlyno - Axiell Quria/input_Abonnementer_search-inpu"), "sub:romantikk OR cre:boge"): Text 'sub:romantikk OR cre:boge' is set on object 'Object Repository/Test Simple Search/Page_nightlyno - Axiell Quria/input_Abonnementer_search-inpu'

2020-04-22 16:05:13 - [MESSAGE][PASSED] - Text 'sub:romantikk OR cre:boge' is set on object 'Object Repository/Test Simple Search/Page_nightlyno - Axiell Quria/input_Abonnementer_search-inpu'

2020-04-22 16:05:13 - [TEST_STEP][PASSED] - click(findTestObject("test manuel objecter 2/Page_nightlyno - Axiell Quria/md-icon_1")): Object: 'Object Repository/test manuel objecter 2/Page_nightlyno - Axiell Quria/md-icon_1' is clicked on

2020-04-22 16:05:15 - [MESSAGE][PASSED] - Object: 'Object Repository/test manuel objecter 2/Page_nightlyno - Axiell Quria/md-icon_1' is clicked on

2020-04-22 16:05:15 - [TEST_STEP][PASSED] - click(findTestObject("test manuel objecter 2/Page_nightlyno - Axiell Quria/div_Resultater")): Object: 'Object Repository/test manuel objecter 2/Page_nightlyno - Axiell Quria/div_Resultater' is clicked on

2020-04-22 16:05:17 - [MESSAGE][PASSED] - Object: 'Object Repository/test manuel objecter 2/Page_nightlyno - Axiell Quria/div_Resultater' is clicked on

2020-04-22 16:05:17 - [TEST_STEP][PASSED] - verifyElementText(findTestObject("test manuel objecter 2/Page_nightlyno - Axiell Quria/div_Resultater"), "Resultater: 538"): Actual text and expected text of test object 'Object Repository/test manuel objecter 2/Page_nightlyno - Axiell Quria/div_Resultater' are matched.

2020-04-22 16:05:19 - [MESSAGE][PASSED] - Actual text and expected text of test object 'Object Repository/test manuel objecter 2/Page_nightlyno - Axiell Quria/div_Resultater' are matched.

2020-04-22 16:05:19 - [TEST_STEP][PASSED] - click(findTestObject("Object Repository/test manuel objecter 2/Page_nightlyno - Axiell Quria/md-icon_expand_more")): Object: 'Object Repository/test manuel objecter 2/Page_nightlyno - Axiell Quria/md-icon_expand_more' is clicked on

2020-04-22 16:05:22 - [MESSAGE][PASSED] - Object: 'Object Repository/test manuel objecter 2/Page_nightlyno - Axiell Quria/md-icon_expand_more' is clicked on

2020-04-22 16:05:22 - [TEST_STEP][PASSED] - click(findTestObject("Object Repository/test manuel objecter 2/Page_nightlyno - Axiell Quria/a_exit_to_appLogg av")): Object: 'Object Repository/test manuel objecter 2/Page_nightlyno - Axiell Quria/a_exit_to_appLogg av' is clicked on

2020-04-22 16:05:24 - [MESSAGE][PASSED] - Object: 'Object Repository/test manuel objecter 2/Page_nightlyno - Axiell Quria/a_exit_to_appLogg av' is clicked on

2020-04-22 16:05:24 - [TEST_STEP][PASSED] - closeBrowser(): Browser is closed

2020-04-22 16:05:26 - [MESSAGE][PASSED] - Browser is closed]]></system-out>
         <system-err><![CDATA[]]></system-err>
      </testcase>
      <testcase name="Test Cases/Test Advanced Search Boolean Prefix sub" classname="Test Cases/Test Advanced Search Boolean Prefix sub" status="FAILED">
         <failure type="FAILED" message="Test Cases/Test Advanced Search Boolean Prefix sub FAILED.
Reason:
com.kms.katalon.core.exception.StepFailedException: Actual text 'Resultater: 538' and expected text 'Resultater: 537' of test object 'Object Repository/test manuel objecter 2/Page_nightlyno - Axiell Quria/div_Resultater' are NOT matched.
	at com.kms.katalon.core.keyword.internal.KeywordMain.stepFailed(KeywordMain.groovy:32)
	at com.kms.katalon.core.webui.keyword.internal.WebUIKeywordMain.stepFailed(WebUIKeywordMain.groovy:65)
	at com.kms.katalon.core.webui.keyword.builtin.VerifyElementTextKeyword$_verifyElementText_closure1.doCall(VerifyElementTextKeyword.groovy:57)
	at com.kms.katalon.core.webui.keyword.builtin.VerifyElementTextKeyword$_verifyElementText_closure1.call(VerifyElementTextKeyword.groovy)
	at com.kms.katalon.core.webui.keyword.internal.WebUIKeywordMain.runKeyword(WebUIKeywordMain.groovy:21)
	at com.kms.katalon.core.webui.keyword.builtin.VerifyElementTextKeyword.verifyElementText(VerifyElementTextKeyword.groovy:72)
	at com.kms.katalon.core.webui.keyword.builtin.VerifyElementTextKeyword.execute(VerifyElementTextKeyword.groovy:40)
	at com.kms.katalon.core.keyword.internal.KeywordExecutor.executeKeywordForPlatform(KeywordExecutor.groovy:53)
	at com.kms.katalon.core.webui.keyword.WebUiBuiltInKeywords.verifyElementText(WebUiBuiltInKeywords.groovy:3663)
	at com.kms.katalon.core.webui.keyword.WebUiBuiltInKeywords$verifyElementText$5.call(Unknown Source)
	at Test Advanced Search Boolean Prefix sub.run(Test Advanced Search Boolean Prefix sub:27)
	at com.kms.katalon.core.main.ScriptEngine.run(ScriptEngine.java:194)
	at com.kms.katalon.core.main.ScriptEngine.runScriptAsRawText(ScriptEngine.java:119)
	at com.kms.katalon.core.main.TestCaseExecutor.runScript(TestCaseExecutor.java:328)
	at com.kms.katalon.core.main.TestCaseExecutor.doExecute(TestCaseExecutor.java:319)
	at com.kms.katalon.core.main.TestCaseExecutor.processExecutionPhase(TestCaseExecutor.java:298)
	at com.kms.katalon.core.main.TestCaseExecutor.accessMainPhase(TestCaseExecutor.java:290)
	at com.kms.katalon.core.main.TestCaseExecutor.execute(TestCaseExecutor.java:224)
	at com.kms.katalon.core.main.TestSuiteExecutor.accessTestCaseMainPhase(TestSuiteExecutor.java:129)
	at com.kms.katalon.core.main.TestSuiteExecutor.accessTestSuiteMainPhase(TestSuiteExecutor.java:112)
	at com.kms.katalon.core.main.TestSuiteExecutor.execute(TestSuiteExecutor.java:81)
	at com.kms.katalon.core.main.TestCaseMain.startTestSuite(TestCaseMain.java:149)
	at com.kms.katalon.core.main.TestCaseMain$startTestSuite$0.call(Unknown Source)
	at TempTestSuite1587563827574.run(TempTestSuite1587563827574.groovy:36)
"/>
         <system-out><![CDATA[2020-04-22 16:05:26 - [TEST_CASE][FAILED] - Test Cases/Test Advanced Search Boolean Prefix sub: Test Cases/Test Advanced Search Boolean Prefix sub FAILED.
Reason:
com.kms.katalon.core.exception.StepFailedException: Actual text 'Resultater: 538' and expected text 'Resultater: 537' of test object 'Object Repository/test manuel objecter 2/Page_nightlyno - Axiell Quria/div_Resultater' are NOT matched.
	at com.kms.katalon.core.keyword.internal.KeywordMain.stepFailed(KeywordMain.groovy:32)
	at com.kms.katalon.core.webui.keyword.internal.WebUIKeywordMain.stepFailed(WebUIKeywordMain.groovy:65)
	at com.kms.katalon.core.webui.keyword.builtin.VerifyElementTextKeyword$_verifyElementText_closure1.doCall(VerifyElementTextKeyword.groovy:57)
	at com.kms.katalon.core.webui.keyword.builtin.VerifyElementTextKeyword$_verifyElementText_closure1.call(VerifyElementTextKeyword.groovy)
	at com.kms.katalon.core.webui.keyword.internal.WebUIKeywordMain.runKeyword(WebUIKeywordMain.groovy:21)
	at com.kms.katalon.core.webui.keyword.builtin.VerifyElementTextKeyword.verifyElementText(VerifyElementTextKeyword.groovy:72)
	at com.kms.katalon.core.webui.keyword.builtin.VerifyElementTextKeyword.execute(VerifyElementTextKeyword.groovy:40)
	at com.kms.katalon.core.keyword.internal.KeywordExecutor.executeKeywordForPlatform(KeywordExecutor.groovy:53)
	at com.kms.katalon.core.webui.keyword.WebUiBuiltInKeywords.verifyElementText(WebUiBuiltInKeywords.groovy:3663)
	at com.kms.katalon.core.webui.keyword.WebUiBuiltInKeywords$verifyElementText$5.call(Unknown Source)
	at Test Advanced Search Boolean Prefix sub.run(Test Advanced Search Boolean Prefix sub:27)
	at com.kms.katalon.core.main.ScriptEngine.run(ScriptEngine.java:194)
	at com.kms.katalon.core.main.ScriptEngine.runScriptAsRawText(ScriptEngine.java:119)
	at com.kms.katalon.core.main.TestCaseExecutor.runScript(TestCaseExecutor.java:328)
	at com.kms.katalon.core.main.TestCaseExecutor.doExecute(TestCaseExecutor.java:319)
	at com.kms.katalon.core.main.TestCaseExecutor.processExecutionPhase(TestCaseExecutor.java:298)
	at com.kms.katalon.core.main.TestCaseExecutor.accessMainPhase(TestCaseExecutor.java:290)
	at com.kms.katalon.core.main.TestCaseExecutor.execute(TestCaseExecutor.java:224)
	at com.kms.katalon.core.main.TestSuiteExecutor.accessTestCaseMainPhase(TestSuiteExecutor.java:129)
	at com.kms.katalon.core.main.TestSuiteExecutor.accessTestSuiteMainPhase(TestSuiteExecutor.java:112)
	at com.kms.katalon.core.main.TestSuiteExecutor.execute(TestSuiteExecutor.java:81)
	at com.kms.katalon.core.main.TestCaseMain.startTestSuite(TestCaseMain.java:149)
	at com.kms.katalon.core.main.TestCaseMain$startTestSuite$0.call(Unknown Source)
	at TempTestSuite1587563827574.run(TempTestSuite1587563827574.groovy:36)


2020-04-22 16:05:26 - [TEST_STEP][PASSED] - callTestCase(findTestCase("Test Patron/Test Case Login"), [:], STOP_ON_FAILURE): Call Test Case 'Test Cases/Test Patron/Test Case Login' successfully

2020-04-22 16:05:26 - [TEST_CASE][PASSED] - Test Cases/Test Patron/Test Case Login: Test Cases/Test Patron/Test Case Login

2020-04-22 16:05:26 - [TEST_STEP][PASSED] - openBrowser(""): Browser is opened with url: ''

2020-04-22 16:05:26 - [MESSAGE][INFO] - Starting 'Chrome' driver

2020-04-22 16:05:36 - [MESSAGE][PASSED] - Browser is opened with url: ''

2020-04-22 16:05:36 - [TEST_STEP][PASSED] - navigateToUrl("https://nightlyno.quriaint.axiell.com"): Navigate to 'https://nightlyno.quriaint.axiell.com' successfully

2020-04-22 16:05:37 - [MESSAGE][PASSED] - Navigate to 'https://nightlyno.quriaint.axiell.com' successfully

2020-04-22 16:05:37 - [TEST_STEP][PASSED] - click(findTestObject("Test Simple Search/Page_Axiell Quria/a_Sign in with Google")): Object: 'Object Repository/Test Simple Search/Page_Axiell Quria/a_Sign in with Google' is clicked on

2020-04-22 16:05:44 - [MESSAGE][PASSED] - Object: 'Object Repository/Test Simple Search/Page_Axiell Quria/a_Sign in with Google' is clicked on

2020-04-22 16:05:44 - [TEST_STEP][PASSED] - setText(findTestObject("Capture Object Patron/Page_Axiell Quria/input_axiell.com_identifier"), "axiell.norge.quria@gmail.com"): Text 'axiell.norge.quria@gmail.com' is set on object 'Object Repository/Capture Object Patron/Page_Axiell Quria/input_axiell.com_identifier'

2020-04-22 16:05:48 - [MESSAGE][PASSED] - Text 'axiell.norge.quria@gmail.com' is set on object 'Object Repository/Capture Object Patron/Page_Axiell Quria/input_axiell.com_identifier'

2020-04-22 16:05:48 - [TEST_STEP][PASSED] - click(findTestObject("Capture Object Patron/Page_Logg p  Google-kontoer/span_Neste")): Object: 'Object Repository/Capture Object Patron/Page_Logg p  Google-kontoer/span_Neste' is clicked on

2020-04-22 16:05:51 - [MESSAGE][PASSED] - Object: 'Object Repository/Capture Object Patron/Page_Logg p  Google-kontoer/span_Neste' is clicked on

2020-04-22 16:05:51 - [TEST_STEP][PASSED] - waitForElementVisible(findTestObject("Capture Object Patron/Page_Axiell Quria/input_Password"), 30): Object 'Object Repository/Capture Object Patron/Page_Axiell Quria/input_Password' is visible

2020-04-22 16:05:53 - [MESSAGE][PASSED] - Object 'Object Repository/Capture Object Patron/Page_Axiell Quria/input_Password' is visible

2020-04-22 16:05:53 - [TEST_STEP][PASSED] - setEncryptedText(findTestObject("Capture Object Patron/Page_Axiell Quria/input_Password"), "d097ITWPO7f2v9EptRJGCg=="): Text ****** has been set on object 'Object Repository/Capture Object Patron/Page_Axiell Quria/input_Password'

2020-04-22 16:05:56 - [MESSAGE][PASSED] - Text ****** has been set on object 'Object Repository/Capture Object Patron/Page_Axiell Quria/input_Password'

2020-04-22 16:05:56 - [TEST_STEP][PASSED] - click(findTestObject("Manual Captured Objects/Page_Logg p  Google-kontoer/div_Neste")): Object: 'Object Repository/Manual Captured Objects/Page_Logg p  Google-kontoer/div_Neste' is clicked on

2020-04-22 16:05:58 - [MESSAGE][PASSED] - Object: 'Object Repository/Manual Captured Objects/Page_Logg p  Google-kontoer/div_Neste' is clicked on

2020-04-22 16:05:58 - [MESSAGE][PASSED] - Call Test Case 'Test Cases/Test Patron/Test Case Login' successfully

2020-04-22 16:05:58 - [TEST_STEP][PASSED] - click(findTestObject("Object Repository/Test Simple Search/Page_nightlyno - Axiell Quria/md-icon")): Object: 'Object Repository/Test Simple Search/Page_nightlyno - Axiell Quria/md-icon' is clicked on

2020-04-22 16:06:17 - [MESSAGE][PASSED] - Object: 'Object Repository/Test Simple Search/Page_nightlyno - Axiell Quria/md-icon' is clicked on

2020-04-22 16:06:17 - [TEST_STEP][PASSED] - setText(findTestObject("Object Repository/Test Simple Search/Page_nightlyno - Axiell Quria/input_Abonnementer_search-inpu"), "sub:romantikk"): Text 'sub:romantikk' is set on object 'Object Repository/Test Simple Search/Page_nightlyno - Axiell Quria/input_Abonnementer_search-inpu'

2020-04-22 16:06:21 - [MESSAGE][PASSED] - Text 'sub:romantikk' is set on object 'Object Repository/Test Simple Search/Page_nightlyno - Axiell Quria/input_Abonnementer_search-inpu'

2020-04-22 16:06:21 - [TEST_STEP][PASSED] - click(findTestObject("test manuel objecter 2/Page_nightlyno - Axiell Quria/md-icon_1")): Object: 'Object Repository/test manuel objecter 2/Page_nightlyno - Axiell Quria/md-icon_1' is clicked on

2020-04-22 16:06:23 - [MESSAGE][PASSED] - Object: 'Object Repository/test manuel objecter 2/Page_nightlyno - Axiell Quria/md-icon_1' is clicked on

2020-04-22 16:06:23 - [TEST_STEP][PASSED] - click(findTestObject("test manuel objecter 2/Page_nightlyno - Axiell Quria/div_Resultater")): Object: 'Object Repository/test manuel objecter 2/Page_nightlyno - Axiell Quria/div_Resultater' is clicked on

2020-04-22 16:06:25 - [MESSAGE][PASSED] - Object: 'Object Repository/test manuel objecter 2/Page_nightlyno - Axiell Quria/div_Resultater' is clicked on

2020-04-22 16:06:25 - [TEST_STEP][FAILED] - verifyElementText(findTestObject("test manuel objecter 2/Page_nightlyno - Axiell Quria/div_Resultater"), "Resultater: 537"): Actual text 'Resultater: 538' and expected text 'Resultater: 537' of test object 'Object Repository/test manuel objecter 2/Page_nightlyno - Axiell Quria/div_Resultater' are NOT matched.

2020-04-22 16:06:29 - [MESSAGE][FAILED] - Actual text 'Resultater: 538' and expected text 'Resultater: 537' of test object 'Object Repository/test manuel objecter 2/Page_nightlyno - Axiell Quria/div_Resultater' are NOT matched.
[[ATTACHMENT|C:\\Users\\ignacio\\Katalon Studio\\KatalonQuriaTest\\Reports\\Test Quria Advanced Search\\20200422_155707\\1587564387952.png]]

2020-04-22 16:06:29 - [TEST_STEP][PASSED] - click(findTestObject("Object Repository/test manuel objecter 2/Page_nightlyno - Axiell Quria/md-icon_expand_more")): Object: 'Object Repository/test manuel objecter 2/Page_nightlyno - Axiell Quria/md-icon_expand_more' is clicked on

2020-04-22 16:06:31 - [MESSAGE][PASSED] - Object: 'Object Repository/test manuel objecter 2/Page_nightlyno - Axiell Quria/md-icon_expand_more' is clicked on

2020-04-22 16:06:31 - [TEST_STEP][PASSED] - click(findTestObject("Object Repository/test manuel objecter 2/Page_nightlyno - Axiell Quria/a_exit_to_appLogg av")): Object: 'Object Repository/test manuel objecter 2/Page_nightlyno - Axiell Quria/a_exit_to_appLogg av' is clicked on

2020-04-22 16:06:33 - [MESSAGE][PASSED] - Object: 'Object Repository/test manuel objecter 2/Page_nightlyno - Axiell Quria/a_exit_to_appLogg av' is clicked on

2020-04-22 16:06:33 - [TEST_STEP][FAILED] - closeBrowser(): closeBrowser() FAILED.
Reason:
com.kms.katalon.core.exception.StepFailedException: Actual text 'Resultater: 538' and expected text 'Resultater: 537' of test object 'Object Repository/test manuel objecter 2/Page_nightlyno - Axiell Quria/div_Resultater' are NOT matched.
	at com.kms.katalon.core.keyword.internal.KeywordMain.stepFailed(KeywordMain.groovy:32)
	at com.kms.katalon.core.webui.keyword.internal.WebUIKeywordMain.stepFailed(WebUIKeywordMain.groovy:65)
	at com.kms.katalon.core.webui.keyword.builtin.VerifyElementTextKeyword$_verifyElementText_closure1.doCall(VerifyElementTextKeyword.groovy:57)
	at com.kms.katalon.core.webui.keyword.builtin.VerifyElementTextKeyword$_verifyElementText_closure1.call(VerifyElementTextKeyword.groovy)
	at com.kms.katalon.core.webui.keyword.internal.WebUIKeywordMain.runKeyword(WebUIKeywordMain.groovy:21)
	at com.kms.katalon.core.webui.keyword.builtin.VerifyElementTextKeyword.verifyElementText(VerifyElementTextKeyword.groovy:72)
	at com.kms.katalon.core.webui.keyword.builtin.VerifyElementTextKeyword.execute(VerifyElementTextKeyword.groovy:40)
	at com.kms.katalon.core.keyword.internal.KeywordExecutor.executeKeywordForPlatform(KeywordExecutor.groovy:53)
	at com.kms.katalon.core.webui.keyword.WebUiBuiltInKeywords.verifyElementText(WebUiBuiltInKeywords.groovy:3663)
	at com.kms.katalon.core.webui.keyword.WebUiBuiltInKeywords$verifyElementText$5.call(Unknown Source)
	at Test Advanced Search Boolean Prefix sub.run(Test Advanced Search Boolean Prefix sub:27)
	at com.kms.katalon.core.main.ScriptEngine.run(ScriptEngine.java:194)
	at com.kms.katalon.core.main.ScriptEngine.runScriptAsRawText(ScriptEngine.java:119)
	at com.kms.katalon.core.main.TestCaseExecutor.runScript(TestCaseExecutor.java:328)
	at com.kms.katalon.core.main.TestCaseExecutor.doExecute(TestCaseExecutor.java:319)
	at com.kms.katalon.core.main.TestCaseExecutor.processExecutionPhase(TestCaseExecutor.java:298)
	at com.kms.katalon.core.main.TestCaseExecutor.accessMainPhase(TestCaseExecutor.java:290)
	at com.kms.katalon.core.main.TestCaseExecutor.execute(TestCaseExecutor.java:224)
	at com.kms.katalon.core.main.TestSuiteExecutor.accessTestCaseMainPhase(TestSuiteExecutor.java:129)
	at com.kms.katalon.core.main.TestSuiteExecutor.accessTestSuiteMainPhase(TestSuiteExecutor.java:112)
	at com.kms.katalon.core.main.TestSuiteExecutor.execute(TestSuiteExecutor.java:81)
	at com.kms.katalon.core.main.TestCaseMain.startTestSuite(TestCaseMain.java:149)
	at com.kms.katalon.core.main.TestCaseMain$startTestSuite$0.call(Unknown Source)
	at TempTestSuite1587563827574.run(TempTestSuite1587563827574.groovy:36)


2020-04-22 16:06:35 - [MESSAGE][PASSED] - Browser is closed

2020-04-22 16:06:35 - [MESSAGE][FAILED] - closeBrowser() FAILED.
Reason:
com.kms.katalon.core.exception.StepFailedException: Actual text 'Resultater: 538' and expected text 'Resultater: 537' of test object 'Object Repository/test manuel objecter 2/Page_nightlyno - Axiell Quria/div_Resultater' are NOT matched.
	at com.kms.katalon.core.keyword.internal.KeywordMain.stepFailed(KeywordMain.groovy:32)
	at com.kms.katalon.core.webui.keyword.internal.WebUIKeywordMain.stepFailed(WebUIKeywordMain.groovy:65)
	at com.kms.katalon.core.webui.keyword.builtin.VerifyElementTextKeyword$_verifyElementText_closure1.doCall(VerifyElementTextKeyword.groovy:57)
	at com.kms.katalon.core.webui.keyword.builtin.VerifyElementTextKeyword$_verifyElementText_closure1.call(VerifyElementTextKeyword.groovy)
	at com.kms.katalon.core.webui.keyword.internal.WebUIKeywordMain.runKeyword(WebUIKeywordMain.groovy:21)
	at com.kms.katalon.core.webui.keyword.builtin.VerifyElementTextKeyword.verifyElementText(VerifyElementTextKeyword.groovy:72)
	at com.kms.katalon.core.webui.keyword.builtin.VerifyElementTextKeyword.execute(VerifyElementTextKeyword.groovy:40)
	at com.kms.katalon.core.keyword.internal.KeywordExecutor.executeKeywordForPlatform(KeywordExecutor.groovy:53)
	at com.kms.katalon.core.webui.keyword.WebUiBuiltInKeywords.verifyElementText(WebUiBuiltInKeywords.groovy:3663)
	at com.kms.katalon.core.webui.keyword.WebUiBuiltInKeywords$verifyElementText$5.call(Unknown Source)
	at Test Advanced Search Boolean Prefix sub.run(Test Advanced Search Boolean Prefix sub:27)
	at com.kms.katalon.core.main.ScriptEngine.run(ScriptEngine.java:194)
	at com.kms.katalon.core.main.ScriptEngine.runScriptAsRawText(ScriptEngine.java:119)
	at com.kms.katalon.core.main.TestCaseExecutor.runScript(TestCaseExecutor.java:328)
	at com.kms.katalon.core.main.TestCaseExecutor.doExecute(TestCaseExecutor.java:319)
	at com.kms.katalon.core.main.TestCaseExecutor.processExecutionPhase(TestCaseExecutor.java:298)
	at com.kms.katalon.core.main.TestCaseExecutor.accessMainPhase(TestCaseExecutor.java:290)
	at com.kms.katalon.core.main.TestCaseExecutor.execute(TestCaseExecutor.java:224)
	at com.kms.katalon.core.main.TestSuiteExecutor.accessTestCaseMainPhase(TestSuiteExecutor.java:129)
	at com.kms.katalon.core.main.TestSuiteExecutor.accessTestSuiteMainPhase(TestSuiteExecutor.java:112)
	at com.kms.katalon.core.main.TestSuiteExecutor.execute(TestSuiteExecutor.java:81)
	at com.kms.katalon.core.main.TestCaseMain.startTestSuite(TestCaseMain.java:149)
	at com.kms.katalon.core.main.TestCaseMain$startTestSuite$0.call(Unknown Source)
	at TempTestSuite1587563827574.run(TempTestSuite1587563827574.groovy:36)]]></system-out>
         <system-err><![CDATA[2020-04-22 16:05:26 - [TEST_CASE][FAILED] - Test Cases/Test Advanced Search Boolean Prefix sub: Test Cases/Test Advanced Search Boolean Prefix sub FAILED.
Reason:
com.kms.katalon.core.exception.StepFailedException: Actual text 'Resultater: 538' and expected text 'Resultater: 537' of test object 'Object Repository/test manuel objecter 2/Page_nightlyno - Axiell Quria/div_Resultater' are NOT matched.
	at com.kms.katalon.core.keyword.internal.KeywordMain.stepFailed(KeywordMain.groovy:32)
	at com.kms.katalon.core.webui.keyword.internal.WebUIKeywordMain.stepFailed(WebUIKeywordMain.groovy:65)
	at com.kms.katalon.core.webui.keyword.builtin.VerifyElementTextKeyword$_verifyElementText_closure1.doCall(VerifyElementTextKeyword.groovy:57)
	at com.kms.katalon.core.webui.keyword.builtin.VerifyElementTextKeyword$_verifyElementText_closure1.call(VerifyElementTextKeyword.groovy)
	at com.kms.katalon.core.webui.keyword.internal.WebUIKeywordMain.runKeyword(WebUIKeywordMain.groovy:21)
	at com.kms.katalon.core.webui.keyword.builtin.VerifyElementTextKeyword.verifyElementText(VerifyElementTextKeyword.groovy:72)
	at com.kms.katalon.core.webui.keyword.builtin.VerifyElementTextKeyword.execute(VerifyElementTextKeyword.groovy:40)
	at com.kms.katalon.core.keyword.internal.KeywordExecutor.executeKeywordForPlatform(KeywordExecutor.groovy:53)
	at com.kms.katalon.core.webui.keyword.WebUiBuiltInKeywords.verifyElementText(WebUiBuiltInKeywords.groovy:3663)
	at com.kms.katalon.core.webui.keyword.WebUiBuiltInKeywords$verifyElementText$5.call(Unknown Source)
	at Test Advanced Search Boolean Prefix sub.run(Test Advanced Search Boolean Prefix sub:27)
	at com.kms.katalon.core.main.ScriptEngine.run(ScriptEngine.java:194)
	at com.kms.katalon.core.main.ScriptEngine.runScriptAsRawText(ScriptEngine.java:119)
	at com.kms.katalon.core.main.TestCaseExecutor.runScript(TestCaseExecutor.java:328)
	at com.kms.katalon.core.main.TestCaseExecutor.doExecute(TestCaseExecutor.java:319)
	at com.kms.katalon.core.main.TestCaseExecutor.processExecutionPhase(TestCaseExecutor.java:298)
	at com.kms.katalon.core.main.TestCaseExecutor.accessMainPhase(TestCaseExecutor.java:290)
	at com.kms.katalon.core.main.TestCaseExecutor.execute(TestCaseExecutor.java:224)
	at com.kms.katalon.core.main.TestSuiteExecutor.accessTestCaseMainPhase(TestSuiteExecutor.java:129)
	at com.kms.katalon.core.main.TestSuiteExecutor.accessTestSuiteMainPhase(TestSuiteExecutor.java:112)
	at com.kms.katalon.core.main.TestSuiteExecutor.execute(TestSuiteExecutor.java:81)
	at com.kms.katalon.core.main.TestCaseMain.startTestSuite(TestCaseMain.java:149)
	at com.kms.katalon.core.main.TestCaseMain$startTestSuite$0.call(Unknown Source)
	at TempTestSuite1587563827574.run(TempTestSuite1587563827574.groovy:36)]]></system-err>
      </testcase>
      <system-out><![CDATA[2020-04-22 15:57:12 - [TEST_SUITE][FAILED] - Test Quria Advanced Search: Test Cases/Test Advanced Search Boolean Prefix sub AND Prefix cre FAILED.
Reason:
com.kms.katalon.core.exception.StepFailedException: Unable to click on object 'Object Repository/Test Simple Search/Page_nightlyno - Axiell Quria/md-icon' (Root cause: com.kms.katalon.core.webui.exception.WebElementNotFoundException: Web element with id: 'Object Repository/Test Simple Search/Page_nightlyno - Axiell Quria/md-icon' located by 'By.xpath: //a[@id='nav_module_id_collection']/span/md-icon' not found)
	at com.kms.katalon.core.keyword.internal.KeywordMain.stepFailed(KeywordMain.groovy:32)
	at com.kms.katalon.core.webui.keyword.internal.WebUIKeywordMain.stepFailed(WebUIKeywordMain.groovy:65)
	at com.kms.katalon.core.webui.keyword.internal.WebUIKeywordMain.runKeyword(WebUIKeywordMain.groovy:27)
	at com.kms.katalon.core.webui.keyword.builtin.ClickKeyword.click(ClickKeyword.groovy:86)
	at com.kms.katalon.core.webui.keyword.builtin.ClickKeyword.execute(ClickKeyword.groovy:67)
	at com.kms.katalon.core.keyword.internal.KeywordExecutor.executeKeywordForPlatform(KeywordExecutor.groovy:53)
	at com.kms.katalon.core.webui.keyword.WebUiBuiltInKeywords.click(WebUiBuiltInKeywords.groovy:616)
	at com.kms.katalon.core.webui.keyword.WebUiBuiltInKeywords$click$1.call(Unknown Source)
	at Test Advanced Search Boolean Prefix sub AND Prefix cre.run(Test Advanced Search Boolean Prefix sub AND Prefix cre:18)
	at com.kms.katalon.core.main.ScriptEngine.run(ScriptEngine.java:194)
	at com.kms.katalon.core.main.ScriptEngine.runScriptAsRawText(ScriptEngine.java:119)
	at com.kms.katalon.core.main.TestCaseExecutor.runScript(TestCaseExecutor.java:328)
	at com.kms.katalon.core.main.TestCaseExecutor.doExecute(TestCaseExecutor.java:319)
	at com.kms.katalon.core.main.TestCaseExecutor.processExecutionPhase(TestCaseExecutor.java:298)
	at com.kms.katalon.core.main.TestCaseExecutor.accessMainPhase(TestCaseExecutor.java:290)
	at com.kms.katalon.core.main.TestCaseExecutor.execute(TestCaseExecutor.java:224)
	at com.kms.katalon.core.main.TestSuiteExecutor.accessTestCaseMainPhase(TestSuiteExecutor.java:129)
	at com.kms.katalon.core.main.TestSuiteExecutor.accessTestSuiteMainPhase(TestSuiteExecutor.java:112)
	at com.kms.katalon.core.main.TestSuiteExecutor.execute(TestSuiteExecutor.java:81)
	at com.kms.katalon.core.main.TestCaseMain.startTestSuite(TestCaseMain.java:149)
	at com.kms.katalon.core.main.TestCaseMain$startTestSuite$0.call(Unknown Source)
	at TempTestSuite1587563827574.run(TempTestSuite1587563827574.groovy:36)]]></system-out>
      <system-err><![CDATA[2020-04-22 15:57:12 - [TEST_SUITE][FAILED] - Test Quria Advanced Search: Test Cases/Test Advanced Search Boolean Prefix sub AND Prefix cre FAILED.
Reason:
com.kms.katalon.core.exception.StepFailedException: Unable to click on object 'Object Repository/Test Simple Search/Page_nightlyno - Axiell Quria/md-icon' (Root cause: com.kms.katalon.core.webui.exception.WebElementNotFoundException: Web element with id: 'Object Repository/Test Simple Search/Page_nightlyno - Axiell Quria/md-icon' located by 'By.xpath: //a[@id='nav_module_id_collection']/span/md-icon' not found)
	at com.kms.katalon.core.keyword.internal.KeywordMain.stepFailed(KeywordMain.groovy:32)
	at com.kms.katalon.core.webui.keyword.internal.WebUIKeywordMain.stepFailed(WebUIKeywordMain.groovy:65)
	at com.kms.katalon.core.webui.keyword.internal.WebUIKeywordMain.runKeyword(WebUIKeywordMain.groovy:27)
	at com.kms.katalon.core.webui.keyword.builtin.ClickKeyword.click(ClickKeyword.groovy:86)
	at com.kms.katalon.core.webui.keyword.builtin.ClickKeyword.execute(ClickKeyword.groovy:67)
	at com.kms.katalon.core.keyword.internal.KeywordExecutor.executeKeywordForPlatform(KeywordExecutor.groovy:53)
	at com.kms.katalon.core.webui.keyword.WebUiBuiltInKeywords.click(WebUiBuiltInKeywords.groovy:616)
	at com.kms.katalon.core.webui.keyword.WebUiBuiltInKeywords$click$1.call(Unknown Source)
	at Test Advanced Search Boolean Prefix sub AND Prefix cre.run(Test Advanced Search Boolean Prefix sub AND Prefix cre:18)
	at com.kms.katalon.core.main.ScriptEngine.run(ScriptEngine.java:194)
	at com.kms.katalon.core.main.ScriptEngine.runScriptAsRawText(ScriptEngine.java:119)
	at com.kms.katalon.core.main.TestCaseExecutor.runScript(TestCaseExecutor.java:328)
	at com.kms.katalon.core.main.TestCaseExecutor.doExecute(TestCaseExecutor.java:319)
	at com.kms.katalon.core.main.TestCaseExecutor.processExecutionPhase(TestCaseExecutor.java:298)
	at com.kms.katalon.core.main.TestCaseExecutor.accessMainPhase(TestCaseExecutor.java:290)
	at com.kms.katalon.core.main.TestCaseExecutor.execute(TestCaseExecutor.java:224)
	at com.kms.katalon.core.main.TestSuiteExecutor.accessTestCaseMainPhase(TestSuiteExecutor.java:129)
	at com.kms.katalon.core.main.TestSuiteExecutor.accessTestSuiteMainPhase(TestSuiteExecutor.java:112)
	at com.kms.katalon.core.main.TestSuiteExecutor.execute(TestSuiteExecutor.java:81)
	at com.kms.katalon.core.main.TestCaseMain.startTestSuite(TestCaseMain.java:149)
	at com.kms.katalon.core.main.TestCaseMain$startTestSuite$0.call(Unknown Source)
	at TempTestSuite1587563827574.run(TempTestSuite1587563827574.groovy:36)]]></system-err>
   </testsuite>
</testsuites>
