<?xml version="1.0" encoding="UTF-8"?>
<testsuites name="Test Suite Quria Search" time="849" tests="12" failures="3" errors="0">
   <testsuite name="Test Suite Quria Search" tests="12" failures="3" errors="0" time="849" timestamp="2020-03-24 11:54:43" hostname="ignacio - BIBITS-IGNACIO2.bibsent.no" id="Test Suites/Test Suite Quria Search">
      <properties>
         <property name="deviceName" value=""/>
         <property name="devicePlatform" value=""/>
         <property name="logFolder" value="C:\\Users\\ignacio\\Katalon Studio\\KatalonQuriaTest\\Reports\\Test Suite Quria Search\\20200324_115440"/>
         <property name="logFiles" value="C:\\Users\\ignacio\\Katalon Studio\\KatalonQuriaTest\\Reports\\Test Suite Quria Search\\20200324_115440\\execution0.log"/>
         <property name="attachments" value="C:\\Users\\ignacio\\Katalon Studio\\KatalonQuriaTest\\Reports\\Test Suite Quria Search\\20200324_115440\\1585047617187.png, C:\\Users\\ignacio\\Katalon Studio\\KatalonQuriaTest\\Reports\\Test Suite Quria Search\\20200324_115440\\1585047648959.png, C:\\Users\\ignacio\\Katalon Studio\\KatalonQuriaTest\\Reports\\Test Suite Quria Search\\20200324_115440\\1585048016826.png, C:\\Users\\ignacio\\Katalon Studio\\KatalonQuriaTest\\Reports\\Test Suite Quria Search\\20200324_115440\\1585048070614.png"/>
         <property name="hostName" value="ignacio - BIBITS-IGNACIO2.bibsent.no"/>
         <property name="os" value="Windows 10 64bit"/>
         <property name="katalonVersion" value="5.10.0.1"/>
         <property name="browser" value="Chrome 80.0.3987.149"/>
         <property name="hostAddress" value="10.81.254.108"/>
         <property name="sessionId" value="6737dbd52e3b888ad359503936ec69ef"/>
         <property name="seleniumVersion" value="3.7.1"/>
         <property name="proxyInformation" value="ProxyInformation{proxyOption=NO_PROXY, proxyServerType=HTTP, password=, proxyServerAddress=, proxyServerPort=0}"/>
         <property name="platform" value="Windows 10"/>
      </properties>
      <testcase name="Test Cases/Test Simple Search" classname="Test Cases/Test Simple Search" status="PASSED">
         <system-out><![CDATA[2020-03-24 11:54:43 - [TEST_CASE][PASSED] - Test Cases/Test Simple Search: Test Cases/Test Simple Search

2020-03-24 11:54:44 - [TEST_STEP][PASSED] - openBrowser(""): Browser is opened with url: ''

2020-03-24 11:54:44 - [MESSAGE][INFO] - Starting 'Chrome' driver

2020-03-24 11:54:44 - [MESSAGE][INFO] - Action delay is set to 1 seconds

2020-03-24 11:54:55 - [MESSAGE][PASSED] - Browser is opened with url: ''

2020-03-24 11:54:55 - [TEST_STEP][PASSED] - navigateToUrl("https://nightlyno.quriaint.axiell.com/frontend/e6577300-18cd-4938-95dc-8690d6b50505/public/index.html"): Navigate to 'https://nightlyno.quriaint.axiell.com/frontend/e6577300-18cd-4938-95dc-8690d6b50505/public/index.html' successfully

2020-03-24 11:54:57 - [MESSAGE][PASSED] - Navigate to 'https://nightlyno.quriaint.axiell.com/frontend/e6577300-18cd-4938-95dc-8690d6b50505/public/index.html' successfully

2020-03-24 11:54:57 - [TEST_STEP][PASSED] - click(findTestObject("Object Repository/Test Simple Search/Page_Axiell Quria/a_Sign in with Google")): Object: 'Object Repository/Test Simple Search/Page_Axiell Quria/a_Sign in with Google' is clicked on

2020-03-24 11:54:59 - [MESSAGE][PASSED] - Object: 'Object Repository/Test Simple Search/Page_Axiell Quria/a_Sign in with Google' is clicked on

2020-03-24 11:54:59 - [TEST_STEP][PASSED] - setText(findTestObject("Object Repository/Test Simple Search/Page_Logg p  Google-kontoer/input_axiell.com_identifier"), "axiell.norge.quria@gmail.com"): Text 'axiell.norge.quria@gmail.com' is set on object 'Object Repository/Test Simple Search/Page_Logg p  Google-kontoer/input_axiell.com_identifier'

2020-03-24 11:55:04 - [MESSAGE][PASSED] - Text 'axiell.norge.quria@gmail.com' is set on object 'Object Repository/Test Simple Search/Page_Logg p  Google-kontoer/input_axiell.com_identifier'

2020-03-24 11:55:04 - [TEST_STEP][PASSED] - click(findTestObject("Object Repository/Test Simple Search/Page_Logg p  Google-kontoer/span_Neste")): Object: 'Object Repository/Test Simple Search/Page_Logg p  Google-kontoer/span_Neste' is clicked on

2020-03-24 11:55:06 - [MESSAGE][PASSED] - Object: 'Object Repository/Test Simple Search/Page_Logg p  Google-kontoer/span_Neste' is clicked on

2020-03-24 11:55:06 - [TEST_STEP][PASSED] - waitForElementVisible(findTestObject("Test Simple Search/Page_Logg p  Google-kontoer/input_Password"), 30): Object 'Object Repository/Test Simple Search/Page_Logg p  Google-kontoer/input_Password' is visible

2020-03-24 11:55:08 - [MESSAGE][PASSED] - Object 'Object Repository/Test Simple Search/Page_Logg p  Google-kontoer/input_Password' is visible

2020-03-24 11:55:08 - [TEST_STEP][PASSED] - setEncryptedText(findTestObject("Test Simple Search/Page_Logg p  Google-kontoer/input_Password"), "d097ITWPO7f2v9EptRJGCg=="): Text ****** has been set on object 'Object Repository/Test Simple Search/Page_Logg p  Google-kontoer/input_Password'

2020-03-24 11:55:11 - [MESSAGE][PASSED] - Text ****** has been set on object 'Object Repository/Test Simple Search/Page_Logg p  Google-kontoer/input_Password'

2020-03-24 11:55:11 - [TEST_STEP][PASSED] - click(findTestObject("Manual Captured Objects/Page_Logg p  Google-kontoer/div_Neste")): Object: 'Object Repository/Manual Captured Objects/Page_Logg p  Google-kontoer/div_Neste' is clicked on

2020-03-24 11:55:13 - [MESSAGE][PASSED] - Object: 'Object Repository/Manual Captured Objects/Page_Logg p  Google-kontoer/div_Neste' is clicked on

2020-03-24 11:55:13 - [TEST_STEP][PASSED] - click(findTestObject("Object Repository/Test Simple Search/Page_nightlyno - Axiell Quria/md-icon")): Object: 'Object Repository/Test Simple Search/Page_nightlyno - Axiell Quria/md-icon' is clicked on

2020-03-24 11:55:20 - [MESSAGE][PASSED] - Object: 'Object Repository/Test Simple Search/Page_nightlyno - Axiell Quria/md-icon' is clicked on

2020-03-24 11:55:20 - [TEST_STEP][PASSED] - waitForElementVisible(findTestObject("Test Simple Search/Page_nightlyno - Axiell Quria/input_Abonnementer_search-inpu"), 30): Object 'Object Repository/Test Simple Search/Page_nightlyno - Axiell Quria/input_Abonnementer_search-inpu' is visible

2020-03-24 11:55:22 - [MESSAGE][PASSED] - Object 'Object Repository/Test Simple Search/Page_nightlyno - Axiell Quria/input_Abonnementer_search-inpu' is visible

2020-03-24 11:55:22 - [TEST_STEP][PASSED] - setText(findTestObject("Object Repository/Test Simple Search/Page_nightlyno - Axiell Quria/input_Abonnementer_search-inpu"), "Quria"): Text 'Quria' is set on object 'Object Repository/Test Simple Search/Page_nightlyno - Axiell Quria/input_Abonnementer_search-inpu'

2020-03-24 11:55:26 - [MESSAGE][PASSED] - Text 'Quria' is set on object 'Object Repository/Test Simple Search/Page_nightlyno - Axiell Quria/input_Abonnementer_search-inpu'

2020-03-24 11:55:26 - [TEST_STEP][PASSED] - click(findTestObject("test manuel objecter 2/Page_nightlyno - Axiell Quria/md-icon_1")): Object: 'Object Repository/test manuel objecter 2/Page_nightlyno - Axiell Quria/md-icon_1' is clicked on

2020-03-24 11:55:28 - [MESSAGE][PASSED] - Object: 'Object Repository/test manuel objecter 2/Page_nightlyno - Axiell Quria/md-icon_1' is clicked on

2020-03-24 11:55:28 - [TEST_STEP][PASSED] - click(findTestObject("test manuel objecter 2/Page_nightlyno - Axiell Quria/div_Resultater")): Object: 'Object Repository/test manuel objecter 2/Page_nightlyno - Axiell Quria/div_Resultater' is clicked on

2020-03-24 11:55:30 - [MESSAGE][PASSED] - Object: 'Object Repository/test manuel objecter 2/Page_nightlyno - Axiell Quria/div_Resultater' is clicked on

2020-03-24 11:55:30 - [TEST_STEP][PASSED] - verifyElementText(findTestObject("test manuel objecter 2/Page_nightlyno - Axiell Quria/div_Resultater"), "Resultater: 2"): Actual text and expected text of test object 'Object Repository/test manuel objecter 2/Page_nightlyno - Axiell Quria/div_Resultater' are matched.

2020-03-24 11:55:32 - [MESSAGE][PASSED] - Actual text and expected text of test object 'Object Repository/test manuel objecter 2/Page_nightlyno - Axiell Quria/div_Resultater' are matched.

2020-03-24 11:55:32 - [TEST_STEP][PASSED] - click(findTestObject("Object Repository/test manuel objecter 2/Page_nightlyno - Axiell Quria/md-icon_expand_more")): Object: 'Object Repository/test manuel objecter 2/Page_nightlyno - Axiell Quria/md-icon_expand_more' is clicked on

2020-03-24 11:55:35 - [MESSAGE][PASSED] - Object: 'Object Repository/test manuel objecter 2/Page_nightlyno - Axiell Quria/md-icon_expand_more' is clicked on

2020-03-24 11:55:35 - [TEST_STEP][PASSED] - click(findTestObject("Object Repository/test manuel objecter 2/Page_nightlyno - Axiell Quria/a_exit_to_appLogg av")): Object: 'Object Repository/test manuel objecter 2/Page_nightlyno - Axiell Quria/a_exit_to_appLogg av' is clicked on

2020-03-24 11:55:37 - [MESSAGE][PASSED] - Object: 'Object Repository/test manuel objecter 2/Page_nightlyno - Axiell Quria/a_exit_to_appLogg av' is clicked on

2020-03-24 11:55:37 - [TEST_STEP][PASSED] - closeBrowser(): Browser is closed

2020-03-24 11:55:38 - [MESSAGE][PASSED] - Browser is closed]]></system-out>
         <system-err><![CDATA[]]></system-err>
      </testcase>
      <testcase name="Test Cases/Test Simple Search - Facet" classname="Test Cases/Test Simple Search - Facet" status="PASSED">
         <system-out><![CDATA[2020-03-24 11:55:38 - [TEST_CASE][PASSED] - Test Cases/Test Simple Search - Facet: Test Cases/Test Simple Search - Facet

2020-03-24 11:55:39 - [TEST_STEP][PASSED] - openBrowser(""): Browser is opened with url: ''

2020-03-24 11:55:39 - [MESSAGE][INFO] - Starting 'Chrome' driver

2020-03-24 11:55:47 - [MESSAGE][PASSED] - Browser is opened with url: ''

2020-03-24 11:55:47 - [TEST_STEP][PASSED] - navigateToUrl("https://nightlyno.quriaint.axiell.com/frontend/e6577300-18cd-4938-95dc-8690d6b50505/public/index.html"): Navigate to 'https://nightlyno.quriaint.axiell.com/frontend/e6577300-18cd-4938-95dc-8690d6b50505/public/index.html' successfully

2020-03-24 11:55:48 - [MESSAGE][PASSED] - Navigate to 'https://nightlyno.quriaint.axiell.com/frontend/e6577300-18cd-4938-95dc-8690d6b50505/public/index.html' successfully

2020-03-24 11:55:48 - [TEST_STEP][PASSED] - click(findTestObject("Object Repository/Test Simple Search/Page_Axiell Quria/a_Sign in with Google")): Object: 'Object Repository/Test Simple Search/Page_Axiell Quria/a_Sign in with Google' is clicked on

2020-03-24 11:55:51 - [MESSAGE][PASSED] - Object: 'Object Repository/Test Simple Search/Page_Axiell Quria/a_Sign in with Google' is clicked on

2020-03-24 11:55:51 - [TEST_STEP][PASSED] - setText(findTestObject("Object Repository/Test Simple Search/Page_Logg p  Google-kontoer/input_axiell.com_identifier"), "axiell.norge.quria@gmail.com"): Text 'axiell.norge.quria@gmail.com' is set on object 'Object Repository/Test Simple Search/Page_Logg p  Google-kontoer/input_axiell.com_identifier'

2020-03-24 11:55:55 - [MESSAGE][PASSED] - Text 'axiell.norge.quria@gmail.com' is set on object 'Object Repository/Test Simple Search/Page_Logg p  Google-kontoer/input_axiell.com_identifier'

2020-03-24 11:55:55 - [TEST_STEP][PASSED] - click(findTestObject("Object Repository/Test Simple Search/Page_Logg p  Google-kontoer/span_Neste")): Object: 'Object Repository/Test Simple Search/Page_Logg p  Google-kontoer/span_Neste' is clicked on

2020-03-24 11:55:57 - [MESSAGE][PASSED] - Object: 'Object Repository/Test Simple Search/Page_Logg p  Google-kontoer/span_Neste' is clicked on

2020-03-24 11:55:57 - [TEST_STEP][PASSED] - waitForElementVisible(findTestObject("Test Simple Search/Page_Logg p  Google-kontoer/input_Password"), 30): Object 'Object Repository/Test Simple Search/Page_Logg p  Google-kontoer/input_Password' is visible

2020-03-24 11:56:00 - [MESSAGE][PASSED] - Object 'Object Repository/Test Simple Search/Page_Logg p  Google-kontoer/input_Password' is visible

2020-03-24 11:56:00 - [TEST_STEP][PASSED] - setEncryptedText(findTestObject("Test Simple Search/Page_Logg p  Google-kontoer/input_Password"), "d097ITWPO7f2v9EptRJGCg=="): Text ****** has been set on object 'Object Repository/Test Simple Search/Page_Logg p  Google-kontoer/input_Password'

2020-03-24 11:56:03 - [MESSAGE][PASSED] - Text ****** has been set on object 'Object Repository/Test Simple Search/Page_Logg p  Google-kontoer/input_Password'

2020-03-24 11:56:03 - [TEST_STEP][PASSED] - click(findTestObject("Manual Captured Objects/Page_Logg p  Google-kontoer/div_Neste")): Object: 'Object Repository/Manual Captured Objects/Page_Logg p  Google-kontoer/div_Neste' is clicked on

2020-03-24 11:56:05 - [MESSAGE][PASSED] - Object: 'Object Repository/Manual Captured Objects/Page_Logg p  Google-kontoer/div_Neste' is clicked on

2020-03-24 11:56:05 - [TEST_STEP][PASSED] - click(findTestObject("Object Repository/Test Simple Search/Page_nightlyno - Axiell Quria/md-icon")): Object: 'Object Repository/Test Simple Search/Page_nightlyno - Axiell Quria/md-icon' is clicked on

2020-03-24 11:56:11 - [MESSAGE][PASSED] - Object: 'Object Repository/Test Simple Search/Page_nightlyno - Axiell Quria/md-icon' is clicked on

2020-03-24 11:56:11 - [TEST_STEP][PASSED] - setText(findTestObject("Object Repository/Test Simple Search/Page_nightlyno - Axiell Quria/input_Abonnementer_search-inpu"), "Subject: Lydbøker"): Text 'Subject: Lydbøker' is set on object 'Object Repository/Test Simple Search/Page_nightlyno - Axiell Quria/input_Abonnementer_search-inpu'

2020-03-24 11:56:15 - [MESSAGE][PASSED] - Text 'Subject: Lydbøker' is set on object 'Object Repository/Test Simple Search/Page_nightlyno - Axiell Quria/input_Abonnementer_search-inpu'

2020-03-24 11:56:15 - [TEST_STEP][PASSED] - click(findTestObject("test manuel objecter 2/Page_nightlyno - Axiell Quria/md-icon_1")): Object: 'Object Repository/test manuel objecter 2/Page_nightlyno - Axiell Quria/md-icon_1' is clicked on

2020-03-24 11:56:18 - [MESSAGE][PASSED] - Object: 'Object Repository/test manuel objecter 2/Page_nightlyno - Axiell Quria/md-icon_1' is clicked on

2020-03-24 11:56:18 - [TEST_STEP][PASSED] - click(findTestObject("test manuel objecter 2/Page_nightlyno - Axiell Quria/div_Resultater")): Object: 'Object Repository/test manuel objecter 2/Page_nightlyno - Axiell Quria/div_Resultater' is clicked on

2020-03-24 11:56:20 - [MESSAGE][PASSED] - Object: 'Object Repository/test manuel objecter 2/Page_nightlyno - Axiell Quria/div_Resultater' is clicked on

2020-03-24 11:56:20 - [TEST_STEP][PASSED] - verifyElementText(findTestObject("test manuel objecter 2/Page_nightlyno - Axiell Quria/div_Resultater"), "Resultater: 581"): Actual text and expected text of test object 'Object Repository/test manuel objecter 2/Page_nightlyno - Axiell Quria/div_Resultater' are matched.

2020-03-24 11:56:22 - [MESSAGE][PASSED] - Actual text and expected text of test object 'Object Repository/test manuel objecter 2/Page_nightlyno - Axiell Quria/div_Resultater' are matched.

2020-03-24 11:56:22 - [TEST_STEP][PASSED] - click(findTestObject("Object Repository/test manuel objecter 2/Page_nightlyno - Axiell Quria/md-icon_expand_more")): Object: 'Object Repository/test manuel objecter 2/Page_nightlyno - Axiell Quria/md-icon_expand_more' is clicked on

2020-03-24 11:56:24 - [MESSAGE][PASSED] - Object: 'Object Repository/test manuel objecter 2/Page_nightlyno - Axiell Quria/md-icon_expand_more' is clicked on

2020-03-24 11:56:24 - [TEST_STEP][PASSED] - click(findTestObject("Object Repository/test manuel objecter 2/Page_nightlyno - Axiell Quria/a_exit_to_appLogg av")): Object: 'Object Repository/test manuel objecter 2/Page_nightlyno - Axiell Quria/a_exit_to_appLogg av' is clicked on

2020-03-24 11:56:26 - [MESSAGE][PASSED] - Object: 'Object Repository/test manuel objecter 2/Page_nightlyno - Axiell Quria/a_exit_to_appLogg av' is clicked on

2020-03-24 11:56:26 - [TEST_STEP][PASSED] - closeBrowser(): Browser is closed

2020-03-24 11:56:28 - [MESSAGE][PASSED] - Browser is closed]]></system-out>
         <system-err><![CDATA[]]></system-err>
      </testcase>
      <testcase name="Test Cases/Test Simple Search - Masking (a single letter)" classname="Test Cases/Test Simple Search - Masking (a single letter)" status="PASSED">
         <system-out><![CDATA[2020-03-24 11:56:28 - [TEST_CASE][PASSED] - Test Cases/Test Simple Search - Masking (a single letter): Test Cases/Test Simple Search - Masking (a single letter)

2020-03-24 11:56:28 - [TEST_STEP][PASSED] - openBrowser(""): Browser is opened with url: ''

2020-03-24 11:56:28 - [MESSAGE][INFO] - Starting 'Chrome' driver

2020-03-24 11:56:36 - [MESSAGE][PASSED] - Browser is opened with url: ''

2020-03-24 11:56:36 - [TEST_STEP][PASSED] - navigateToUrl("https://nightlyno.quriaint.axiell.com/frontend/e6577300-18cd-4938-95dc-8690d6b50505/public/index.html"): Navigate to 'https://nightlyno.quriaint.axiell.com/frontend/e6577300-18cd-4938-95dc-8690d6b50505/public/index.html' successfully

2020-03-24 11:56:38 - [MESSAGE][PASSED] - Navigate to 'https://nightlyno.quriaint.axiell.com/frontend/e6577300-18cd-4938-95dc-8690d6b50505/public/index.html' successfully

2020-03-24 11:56:38 - [TEST_STEP][PASSED] - click(findTestObject("Object Repository/Test Simple Search/Page_Axiell Quria/a_Sign in with Google")): Object: 'Object Repository/Test Simple Search/Page_Axiell Quria/a_Sign in with Google' is clicked on

2020-03-24 11:56:40 - [MESSAGE][PASSED] - Object: 'Object Repository/Test Simple Search/Page_Axiell Quria/a_Sign in with Google' is clicked on

2020-03-24 11:56:40 - [TEST_STEP][PASSED] - setText(findTestObject("Object Repository/Test Simple Search/Page_Logg p  Google-kontoer/input_axiell.com_identifier"), "axiell.norge.quria@gmail.com"): Text 'axiell.norge.quria@gmail.com' is set on object 'Object Repository/Test Simple Search/Page_Logg p  Google-kontoer/input_axiell.com_identifier'

2020-03-24 11:56:45 - [MESSAGE][PASSED] - Text 'axiell.norge.quria@gmail.com' is set on object 'Object Repository/Test Simple Search/Page_Logg p  Google-kontoer/input_axiell.com_identifier'

2020-03-24 11:56:45 - [TEST_STEP][PASSED] - click(findTestObject("Object Repository/Test Simple Search/Page_Logg p  Google-kontoer/span_Neste")): Object: 'Object Repository/Test Simple Search/Page_Logg p  Google-kontoer/span_Neste' is clicked on

2020-03-24 11:56:47 - [MESSAGE][PASSED] - Object: 'Object Repository/Test Simple Search/Page_Logg p  Google-kontoer/span_Neste' is clicked on

2020-03-24 11:56:47 - [TEST_STEP][PASSED] - waitForElementVisible(findTestObject("Test Simple Search/Page_Logg p  Google-kontoer/input_Password"), 30): Object 'Object Repository/Test Simple Search/Page_Logg p  Google-kontoer/input_Password' is visible

2020-03-24 11:56:49 - [MESSAGE][PASSED] - Object 'Object Repository/Test Simple Search/Page_Logg p  Google-kontoer/input_Password' is visible

2020-03-24 11:56:49 - [TEST_STEP][PASSED] - setEncryptedText(findTestObject("Test Simple Search/Page_Logg p  Google-kontoer/input_Password"), "d097ITWPO7f2v9EptRJGCg=="): Text ****** has been set on object 'Object Repository/Test Simple Search/Page_Logg p  Google-kontoer/input_Password'

2020-03-24 11:56:52 - [MESSAGE][PASSED] - Text ****** has been set on object 'Object Repository/Test Simple Search/Page_Logg p  Google-kontoer/input_Password'

2020-03-24 11:56:52 - [TEST_STEP][PASSED] - click(findTestObject("Manual Captured Objects/Page_Logg p  Google-kontoer/div_Neste")): Object: 'Object Repository/Manual Captured Objects/Page_Logg p  Google-kontoer/div_Neste' is clicked on

2020-03-24 11:56:54 - [MESSAGE][PASSED] - Object: 'Object Repository/Manual Captured Objects/Page_Logg p  Google-kontoer/div_Neste' is clicked on

2020-03-24 11:56:54 - [TEST_STEP][PASSED] - click(findTestObject("Object Repository/Test Simple Search/Page_nightlyno - Axiell Quria/md-icon")): Object: 'Object Repository/Test Simple Search/Page_nightlyno - Axiell Quria/md-icon' is clicked on

2020-03-24 11:57:01 - [MESSAGE][PASSED] - Object: 'Object Repository/Test Simple Search/Page_nightlyno - Axiell Quria/md-icon' is clicked on

2020-03-24 11:57:01 - [TEST_STEP][PASSED] - waitForElementVisible(findTestObject("Test Simple Search/Page_nightlyno - Axiell Quria/input_Abonnementer_search-inpu"), 30): Object 'Object Repository/Test Simple Search/Page_nightlyno - Axiell Quria/input_Abonnementer_search-inpu' is visible

2020-03-24 11:57:03 - [MESSAGE][PASSED] - Object 'Object Repository/Test Simple Search/Page_nightlyno - Axiell Quria/input_Abonnementer_search-inpu' is visible

2020-03-24 11:57:03 - [TEST_STEP][PASSED] - setText(findTestObject("Object Repository/Test Simple Search/Page_nightlyno - Axiell Quria/input_Abonnementer_search-inpu"), "b?rn"): Text 'b?rn' is set on object 'Object Repository/Test Simple Search/Page_nightlyno - Axiell Quria/input_Abonnementer_search-inpu'

2020-03-24 11:57:07 - [MESSAGE][PASSED] - Text 'b?rn' is set on object 'Object Repository/Test Simple Search/Page_nightlyno - Axiell Quria/input_Abonnementer_search-inpu'

2020-03-24 11:57:07 - [TEST_STEP][PASSED] - click(findTestObject("test manuel objecter 2/Page_nightlyno - Axiell Quria/md-icon_1")): Object: 'Object Repository/test manuel objecter 2/Page_nightlyno - Axiell Quria/md-icon_1' is clicked on

2020-03-24 11:57:09 - [MESSAGE][PASSED] - Object: 'Object Repository/test manuel objecter 2/Page_nightlyno - Axiell Quria/md-icon_1' is clicked on

2020-03-24 11:57:09 - [TEST_STEP][PASSED] - click(findTestObject("test manuel objecter 2/Page_nightlyno - Axiell Quria/div_Resultater")): Object: 'Object Repository/test manuel objecter 2/Page_nightlyno - Axiell Quria/div_Resultater' is clicked on

2020-03-24 11:57:11 - [MESSAGE][PASSED] - Object: 'Object Repository/test manuel objecter 2/Page_nightlyno - Axiell Quria/div_Resultater' is clicked on

2020-03-24 11:57:11 - [TEST_STEP][PASSED] - verifyElementText(findTestObject("test manuel objecter 2/Page_nightlyno - Axiell Quria/div_Resultater"), "Resultater: 217"): Actual text and expected text of test object 'Object Repository/test manuel objecter 2/Page_nightlyno - Axiell Quria/div_Resultater' are matched.

2020-03-24 11:57:13 - [MESSAGE][PASSED] - Actual text and expected text of test object 'Object Repository/test manuel objecter 2/Page_nightlyno - Axiell Quria/div_Resultater' are matched.

2020-03-24 11:57:13 - [TEST_STEP][PASSED] - click(findTestObject("Object Repository/test manuel objecter 2/Page_nightlyno - Axiell Quria/md-icon_expand_more")): Object: 'Object Repository/test manuel objecter 2/Page_nightlyno - Axiell Quria/md-icon_expand_more' is clicked on

2020-03-24 11:57:15 - [MESSAGE][PASSED] - Object: 'Object Repository/test manuel objecter 2/Page_nightlyno - Axiell Quria/md-icon_expand_more' is clicked on

2020-03-24 11:57:15 - [TEST_STEP][PASSED] - click(findTestObject("Object Repository/test manuel objecter 2/Page_nightlyno - Axiell Quria/a_exit_to_appLogg av")): Object: 'Object Repository/test manuel objecter 2/Page_nightlyno - Axiell Quria/a_exit_to_appLogg av' is clicked on

2020-03-24 11:57:18 - [MESSAGE][PASSED] - Object: 'Object Repository/test manuel objecter 2/Page_nightlyno - Axiell Quria/a_exit_to_appLogg av' is clicked on

2020-03-24 11:57:18 - [TEST_STEP][PASSED] - closeBrowser(): Browser is closed

2020-03-24 11:57:19 - [MESSAGE][PASSED] - Browser is closed]]></system-out>
         <system-err><![CDATA[]]></system-err>
      </testcase>
      <testcase name="Test Cases/Test Simple Search - Masking" classname="Test Cases/Test Simple Search - Masking" status="PASSED">
         <system-out><![CDATA[2020-03-24 11:57:19 - [TEST_CASE][PASSED] - Test Cases/Test Simple Search - Masking: Test Cases/Test Simple Search - Masking

2020-03-24 11:57:19 - [TEST_STEP][PASSED] - openBrowser(""): Browser is opened with url: ''

2020-03-24 11:57:19 - [MESSAGE][INFO] - Starting 'Chrome' driver

2020-03-24 11:57:27 - [MESSAGE][PASSED] - Browser is opened with url: ''

2020-03-24 11:57:27 - [TEST_STEP][PASSED] - navigateToUrl("https://nightlyno.quriaint.axiell.com/frontend/e6577300-18cd-4938-95dc-8690d6b50505/public/index.html"): Navigate to 'https://nightlyno.quriaint.axiell.com/frontend/e6577300-18cd-4938-95dc-8690d6b50505/public/index.html' successfully

2020-03-24 11:57:29 - [MESSAGE][PASSED] - Navigate to 'https://nightlyno.quriaint.axiell.com/frontend/e6577300-18cd-4938-95dc-8690d6b50505/public/index.html' successfully

2020-03-24 11:57:29 - [TEST_STEP][PASSED] - click(findTestObject("Object Repository/Test Simple Search/Page_Axiell Quria/a_Sign in with Google")): Object: 'Object Repository/Test Simple Search/Page_Axiell Quria/a_Sign in with Google' is clicked on

2020-03-24 11:57:31 - [MESSAGE][PASSED] - Object: 'Object Repository/Test Simple Search/Page_Axiell Quria/a_Sign in with Google' is clicked on

2020-03-24 11:57:31 - [TEST_STEP][PASSED] - setText(findTestObject("Object Repository/Test Simple Search/Page_Logg p  Google-kontoer/input_axiell.com_identifier"), "axiell.norge.quria@gmail.com"): Text 'axiell.norge.quria@gmail.com' is set on object 'Object Repository/Test Simple Search/Page_Logg p  Google-kontoer/input_axiell.com_identifier'

2020-03-24 11:57:36 - [MESSAGE][PASSED] - Text 'axiell.norge.quria@gmail.com' is set on object 'Object Repository/Test Simple Search/Page_Logg p  Google-kontoer/input_axiell.com_identifier'

2020-03-24 11:57:36 - [TEST_STEP][PASSED] - click(findTestObject("Object Repository/Test Simple Search/Page_Logg p  Google-kontoer/span_Neste")): Object: 'Object Repository/Test Simple Search/Page_Logg p  Google-kontoer/span_Neste' is clicked on

2020-03-24 11:57:38 - [MESSAGE][PASSED] - Object: 'Object Repository/Test Simple Search/Page_Logg p  Google-kontoer/span_Neste' is clicked on

2020-03-24 11:57:38 - [TEST_STEP][PASSED] - waitForElementVisible(findTestObject("Test Simple Search/Page_Logg p  Google-kontoer/input_Password"), 30): Object 'Object Repository/Test Simple Search/Page_Logg p  Google-kontoer/input_Password' is visible

2020-03-24 11:57:40 - [MESSAGE][PASSED] - Object 'Object Repository/Test Simple Search/Page_Logg p  Google-kontoer/input_Password' is visible

2020-03-24 11:57:40 - [TEST_STEP][PASSED] - setEncryptedText(findTestObject("Test Simple Search/Page_Logg p  Google-kontoer/input_Password"), "d097ITWPO7f2v9EptRJGCg=="): Text ****** has been set on object 'Object Repository/Test Simple Search/Page_Logg p  Google-kontoer/input_Password'

2020-03-24 11:57:43 - [MESSAGE][PASSED] - Text ****** has been set on object 'Object Repository/Test Simple Search/Page_Logg p  Google-kontoer/input_Password'

2020-03-24 11:57:43 - [TEST_STEP][PASSED] - click(findTestObject("Manual Captured Objects/Page_Logg p  Google-kontoer/div_Neste")): Object: 'Object Repository/Manual Captured Objects/Page_Logg p  Google-kontoer/div_Neste' is clicked on

2020-03-24 11:57:45 - [MESSAGE][PASSED] - Object: 'Object Repository/Manual Captured Objects/Page_Logg p  Google-kontoer/div_Neste' is clicked on

2020-03-24 11:57:45 - [TEST_STEP][PASSED] - click(findTestObject("Object Repository/Test Simple Search/Page_nightlyno - Axiell Quria/md-icon")): Object: 'Object Repository/Test Simple Search/Page_nightlyno - Axiell Quria/md-icon' is clicked on

2020-03-24 11:57:51 - [MESSAGE][PASSED] - Object: 'Object Repository/Test Simple Search/Page_nightlyno - Axiell Quria/md-icon' is clicked on

2020-03-24 11:57:51 - [TEST_STEP][PASSED] - waitForElementVisible(findTestObject("Test Simple Search/Page_nightlyno - Axiell Quria/input_Abonnementer_search-inpu"), 30): Object 'Object Repository/Test Simple Search/Page_nightlyno - Axiell Quria/input_Abonnementer_search-inpu' is visible

2020-03-24 11:57:54 - [MESSAGE][PASSED] - Object 'Object Repository/Test Simple Search/Page_nightlyno - Axiell Quria/input_Abonnementer_search-inpu' is visible

2020-03-24 11:57:54 - [TEST_STEP][PASSED] - setText(findTestObject("Object Repository/Test Simple Search/Page_nightlyno - Axiell Quria/input_Abonnementer_search-inpu"), "Ha*n"): Text 'Ha*n' is set on object 'Object Repository/Test Simple Search/Page_nightlyno - Axiell Quria/input_Abonnementer_search-inpu'

2020-03-24 11:57:58 - [MESSAGE][PASSED] - Text 'Ha*n' is set on object 'Object Repository/Test Simple Search/Page_nightlyno - Axiell Quria/input_Abonnementer_search-inpu'

2020-03-24 11:57:58 - [TEST_STEP][PASSED] - click(findTestObject("test manuel objecter 2/Page_nightlyno - Axiell Quria/md-icon_1")): Object: 'Object Repository/test manuel objecter 2/Page_nightlyno - Axiell Quria/md-icon_1' is clicked on

2020-03-24 11:58:00 - [MESSAGE][PASSED] - Object: 'Object Repository/test manuel objecter 2/Page_nightlyno - Axiell Quria/md-icon_1' is clicked on

2020-03-24 11:58:00 - [TEST_STEP][PASSED] - click(findTestObject("test manuel objecter 2/Page_nightlyno - Axiell Quria/div_Resultater")): Object: 'Object Repository/test manuel objecter 2/Page_nightlyno - Axiell Quria/div_Resultater' is clicked on

2020-03-24 11:58:02 - [MESSAGE][PASSED] - Object: 'Object Repository/test manuel objecter 2/Page_nightlyno - Axiell Quria/div_Resultater' is clicked on

2020-03-24 11:58:02 - [TEST_STEP][PASSED] - verifyElementText(findTestObject("test manuel objecter 2/Page_nightlyno - Axiell Quria/div_Resultater"), "Resultater: 588"): Actual text and expected text of test object 'Object Repository/test manuel objecter 2/Page_nightlyno - Axiell Quria/div_Resultater' are matched.

2020-03-24 11:58:04 - [MESSAGE][PASSED] - Actual text and expected text of test object 'Object Repository/test manuel objecter 2/Page_nightlyno - Axiell Quria/div_Resultater' are matched.

2020-03-24 11:58:04 - [TEST_STEP][PASSED] - click(findTestObject("Object Repository/test manuel objecter 2/Page_nightlyno - Axiell Quria/md-icon_expand_more")): Object: 'Object Repository/test manuel objecter 2/Page_nightlyno - Axiell Quria/md-icon_expand_more' is clicked on

2020-03-24 11:58:06 - [MESSAGE][PASSED] - Object: 'Object Repository/test manuel objecter 2/Page_nightlyno - Axiell Quria/md-icon_expand_more' is clicked on

2020-03-24 11:58:06 - [TEST_STEP][PASSED] - click(findTestObject("Object Repository/test manuel objecter 2/Page_nightlyno - Axiell Quria/a_exit_to_appLogg av")): Object: 'Object Repository/test manuel objecter 2/Page_nightlyno - Axiell Quria/a_exit_to_appLogg av' is clicked on

2020-03-24 11:58:08 - [MESSAGE][PASSED] - Object: 'Object Repository/test manuel objecter 2/Page_nightlyno - Axiell Quria/a_exit_to_appLogg av' is clicked on

2020-03-24 11:58:08 - [TEST_STEP][PASSED] - closeBrowser(): Browser is closed

2020-03-24 11:58:10 - [MESSAGE][PASSED] - Browser is closed]]></system-out>
         <system-err><![CDATA[]]></system-err>
      </testcase>
      <testcase name="Test Cases/Test Single Search hit, only one hit result" classname="Test Cases/Test Single Search hit, only one hit result" status="PASSED">
         <system-out><![CDATA[2020-03-24 11:58:10 - [TEST_CASE][PASSED] - Test Cases/Test Single Search hit, only one hit result: Test Cases/Test Single Search hit, only one hit result

2020-03-24 11:58:10 - [TEST_STEP][PASSED] - openBrowser(""): Browser is opened with url: ''

2020-03-24 11:58:10 - [MESSAGE][INFO] - Starting 'Chrome' driver

2020-03-24 11:58:18 - [MESSAGE][PASSED] - Browser is opened with url: ''

2020-03-24 11:58:18 - [TEST_STEP][PASSED] - navigateToUrl("https://nightlyno.quriaint.axiell.com/frontend/e6577300-18cd-4938-95dc-8690d6b50505/public/index.html"): Navigate to 'https://nightlyno.quriaint.axiell.com/frontend/e6577300-18cd-4938-95dc-8690d6b50505/public/index.html' successfully

2020-03-24 11:58:20 - [MESSAGE][PASSED] - Navigate to 'https://nightlyno.quriaint.axiell.com/frontend/e6577300-18cd-4938-95dc-8690d6b50505/public/index.html' successfully

2020-03-24 11:58:20 - [TEST_STEP][PASSED] - click(findTestObject("Object Repository/Test Simple Search/Page_Axiell Quria/a_Sign in with Google")): Object: 'Object Repository/Test Simple Search/Page_Axiell Quria/a_Sign in with Google' is clicked on

2020-03-24 11:58:22 - [MESSAGE][PASSED] - Object: 'Object Repository/Test Simple Search/Page_Axiell Quria/a_Sign in with Google' is clicked on

2020-03-24 11:58:22 - [TEST_STEP][PASSED] - setText(findTestObject("Object Repository/Test Simple Search/Page_Logg p  Google-kontoer/input_axiell.com_identifier"), "axiell.norge.quria@gmail.com"): Text 'axiell.norge.quria@gmail.com' is set on object 'Object Repository/Test Simple Search/Page_Logg p  Google-kontoer/input_axiell.com_identifier'

2020-03-24 11:58:27 - [MESSAGE][PASSED] - Text 'axiell.norge.quria@gmail.com' is set on object 'Object Repository/Test Simple Search/Page_Logg p  Google-kontoer/input_axiell.com_identifier'

2020-03-24 11:58:27 - [TEST_STEP][PASSED] - click(findTestObject("Object Repository/Test Simple Search/Page_Logg p  Google-kontoer/span_Neste")): Object: 'Object Repository/Test Simple Search/Page_Logg p  Google-kontoer/span_Neste' is clicked on

2020-03-24 11:58:29 - [MESSAGE][PASSED] - Object: 'Object Repository/Test Simple Search/Page_Logg p  Google-kontoer/span_Neste' is clicked on

2020-03-24 11:58:29 - [TEST_STEP][PASSED] - waitForElementVisible(findTestObject("Test Simple Search/Page_Logg p  Google-kontoer/input_Password"), 30): Object 'Object Repository/Test Simple Search/Page_Logg p  Google-kontoer/input_Password' is visible

2020-03-24 11:58:34 - [MESSAGE][PASSED] - Object 'Object Repository/Test Simple Search/Page_Logg p  Google-kontoer/input_Password' is visible

2020-03-24 11:58:34 - [TEST_STEP][PASSED] - setEncryptedText(findTestObject("Test Simple Search/Page_Logg p  Google-kontoer/input_Password"), "d097ITWPO7f2v9EptRJGCg=="): Text ****** has been set on object 'Object Repository/Test Simple Search/Page_Logg p  Google-kontoer/input_Password'

2020-03-24 11:58:37 - [MESSAGE][PASSED] - Text ****** has been set on object 'Object Repository/Test Simple Search/Page_Logg p  Google-kontoer/input_Password'

2020-03-24 11:58:37 - [TEST_STEP][PASSED] - click(findTestObject("Manual Captured Objects/Page_Logg p  Google-kontoer/div_Neste")): Object: 'Object Repository/Manual Captured Objects/Page_Logg p  Google-kontoer/div_Neste' is clicked on

2020-03-24 11:58:40 - [MESSAGE][PASSED] - Object: 'Object Repository/Manual Captured Objects/Page_Logg p  Google-kontoer/div_Neste' is clicked on

2020-03-24 11:58:40 - [TEST_STEP][PASSED] - click(findTestObject("Object Repository/Test Simple Search/Page_nightlyno - Axiell Quria/md-icon")): Object: 'Object Repository/Test Simple Search/Page_nightlyno - Axiell Quria/md-icon' is clicked on

2020-03-24 11:58:46 - [MESSAGE][PASSED] - Object: 'Object Repository/Test Simple Search/Page_nightlyno - Axiell Quria/md-icon' is clicked on

2020-03-24 11:58:46 - [TEST_STEP][PASSED] - setText(findTestObject("Object Repository/Test Simple Search/Page_nightlyno - Axiell Quria/input_Abonnementer_search-inpu"), "Cervantes"): Text 'Cervantes' is set on object 'Object Repository/Test Simple Search/Page_nightlyno - Axiell Quria/input_Abonnementer_search-inpu'

2020-03-24 11:58:51 - [MESSAGE][PASSED] - Text 'Cervantes' is set on object 'Object Repository/Test Simple Search/Page_nightlyno - Axiell Quria/input_Abonnementer_search-inpu'

2020-03-24 11:58:51 - [TEST_STEP][PASSED] - click(findTestObject("Manual Captured Objects/Page_nightlyno - Axiell Quria/md-icon_1")): Object: 'Object Repository/Manual Captured Objects/Page_nightlyno - Axiell Quria/md-icon_1' is clicked on

2020-03-24 11:58:53 - [MESSAGE][PASSED] - Object: 'Object Repository/Manual Captured Objects/Page_nightlyno - Axiell Quria/md-icon_1' is clicked on

2020-03-24 11:58:53 - [TEST_STEP][PASSED] - waitForElementVisible(findTestObject("Page_nightlyno - Axiell Quria/span_Title"), 30): Object 'Object Repository/Page_nightlyno - Axiell Quria/span_Title' is visible

2020-03-24 11:58:56 - [MESSAGE][PASSED] - Object 'Object Repository/Page_nightlyno - Axiell Quria/span_Title' is visible

2020-03-24 11:58:56 - [TEST_STEP][PASSED] - verifyElementText(findTestObject("Page_nightlyno - Axiell Quria/span_Title"), "El Quijote de Cervantes"): Actual text and expected text of test object 'Object Repository/Page_nightlyno - Axiell Quria/span_Title' are matched.

2020-03-24 11:58:58 - [MESSAGE][PASSED] - Actual text and expected text of test object 'Object Repository/Page_nightlyno - Axiell Quria/span_Title' are matched.

2020-03-24 11:58:58 - [TEST_STEP][PASSED] - waitForPageLoad(30): Wait for page load successfully

2020-03-24 11:58:59 - [MESSAGE][PASSED] - Wait for page load successfully

2020-03-24 11:58:59 - [TEST_STEP][PASSED] - click(findTestObject("Object Repository/Test Simple Search/Page_nightlyno - Axiell Quria/md-icon_expand_more")): Object: 'Object Repository/Test Simple Search/Page_nightlyno - Axiell Quria/md-icon_expand_more' is clicked on

2020-03-24 11:59:02 - [MESSAGE][PASSED] - Object: 'Object Repository/Test Simple Search/Page_nightlyno - Axiell Quria/md-icon_expand_more' is clicked on

2020-03-24 11:59:02 - [TEST_STEP][PASSED] - waitForElementVisible(findTestObject("Test Simple Search/Page_nightlyno - Axiell Quria/a_exit_to_appLogg av"), 30): Object 'Object Repository/Test Simple Search/Page_nightlyno - Axiell Quria/a_exit_to_appLogg av' is visible

2020-03-24 11:59:04 - [MESSAGE][PASSED] - Object 'Object Repository/Test Simple Search/Page_nightlyno - Axiell Quria/a_exit_to_appLogg av' is visible

2020-03-24 11:59:04 - [TEST_STEP][PASSED] - click(findTestObject("Object Repository/Test Simple Search/Page_nightlyno - Axiell Quria/a_exit_to_appLogg av")): Object: 'Object Repository/Test Simple Search/Page_nightlyno - Axiell Quria/a_exit_to_appLogg av' is clicked on

2020-03-24 11:59:06 - [MESSAGE][PASSED] - Object: 'Object Repository/Test Simple Search/Page_nightlyno - Axiell Quria/a_exit_to_appLogg av' is clicked on

2020-03-24 11:59:06 - [TEST_STEP][PASSED] - closeBrowser(): Browser is closed

2020-03-24 11:59:07 - [MESSAGE][PASSED] - Browser is closed]]></system-out>
         <system-err><![CDATA[]]></system-err>
      </testcase>
      <testcase name="Test Cases/Test turn off stop word" classname="Test Cases/Test turn off stop word" status="FAILED">
         <failure type="FAILED" message="Test Cases/Test turn off stop word FAILED.
Reason:
com.kms.katalon.core.exception.StepFailedException: Unable to click on object 'Object Repository/test manuel objecter 2/Page_nightlyno - Axiell Quria/div_Resultater' (Root cause: com.kms.katalon.core.webui.exception.WebElementNotFoundException: Web element with id: 'Object Repository/test manuel objecter 2/Page_nightlyno - Axiell Quria/div_Resultater' located by 'By.xpath: //md-content[@id='content']/div/div/div/div[2]/div/div' not found)
	at com.kms.katalon.core.keyword.internal.KeywordMain.stepFailed(KeywordMain.groovy:32)
	at com.kms.katalon.core.webui.keyword.internal.WebUIKeywordMain.stepFailed(WebUIKeywordMain.groovy:65)
	at com.kms.katalon.core.webui.keyword.internal.WebUIKeywordMain.runKeyword(WebUIKeywordMain.groovy:27)
	at com.kms.katalon.core.webui.keyword.builtin.ClickKeyword.click(ClickKeyword.groovy:86)
	at com.kms.katalon.core.webui.keyword.builtin.ClickKeyword.execute(ClickKeyword.groovy:67)
	at com.kms.katalon.core.keyword.internal.KeywordExecutor.executeKeywordForPlatform(KeywordExecutor.groovy:53)
	at com.kms.katalon.core.webui.keyword.WebUiBuiltInKeywords.click(WebUiBuiltInKeywords.groovy:616)
	at com.kms.katalon.core.webui.keyword.WebUiBuiltInKeywords$click$1.call(Unknown Source)
	at Test turn off stop word.run(Test turn off stop word:40)
	at com.kms.katalon.core.main.ScriptEngine.run(ScriptEngine.java:194)
	at com.kms.katalon.core.main.ScriptEngine.runScriptAsRawText(ScriptEngine.java:119)
	at com.kms.katalon.core.main.TestCaseExecutor.runScript(TestCaseExecutor.java:328)
	at com.kms.katalon.core.main.TestCaseExecutor.doExecute(TestCaseExecutor.java:319)
	at com.kms.katalon.core.main.TestCaseExecutor.processExecutionPhase(TestCaseExecutor.java:298)
	at com.kms.katalon.core.main.TestCaseExecutor.accessMainPhase(TestCaseExecutor.java:290)
	at com.kms.katalon.core.main.TestCaseExecutor.execute(TestCaseExecutor.java:224)
	at com.kms.katalon.core.main.TestSuiteExecutor.accessTestCaseMainPhase(TestSuiteExecutor.java:129)
	at com.kms.katalon.core.main.TestSuiteExecutor.accessTestSuiteMainPhase(TestSuiteExecutor.java:112)
	at com.kms.katalon.core.main.TestSuiteExecutor.execute(TestSuiteExecutor.java:81)
	at com.kms.katalon.core.main.TestCaseMain.startTestSuite(TestCaseMain.java:149)
	at com.kms.katalon.core.main.TestCaseMain$startTestSuite$0.call(Unknown Source)
	at TempTestSuite1585047280783.run(TempTestSuite1585047280783.groovy:36)
"/>
         <system-out><![CDATA[2020-03-24 11:59:07 - [TEST_CASE][FAILED] - Test Cases/Test turn off stop word: Test Cases/Test turn off stop word FAILED.
Reason:
com.kms.katalon.core.exception.StepFailedException: Unable to click on object 'Object Repository/test manuel objecter 2/Page_nightlyno - Axiell Quria/div_Resultater' (Root cause: com.kms.katalon.core.webui.exception.WebElementNotFoundException: Web element with id: 'Object Repository/test manuel objecter 2/Page_nightlyno - Axiell Quria/div_Resultater' located by 'By.xpath: //md-content[@id='content']/div/div/div/div[2]/div/div' not found)
	at com.kms.katalon.core.keyword.internal.KeywordMain.stepFailed(KeywordMain.groovy:32)
	at com.kms.katalon.core.webui.keyword.internal.WebUIKeywordMain.stepFailed(WebUIKeywordMain.groovy:65)
	at com.kms.katalon.core.webui.keyword.internal.WebUIKeywordMain.runKeyword(WebUIKeywordMain.groovy:27)
	at com.kms.katalon.core.webui.keyword.builtin.ClickKeyword.click(ClickKeyword.groovy:86)
	at com.kms.katalon.core.webui.keyword.builtin.ClickKeyword.execute(ClickKeyword.groovy:67)
	at com.kms.katalon.core.keyword.internal.KeywordExecutor.executeKeywordForPlatform(KeywordExecutor.groovy:53)
	at com.kms.katalon.core.webui.keyword.WebUiBuiltInKeywords.click(WebUiBuiltInKeywords.groovy:616)
	at com.kms.katalon.core.webui.keyword.WebUiBuiltInKeywords$click$1.call(Unknown Source)
	at Test turn off stop word.run(Test turn off stop word:40)
	at com.kms.katalon.core.main.ScriptEngine.run(ScriptEngine.java:194)
	at com.kms.katalon.core.main.ScriptEngine.runScriptAsRawText(ScriptEngine.java:119)
	at com.kms.katalon.core.main.TestCaseExecutor.runScript(TestCaseExecutor.java:328)
	at com.kms.katalon.core.main.TestCaseExecutor.doExecute(TestCaseExecutor.java:319)
	at com.kms.katalon.core.main.TestCaseExecutor.processExecutionPhase(TestCaseExecutor.java:298)
	at com.kms.katalon.core.main.TestCaseExecutor.accessMainPhase(TestCaseExecutor.java:290)
	at com.kms.katalon.core.main.TestCaseExecutor.execute(TestCaseExecutor.java:224)
	at com.kms.katalon.core.main.TestSuiteExecutor.accessTestCaseMainPhase(TestSuiteExecutor.java:129)
	at com.kms.katalon.core.main.TestSuiteExecutor.accessTestSuiteMainPhase(TestSuiteExecutor.java:112)
	at com.kms.katalon.core.main.TestSuiteExecutor.execute(TestSuiteExecutor.java:81)
	at com.kms.katalon.core.main.TestCaseMain.startTestSuite(TestCaseMain.java:149)
	at com.kms.katalon.core.main.TestCaseMain$startTestSuite$0.call(Unknown Source)
	at TempTestSuite1585047280783.run(TempTestSuite1585047280783.groovy:36)


2020-03-24 11:59:08 - [TEST_STEP][PASSED] - openBrowser(""): Browser is opened with url: ''

2020-03-24 11:59:08 - [MESSAGE][INFO] - Starting 'Chrome' driver

2020-03-24 11:59:16 - [MESSAGE][PASSED] - Browser is opened with url: ''

2020-03-24 11:59:16 - [TEST_STEP][PASSED] - navigateToUrl("https://nightlyno.quriaint.axiell.com/frontend/e6577300-18cd-4938-95dc-8690d6b50505/public/index.html"): Navigate to 'https://nightlyno.quriaint.axiell.com/frontend/e6577300-18cd-4938-95dc-8690d6b50505/public/index.html' successfully

2020-03-24 11:59:17 - [MESSAGE][PASSED] - Navigate to 'https://nightlyno.quriaint.axiell.com/frontend/e6577300-18cd-4938-95dc-8690d6b50505/public/index.html' successfully

2020-03-24 11:59:17 - [TEST_STEP][PASSED] - click(findTestObject("Object Repository/Test Simple Search/Page_Axiell Quria/a_Sign in with Google")): Object: 'Object Repository/Test Simple Search/Page_Axiell Quria/a_Sign in with Google' is clicked on

2020-03-24 11:59:19 - [MESSAGE][PASSED] - Object: 'Object Repository/Test Simple Search/Page_Axiell Quria/a_Sign in with Google' is clicked on

2020-03-24 11:59:19 - [TEST_STEP][PASSED] - setText(findTestObject("Object Repository/Test Simple Search/Page_Logg p  Google-kontoer/input_axiell.com_identifier"), "axiell.norge.quria@gmail.com"): Text 'axiell.norge.quria@gmail.com' is set on object 'Object Repository/Test Simple Search/Page_Logg p  Google-kontoer/input_axiell.com_identifier'

2020-03-24 11:59:24 - [MESSAGE][PASSED] - Text 'axiell.norge.quria@gmail.com' is set on object 'Object Repository/Test Simple Search/Page_Logg p  Google-kontoer/input_axiell.com_identifier'

2020-03-24 11:59:24 - [TEST_STEP][PASSED] - click(findTestObject("Object Repository/Test Simple Search/Page_Logg p  Google-kontoer/span_Neste")): Object: 'Object Repository/Test Simple Search/Page_Logg p  Google-kontoer/span_Neste' is clicked on

2020-03-24 11:59:26 - [MESSAGE][PASSED] - Object: 'Object Repository/Test Simple Search/Page_Logg p  Google-kontoer/span_Neste' is clicked on

2020-03-24 11:59:26 - [TEST_STEP][PASSED] - waitForElementVisible(findTestObject("Test Simple Search/Page_Logg p  Google-kontoer/input_Password"), 30): Object 'Object Repository/Test Simple Search/Page_Logg p  Google-kontoer/input_Password' is visible

2020-03-24 11:59:28 - [MESSAGE][PASSED] - Object 'Object Repository/Test Simple Search/Page_Logg p  Google-kontoer/input_Password' is visible

2020-03-24 11:59:28 - [TEST_STEP][PASSED] - setEncryptedText(findTestObject("Test Simple Search/Page_Logg p  Google-kontoer/input_Password"), "d097ITWPO7f2v9EptRJGCg=="): Text ****** has been set on object 'Object Repository/Test Simple Search/Page_Logg p  Google-kontoer/input_Password'

2020-03-24 11:59:31 - [MESSAGE][PASSED] - Text ****** has been set on object 'Object Repository/Test Simple Search/Page_Logg p  Google-kontoer/input_Password'

2020-03-24 11:59:31 - [TEST_STEP][PASSED] - click(findTestObject("Manual Captured Objects/Page_Logg p  Google-kontoer/div_Neste")): Object: 'Object Repository/Manual Captured Objects/Page_Logg p  Google-kontoer/div_Neste' is clicked on

2020-03-24 11:59:34 - [MESSAGE][PASSED] - Object: 'Object Repository/Manual Captured Objects/Page_Logg p  Google-kontoer/div_Neste' is clicked on

2020-03-24 11:59:34 - [TEST_STEP][PASSED] - click(findTestObject("Object Repository/Test Simple Search/Page_nightlyno - Axiell Quria/md-icon")): Object: 'Object Repository/Test Simple Search/Page_nightlyno - Axiell Quria/md-icon' is clicked on

2020-03-24 11:59:40 - [MESSAGE][PASSED] - Object: 'Object Repository/Test Simple Search/Page_nightlyno - Axiell Quria/md-icon' is clicked on

2020-03-24 11:59:40 - [TEST_STEP][PASSED] - setText(findTestObject("Object Repository/Test Simple Search/Page_nightlyno - Axiell Quria/input_Abonnementer_search-inpu"), "En lang natt på jorden"): Text 'En lang natt på jorden' is set on object 'Object Repository/Test Simple Search/Page_nightlyno - Axiell Quria/input_Abonnementer_search-inpu'

2020-03-24 11:59:44 - [MESSAGE][PASSED] - Text 'En lang natt på jorden' is set on object 'Object Repository/Test Simple Search/Page_nightlyno - Axiell Quria/input_Abonnementer_search-inpu'

2020-03-24 11:59:44 - [TEST_STEP][PASSED] - click(findTestObject("test manuel objecter 2/Page_nightlyno - Axiell Quria/md-icon_1")): Object: 'Object Repository/test manuel objecter 2/Page_nightlyno - Axiell Quria/md-icon_1' is clicked on

2020-03-24 11:59:46 - [MESSAGE][PASSED] - Object: 'Object Repository/test manuel objecter 2/Page_nightlyno - Axiell Quria/md-icon_1' is clicked on

2020-03-24 11:59:46 - [TEST_STEP][FAILED] - click(findTestObject("test manuel objecter 2/Page_nightlyno - Axiell Quria/div_Resultater")): Unable to click on object 'Object Repository/test manuel objecter 2/Page_nightlyno - Axiell Quria/div_Resultater' (Root cause: com.kms.katalon.core.webui.exception.WebElementNotFoundException: Web element with id: 'Object Repository/test manuel objecter 2/Page_nightlyno - Axiell Quria/div_Resultater' located by 'By.xpath: //md-content[@id='content']/div/div/div/div[2]/div/div' not found)

2020-03-24 12:00:17 - [MESSAGE][INFO] - Unable to find the element located by 'By.xpath: //md-content[@id='content']/div/div/div/div[2]/div/div'. Please recheck the objects properties to make sure the desired element is located. 

2020-03-24 12:00:18 - [MESSAGE][FAILED] - Unable to click on object 'Object Repository/test manuel objecter 2/Page_nightlyno - Axiell Quria/div_Resultater' (Root cause: com.kms.katalon.core.webui.exception.WebElementNotFoundException: Web element with id: 'Object Repository/test manuel objecter 2/Page_nightlyno - Axiell Quria/div_Resultater' located by 'By.xpath: //md-content[@id='content']/div/div/div/div[2]/div/div' not found)
[[ATTACHMENT|C:\\Users\\ignacio\\Katalon Studio\\KatalonQuriaTest\\Reports\\Test Suite Quria Search\\20200324_115440\\1585047617187.png]]

2020-03-24 12:00:18 - [TEST_STEP][FAILED] - verifyElementText(findTestObject("test manuel objecter 2/Page_nightlyno - Axiell Quria/div_Resultater"), "Resultater: 8"): com.kms.katalon.core.webui.exception.WebElementNotFoundException: Web element with id: 'Object Repository/test manuel objecter 2/Page_nightlyno - Axiell Quria/div_Resultater' located by 'By.xpath: //md-content[@id='content']/div/div/div/div[2]/div/div' not found

2020-03-24 12:00:48 - [MESSAGE][INFO] - Unable to find the element located by 'By.xpath: //md-content[@id='content']/div/div/div/div[2]/div/div'. Please recheck the objects properties to make sure the desired element is located. 

2020-03-24 12:00:50 - [MESSAGE][FAILED] - com.kms.katalon.core.webui.exception.WebElementNotFoundException: Web element with id: 'Object Repository/test manuel objecter 2/Page_nightlyno - Axiell Quria/div_Resultater' located by 'By.xpath: //md-content[@id='content']/div/div/div/div[2]/div/div' not found
[[ATTACHMENT|C:\\Users\\ignacio\\Katalon Studio\\KatalonQuriaTest\\Reports\\Test Suite Quria Search\\20200324_115440\\1585047648959.png]]

2020-03-24 12:00:50 - [TEST_STEP][PASSED] - click(findTestObject("Object Repository/test manuel objecter 2/Page_nightlyno - Axiell Quria/md-icon_expand_more")): Object: 'Object Repository/test manuel objecter 2/Page_nightlyno - Axiell Quria/md-icon_expand_more' is clicked on

2020-03-24 12:00:52 - [MESSAGE][PASSED] - Object: 'Object Repository/test manuel objecter 2/Page_nightlyno - Axiell Quria/md-icon_expand_more' is clicked on

2020-03-24 12:00:52 - [TEST_STEP][PASSED] - click(findTestObject("Object Repository/test manuel objecter 2/Page_nightlyno - Axiell Quria/a_exit_to_appLogg av")): Object: 'Object Repository/test manuel objecter 2/Page_nightlyno - Axiell Quria/a_exit_to_appLogg av' is clicked on

2020-03-24 12:00:54 - [MESSAGE][PASSED] - Object: 'Object Repository/test manuel objecter 2/Page_nightlyno - Axiell Quria/a_exit_to_appLogg av' is clicked on

2020-03-24 12:00:54 - [TEST_STEP][FAILED] - closeBrowser(): closeBrowser() FAILED.
Reason:
com.kms.katalon.core.exception.StepFailedException: Unable to click on object 'Object Repository/test manuel objecter 2/Page_nightlyno - Axiell Quria/div_Resultater' (Root cause: com.kms.katalon.core.webui.exception.WebElementNotFoundException: Web element with id: 'Object Repository/test manuel objecter 2/Page_nightlyno - Axiell Quria/div_Resultater' located by 'By.xpath: //md-content[@id='content']/div/div/div/div[2]/div/div' not found)
	at com.kms.katalon.core.keyword.internal.KeywordMain.stepFailed(KeywordMain.groovy:32)
	at com.kms.katalon.core.webui.keyword.internal.WebUIKeywordMain.stepFailed(WebUIKeywordMain.groovy:65)
	at com.kms.katalon.core.webui.keyword.internal.WebUIKeywordMain.runKeyword(WebUIKeywordMain.groovy:27)
	at com.kms.katalon.core.webui.keyword.builtin.ClickKeyword.click(ClickKeyword.groovy:86)
	at com.kms.katalon.core.webui.keyword.builtin.ClickKeyword.execute(ClickKeyword.groovy:67)
	at com.kms.katalon.core.keyword.internal.KeywordExecutor.executeKeywordForPlatform(KeywordExecutor.groovy:53)
	at com.kms.katalon.core.webui.keyword.WebUiBuiltInKeywords.click(WebUiBuiltInKeywords.groovy:616)
	at com.kms.katalon.core.webui.keyword.WebUiBuiltInKeywords$click$1.call(Unknown Source)
	at Test turn off stop word.run(Test turn off stop word:40)
	at com.kms.katalon.core.main.ScriptEngine.run(ScriptEngine.java:194)
	at com.kms.katalon.core.main.ScriptEngine.runScriptAsRawText(ScriptEngine.java:119)
	at com.kms.katalon.core.main.TestCaseExecutor.runScript(TestCaseExecutor.java:328)
	at com.kms.katalon.core.main.TestCaseExecutor.doExecute(TestCaseExecutor.java:319)
	at com.kms.katalon.core.main.TestCaseExecutor.processExecutionPhase(TestCaseExecutor.java:298)
	at com.kms.katalon.core.main.TestCaseExecutor.accessMainPhase(TestCaseExecutor.java:290)
	at com.kms.katalon.core.main.TestCaseExecutor.execute(TestCaseExecutor.java:224)
	at com.kms.katalon.core.main.TestSuiteExecutor.accessTestCaseMainPhase(TestSuiteExecutor.java:129)
	at com.kms.katalon.core.main.TestSuiteExecutor.accessTestSuiteMainPhase(TestSuiteExecutor.java:112)
	at com.kms.katalon.core.main.TestSuiteExecutor.execute(TestSuiteExecutor.java:81)
	at com.kms.katalon.core.main.TestCaseMain.startTestSuite(TestCaseMain.java:149)
	at com.kms.katalon.core.main.TestCaseMain$startTestSuite$0.call(Unknown Source)
	at TempTestSuite1585047280783.run(TempTestSuite1585047280783.groovy:36)


2020-03-24 12:00:56 - [MESSAGE][PASSED] - Browser is closed

2020-03-24 12:00:56 - [MESSAGE][FAILED] - closeBrowser() FAILED.
Reason:
com.kms.katalon.core.exception.StepFailedException: Unable to click on object 'Object Repository/test manuel objecter 2/Page_nightlyno - Axiell Quria/div_Resultater' (Root cause: com.kms.katalon.core.webui.exception.WebElementNotFoundException: Web element with id: 'Object Repository/test manuel objecter 2/Page_nightlyno - Axiell Quria/div_Resultater' located by 'By.xpath: //md-content[@id='content']/div/div/div/div[2]/div/div' not found)
	at com.kms.katalon.core.keyword.internal.KeywordMain.stepFailed(KeywordMain.groovy:32)
	at com.kms.katalon.core.webui.keyword.internal.WebUIKeywordMain.stepFailed(WebUIKeywordMain.groovy:65)
	at com.kms.katalon.core.webui.keyword.internal.WebUIKeywordMain.runKeyword(WebUIKeywordMain.groovy:27)
	at com.kms.katalon.core.webui.keyword.builtin.ClickKeyword.click(ClickKeyword.groovy:86)
	at com.kms.katalon.core.webui.keyword.builtin.ClickKeyword.execute(ClickKeyword.groovy:67)
	at com.kms.katalon.core.keyword.internal.KeywordExecutor.executeKeywordForPlatform(KeywordExecutor.groovy:53)
	at com.kms.katalon.core.webui.keyword.WebUiBuiltInKeywords.click(WebUiBuiltInKeywords.groovy:616)
	at com.kms.katalon.core.webui.keyword.WebUiBuiltInKeywords$click$1.call(Unknown Source)
	at Test turn off stop word.run(Test turn off stop word:40)
	at com.kms.katalon.core.main.ScriptEngine.run(ScriptEngine.java:194)
	at com.kms.katalon.core.main.ScriptEngine.runScriptAsRawText(ScriptEngine.java:119)
	at com.kms.katalon.core.main.TestCaseExecutor.runScript(TestCaseExecutor.java:328)
	at com.kms.katalon.core.main.TestCaseExecutor.doExecute(TestCaseExecutor.java:319)
	at com.kms.katalon.core.main.TestCaseExecutor.processExecutionPhase(TestCaseExecutor.java:298)
	at com.kms.katalon.core.main.TestCaseExecutor.accessMainPhase(TestCaseExecutor.java:290)
	at com.kms.katalon.core.main.TestCaseExecutor.execute(TestCaseExecutor.java:224)
	at com.kms.katalon.core.main.TestSuiteExecutor.accessTestCaseMainPhase(TestSuiteExecutor.java:129)
	at com.kms.katalon.core.main.TestSuiteExecutor.accessTestSuiteMainPhase(TestSuiteExecutor.java:112)
	at com.kms.katalon.core.main.TestSuiteExecutor.execute(TestSuiteExecutor.java:81)
	at com.kms.katalon.core.main.TestCaseMain.startTestSuite(TestCaseMain.java:149)
	at com.kms.katalon.core.main.TestCaseMain$startTestSuite$0.call(Unknown Source)
	at TempTestSuite1585047280783.run(TempTestSuite1585047280783.groovy:36)]]></system-out>
         <system-err><![CDATA[2020-03-24 11:59:07 - [TEST_CASE][FAILED] - Test Cases/Test turn off stop word: Test Cases/Test turn off stop word FAILED.
Reason:
com.kms.katalon.core.exception.StepFailedException: Unable to click on object 'Object Repository/test manuel objecter 2/Page_nightlyno - Axiell Quria/div_Resultater' (Root cause: com.kms.katalon.core.webui.exception.WebElementNotFoundException: Web element with id: 'Object Repository/test manuel objecter 2/Page_nightlyno - Axiell Quria/div_Resultater' located by 'By.xpath: //md-content[@id='content']/div/div/div/div[2]/div/div' not found)
	at com.kms.katalon.core.keyword.internal.KeywordMain.stepFailed(KeywordMain.groovy:32)
	at com.kms.katalon.core.webui.keyword.internal.WebUIKeywordMain.stepFailed(WebUIKeywordMain.groovy:65)
	at com.kms.katalon.core.webui.keyword.internal.WebUIKeywordMain.runKeyword(WebUIKeywordMain.groovy:27)
	at com.kms.katalon.core.webui.keyword.builtin.ClickKeyword.click(ClickKeyword.groovy:86)
	at com.kms.katalon.core.webui.keyword.builtin.ClickKeyword.execute(ClickKeyword.groovy:67)
	at com.kms.katalon.core.keyword.internal.KeywordExecutor.executeKeywordForPlatform(KeywordExecutor.groovy:53)
	at com.kms.katalon.core.webui.keyword.WebUiBuiltInKeywords.click(WebUiBuiltInKeywords.groovy:616)
	at com.kms.katalon.core.webui.keyword.WebUiBuiltInKeywords$click$1.call(Unknown Source)
	at Test turn off stop word.run(Test turn off stop word:40)
	at com.kms.katalon.core.main.ScriptEngine.run(ScriptEngine.java:194)
	at com.kms.katalon.core.main.ScriptEngine.runScriptAsRawText(ScriptEngine.java:119)
	at com.kms.katalon.core.main.TestCaseExecutor.runScript(TestCaseExecutor.java:328)
	at com.kms.katalon.core.main.TestCaseExecutor.doExecute(TestCaseExecutor.java:319)
	at com.kms.katalon.core.main.TestCaseExecutor.processExecutionPhase(TestCaseExecutor.java:298)
	at com.kms.katalon.core.main.TestCaseExecutor.accessMainPhase(TestCaseExecutor.java:290)
	at com.kms.katalon.core.main.TestCaseExecutor.execute(TestCaseExecutor.java:224)
	at com.kms.katalon.core.main.TestSuiteExecutor.accessTestCaseMainPhase(TestSuiteExecutor.java:129)
	at com.kms.katalon.core.main.TestSuiteExecutor.accessTestSuiteMainPhase(TestSuiteExecutor.java:112)
	at com.kms.katalon.core.main.TestSuiteExecutor.execute(TestSuiteExecutor.java:81)
	at com.kms.katalon.core.main.TestCaseMain.startTestSuite(TestCaseMain.java:149)
	at com.kms.katalon.core.main.TestCaseMain$startTestSuite$0.call(Unknown Source)
	at TempTestSuite1585047280783.run(TempTestSuite1585047280783.groovy:36)]]></system-err>
      </testcase>
      <testcase name="Test Cases/Test verify free text search" classname="Test Cases/Test verify free text search" status="PASSED">
         <system-out><![CDATA[2020-03-24 12:00:56 - [TEST_CASE][PASSED] - Test Cases/Test verify free text search: Test Cases/Test verify free text search

2020-03-24 12:00:56 - [TEST_STEP][PASSED] - openBrowser(""): Browser is opened with url: ''

2020-03-24 12:00:56 - [MESSAGE][INFO] - Starting 'Chrome' driver

2020-03-24 12:01:04 - [MESSAGE][PASSED] - Browser is opened with url: ''

2020-03-24 12:01:04 - [TEST_STEP][PASSED] - navigateToUrl("https://nightlyno.quriaint.axiell.com/frontend/e6577300-18cd-4938-95dc-8690d6b50505/public/index.html"): Navigate to 'https://nightlyno.quriaint.axiell.com/frontend/e6577300-18cd-4938-95dc-8690d6b50505/public/index.html' successfully

2020-03-24 12:01:06 - [MESSAGE][PASSED] - Navigate to 'https://nightlyno.quriaint.axiell.com/frontend/e6577300-18cd-4938-95dc-8690d6b50505/public/index.html' successfully

2020-03-24 12:01:06 - [TEST_STEP][PASSED] - click(findTestObject("Object Repository/Test Simple Search/Page_Axiell Quria/a_Sign in with Google")): Object: 'Object Repository/Test Simple Search/Page_Axiell Quria/a_Sign in with Google' is clicked on

2020-03-24 12:01:08 - [MESSAGE][PASSED] - Object: 'Object Repository/Test Simple Search/Page_Axiell Quria/a_Sign in with Google' is clicked on

2020-03-24 12:01:08 - [TEST_STEP][PASSED] - setText(findTestObject("Object Repository/Test Simple Search/Page_Logg p  Google-kontoer/input_axiell.com_identifier"), "axiell.norge.quria@gmail.com"): Text 'axiell.norge.quria@gmail.com' is set on object 'Object Repository/Test Simple Search/Page_Logg p  Google-kontoer/input_axiell.com_identifier'

2020-03-24 12:01:12 - [MESSAGE][PASSED] - Text 'axiell.norge.quria@gmail.com' is set on object 'Object Repository/Test Simple Search/Page_Logg p  Google-kontoer/input_axiell.com_identifier'

2020-03-24 12:01:12 - [TEST_STEP][PASSED] - click(findTestObject("Object Repository/Test Simple Search/Page_Logg p  Google-kontoer/span_Neste")): Object: 'Object Repository/Test Simple Search/Page_Logg p  Google-kontoer/span_Neste' is clicked on

2020-03-24 12:01:15 - [MESSAGE][PASSED] - Object: 'Object Repository/Test Simple Search/Page_Logg p  Google-kontoer/span_Neste' is clicked on

2020-03-24 12:01:15 - [TEST_STEP][PASSED] - waitForElementVisible(findTestObject("Test Simple Search/Page_Logg p  Google-kontoer/input_Password"), 30): Object 'Object Repository/Test Simple Search/Page_Logg p  Google-kontoer/input_Password' is visible

2020-03-24 12:01:17 - [MESSAGE][PASSED] - Object 'Object Repository/Test Simple Search/Page_Logg p  Google-kontoer/input_Password' is visible

2020-03-24 12:01:17 - [TEST_STEP][PASSED] - setEncryptedText(findTestObject("Test Simple Search/Page_Logg p  Google-kontoer/input_Password"), "d097ITWPO7f2v9EptRJGCg=="): Text ****** has been set on object 'Object Repository/Test Simple Search/Page_Logg p  Google-kontoer/input_Password'

2020-03-24 12:01:20 - [MESSAGE][PASSED] - Text ****** has been set on object 'Object Repository/Test Simple Search/Page_Logg p  Google-kontoer/input_Password'

2020-03-24 12:01:20 - [TEST_STEP][PASSED] - click(findTestObject("Manual Captured Objects/Page_Logg p  Google-kontoer/div_Neste")): Object: 'Object Repository/Manual Captured Objects/Page_Logg p  Google-kontoer/div_Neste' is clicked on

2020-03-24 12:01:22 - [MESSAGE][PASSED] - Object: 'Object Repository/Manual Captured Objects/Page_Logg p  Google-kontoer/div_Neste' is clicked on

2020-03-24 12:01:22 - [TEST_STEP][PASSED] - click(findTestObject("Object Repository/Test Simple Search/Page_nightlyno - Axiell Quria/md-icon")): Object: 'Object Repository/Test Simple Search/Page_nightlyno - Axiell Quria/md-icon' is clicked on

2020-03-24 12:01:29 - [MESSAGE][PASSED] - Object: 'Object Repository/Test Simple Search/Page_nightlyno - Axiell Quria/md-icon' is clicked on

2020-03-24 12:01:29 - [TEST_STEP][PASSED] - setText(findTestObject("Object Repository/Test Simple Search/Page_nightlyno - Axiell Quria/input_Abonnementer_search-inpu"), "cre:Hamsun"): Text 'cre:Hamsun' is set on object 'Object Repository/Test Simple Search/Page_nightlyno - Axiell Quria/input_Abonnementer_search-inpu'

2020-03-24 12:01:33 - [MESSAGE][PASSED] - Text 'cre:Hamsun' is set on object 'Object Repository/Test Simple Search/Page_nightlyno - Axiell Quria/input_Abonnementer_search-inpu'

2020-03-24 12:01:33 - [TEST_STEP][PASSED] - click(findTestObject("test manuel objecter 2/Page_nightlyno - Axiell Quria/md-icon_1")): Object: 'Object Repository/test manuel objecter 2/Page_nightlyno - Axiell Quria/md-icon_1' is clicked on

2020-03-24 12:01:35 - [MESSAGE][PASSED] - Object: 'Object Repository/test manuel objecter 2/Page_nightlyno - Axiell Quria/md-icon_1' is clicked on

2020-03-24 12:01:35 - [TEST_STEP][PASSED] - click(findTestObject("test manuel objecter 2/Page_nightlyno - Axiell Quria/div_Resultater")): Object: 'Object Repository/test manuel objecter 2/Page_nightlyno - Axiell Quria/div_Resultater' is clicked on

2020-03-24 12:01:37 - [MESSAGE][PASSED] - Object: 'Object Repository/test manuel objecter 2/Page_nightlyno - Axiell Quria/div_Resultater' is clicked on

2020-03-24 12:01:37 - [TEST_STEP][PASSED] - verifyElementText(findTestObject("test manuel objecter 2/Page_nightlyno - Axiell Quria/div_Resultater"), "Resultater: 37"): Actual text and expected text of test object 'Object Repository/test manuel objecter 2/Page_nightlyno - Axiell Quria/div_Resultater' are matched.

2020-03-24 12:01:39 - [MESSAGE][PASSED] - Actual text and expected text of test object 'Object Repository/test manuel objecter 2/Page_nightlyno - Axiell Quria/div_Resultater' are matched.

2020-03-24 12:01:39 - [TEST_STEP][PASSED] - click(findTestObject("Object Repository/test manuel objecter 2/Page_nightlyno - Axiell Quria/md-icon_expand_more")): Object: 'Object Repository/test manuel objecter 2/Page_nightlyno - Axiell Quria/md-icon_expand_more' is clicked on

2020-03-24 12:01:41 - [MESSAGE][PASSED] - Object: 'Object Repository/test manuel objecter 2/Page_nightlyno - Axiell Quria/md-icon_expand_more' is clicked on

2020-03-24 12:01:41 - [TEST_STEP][PASSED] - click(findTestObject("Object Repository/test manuel objecter 2/Page_nightlyno - Axiell Quria/a_exit_to_appLogg av")): Object: 'Object Repository/test manuel objecter 2/Page_nightlyno - Axiell Quria/a_exit_to_appLogg av' is clicked on

2020-03-24 12:01:43 - [MESSAGE][PASSED] - Object: 'Object Repository/test manuel objecter 2/Page_nightlyno - Axiell Quria/a_exit_to_appLogg av' is clicked on

2020-03-24 12:01:43 - [TEST_STEP][PASSED] - closeBrowser(): Browser is closed

2020-03-24 12:01:45 - [MESSAGE][PASSED] - Browser is closed]]></system-out>
         <system-err><![CDATA[]]></system-err>
      </testcase>
      <testcase name="Test Cases/Test verify Fuzzy search (between 0-2 letters)" classname="Test Cases/Test verify Fuzzy search (between 0-2 letters)" status="PASSED">
         <system-out><![CDATA[2020-03-24 12:01:45 - [TEST_CASE][PASSED] - Test Cases/Test verify Fuzzy search (between 0-2 letters): Test Cases/Test verify Fuzzy search (between 0-2 letters)

2020-03-24 12:01:45 - [TEST_STEP][PASSED] - openBrowser(""): Browser is opened with url: ''

2020-03-24 12:01:45 - [MESSAGE][INFO] - Starting 'Chrome' driver

2020-03-24 12:01:53 - [MESSAGE][PASSED] - Browser is opened with url: ''

2020-03-24 12:01:53 - [TEST_STEP][PASSED] - navigateToUrl("https://nightlyno.quriaint.axiell.com/frontend/e6577300-18cd-4938-95dc-8690d6b50505/public/index.html"): Navigate to 'https://nightlyno.quriaint.axiell.com/frontend/e6577300-18cd-4938-95dc-8690d6b50505/public/index.html' successfully

2020-03-24 12:01:55 - [MESSAGE][PASSED] - Navigate to 'https://nightlyno.quriaint.axiell.com/frontend/e6577300-18cd-4938-95dc-8690d6b50505/public/index.html' successfully

2020-03-24 12:01:55 - [TEST_STEP][PASSED] - click(findTestObject("Object Repository/Test Simple Search/Page_Axiell Quria/a_Sign in with Google")): Object: 'Object Repository/Test Simple Search/Page_Axiell Quria/a_Sign in with Google' is clicked on

2020-03-24 12:01:57 - [MESSAGE][PASSED] - Object: 'Object Repository/Test Simple Search/Page_Axiell Quria/a_Sign in with Google' is clicked on

2020-03-24 12:01:57 - [TEST_STEP][PASSED] - setText(findTestObject("Object Repository/Test Simple Search/Page_Logg p  Google-kontoer/input_axiell.com_identifier"), "axiell.norge.quria@gmail.com"): Text 'axiell.norge.quria@gmail.com' is set on object 'Object Repository/Test Simple Search/Page_Logg p  Google-kontoer/input_axiell.com_identifier'

2020-03-24 12:02:02 - [MESSAGE][PASSED] - Text 'axiell.norge.quria@gmail.com' is set on object 'Object Repository/Test Simple Search/Page_Logg p  Google-kontoer/input_axiell.com_identifier'

2020-03-24 12:02:02 - [TEST_STEP][PASSED] - click(findTestObject("Object Repository/Test Simple Search/Page_Logg p  Google-kontoer/span_Neste")): Object: 'Object Repository/Test Simple Search/Page_Logg p  Google-kontoer/span_Neste' is clicked on

2020-03-24 12:02:04 - [MESSAGE][PASSED] - Object: 'Object Repository/Test Simple Search/Page_Logg p  Google-kontoer/span_Neste' is clicked on

2020-03-24 12:02:04 - [TEST_STEP][PASSED] - waitForElementVisible(findTestObject("Test Simple Search/Page_Logg p  Google-kontoer/input_Password"), 30): Object 'Object Repository/Test Simple Search/Page_Logg p  Google-kontoer/input_Password' is visible

2020-03-24 12:02:06 - [MESSAGE][PASSED] - Object 'Object Repository/Test Simple Search/Page_Logg p  Google-kontoer/input_Password' is visible

2020-03-24 12:02:06 - [TEST_STEP][PASSED] - setEncryptedText(findTestObject("Test Simple Search/Page_Logg p  Google-kontoer/input_Password"), "d097ITWPO7f2v9EptRJGCg=="): Text ****** has been set on object 'Object Repository/Test Simple Search/Page_Logg p  Google-kontoer/input_Password'

2020-03-24 12:02:09 - [MESSAGE][PASSED] - Text ****** has been set on object 'Object Repository/Test Simple Search/Page_Logg p  Google-kontoer/input_Password'

2020-03-24 12:02:09 - [TEST_STEP][PASSED] - click(findTestObject("Manual Captured Objects/Page_Logg p  Google-kontoer/div_Neste")): Object: 'Object Repository/Manual Captured Objects/Page_Logg p  Google-kontoer/div_Neste' is clicked on

2020-03-24 12:02:11 - [MESSAGE][PASSED] - Object: 'Object Repository/Manual Captured Objects/Page_Logg p  Google-kontoer/div_Neste' is clicked on

2020-03-24 12:02:11 - [TEST_STEP][PASSED] - click(findTestObject("Object Repository/Test Simple Search/Page_nightlyno - Axiell Quria/md-icon")): Object: 'Object Repository/Test Simple Search/Page_nightlyno - Axiell Quria/md-icon' is clicked on

2020-03-24 12:02:18 - [MESSAGE][PASSED] - Object: 'Object Repository/Test Simple Search/Page_nightlyno - Axiell Quria/md-icon' is clicked on

2020-03-24 12:02:18 - [TEST_STEP][PASSED] - setText(findTestObject("Object Repository/Test Simple Search/Page_nightlyno - Axiell Quria/input_Abonnementer_search-inpu"), "me"): Text 'me' is set on object 'Object Repository/Test Simple Search/Page_nightlyno - Axiell Quria/input_Abonnementer_search-inpu'

2020-03-24 12:02:22 - [MESSAGE][PASSED] - Text 'me' is set on object 'Object Repository/Test Simple Search/Page_nightlyno - Axiell Quria/input_Abonnementer_search-inpu'

2020-03-24 12:02:22 - [TEST_STEP][PASSED] - click(findTestObject("test manuel objecter 2/Page_nightlyno - Axiell Quria/md-icon_1")): Object: 'Object Repository/test manuel objecter 2/Page_nightlyno - Axiell Quria/md-icon_1' is clicked on

2020-03-24 12:02:24 - [MESSAGE][PASSED] - Object: 'Object Repository/test manuel objecter 2/Page_nightlyno - Axiell Quria/md-icon_1' is clicked on

2020-03-24 12:02:24 - [TEST_STEP][PASSED] - click(findTestObject("test manuel objecter 2/Page_nightlyno - Axiell Quria/div_Resultater")): Object: 'Object Repository/test manuel objecter 2/Page_nightlyno - Axiell Quria/div_Resultater' is clicked on

2020-03-24 12:02:26 - [MESSAGE][PASSED] - Object: 'Object Repository/test manuel objecter 2/Page_nightlyno - Axiell Quria/div_Resultater' is clicked on

2020-03-24 12:02:26 - [TEST_STEP][PASSED] - verifyElementText(findTestObject("test manuel objecter 2/Page_nightlyno - Axiell Quria/div_Resultater"), "Resultater: 124"): Actual text and expected text of test object 'Object Repository/test manuel objecter 2/Page_nightlyno - Axiell Quria/div_Resultater' are matched.

2020-03-24 12:02:28 - [MESSAGE][PASSED] - Actual text and expected text of test object 'Object Repository/test manuel objecter 2/Page_nightlyno - Axiell Quria/div_Resultater' are matched.

2020-03-24 12:02:28 - [TEST_STEP][PASSED] - click(findTestObject("Object Repository/test manuel objecter 2/Page_nightlyno - Axiell Quria/md-icon_expand_more")): Object: 'Object Repository/test manuel objecter 2/Page_nightlyno - Axiell Quria/md-icon_expand_more' is clicked on

2020-03-24 12:02:30 - [MESSAGE][PASSED] - Object: 'Object Repository/test manuel objecter 2/Page_nightlyno - Axiell Quria/md-icon_expand_more' is clicked on

2020-03-24 12:02:30 - [TEST_STEP][PASSED] - click(findTestObject("Object Repository/test manuel objecter 2/Page_nightlyno - Axiell Quria/a_exit_to_appLogg av")): Object: 'Object Repository/test manuel objecter 2/Page_nightlyno - Axiell Quria/a_exit_to_appLogg av' is clicked on

2020-03-24 12:02:32 - [MESSAGE][PASSED] - Object: 'Object Repository/test manuel objecter 2/Page_nightlyno - Axiell Quria/a_exit_to_appLogg av' is clicked on

2020-03-24 12:02:32 - [TEST_STEP][PASSED] - closeBrowser(): Browser is closed

2020-03-24 12:02:34 - [MESSAGE][PASSED] - Browser is closed]]></system-out>
         <system-err><![CDATA[]]></system-err>
      </testcase>
      <testcase name="Test Cases/Test verify Fuzzy search (between 3-5 letters)" classname="Test Cases/Test verify Fuzzy search (between 3-5 letters)" status="PASSED">
         <system-out><![CDATA[2020-03-24 12:02:34 - [TEST_CASE][PASSED] - Test Cases/Test verify Fuzzy search (between 3-5 letters): Test Cases/Test verify Fuzzy search (between 3-5 letters)

2020-03-24 12:02:34 - [TEST_STEP][PASSED] - openBrowser(""): Browser is opened with url: ''

2020-03-24 12:02:34 - [MESSAGE][INFO] - Starting 'Chrome' driver

2020-03-24 12:02:42 - [MESSAGE][PASSED] - Browser is opened with url: ''

2020-03-24 12:02:42 - [TEST_STEP][PASSED] - navigateToUrl("https://nightlyno.quriaint.axiell.com/frontend/e6577300-18cd-4938-95dc-8690d6b50505/public/index.html"): Navigate to 'https://nightlyno.quriaint.axiell.com/frontend/e6577300-18cd-4938-95dc-8690d6b50505/public/index.html' successfully

2020-03-24 12:02:44 - [MESSAGE][PASSED] - Navigate to 'https://nightlyno.quriaint.axiell.com/frontend/e6577300-18cd-4938-95dc-8690d6b50505/public/index.html' successfully

2020-03-24 12:02:44 - [TEST_STEP][PASSED] - click(findTestObject("Object Repository/Test Simple Search/Page_Axiell Quria/a_Sign in with Google")): Object: 'Object Repository/Test Simple Search/Page_Axiell Quria/a_Sign in with Google' is clicked on

2020-03-24 12:02:46 - [MESSAGE][PASSED] - Object: 'Object Repository/Test Simple Search/Page_Axiell Quria/a_Sign in with Google' is clicked on

2020-03-24 12:02:46 - [TEST_STEP][PASSED] - setText(findTestObject("Object Repository/Test Simple Search/Page_Logg p  Google-kontoer/input_axiell.com_identifier"), "axiell.norge.quria@gmail.com"): Text 'axiell.norge.quria@gmail.com' is set on object 'Object Repository/Test Simple Search/Page_Logg p  Google-kontoer/input_axiell.com_identifier'

2020-03-24 12:02:51 - [MESSAGE][PASSED] - Text 'axiell.norge.quria@gmail.com' is set on object 'Object Repository/Test Simple Search/Page_Logg p  Google-kontoer/input_axiell.com_identifier'

2020-03-24 12:02:51 - [TEST_STEP][PASSED] - click(findTestObject("Object Repository/Test Simple Search/Page_Logg p  Google-kontoer/span_Neste")): Object: 'Object Repository/Test Simple Search/Page_Logg p  Google-kontoer/span_Neste' is clicked on

2020-03-24 12:02:53 - [MESSAGE][PASSED] - Object: 'Object Repository/Test Simple Search/Page_Logg p  Google-kontoer/span_Neste' is clicked on

2020-03-24 12:02:53 - [TEST_STEP][PASSED] - waitForElementVisible(findTestObject("Test Simple Search/Page_Logg p  Google-kontoer/input_Password"), 30): Object 'Object Repository/Test Simple Search/Page_Logg p  Google-kontoer/input_Password' is visible

2020-03-24 12:02:55 - [MESSAGE][PASSED] - Object 'Object Repository/Test Simple Search/Page_Logg p  Google-kontoer/input_Password' is visible

2020-03-24 12:02:55 - [TEST_STEP][PASSED] - setEncryptedText(findTestObject("Test Simple Search/Page_Logg p  Google-kontoer/input_Password"), "d097ITWPO7f2v9EptRJGCg=="): Text ****** has been set on object 'Object Repository/Test Simple Search/Page_Logg p  Google-kontoer/input_Password'

2020-03-24 12:02:58 - [MESSAGE][PASSED] - Text ****** has been set on object 'Object Repository/Test Simple Search/Page_Logg p  Google-kontoer/input_Password'

2020-03-24 12:02:58 - [TEST_STEP][PASSED] - click(findTestObject("Manual Captured Objects/Page_Logg p  Google-kontoer/div_Neste")): Object: 'Object Repository/Manual Captured Objects/Page_Logg p  Google-kontoer/div_Neste' is clicked on

2020-03-24 12:03:00 - [MESSAGE][PASSED] - Object: 'Object Repository/Manual Captured Objects/Page_Logg p  Google-kontoer/div_Neste' is clicked on

2020-03-24 12:03:00 - [TEST_STEP][PASSED] - click(findTestObject("Object Repository/Test Simple Search/Page_nightlyno - Axiell Quria/md-icon")): Object: 'Object Repository/Test Simple Search/Page_nightlyno - Axiell Quria/md-icon' is clicked on

2020-03-24 12:03:07 - [MESSAGE][PASSED] - Object: 'Object Repository/Test Simple Search/Page_nightlyno - Axiell Quria/md-icon' is clicked on

2020-03-24 12:03:07 - [TEST_STEP][PASSED] - setText(findTestObject("Object Repository/Test Simple Search/Page_nightlyno - Axiell Quria/input_Abonnementer_search-inpu"), "meyr"): Text 'meyr' is set on object 'Object Repository/Test Simple Search/Page_nightlyno - Axiell Quria/input_Abonnementer_search-inpu'

2020-03-24 12:03:11 - [MESSAGE][PASSED] - Text 'meyr' is set on object 'Object Repository/Test Simple Search/Page_nightlyno - Axiell Quria/input_Abonnementer_search-inpu'

2020-03-24 12:03:11 - [TEST_STEP][PASSED] - click(findTestObject("test manuel objecter 2/Page_nightlyno - Axiell Quria/md-icon_1")): Object: 'Object Repository/test manuel objecter 2/Page_nightlyno - Axiell Quria/md-icon_1' is clicked on

2020-03-24 12:03:13 - [MESSAGE][PASSED] - Object: 'Object Repository/test manuel objecter 2/Page_nightlyno - Axiell Quria/md-icon_1' is clicked on

2020-03-24 12:03:13 - [TEST_STEP][PASSED] - click(findTestObject("test manuel objecter 2/Page_nightlyno - Axiell Quria/div_Resultater")): Object: 'Object Repository/test manuel objecter 2/Page_nightlyno - Axiell Quria/div_Resultater' is clicked on

2020-03-24 12:03:15 - [MESSAGE][PASSED] - Object: 'Object Repository/test manuel objecter 2/Page_nightlyno - Axiell Quria/div_Resultater' is clicked on

2020-03-24 12:03:15 - [TEST_STEP][PASSED] - verifyElementText(findTestObject("test manuel objecter 2/Page_nightlyno - Axiell Quria/div_Resultater"), "Resultater: 0"): Actual text and expected text of test object 'Object Repository/test manuel objecter 2/Page_nightlyno - Axiell Quria/div_Resultater' are matched.

2020-03-24 12:03:17 - [MESSAGE][PASSED] - Actual text and expected text of test object 'Object Repository/test manuel objecter 2/Page_nightlyno - Axiell Quria/div_Resultater' are matched.

2020-03-24 12:03:17 - [TEST_STEP][PASSED] - click(findTestObject("Object Repository/test manuel objecter 2/Page_nightlyno - Axiell Quria/md-icon_expand_more")): Object: 'Object Repository/test manuel objecter 2/Page_nightlyno - Axiell Quria/md-icon_expand_more' is clicked on

2020-03-24 12:03:19 - [MESSAGE][PASSED] - Object: 'Object Repository/test manuel objecter 2/Page_nightlyno - Axiell Quria/md-icon_expand_more' is clicked on

2020-03-24 12:03:19 - [TEST_STEP][PASSED] - click(findTestObject("Object Repository/test manuel objecter 2/Page_nightlyno - Axiell Quria/a_exit_to_appLogg av")): Object: 'Object Repository/test manuel objecter 2/Page_nightlyno - Axiell Quria/a_exit_to_appLogg av' is clicked on

2020-03-24 12:03:22 - [MESSAGE][PASSED] - Object: 'Object Repository/test manuel objecter 2/Page_nightlyno - Axiell Quria/a_exit_to_appLogg av' is clicked on

2020-03-24 12:03:22 - [TEST_STEP][PASSED] - closeBrowser(): Browser is closed

2020-03-24 12:03:23 - [MESSAGE][PASSED] - Browser is closed]]></system-out>
         <system-err><![CDATA[]]></system-err>
      </testcase>
      <testcase name="Test Cases/Test verify Fuzzy search (more tha 6 letters)" classname="Test Cases/Test verify Fuzzy search (more tha 6 letters)" status="PASSED">
         <system-out><![CDATA[2020-03-24 12:03:23 - [TEST_CASE][PASSED] - Test Cases/Test verify Fuzzy search (more tha 6 letters): Test Cases/Test verify Fuzzy search (more tha 6 letters)

2020-03-24 12:03:23 - [TEST_STEP][PASSED] - openBrowser(""): Browser is opened with url: ''

2020-03-24 12:03:23 - [MESSAGE][INFO] - Starting 'Chrome' driver

2020-03-24 12:03:31 - [MESSAGE][PASSED] - Browser is opened with url: ''

2020-03-24 12:03:31 - [TEST_STEP][PASSED] - navigateToUrl("https://nightlyno.quriaint.axiell.com/frontend/e6577300-18cd-4938-95dc-8690d6b50505/public/index.html"): Navigate to 'https://nightlyno.quriaint.axiell.com/frontend/e6577300-18cd-4938-95dc-8690d6b50505/public/index.html' successfully

2020-03-24 12:03:33 - [MESSAGE][PASSED] - Navigate to 'https://nightlyno.quriaint.axiell.com/frontend/e6577300-18cd-4938-95dc-8690d6b50505/public/index.html' successfully

2020-03-24 12:03:33 - [TEST_STEP][PASSED] - click(findTestObject("Object Repository/Test Simple Search/Page_Axiell Quria/a_Sign in with Google")): Object: 'Object Repository/Test Simple Search/Page_Axiell Quria/a_Sign in with Google' is clicked on

2020-03-24 12:03:35 - [MESSAGE][PASSED] - Object: 'Object Repository/Test Simple Search/Page_Axiell Quria/a_Sign in with Google' is clicked on

2020-03-24 12:03:35 - [TEST_STEP][PASSED] - setText(findTestObject("Object Repository/Test Simple Search/Page_Logg p  Google-kontoer/input_axiell.com_identifier"), "axiell.norge.quria@gmail.com"): Text 'axiell.norge.quria@gmail.com' is set on object 'Object Repository/Test Simple Search/Page_Logg p  Google-kontoer/input_axiell.com_identifier'

2020-03-24 12:03:41 - [MESSAGE][PASSED] - Text 'axiell.norge.quria@gmail.com' is set on object 'Object Repository/Test Simple Search/Page_Logg p  Google-kontoer/input_axiell.com_identifier'

2020-03-24 12:03:41 - [TEST_STEP][PASSED] - click(findTestObject("Object Repository/Test Simple Search/Page_Logg p  Google-kontoer/span_Neste")): Object: 'Object Repository/Test Simple Search/Page_Logg p  Google-kontoer/span_Neste' is clicked on

2020-03-24 12:03:43 - [MESSAGE][PASSED] - Object: 'Object Repository/Test Simple Search/Page_Logg p  Google-kontoer/span_Neste' is clicked on

2020-03-24 12:03:43 - [TEST_STEP][PASSED] - waitForElementVisible(findTestObject("Test Simple Search/Page_Logg p  Google-kontoer/input_Password"), 30): Object 'Object Repository/Test Simple Search/Page_Logg p  Google-kontoer/input_Password' is visible

2020-03-24 12:03:45 - [MESSAGE][PASSED] - Object 'Object Repository/Test Simple Search/Page_Logg p  Google-kontoer/input_Password' is visible

2020-03-24 12:03:45 - [TEST_STEP][PASSED] - setEncryptedText(findTestObject("Test Simple Search/Page_Logg p  Google-kontoer/input_Password"), "d097ITWPO7f2v9EptRJGCg=="): Text ****** has been set on object 'Object Repository/Test Simple Search/Page_Logg p  Google-kontoer/input_Password'

2020-03-24 12:03:48 - [MESSAGE][PASSED] - Text ****** has been set on object 'Object Repository/Test Simple Search/Page_Logg p  Google-kontoer/input_Password'

2020-03-24 12:03:48 - [TEST_STEP][PASSED] - click(findTestObject("Manual Captured Objects/Page_Logg p  Google-kontoer/div_Neste")): Object: 'Object Repository/Manual Captured Objects/Page_Logg p  Google-kontoer/div_Neste' is clicked on

2020-03-24 12:03:50 - [MESSAGE][PASSED] - Object: 'Object Repository/Manual Captured Objects/Page_Logg p  Google-kontoer/div_Neste' is clicked on

2020-03-24 12:03:50 - [TEST_STEP][PASSED] - click(findTestObject("Object Repository/Test Simple Search/Page_nightlyno - Axiell Quria/md-icon")): Object: 'Object Repository/Test Simple Search/Page_nightlyno - Axiell Quria/md-icon' is clicked on

2020-03-24 12:03:57 - [MESSAGE][PASSED] - Object: 'Object Repository/Test Simple Search/Page_nightlyno - Axiell Quria/md-icon' is clicked on

2020-03-24 12:03:57 - [TEST_STEP][PASSED] - setText(findTestObject("Object Repository/Test Simple Search/Page_nightlyno - Axiell Quria/input_Abonnementer_search-inpu"), "norwgan"): Text 'norwgan' is set on object 'Object Repository/Test Simple Search/Page_nightlyno - Axiell Quria/input_Abonnementer_search-inpu'

2020-03-24 12:04:02 - [MESSAGE][PASSED] - Text 'norwgan' is set on object 'Object Repository/Test Simple Search/Page_nightlyno - Axiell Quria/input_Abonnementer_search-inpu'

2020-03-24 12:04:02 - [TEST_STEP][PASSED] - click(findTestObject("test manuel objecter 2/Page_nightlyno - Axiell Quria/md-icon_1")): Object: 'Object Repository/test manuel objecter 2/Page_nightlyno - Axiell Quria/md-icon_1' is clicked on

2020-03-24 12:04:04 - [MESSAGE][PASSED] - Object: 'Object Repository/test manuel objecter 2/Page_nightlyno - Axiell Quria/md-icon_1' is clicked on

2020-03-24 12:04:04 - [TEST_STEP][PASSED] - click(findTestObject("test manuel objecter 2/Page_nightlyno - Axiell Quria/div_Resultater")): Object: 'Object Repository/test manuel objecter 2/Page_nightlyno - Axiell Quria/div_Resultater' is clicked on

2020-03-24 12:04:06 - [MESSAGE][PASSED] - Object: 'Object Repository/test manuel objecter 2/Page_nightlyno - Axiell Quria/div_Resultater' is clicked on

2020-03-24 12:04:06 - [TEST_STEP][PASSED] - verifyElementText(findTestObject("test manuel objecter 2/Page_nightlyno - Axiell Quria/div_Resultater"), "Resultater: 0"): Actual text and expected text of test object 'Object Repository/test manuel objecter 2/Page_nightlyno - Axiell Quria/div_Resultater' are matched.

2020-03-24 12:04:08 - [MESSAGE][PASSED] - Actual text and expected text of test object 'Object Repository/test manuel objecter 2/Page_nightlyno - Axiell Quria/div_Resultater' are matched.

2020-03-24 12:04:08 - [TEST_STEP][PASSED] - click(findTestObject("Object Repository/test manuel objecter 2/Page_nightlyno - Axiell Quria/md-icon_expand_more")): Object: 'Object Repository/test manuel objecter 2/Page_nightlyno - Axiell Quria/md-icon_expand_more' is clicked on

2020-03-24 12:04:10 - [MESSAGE][PASSED] - Object: 'Object Repository/test manuel objecter 2/Page_nightlyno - Axiell Quria/md-icon_expand_more' is clicked on

2020-03-24 12:04:10 - [TEST_STEP][PASSED] - click(findTestObject("Object Repository/test manuel objecter 2/Page_nightlyno - Axiell Quria/a_exit_to_appLogg av")): Object: 'Object Repository/test manuel objecter 2/Page_nightlyno - Axiell Quria/a_exit_to_appLogg av' is clicked on

2020-03-24 12:04:12 - [MESSAGE][PASSED] - Object: 'Object Repository/test manuel objecter 2/Page_nightlyno - Axiell Quria/a_exit_to_appLogg av' is clicked on

2020-03-24 12:04:12 - [TEST_STEP][PASSED] - closeBrowser(): Browser is closed

2020-03-24 12:04:14 - [MESSAGE][PASSED] - Browser is closed]]></system-out>
         <system-err><![CDATA[]]></system-err>
      </testcase>
      <testcase name="Test Cases/Test verify phrase search" classname="Test Cases/Test verify phrase search" status="PASSED">
         <system-out><![CDATA[2020-03-24 12:04:14 - [TEST_CASE][PASSED] - Test Cases/Test verify phrase search: Test Cases/Test verify phrase search

2020-03-24 12:04:14 - [TEST_STEP][PASSED] - openBrowser(""): Browser is opened with url: ''

2020-03-24 12:04:14 - [MESSAGE][INFO] - Starting 'Chrome' driver

2020-03-24 12:04:23 - [MESSAGE][PASSED] - Browser is opened with url: ''

2020-03-24 12:04:23 - [TEST_STEP][PASSED] - navigateToUrl("https://nightlyno.quriaint.axiell.com/frontend/e6577300-18cd-4938-95dc-8690d6b50505/public/index.html"): Navigate to 'https://nightlyno.quriaint.axiell.com/frontend/e6577300-18cd-4938-95dc-8690d6b50505/public/index.html' successfully

2020-03-24 12:04:24 - [MESSAGE][PASSED] - Navigate to 'https://nightlyno.quriaint.axiell.com/frontend/e6577300-18cd-4938-95dc-8690d6b50505/public/index.html' successfully

2020-03-24 12:04:24 - [TEST_STEP][PASSED] - click(findTestObject("Object Repository/Test Simple Search/Page_Axiell Quria/a_Sign in with Google")): Object: 'Object Repository/Test Simple Search/Page_Axiell Quria/a_Sign in with Google' is clicked on

2020-03-24 12:04:30 - [MESSAGE][PASSED] - Object: 'Object Repository/Test Simple Search/Page_Axiell Quria/a_Sign in with Google' is clicked on

2020-03-24 12:04:30 - [TEST_STEP][PASSED] - setText(findTestObject("Object Repository/Test Simple Search/Page_Logg p  Google-kontoer/input_axiell.com_identifier"), "axiell.norge.quria@gmail.com"): Text 'axiell.norge.quria@gmail.com' is set on object 'Object Repository/Test Simple Search/Page_Logg p  Google-kontoer/input_axiell.com_identifier'

2020-03-24 12:04:34 - [MESSAGE][PASSED] - Text 'axiell.norge.quria@gmail.com' is set on object 'Object Repository/Test Simple Search/Page_Logg p  Google-kontoer/input_axiell.com_identifier'

2020-03-24 12:04:34 - [TEST_STEP][PASSED] - click(findTestObject("Object Repository/Test Simple Search/Page_Logg p  Google-kontoer/span_Neste")): Object: 'Object Repository/Test Simple Search/Page_Logg p  Google-kontoer/span_Neste' is clicked on

2020-03-24 12:04:36 - [MESSAGE][PASSED] - Object: 'Object Repository/Test Simple Search/Page_Logg p  Google-kontoer/span_Neste' is clicked on

2020-03-24 12:04:36 - [TEST_STEP][PASSED] - waitForElementVisible(findTestObject("Test Simple Search/Page_Logg p  Google-kontoer/input_Password"), 30): Object 'Object Repository/Test Simple Search/Page_Logg p  Google-kontoer/input_Password' is visible

2020-03-24 12:04:39 - [MESSAGE][PASSED] - Object 'Object Repository/Test Simple Search/Page_Logg p  Google-kontoer/input_Password' is visible

2020-03-24 12:04:39 - [TEST_STEP][PASSED] - setEncryptedText(findTestObject("Test Simple Search/Page_Logg p  Google-kontoer/input_Password"), "d097ITWPO7f2v9EptRJGCg=="): Text ****** has been set on object 'Object Repository/Test Simple Search/Page_Logg p  Google-kontoer/input_Password'

2020-03-24 12:04:42 - [MESSAGE][PASSED] - Text ****** has been set on object 'Object Repository/Test Simple Search/Page_Logg p  Google-kontoer/input_Password'

2020-03-24 12:04:42 - [TEST_STEP][PASSED] - click(findTestObject("Manual Captured Objects/Page_Logg p  Google-kontoer/div_Neste")): Object: 'Object Repository/Manual Captured Objects/Page_Logg p  Google-kontoer/div_Neste' is clicked on

2020-03-24 12:04:44 - [MESSAGE][PASSED] - Object: 'Object Repository/Manual Captured Objects/Page_Logg p  Google-kontoer/div_Neste' is clicked on

2020-03-24 12:04:44 - [TEST_STEP][PASSED] - click(findTestObject("Object Repository/Test Simple Search/Page_nightlyno - Axiell Quria/md-icon")): Object: 'Object Repository/Test Simple Search/Page_nightlyno - Axiell Quria/md-icon' is clicked on

2020-03-24 12:04:52 - [MESSAGE][PASSED] - Object: 'Object Repository/Test Simple Search/Page_nightlyno - Axiell Quria/md-icon' is clicked on

2020-03-24 12:04:52 - [TEST_STEP][PASSED] - waitForElementVisible(findTestObject("Test Simple Search/Page_nightlyno - Axiell Quria/input_Abonnementer_search-inpu"), 30): Object 'Object Repository/Test Simple Search/Page_nightlyno - Axiell Quria/input_Abonnementer_search-inpu' is visible

2020-03-24 12:04:54 - [MESSAGE][PASSED] - Object 'Object Repository/Test Simple Search/Page_nightlyno - Axiell Quria/input_Abonnementer_search-inpu' is visible

2020-03-24 12:04:54 - [TEST_STEP][PASSED] - setText(findTestObject("Object Repository/Test Simple Search/Page_nightlyno - Axiell Quria/input_Abonnementer_search-inpu"), ""magiske fingeren""): Text '"magiske fingeren"' is set on object 'Object Repository/Test Simple Search/Page_nightlyno - Axiell Quria/input_Abonnementer_search-inpu'

2020-03-24 12:04:58 - [MESSAGE][PASSED] - Text '"magiske fingeren"' is set on object 'Object Repository/Test Simple Search/Page_nightlyno - Axiell Quria/input_Abonnementer_search-inpu'

2020-03-24 12:04:58 - [TEST_STEP][PASSED] - click(findTestObject("test manuel objecter 2/Page_nightlyno - Axiell Quria/md-icon_1")): Object: 'Object Repository/test manuel objecter 2/Page_nightlyno - Axiell Quria/md-icon_1' is clicked on

2020-03-24 12:05:00 - [MESSAGE][PASSED] - Object: 'Object Repository/test manuel objecter 2/Page_nightlyno - Axiell Quria/md-icon_1' is clicked on

2020-03-24 12:05:00 - [TEST_STEP][PASSED] - click(findTestObject("test manuel objecter 2/Page_nightlyno - Axiell Quria/div_Resultater")): Object: 'Object Repository/test manuel objecter 2/Page_nightlyno - Axiell Quria/div_Resultater' is clicked on

2020-03-24 12:05:02 - [MESSAGE][PASSED] - Object: 'Object Repository/test manuel objecter 2/Page_nightlyno - Axiell Quria/div_Resultater' is clicked on

2020-03-24 12:05:02 - [TEST_STEP][PASSED] - verifyElementText(findTestObject("test manuel objecter 2/Page_nightlyno - Axiell Quria/div_Resultater"), "Resultater: 3"): Actual text and expected text of test object 'Object Repository/test manuel objecter 2/Page_nightlyno - Axiell Quria/div_Resultater' are matched.

2020-03-24 12:05:04 - [MESSAGE][PASSED] - Actual text and expected text of test object 'Object Repository/test manuel objecter 2/Page_nightlyno - Axiell Quria/div_Resultater' are matched.

2020-03-24 12:05:04 - [TEST_STEP][PASSED] - click(findTestObject("Object Repository/test manuel objecter 2/Page_nightlyno - Axiell Quria/md-icon_expand_more")): Object: 'Object Repository/test manuel objecter 2/Page_nightlyno - Axiell Quria/md-icon_expand_more' is clicked on

2020-03-24 12:05:07 - [MESSAGE][PASSED] - Object: 'Object Repository/test manuel objecter 2/Page_nightlyno - Axiell Quria/md-icon_expand_more' is clicked on

2020-03-24 12:05:07 - [TEST_STEP][PASSED] - click(findTestObject("Object Repository/test manuel objecter 2/Page_nightlyno - Axiell Quria/a_exit_to_appLogg av")): Object: 'Object Repository/test manuel objecter 2/Page_nightlyno - Axiell Quria/a_exit_to_appLogg av' is clicked on

2020-03-24 12:05:09 - [MESSAGE][PASSED] - Object: 'Object Repository/test manuel objecter 2/Page_nightlyno - Axiell Quria/a_exit_to_appLogg av' is clicked on

2020-03-24 12:05:09 - [TEST_STEP][PASSED] - closeBrowser(): Browser is closed

2020-03-24 12:05:10 - [MESSAGE][PASSED] - Browser is closed]]></system-out>
         <system-err><![CDATA[]]></system-err>
      </testcase>
      <testcase name="Test Cases/Test verify scandinavian letters (Danish)" classname="Test Cases/Test verify scandinavian letters (Danish)" status="PASSED">
         <system-out><![CDATA[2020-03-24 12:05:10 - [TEST_CASE][PASSED] - Test Cases/Test verify scandinavian letters (Danish): Test Cases/Test verify scandinavian letters (Danish)

2020-03-24 12:05:11 - [TEST_STEP][PASSED] - openBrowser(""): Browser is opened with url: ''

2020-03-24 12:05:11 - [MESSAGE][INFO] - Starting 'Chrome' driver

2020-03-24 12:05:20 - [MESSAGE][PASSED] - Browser is opened with url: ''

2020-03-24 12:05:20 - [TEST_STEP][PASSED] - navigateToUrl("https://nightlyno.quriaint.axiell.com/frontend/e6577300-18cd-4938-95dc-8690d6b50505/public/index.html"): Navigate to 'https://nightlyno.quriaint.axiell.com/frontend/e6577300-18cd-4938-95dc-8690d6b50505/public/index.html' successfully

2020-03-24 12:05:21 - [MESSAGE][PASSED] - Navigate to 'https://nightlyno.quriaint.axiell.com/frontend/e6577300-18cd-4938-95dc-8690d6b50505/public/index.html' successfully

2020-03-24 12:05:21 - [TEST_STEP][PASSED] - click(findTestObject("Object Repository/Test Simple Search/Page_Axiell Quria/a_Sign in with Google")): Object: 'Object Repository/Test Simple Search/Page_Axiell Quria/a_Sign in with Google' is clicked on

2020-03-24 12:05:24 - [MESSAGE][PASSED] - Object: 'Object Repository/Test Simple Search/Page_Axiell Quria/a_Sign in with Google' is clicked on

2020-03-24 12:05:24 - [TEST_STEP][PASSED] - setText(findTestObject("Object Repository/Test Simple Search/Page_Logg p  Google-kontoer/input_axiell.com_identifier"), "axiell.norge.quria@gmail.com"): Text 'axiell.norge.quria@gmail.com' is set on object 'Object Repository/Test Simple Search/Page_Logg p  Google-kontoer/input_axiell.com_identifier'

2020-03-24 12:05:29 - [MESSAGE][PASSED] - Text 'axiell.norge.quria@gmail.com' is set on object 'Object Repository/Test Simple Search/Page_Logg p  Google-kontoer/input_axiell.com_identifier'

2020-03-24 12:05:29 - [TEST_STEP][PASSED] - click(findTestObject("Object Repository/Test Simple Search/Page_Logg p  Google-kontoer/span_Neste")): Object: 'Object Repository/Test Simple Search/Page_Logg p  Google-kontoer/span_Neste' is clicked on

2020-03-24 12:05:32 - [MESSAGE][PASSED] - Object: 'Object Repository/Test Simple Search/Page_Logg p  Google-kontoer/span_Neste' is clicked on

2020-03-24 12:05:32 - [TEST_STEP][PASSED] - waitForElementVisible(findTestObject("Test Simple Search/Page_Logg p  Google-kontoer/input_Password"), 30): Object 'Object Repository/Test Simple Search/Page_Logg p  Google-kontoer/input_Password' is visible

2020-03-24 12:05:34 - [MESSAGE][PASSED] - Object 'Object Repository/Test Simple Search/Page_Logg p  Google-kontoer/input_Password' is visible

2020-03-24 12:05:34 - [TEST_STEP][PASSED] - setEncryptedText(findTestObject("Test Simple Search/Page_Logg p  Google-kontoer/input_Password"), "d097ITWPO7f2v9EptRJGCg=="): Text ****** has been set on object 'Object Repository/Test Simple Search/Page_Logg p  Google-kontoer/input_Password'

2020-03-24 12:05:37 - [MESSAGE][PASSED] - Text ****** has been set on object 'Object Repository/Test Simple Search/Page_Logg p  Google-kontoer/input_Password'

2020-03-24 12:05:37 - [TEST_STEP][PASSED] - click(findTestObject("Manual Captured Objects/Page_Logg p  Google-kontoer/div_Neste")): Object: 'Object Repository/Manual Captured Objects/Page_Logg p  Google-kontoer/div_Neste' is clicked on

2020-03-24 12:05:39 - [MESSAGE][PASSED] - Object: 'Object Repository/Manual Captured Objects/Page_Logg p  Google-kontoer/div_Neste' is clicked on

2020-03-24 12:05:39 - [TEST_STEP][PASSED] - click(findTestObject("Object Repository/Test Simple Search/Page_nightlyno - Axiell Quria/md-icon")): Object: 'Object Repository/Test Simple Search/Page_nightlyno - Axiell Quria/md-icon' is clicked on

2020-03-24 12:05:47 - [MESSAGE][PASSED] - Object: 'Object Repository/Test Simple Search/Page_nightlyno - Axiell Quria/md-icon' is clicked on

2020-03-24 12:05:47 - [TEST_STEP][PASSED] - setText(findTestObject("Object Repository/Test Simple Search/Page_nightlyno - Axiell Quria/input_Abonnementer_search-inpu"), "Nissen hos Spækhøkeren"): Text 'Nissen hos Spækhøkeren' is set on object 'Object Repository/Test Simple Search/Page_nightlyno - Axiell Quria/input_Abonnementer_search-inpu'

2020-03-24 12:05:51 - [MESSAGE][PASSED] - Text 'Nissen hos Spækhøkeren' is set on object 'Object Repository/Test Simple Search/Page_nightlyno - Axiell Quria/input_Abonnementer_search-inpu'

2020-03-24 12:05:51 - [TEST_STEP][PASSED] - click(findTestObject("Manual Captured Objects/Page_nightlyno - Axiell Quria/md-icon_1")): Object: 'Object Repository/Manual Captured Objects/Page_nightlyno - Axiell Quria/md-icon_1' is clicked on

2020-03-24 12:05:53 - [MESSAGE][PASSED] - Object: 'Object Repository/Manual Captured Objects/Page_nightlyno - Axiell Quria/md-icon_1' is clicked on

2020-03-24 12:05:53 - [TEST_STEP][PASSED] - waitForElementVisible(findTestObject("Page_nightlyno - Axiell Quria/span_Title"), 30): Object 'Object Repository/Page_nightlyno - Axiell Quria/span_Title' is visible

2020-03-24 12:05:55 - [MESSAGE][PASSED] - Object 'Object Repository/Page_nightlyno - Axiell Quria/span_Title' is visible

2020-03-24 12:05:55 - [TEST_STEP][PASSED] - verifyElementText(findTestObject("Page_nightlyno - Axiell Quria/span_Title"), "Nissen hos Spækhøkeren"): Actual text and expected text of test object 'Object Repository/Page_nightlyno - Axiell Quria/span_Title' are matched.

2020-03-24 12:05:57 - [MESSAGE][PASSED] - Actual text and expected text of test object 'Object Repository/Page_nightlyno - Axiell Quria/span_Title' are matched.

2020-03-24 12:05:57 - [TEST_STEP][PASSED] - waitForPageLoad(30): Wait for page load successfully

2020-03-24 12:05:58 - [MESSAGE][PASSED] - Wait for page load successfully

2020-03-24 12:05:58 - [TEST_STEP][PASSED] - click(findTestObject("Object Repository/Test Simple Search/Page_nightlyno - Axiell Quria/md-icon_expand_more")): Object: 'Object Repository/Test Simple Search/Page_nightlyno - Axiell Quria/md-icon_expand_more' is clicked on

2020-03-24 12:06:00 - [MESSAGE][PASSED] - Object: 'Object Repository/Test Simple Search/Page_nightlyno - Axiell Quria/md-icon_expand_more' is clicked on

2020-03-24 12:06:00 - [TEST_STEP][PASSED] - waitForElementVisible(findTestObject("Test Simple Search/Page_nightlyno - Axiell Quria/a_exit_to_appLogg av"), 30): Object 'Object Repository/Test Simple Search/Page_nightlyno - Axiell Quria/a_exit_to_appLogg av' is visible

2020-03-24 12:06:02 - [MESSAGE][PASSED] - Object 'Object Repository/Test Simple Search/Page_nightlyno - Axiell Quria/a_exit_to_appLogg av' is visible

2020-03-24 12:06:02 - [TEST_STEP][PASSED] - click(findTestObject("Object Repository/Test Simple Search/Page_nightlyno - Axiell Quria/a_exit_to_appLogg av")): Object: 'Object Repository/Test Simple Search/Page_nightlyno - Axiell Quria/a_exit_to_appLogg av' is clicked on

2020-03-24 12:06:05 - [MESSAGE][PASSED] - Object: 'Object Repository/Test Simple Search/Page_nightlyno - Axiell Quria/a_exit_to_appLogg av' is clicked on

2020-03-24 12:06:05 - [TEST_STEP][PASSED] - closeBrowser(): Browser is closed

2020-03-24 12:06:06 - [MESSAGE][PASSED] - Browser is closed]]></system-out>
         <system-err><![CDATA[]]></system-err>
      </testcase>
      <testcase name="Test Cases/Test verify scandinavian letters (Norwegian)" classname="Test Cases/Test verify scandinavian letters (Norwegian)" status="FAILED">
         <failure type="FAILED" message="Test Cases/Test verify scandinavian letters (Norwegian) FAILED.
Reason:
com.kms.katalon.core.exception.StepFailedException: Actual text 'Resultater: 56' and expected text 'Resultater: 192' of test object 'Object Repository/test manuel objecter 2/Page_nightlyno - Axiell Quria/div_Resultater' are NOT matched.
	at com.kms.katalon.core.keyword.internal.KeywordMain.stepFailed(KeywordMain.groovy:32)
	at com.kms.katalon.core.webui.keyword.internal.WebUIKeywordMain.stepFailed(WebUIKeywordMain.groovy:65)
	at com.kms.katalon.core.webui.keyword.builtin.VerifyElementTextKeyword$_verifyElementText_closure1.doCall(VerifyElementTextKeyword.groovy:57)
	at com.kms.katalon.core.webui.keyword.builtin.VerifyElementTextKeyword$_verifyElementText_closure1.call(VerifyElementTextKeyword.groovy)
	at com.kms.katalon.core.webui.keyword.internal.WebUIKeywordMain.runKeyword(WebUIKeywordMain.groovy:21)
	at com.kms.katalon.core.webui.keyword.builtin.VerifyElementTextKeyword.verifyElementText(VerifyElementTextKeyword.groovy:72)
	at com.kms.katalon.core.webui.keyword.builtin.VerifyElementTextKeyword.execute(VerifyElementTextKeyword.groovy:40)
	at com.kms.katalon.core.keyword.internal.KeywordExecutor.executeKeywordForPlatform(KeywordExecutor.groovy:53)
	at com.kms.katalon.core.webui.keyword.WebUiBuiltInKeywords.verifyElementText(WebUiBuiltInKeywords.groovy:3663)
	at com.kms.katalon.core.webui.keyword.WebUiBuiltInKeywords$verifyElementText$5.call(Unknown Source)
	at Test verify scandinavian letters (Norwegian).run(Test verify scandinavian letters (Norwegian):45)
	at com.kms.katalon.core.main.ScriptEngine.run(ScriptEngine.java:194)
	at com.kms.katalon.core.main.ScriptEngine.runScriptAsRawText(ScriptEngine.java:119)
	at com.kms.katalon.core.main.TestCaseExecutor.runScript(TestCaseExecutor.java:328)
	at com.kms.katalon.core.main.TestCaseExecutor.doExecute(TestCaseExecutor.java:319)
	at com.kms.katalon.core.main.TestCaseExecutor.processExecutionPhase(TestCaseExecutor.java:298)
	at com.kms.katalon.core.main.TestCaseExecutor.accessMainPhase(TestCaseExecutor.java:290)
	at com.kms.katalon.core.main.TestCaseExecutor.execute(TestCaseExecutor.java:224)
	at com.kms.katalon.core.main.TestSuiteExecutor.accessTestCaseMainPhase(TestSuiteExecutor.java:129)
	at com.kms.katalon.core.main.TestSuiteExecutor.accessTestSuiteMainPhase(TestSuiteExecutor.java:112)
	at com.kms.katalon.core.main.TestSuiteExecutor.execute(TestSuiteExecutor.java:81)
	at com.kms.katalon.core.main.TestCaseMain.startTestSuite(TestCaseMain.java:149)
	at com.kms.katalon.core.main.TestCaseMain$startTestSuite$0.call(Unknown Source)
	at TempTestSuite1585047280783.run(TempTestSuite1585047280783.groovy:36)
"/>
         <system-out><![CDATA[2020-03-24 12:06:06 - [TEST_CASE][FAILED] - Test Cases/Test verify scandinavian letters (Norwegian): Test Cases/Test verify scandinavian letters (Norwegian) FAILED.
Reason:
com.kms.katalon.core.exception.StepFailedException: Actual text 'Resultater: 56' and expected text 'Resultater: 192' of test object 'Object Repository/test manuel objecter 2/Page_nightlyno - Axiell Quria/div_Resultater' are NOT matched.
	at com.kms.katalon.core.keyword.internal.KeywordMain.stepFailed(KeywordMain.groovy:32)
	at com.kms.katalon.core.webui.keyword.internal.WebUIKeywordMain.stepFailed(WebUIKeywordMain.groovy:65)
	at com.kms.katalon.core.webui.keyword.builtin.VerifyElementTextKeyword$_verifyElementText_closure1.doCall(VerifyElementTextKeyword.groovy:57)
	at com.kms.katalon.core.webui.keyword.builtin.VerifyElementTextKeyword$_verifyElementText_closure1.call(VerifyElementTextKeyword.groovy)
	at com.kms.katalon.core.webui.keyword.internal.WebUIKeywordMain.runKeyword(WebUIKeywordMain.groovy:21)
	at com.kms.katalon.core.webui.keyword.builtin.VerifyElementTextKeyword.verifyElementText(VerifyElementTextKeyword.groovy:72)
	at com.kms.katalon.core.webui.keyword.builtin.VerifyElementTextKeyword.execute(VerifyElementTextKeyword.groovy:40)
	at com.kms.katalon.core.keyword.internal.KeywordExecutor.executeKeywordForPlatform(KeywordExecutor.groovy:53)
	at com.kms.katalon.core.webui.keyword.WebUiBuiltInKeywords.verifyElementText(WebUiBuiltInKeywords.groovy:3663)
	at com.kms.katalon.core.webui.keyword.WebUiBuiltInKeywords$verifyElementText$5.call(Unknown Source)
	at Test verify scandinavian letters (Norwegian).run(Test verify scandinavian letters (Norwegian):45)
	at com.kms.katalon.core.main.ScriptEngine.run(ScriptEngine.java:194)
	at com.kms.katalon.core.main.ScriptEngine.runScriptAsRawText(ScriptEngine.java:119)
	at com.kms.katalon.core.main.TestCaseExecutor.runScript(TestCaseExecutor.java:328)
	at com.kms.katalon.core.main.TestCaseExecutor.doExecute(TestCaseExecutor.java:319)
	at com.kms.katalon.core.main.TestCaseExecutor.processExecutionPhase(TestCaseExecutor.java:298)
	at com.kms.katalon.core.main.TestCaseExecutor.accessMainPhase(TestCaseExecutor.java:290)
	at com.kms.katalon.core.main.TestCaseExecutor.execute(TestCaseExecutor.java:224)
	at com.kms.katalon.core.main.TestSuiteExecutor.accessTestCaseMainPhase(TestSuiteExecutor.java:129)
	at com.kms.katalon.core.main.TestSuiteExecutor.accessTestSuiteMainPhase(TestSuiteExecutor.java:112)
	at com.kms.katalon.core.main.TestSuiteExecutor.execute(TestSuiteExecutor.java:81)
	at com.kms.katalon.core.main.TestCaseMain.startTestSuite(TestCaseMain.java:149)
	at com.kms.katalon.core.main.TestCaseMain$startTestSuite$0.call(Unknown Source)
	at TempTestSuite1585047280783.run(TempTestSuite1585047280783.groovy:36)


2020-03-24 12:06:07 - [TEST_STEP][PASSED] - openBrowser(""): Browser is opened with url: ''

2020-03-24 12:06:07 - [MESSAGE][INFO] - Starting 'Chrome' driver

2020-03-24 12:06:16 - [MESSAGE][PASSED] - Browser is opened with url: ''

2020-03-24 12:06:16 - [TEST_STEP][PASSED] - navigateToUrl("https://nightlyno.quriaint.axiell.com/frontend/e6577300-18cd-4938-95dc-8690d6b50505/public/index.html"): Navigate to 'https://nightlyno.quriaint.axiell.com/frontend/e6577300-18cd-4938-95dc-8690d6b50505/public/index.html' successfully

2020-03-24 12:06:17 - [MESSAGE][PASSED] - Navigate to 'https://nightlyno.quriaint.axiell.com/frontend/e6577300-18cd-4938-95dc-8690d6b50505/public/index.html' successfully

2020-03-24 12:06:17 - [TEST_STEP][PASSED] - click(findTestObject("Test Simple Search/Page_Axiell Quria/a_Sign in with Google")): Object: 'Object Repository/Test Simple Search/Page_Axiell Quria/a_Sign in with Google' is clicked on

2020-03-24 12:06:23 - [MESSAGE][PASSED] - Object: 'Object Repository/Test Simple Search/Page_Axiell Quria/a_Sign in with Google' is clicked on

2020-03-24 12:06:23 - [TEST_STEP][PASSED] - setText(findTestObject("Object Repository/Test Simple Search/Page_Logg p  Google-kontoer/input_axiell.com_identifier"), "axiell.norge.quria@gmail.com"): Text 'axiell.norge.quria@gmail.com' is set on object 'Object Repository/Test Simple Search/Page_Logg p  Google-kontoer/input_axiell.com_identifier'

2020-03-24 12:06:27 - [MESSAGE][PASSED] - Text 'axiell.norge.quria@gmail.com' is set on object 'Object Repository/Test Simple Search/Page_Logg p  Google-kontoer/input_axiell.com_identifier'

2020-03-24 12:06:27 - [TEST_STEP][PASSED] - click(findTestObject("Object Repository/Test Simple Search/Page_Logg p  Google-kontoer/span_Neste")): Object: 'Object Repository/Test Simple Search/Page_Logg p  Google-kontoer/span_Neste' is clicked on

2020-03-24 12:06:29 - [MESSAGE][PASSED] - Object: 'Object Repository/Test Simple Search/Page_Logg p  Google-kontoer/span_Neste' is clicked on

2020-03-24 12:06:29 - [TEST_STEP][PASSED] - waitForElementVisible(findTestObject("Test Simple Search/Page_Logg p  Google-kontoer/input_Password"), 30): Object 'Object Repository/Test Simple Search/Page_Logg p  Google-kontoer/input_Password' is visible

2020-03-24 12:06:31 - [MESSAGE][PASSED] - Object 'Object Repository/Test Simple Search/Page_Logg p  Google-kontoer/input_Password' is visible

2020-03-24 12:06:31 - [TEST_STEP][PASSED] - setEncryptedText(findTestObject("Test Simple Search/Page_Logg p  Google-kontoer/input_Password"), "d097ITWPO7f2v9EptRJGCg=="): Text ****** has been set on object 'Object Repository/Test Simple Search/Page_Logg p  Google-kontoer/input_Password'

2020-03-24 12:06:35 - [MESSAGE][PASSED] - Text ****** has been set on object 'Object Repository/Test Simple Search/Page_Logg p  Google-kontoer/input_Password'

2020-03-24 12:06:35 - [TEST_STEP][PASSED] - click(findTestObject("Manual Captured Objects/Page_Logg p  Google-kontoer/div_Neste")): Object: 'Object Repository/Manual Captured Objects/Page_Logg p  Google-kontoer/div_Neste' is clicked on

2020-03-24 12:06:37 - [MESSAGE][PASSED] - Object: 'Object Repository/Manual Captured Objects/Page_Logg p  Google-kontoer/div_Neste' is clicked on

2020-03-24 12:06:37 - [TEST_STEP][PASSED] - click(findTestObject("Object Repository/Test Simple Search/Page_nightlyno - Axiell Quria/md-icon")): Object: 'Object Repository/Test Simple Search/Page_nightlyno - Axiell Quria/md-icon' is clicked on

2020-03-24 12:06:44 - [MESSAGE][PASSED] - Object: 'Object Repository/Test Simple Search/Page_nightlyno - Axiell Quria/md-icon' is clicked on

2020-03-24 12:06:44 - [TEST_STEP][PASSED] - waitForElementVisible(findTestObject("Test Simple Search/Page_nightlyno - Axiell Quria/input_Abonnementer_search-inpu"), 30): Object 'Object Repository/Test Simple Search/Page_nightlyno - Axiell Quria/input_Abonnementer_search-inpu' is visible

2020-03-24 12:06:46 - [MESSAGE][PASSED] - Object 'Object Repository/Test Simple Search/Page_nightlyno - Axiell Quria/input_Abonnementer_search-inpu' is visible

2020-03-24 12:06:46 - [TEST_STEP][PASSED] - setText(findTestObject("Object Repository/Test Simple Search/Page_nightlyno - Axiell Quria/input_Abonnementer_search-inpu"), "søster"): Text 'søster' is set on object 'Object Repository/Test Simple Search/Page_nightlyno - Axiell Quria/input_Abonnementer_search-inpu'

2020-03-24 12:06:50 - [MESSAGE][PASSED] - Text 'søster' is set on object 'Object Repository/Test Simple Search/Page_nightlyno - Axiell Quria/input_Abonnementer_search-inpu'

2020-03-24 12:06:50 - [TEST_STEP][PASSED] - click(findTestObject("test manuel objecter 2/Page_nightlyno - Axiell Quria/md-icon_1")): Object: 'Object Repository/test manuel objecter 2/Page_nightlyno - Axiell Quria/md-icon_1' is clicked on

2020-03-24 12:06:52 - [MESSAGE][PASSED] - Object: 'Object Repository/test manuel objecter 2/Page_nightlyno - Axiell Quria/md-icon_1' is clicked on

2020-03-24 12:06:52 - [TEST_STEP][PASSED] - click(findTestObject("test manuel objecter 2/Page_nightlyno - Axiell Quria/div_Resultater")): Object: 'Object Repository/test manuel objecter 2/Page_nightlyno - Axiell Quria/div_Resultater' is clicked on

2020-03-24 12:06:54 - [MESSAGE][PASSED] - Object: 'Object Repository/test manuel objecter 2/Page_nightlyno - Axiell Quria/div_Resultater' is clicked on

2020-03-24 12:06:54 - [TEST_STEP][FAILED] - verifyElementText(findTestObject("test manuel objecter 2/Page_nightlyno - Axiell Quria/div_Resultater"), "Resultater: 192"): Actual text 'Resultater: 56' and expected text 'Resultater: 192' of test object 'Object Repository/test manuel objecter 2/Page_nightlyno - Axiell Quria/div_Resultater' are NOT matched.

2020-03-24 12:06:58 - [MESSAGE][FAILED] - Actual text 'Resultater: 56' and expected text 'Resultater: 192' of test object 'Object Repository/test manuel objecter 2/Page_nightlyno - Axiell Quria/div_Resultater' are NOT matched.
[[ATTACHMENT|C:\\Users\\ignacio\\Katalon Studio\\KatalonQuriaTest\\Reports\\Test Suite Quria Search\\20200324_115440\\1585048016826.png]]

2020-03-24 12:06:58 - [TEST_STEP][PASSED] - click(findTestObject("Object Repository/test manuel objecter 2/Page_nightlyno - Axiell Quria/md-icon_expand_more")): Object: 'Object Repository/test manuel objecter 2/Page_nightlyno - Axiell Quria/md-icon_expand_more' is clicked on

2020-03-24 12:07:00 - [MESSAGE][PASSED] - Object: 'Object Repository/test manuel objecter 2/Page_nightlyno - Axiell Quria/md-icon_expand_more' is clicked on

2020-03-24 12:07:00 - [TEST_STEP][PASSED] - click(findTestObject("Object Repository/test manuel objecter 2/Page_nightlyno - Axiell Quria/a_exit_to_appLogg av")): Object: 'Object Repository/test manuel objecter 2/Page_nightlyno - Axiell Quria/a_exit_to_appLogg av' is clicked on

2020-03-24 12:07:02 - [MESSAGE][PASSED] - Object: 'Object Repository/test manuel objecter 2/Page_nightlyno - Axiell Quria/a_exit_to_appLogg av' is clicked on

2020-03-24 12:07:02 - [TEST_STEP][FAILED] - closeBrowser(): closeBrowser() FAILED.
Reason:
com.kms.katalon.core.exception.StepFailedException: Actual text 'Resultater: 56' and expected text 'Resultater: 192' of test object 'Object Repository/test manuel objecter 2/Page_nightlyno - Axiell Quria/div_Resultater' are NOT matched.
	at com.kms.katalon.core.keyword.internal.KeywordMain.stepFailed(KeywordMain.groovy:32)
	at com.kms.katalon.core.webui.keyword.internal.WebUIKeywordMain.stepFailed(WebUIKeywordMain.groovy:65)
	at com.kms.katalon.core.webui.keyword.builtin.VerifyElementTextKeyword$_verifyElementText_closure1.doCall(VerifyElementTextKeyword.groovy:57)
	at com.kms.katalon.core.webui.keyword.builtin.VerifyElementTextKeyword$_verifyElementText_closure1.call(VerifyElementTextKeyword.groovy)
	at com.kms.katalon.core.webui.keyword.internal.WebUIKeywordMain.runKeyword(WebUIKeywordMain.groovy:21)
	at com.kms.katalon.core.webui.keyword.builtin.VerifyElementTextKeyword.verifyElementText(VerifyElementTextKeyword.groovy:72)
	at com.kms.katalon.core.webui.keyword.builtin.VerifyElementTextKeyword.execute(VerifyElementTextKeyword.groovy:40)
	at com.kms.katalon.core.keyword.internal.KeywordExecutor.executeKeywordForPlatform(KeywordExecutor.groovy:53)
	at com.kms.katalon.core.webui.keyword.WebUiBuiltInKeywords.verifyElementText(WebUiBuiltInKeywords.groovy:3663)
	at com.kms.katalon.core.webui.keyword.WebUiBuiltInKeywords$verifyElementText$5.call(Unknown Source)
	at Test verify scandinavian letters (Norwegian).run(Test verify scandinavian letters (Norwegian):45)
	at com.kms.katalon.core.main.ScriptEngine.run(ScriptEngine.java:194)
	at com.kms.katalon.core.main.ScriptEngine.runScriptAsRawText(ScriptEngine.java:119)
	at com.kms.katalon.core.main.TestCaseExecutor.runScript(TestCaseExecutor.java:328)
	at com.kms.katalon.core.main.TestCaseExecutor.doExecute(TestCaseExecutor.java:319)
	at com.kms.katalon.core.main.TestCaseExecutor.processExecutionPhase(TestCaseExecutor.java:298)
	at com.kms.katalon.core.main.TestCaseExecutor.accessMainPhase(TestCaseExecutor.java:290)
	at com.kms.katalon.core.main.TestCaseExecutor.execute(TestCaseExecutor.java:224)
	at com.kms.katalon.core.main.TestSuiteExecutor.accessTestCaseMainPhase(TestSuiteExecutor.java:129)
	at com.kms.katalon.core.main.TestSuiteExecutor.accessTestSuiteMainPhase(TestSuiteExecutor.java:112)
	at com.kms.katalon.core.main.TestSuiteExecutor.execute(TestSuiteExecutor.java:81)
	at com.kms.katalon.core.main.TestCaseMain.startTestSuite(TestCaseMain.java:149)
	at com.kms.katalon.core.main.TestCaseMain$startTestSuite$0.call(Unknown Source)
	at TempTestSuite1585047280783.run(TempTestSuite1585047280783.groovy:36)


2020-03-24 12:07:04 - [MESSAGE][PASSED] - Browser is closed

2020-03-24 12:07:04 - [MESSAGE][FAILED] - closeBrowser() FAILED.
Reason:
com.kms.katalon.core.exception.StepFailedException: Actual text 'Resultater: 56' and expected text 'Resultater: 192' of test object 'Object Repository/test manuel objecter 2/Page_nightlyno - Axiell Quria/div_Resultater' are NOT matched.
	at com.kms.katalon.core.keyword.internal.KeywordMain.stepFailed(KeywordMain.groovy:32)
	at com.kms.katalon.core.webui.keyword.internal.WebUIKeywordMain.stepFailed(WebUIKeywordMain.groovy:65)
	at com.kms.katalon.core.webui.keyword.builtin.VerifyElementTextKeyword$_verifyElementText_closure1.doCall(VerifyElementTextKeyword.groovy:57)
	at com.kms.katalon.core.webui.keyword.builtin.VerifyElementTextKeyword$_verifyElementText_closure1.call(VerifyElementTextKeyword.groovy)
	at com.kms.katalon.core.webui.keyword.internal.WebUIKeywordMain.runKeyword(WebUIKeywordMain.groovy:21)
	at com.kms.katalon.core.webui.keyword.builtin.VerifyElementTextKeyword.verifyElementText(VerifyElementTextKeyword.groovy:72)
	at com.kms.katalon.core.webui.keyword.builtin.VerifyElementTextKeyword.execute(VerifyElementTextKeyword.groovy:40)
	at com.kms.katalon.core.keyword.internal.KeywordExecutor.executeKeywordForPlatform(KeywordExecutor.groovy:53)
	at com.kms.katalon.core.webui.keyword.WebUiBuiltInKeywords.verifyElementText(WebUiBuiltInKeywords.groovy:3663)
	at com.kms.katalon.core.webui.keyword.WebUiBuiltInKeywords$verifyElementText$5.call(Unknown Source)
	at Test verify scandinavian letters (Norwegian).run(Test verify scandinavian letters (Norwegian):45)
	at com.kms.katalon.core.main.ScriptEngine.run(ScriptEngine.java:194)
	at com.kms.katalon.core.main.ScriptEngine.runScriptAsRawText(ScriptEngine.java:119)
	at com.kms.katalon.core.main.TestCaseExecutor.runScript(TestCaseExecutor.java:328)
	at com.kms.katalon.core.main.TestCaseExecutor.doExecute(TestCaseExecutor.java:319)
	at com.kms.katalon.core.main.TestCaseExecutor.processExecutionPhase(TestCaseExecutor.java:298)
	at com.kms.katalon.core.main.TestCaseExecutor.accessMainPhase(TestCaseExecutor.java:290)
	at com.kms.katalon.core.main.TestCaseExecutor.execute(TestCaseExecutor.java:224)
	at com.kms.katalon.core.main.TestSuiteExecutor.accessTestCaseMainPhase(TestSuiteExecutor.java:129)
	at com.kms.katalon.core.main.TestSuiteExecutor.accessTestSuiteMainPhase(TestSuiteExecutor.java:112)
	at com.kms.katalon.core.main.TestSuiteExecutor.execute(TestSuiteExecutor.java:81)
	at com.kms.katalon.core.main.TestCaseMain.startTestSuite(TestCaseMain.java:149)
	at com.kms.katalon.core.main.TestCaseMain$startTestSuite$0.call(Unknown Source)
	at TempTestSuite1585047280783.run(TempTestSuite1585047280783.groovy:36)]]></system-out>
         <system-err><![CDATA[2020-03-24 12:06:06 - [TEST_CASE][FAILED] - Test Cases/Test verify scandinavian letters (Norwegian): Test Cases/Test verify scandinavian letters (Norwegian) FAILED.
Reason:
com.kms.katalon.core.exception.StepFailedException: Actual text 'Resultater: 56' and expected text 'Resultater: 192' of test object 'Object Repository/test manuel objecter 2/Page_nightlyno - Axiell Quria/div_Resultater' are NOT matched.
	at com.kms.katalon.core.keyword.internal.KeywordMain.stepFailed(KeywordMain.groovy:32)
	at com.kms.katalon.core.webui.keyword.internal.WebUIKeywordMain.stepFailed(WebUIKeywordMain.groovy:65)
	at com.kms.katalon.core.webui.keyword.builtin.VerifyElementTextKeyword$_verifyElementText_closure1.doCall(VerifyElementTextKeyword.groovy:57)
	at com.kms.katalon.core.webui.keyword.builtin.VerifyElementTextKeyword$_verifyElementText_closure1.call(VerifyElementTextKeyword.groovy)
	at com.kms.katalon.core.webui.keyword.internal.WebUIKeywordMain.runKeyword(WebUIKeywordMain.groovy:21)
	at com.kms.katalon.core.webui.keyword.builtin.VerifyElementTextKeyword.verifyElementText(VerifyElementTextKeyword.groovy:72)
	at com.kms.katalon.core.webui.keyword.builtin.VerifyElementTextKeyword.execute(VerifyElementTextKeyword.groovy:40)
	at com.kms.katalon.core.keyword.internal.KeywordExecutor.executeKeywordForPlatform(KeywordExecutor.groovy:53)
	at com.kms.katalon.core.webui.keyword.WebUiBuiltInKeywords.verifyElementText(WebUiBuiltInKeywords.groovy:3663)
	at com.kms.katalon.core.webui.keyword.WebUiBuiltInKeywords$verifyElementText$5.call(Unknown Source)
	at Test verify scandinavian letters (Norwegian).run(Test verify scandinavian letters (Norwegian):45)
	at com.kms.katalon.core.main.ScriptEngine.run(ScriptEngine.java:194)
	at com.kms.katalon.core.main.ScriptEngine.runScriptAsRawText(ScriptEngine.java:119)
	at com.kms.katalon.core.main.TestCaseExecutor.runScript(TestCaseExecutor.java:328)
	at com.kms.katalon.core.main.TestCaseExecutor.doExecute(TestCaseExecutor.java:319)
	at com.kms.katalon.core.main.TestCaseExecutor.processExecutionPhase(TestCaseExecutor.java:298)
	at com.kms.katalon.core.main.TestCaseExecutor.accessMainPhase(TestCaseExecutor.java:290)
	at com.kms.katalon.core.main.TestCaseExecutor.execute(TestCaseExecutor.java:224)
	at com.kms.katalon.core.main.TestSuiteExecutor.accessTestCaseMainPhase(TestSuiteExecutor.java:129)
	at com.kms.katalon.core.main.TestSuiteExecutor.accessTestSuiteMainPhase(TestSuiteExecutor.java:112)
	at com.kms.katalon.core.main.TestSuiteExecutor.execute(TestSuiteExecutor.java:81)
	at com.kms.katalon.core.main.TestCaseMain.startTestSuite(TestCaseMain.java:149)
	at com.kms.katalon.core.main.TestCaseMain$startTestSuite$0.call(Unknown Source)
	at TempTestSuite1585047280783.run(TempTestSuite1585047280783.groovy:36)]]></system-err>
      </testcase>
      <testcase name="Test Cases/Test verify scandinavian letters (Swedish)" classname="Test Cases/Test verify scandinavian letters (Swedish)" status="FAILED">
         <failure type="FAILED" message="Test Cases/Test verify scandinavian letters (Swedish) FAILED.
Reason:
com.kms.katalon.core.exception.StepFailedException: Actual text 'Resultater: 56' and expected text 'Resultater: 196' of test object 'Object Repository/test manuel objecter 2/Page_nightlyno - Axiell Quria/div_Resultater' are NOT matched.
	at com.kms.katalon.core.keyword.internal.KeywordMain.stepFailed(KeywordMain.groovy:32)
	at com.kms.katalon.core.webui.keyword.internal.WebUIKeywordMain.stepFailed(WebUIKeywordMain.groovy:65)
	at com.kms.katalon.core.webui.keyword.builtin.VerifyElementTextKeyword$_verifyElementText_closure1.doCall(VerifyElementTextKeyword.groovy:57)
	at com.kms.katalon.core.webui.keyword.builtin.VerifyElementTextKeyword$_verifyElementText_closure1.call(VerifyElementTextKeyword.groovy)
	at com.kms.katalon.core.webui.keyword.internal.WebUIKeywordMain.runKeyword(WebUIKeywordMain.groovy:21)
	at com.kms.katalon.core.webui.keyword.builtin.VerifyElementTextKeyword.verifyElementText(VerifyElementTextKeyword.groovy:72)
	at com.kms.katalon.core.webui.keyword.builtin.VerifyElementTextKeyword.execute(VerifyElementTextKeyword.groovy:40)
	at com.kms.katalon.core.keyword.internal.KeywordExecutor.executeKeywordForPlatform(KeywordExecutor.groovy:53)
	at com.kms.katalon.core.webui.keyword.WebUiBuiltInKeywords.verifyElementText(WebUiBuiltInKeywords.groovy:3663)
	at com.kms.katalon.core.webui.keyword.WebUiBuiltInKeywords$verifyElementText$5.call(Unknown Source)
	at Test verify scandinavian letters (Swedish).run(Test verify scandinavian letters (Swedish):45)
	at com.kms.katalon.core.main.ScriptEngine.run(ScriptEngine.java:194)
	at com.kms.katalon.core.main.ScriptEngine.runScriptAsRawText(ScriptEngine.java:119)
	at com.kms.katalon.core.main.TestCaseExecutor.runScript(TestCaseExecutor.java:328)
	at com.kms.katalon.core.main.TestCaseExecutor.doExecute(TestCaseExecutor.java:319)
	at com.kms.katalon.core.main.TestCaseExecutor.processExecutionPhase(TestCaseExecutor.java:298)
	at com.kms.katalon.core.main.TestCaseExecutor.accessMainPhase(TestCaseExecutor.java:290)
	at com.kms.katalon.core.main.TestCaseExecutor.execute(TestCaseExecutor.java:224)
	at com.kms.katalon.core.main.TestSuiteExecutor.accessTestCaseMainPhase(TestSuiteExecutor.java:129)
	at com.kms.katalon.core.main.TestSuiteExecutor.accessTestSuiteMainPhase(TestSuiteExecutor.java:112)
	at com.kms.katalon.core.main.TestSuiteExecutor.execute(TestSuiteExecutor.java:81)
	at com.kms.katalon.core.main.TestCaseMain.startTestSuite(TestCaseMain.java:149)
	at com.kms.katalon.core.main.TestCaseMain$startTestSuite$0.call(Unknown Source)
	at TempTestSuite1585047280783.run(TempTestSuite1585047280783.groovy:36)
"/>
         <system-out><![CDATA[2020-03-24 12:07:04 - [TEST_CASE][FAILED] - Test Cases/Test verify scandinavian letters (Swedish): Test Cases/Test verify scandinavian letters (Swedish) FAILED.
Reason:
com.kms.katalon.core.exception.StepFailedException: Actual text 'Resultater: 56' and expected text 'Resultater: 196' of test object 'Object Repository/test manuel objecter 2/Page_nightlyno - Axiell Quria/div_Resultater' are NOT matched.
	at com.kms.katalon.core.keyword.internal.KeywordMain.stepFailed(KeywordMain.groovy:32)
	at com.kms.katalon.core.webui.keyword.internal.WebUIKeywordMain.stepFailed(WebUIKeywordMain.groovy:65)
	at com.kms.katalon.core.webui.keyword.builtin.VerifyElementTextKeyword$_verifyElementText_closure1.doCall(VerifyElementTextKeyword.groovy:57)
	at com.kms.katalon.core.webui.keyword.builtin.VerifyElementTextKeyword$_verifyElementText_closure1.call(VerifyElementTextKeyword.groovy)
	at com.kms.katalon.core.webui.keyword.internal.WebUIKeywordMain.runKeyword(WebUIKeywordMain.groovy:21)
	at com.kms.katalon.core.webui.keyword.builtin.VerifyElementTextKeyword.verifyElementText(VerifyElementTextKeyword.groovy:72)
	at com.kms.katalon.core.webui.keyword.builtin.VerifyElementTextKeyword.execute(VerifyElementTextKeyword.groovy:40)
	at com.kms.katalon.core.keyword.internal.KeywordExecutor.executeKeywordForPlatform(KeywordExecutor.groovy:53)
	at com.kms.katalon.core.webui.keyword.WebUiBuiltInKeywords.verifyElementText(WebUiBuiltInKeywords.groovy:3663)
	at com.kms.katalon.core.webui.keyword.WebUiBuiltInKeywords$verifyElementText$5.call(Unknown Source)
	at Test verify scandinavian letters (Swedish).run(Test verify scandinavian letters (Swedish):45)
	at com.kms.katalon.core.main.ScriptEngine.run(ScriptEngine.java:194)
	at com.kms.katalon.core.main.ScriptEngine.runScriptAsRawText(ScriptEngine.java:119)
	at com.kms.katalon.core.main.TestCaseExecutor.runScript(TestCaseExecutor.java:328)
	at com.kms.katalon.core.main.TestCaseExecutor.doExecute(TestCaseExecutor.java:319)
	at com.kms.katalon.core.main.TestCaseExecutor.processExecutionPhase(TestCaseExecutor.java:298)
	at com.kms.katalon.core.main.TestCaseExecutor.accessMainPhase(TestCaseExecutor.java:290)
	at com.kms.katalon.core.main.TestCaseExecutor.execute(TestCaseExecutor.java:224)
	at com.kms.katalon.core.main.TestSuiteExecutor.accessTestCaseMainPhase(TestSuiteExecutor.java:129)
	at com.kms.katalon.core.main.TestSuiteExecutor.accessTestSuiteMainPhase(TestSuiteExecutor.java:112)
	at com.kms.katalon.core.main.TestSuiteExecutor.execute(TestSuiteExecutor.java:81)
	at com.kms.katalon.core.main.TestCaseMain.startTestSuite(TestCaseMain.java:149)
	at com.kms.katalon.core.main.TestCaseMain$startTestSuite$0.call(Unknown Source)
	at TempTestSuite1585047280783.run(TempTestSuite1585047280783.groovy:36)


2020-03-24 12:07:04 - [TEST_STEP][PASSED] - openBrowser(""): Browser is opened with url: ''

2020-03-24 12:07:04 - [MESSAGE][INFO] - Starting 'Chrome' driver

2020-03-24 12:07:12 - [MESSAGE][PASSED] - Browser is opened with url: ''

2020-03-24 12:07:12 - [TEST_STEP][PASSED] - navigateToUrl("https://nightlyno.quriaint.axiell.com/frontend/e6577300-18cd-4938-95dc-8690d6b50505/public/index.html"): Navigate to 'https://nightlyno.quriaint.axiell.com/frontend/e6577300-18cd-4938-95dc-8690d6b50505/public/index.html' successfully

2020-03-24 12:07:13 - [MESSAGE][PASSED] - Navigate to 'https://nightlyno.quriaint.axiell.com/frontend/e6577300-18cd-4938-95dc-8690d6b50505/public/index.html' successfully

2020-03-24 12:07:13 - [TEST_STEP][PASSED] - click(findTestObject("Test Simple Search/Page_Axiell Quria/a_Sign in with Google")): Object: 'Object Repository/Test Simple Search/Page_Axiell Quria/a_Sign in with Google' is clicked on

2020-03-24 12:07:16 - [MESSAGE][PASSED] - Object: 'Object Repository/Test Simple Search/Page_Axiell Quria/a_Sign in with Google' is clicked on

2020-03-24 12:07:16 - [TEST_STEP][PASSED] - setText(findTestObject("Object Repository/Test Simple Search/Page_Logg p  Google-kontoer/input_axiell.com_identifier"), "axiell.norge.quria@gmail.com"): Text 'axiell.norge.quria@gmail.com' is set on object 'Object Repository/Test Simple Search/Page_Logg p  Google-kontoer/input_axiell.com_identifier'

2020-03-24 12:07:21 - [MESSAGE][PASSED] - Text 'axiell.norge.quria@gmail.com' is set on object 'Object Repository/Test Simple Search/Page_Logg p  Google-kontoer/input_axiell.com_identifier'

2020-03-24 12:07:21 - [TEST_STEP][PASSED] - click(findTestObject("Object Repository/Test Simple Search/Page_Logg p  Google-kontoer/span_Neste")): Object: 'Object Repository/Test Simple Search/Page_Logg p  Google-kontoer/span_Neste' is clicked on

2020-03-24 12:07:23 - [MESSAGE][PASSED] - Object: 'Object Repository/Test Simple Search/Page_Logg p  Google-kontoer/span_Neste' is clicked on

2020-03-24 12:07:23 - [TEST_STEP][PASSED] - waitForElementVisible(findTestObject("Test Simple Search/Page_Logg p  Google-kontoer/input_Password"), 30): Object 'Object Repository/Test Simple Search/Page_Logg p  Google-kontoer/input_Password' is visible

2020-03-24 12:07:25 - [MESSAGE][PASSED] - Object 'Object Repository/Test Simple Search/Page_Logg p  Google-kontoer/input_Password' is visible

2020-03-24 12:07:25 - [TEST_STEP][PASSED] - setEncryptedText(findTestObject("Test Simple Search/Page_Logg p  Google-kontoer/input_Password"), "d097ITWPO7f2v9EptRJGCg=="): Text ****** has been set on object 'Object Repository/Test Simple Search/Page_Logg p  Google-kontoer/input_Password'

2020-03-24 12:07:29 - [MESSAGE][PASSED] - Text ****** has been set on object 'Object Repository/Test Simple Search/Page_Logg p  Google-kontoer/input_Password'

2020-03-24 12:07:29 - [TEST_STEP][PASSED] - click(findTestObject("Manual Captured Objects/Page_Logg p  Google-kontoer/div_Neste")): Object: 'Object Repository/Manual Captured Objects/Page_Logg p  Google-kontoer/div_Neste' is clicked on

2020-03-24 12:07:31 - [MESSAGE][PASSED] - Object: 'Object Repository/Manual Captured Objects/Page_Logg p  Google-kontoer/div_Neste' is clicked on

2020-03-24 12:07:31 - [TEST_STEP][PASSED] - click(findTestObject("Object Repository/Test Simple Search/Page_nightlyno - Axiell Quria/md-icon")): Object: 'Object Repository/Test Simple Search/Page_nightlyno - Axiell Quria/md-icon' is clicked on

2020-03-24 12:07:38 - [MESSAGE][PASSED] - Object: 'Object Repository/Test Simple Search/Page_nightlyno - Axiell Quria/md-icon' is clicked on

2020-03-24 12:07:38 - [TEST_STEP][PASSED] - waitForElementVisible(findTestObject("Test Simple Search/Page_nightlyno - Axiell Quria/input_Abonnementer_search-inpu"), 30): Object 'Object Repository/Test Simple Search/Page_nightlyno - Axiell Quria/input_Abonnementer_search-inpu' is visible

2020-03-24 12:07:40 - [MESSAGE][PASSED] - Object 'Object Repository/Test Simple Search/Page_nightlyno - Axiell Quria/input_Abonnementer_search-inpu' is visible

2020-03-24 12:07:40 - [TEST_STEP][PASSED] - setText(findTestObject("Object Repository/Test Simple Search/Page_nightlyno - Axiell Quria/input_Abonnementer_search-inpu"), "söster "): Text 'söster ' is set on object 'Object Repository/Test Simple Search/Page_nightlyno - Axiell Quria/input_Abonnementer_search-inpu'

2020-03-24 12:07:44 - [MESSAGE][PASSED] - Text 'söster ' is set on object 'Object Repository/Test Simple Search/Page_nightlyno - Axiell Quria/input_Abonnementer_search-inpu'

2020-03-24 12:07:44 - [TEST_STEP][PASSED] - click(findTestObject("test manuel objecter 2/Page_nightlyno - Axiell Quria/md-icon_1")): Object: 'Object Repository/test manuel objecter 2/Page_nightlyno - Axiell Quria/md-icon_1' is clicked on

2020-03-24 12:07:46 - [MESSAGE][PASSED] - Object: 'Object Repository/test manuel objecter 2/Page_nightlyno - Axiell Quria/md-icon_1' is clicked on

2020-03-24 12:07:46 - [TEST_STEP][PASSED] - click(findTestObject("test manuel objecter 2/Page_nightlyno - Axiell Quria/div_Resultater")): Object: 'Object Repository/test manuel objecter 2/Page_nightlyno - Axiell Quria/div_Resultater' is clicked on

2020-03-24 12:07:48 - [MESSAGE][PASSED] - Object: 'Object Repository/test manuel objecter 2/Page_nightlyno - Axiell Quria/div_Resultater' is clicked on

2020-03-24 12:07:48 - [TEST_STEP][FAILED] - verifyElementText(findTestObject("test manuel objecter 2/Page_nightlyno - Axiell Quria/div_Resultater"), "Resultater: 196"): Actual text 'Resultater: 56' and expected text 'Resultater: 196' of test object 'Object Repository/test manuel objecter 2/Page_nightlyno - Axiell Quria/div_Resultater' are NOT matched.

2020-03-24 12:07:51 - [MESSAGE][FAILED] - Actual text 'Resultater: 56' and expected text 'Resultater: 196' of test object 'Object Repository/test manuel objecter 2/Page_nightlyno - Axiell Quria/div_Resultater' are NOT matched.
[[ATTACHMENT|C:\\Users\\ignacio\\Katalon Studio\\KatalonQuriaTest\\Reports\\Test Suite Quria Search\\20200324_115440\\1585048070614.png]]

2020-03-24 12:07:51 - [TEST_STEP][PASSED] - click(findTestObject("Object Repository/test manuel objecter 2/Page_nightlyno - Axiell Quria/md-icon_expand_more")): Object: 'Object Repository/test manuel objecter 2/Page_nightlyno - Axiell Quria/md-icon_expand_more' is clicked on

2020-03-24 12:07:54 - [MESSAGE][PASSED] - Object: 'Object Repository/test manuel objecter 2/Page_nightlyno - Axiell Quria/md-icon_expand_more' is clicked on

2020-03-24 12:07:54 - [TEST_STEP][PASSED] - click(findTestObject("Object Repository/test manuel objecter 2/Page_nightlyno - Axiell Quria/a_exit_to_appLogg av")): Object: 'Object Repository/test manuel objecter 2/Page_nightlyno - Axiell Quria/a_exit_to_appLogg av' is clicked on

2020-03-24 12:07:56 - [MESSAGE][PASSED] - Object: 'Object Repository/test manuel objecter 2/Page_nightlyno - Axiell Quria/a_exit_to_appLogg av' is clicked on

2020-03-24 12:07:56 - [TEST_STEP][FAILED] - closeBrowser(): closeBrowser() FAILED.
Reason:
com.kms.katalon.core.exception.StepFailedException: Actual text 'Resultater: 56' and expected text 'Resultater: 196' of test object 'Object Repository/test manuel objecter 2/Page_nightlyno - Axiell Quria/div_Resultater' are NOT matched.
	at com.kms.katalon.core.keyword.internal.KeywordMain.stepFailed(KeywordMain.groovy:32)
	at com.kms.katalon.core.webui.keyword.internal.WebUIKeywordMain.stepFailed(WebUIKeywordMain.groovy:65)
	at com.kms.katalon.core.webui.keyword.builtin.VerifyElementTextKeyword$_verifyElementText_closure1.doCall(VerifyElementTextKeyword.groovy:57)
	at com.kms.katalon.core.webui.keyword.builtin.VerifyElementTextKeyword$_verifyElementText_closure1.call(VerifyElementTextKeyword.groovy)
	at com.kms.katalon.core.webui.keyword.internal.WebUIKeywordMain.runKeyword(WebUIKeywordMain.groovy:21)
	at com.kms.katalon.core.webui.keyword.builtin.VerifyElementTextKeyword.verifyElementText(VerifyElementTextKeyword.groovy:72)
	at com.kms.katalon.core.webui.keyword.builtin.VerifyElementTextKeyword.execute(VerifyElementTextKeyword.groovy:40)
	at com.kms.katalon.core.keyword.internal.KeywordExecutor.executeKeywordForPlatform(KeywordExecutor.groovy:53)
	at com.kms.katalon.core.webui.keyword.WebUiBuiltInKeywords.verifyElementText(WebUiBuiltInKeywords.groovy:3663)
	at com.kms.katalon.core.webui.keyword.WebUiBuiltInKeywords$verifyElementText$5.call(Unknown Source)
	at Test verify scandinavian letters (Swedish).run(Test verify scandinavian letters (Swedish):45)
	at com.kms.katalon.core.main.ScriptEngine.run(ScriptEngine.java:194)
	at com.kms.katalon.core.main.ScriptEngine.runScriptAsRawText(ScriptEngine.java:119)
	at com.kms.katalon.core.main.TestCaseExecutor.runScript(TestCaseExecutor.java:328)
	at com.kms.katalon.core.main.TestCaseExecutor.doExecute(TestCaseExecutor.java:319)
	at com.kms.katalon.core.main.TestCaseExecutor.processExecutionPhase(TestCaseExecutor.java:298)
	at com.kms.katalon.core.main.TestCaseExecutor.accessMainPhase(TestCaseExecutor.java:290)
	at com.kms.katalon.core.main.TestCaseExecutor.execute(TestCaseExecutor.java:224)
	at com.kms.katalon.core.main.TestSuiteExecutor.accessTestCaseMainPhase(TestSuiteExecutor.java:129)
	at com.kms.katalon.core.main.TestSuiteExecutor.accessTestSuiteMainPhase(TestSuiteExecutor.java:112)
	at com.kms.katalon.core.main.TestSuiteExecutor.execute(TestSuiteExecutor.java:81)
	at com.kms.katalon.core.main.TestCaseMain.startTestSuite(TestCaseMain.java:149)
	at com.kms.katalon.core.main.TestCaseMain$startTestSuite$0.call(Unknown Source)
	at TempTestSuite1585047280783.run(TempTestSuite1585047280783.groovy:36)


2020-03-24 12:07:57 - [MESSAGE][PASSED] - Browser is closed

2020-03-24 12:07:57 - [MESSAGE][FAILED] - closeBrowser() FAILED.
Reason:
com.kms.katalon.core.exception.StepFailedException: Actual text 'Resultater: 56' and expected text 'Resultater: 196' of test object 'Object Repository/test manuel objecter 2/Page_nightlyno - Axiell Quria/div_Resultater' are NOT matched.
	at com.kms.katalon.core.keyword.internal.KeywordMain.stepFailed(KeywordMain.groovy:32)
	at com.kms.katalon.core.webui.keyword.internal.WebUIKeywordMain.stepFailed(WebUIKeywordMain.groovy:65)
	at com.kms.katalon.core.webui.keyword.builtin.VerifyElementTextKeyword$_verifyElementText_closure1.doCall(VerifyElementTextKeyword.groovy:57)
	at com.kms.katalon.core.webui.keyword.builtin.VerifyElementTextKeyword$_verifyElementText_closure1.call(VerifyElementTextKeyword.groovy)
	at com.kms.katalon.core.webui.keyword.internal.WebUIKeywordMain.runKeyword(WebUIKeywordMain.groovy:21)
	at com.kms.katalon.core.webui.keyword.builtin.VerifyElementTextKeyword.verifyElementText(VerifyElementTextKeyword.groovy:72)
	at com.kms.katalon.core.webui.keyword.builtin.VerifyElementTextKeyword.execute(VerifyElementTextKeyword.groovy:40)
	at com.kms.katalon.core.keyword.internal.KeywordExecutor.executeKeywordForPlatform(KeywordExecutor.groovy:53)
	at com.kms.katalon.core.webui.keyword.WebUiBuiltInKeywords.verifyElementText(WebUiBuiltInKeywords.groovy:3663)
	at com.kms.katalon.core.webui.keyword.WebUiBuiltInKeywords$verifyElementText$5.call(Unknown Source)
	at Test verify scandinavian letters (Swedish).run(Test verify scandinavian letters (Swedish):45)
	at com.kms.katalon.core.main.ScriptEngine.run(ScriptEngine.java:194)
	at com.kms.katalon.core.main.ScriptEngine.runScriptAsRawText(ScriptEngine.java:119)
	at com.kms.katalon.core.main.TestCaseExecutor.runScript(TestCaseExecutor.java:328)
	at com.kms.katalon.core.main.TestCaseExecutor.doExecute(TestCaseExecutor.java:319)
	at com.kms.katalon.core.main.TestCaseExecutor.processExecutionPhase(TestCaseExecutor.java:298)
	at com.kms.katalon.core.main.TestCaseExecutor.accessMainPhase(TestCaseExecutor.java:290)
	at com.kms.katalon.core.main.TestCaseExecutor.execute(TestCaseExecutor.java:224)
	at com.kms.katalon.core.main.TestSuiteExecutor.accessTestCaseMainPhase(TestSuiteExecutor.java:129)
	at com.kms.katalon.core.main.TestSuiteExecutor.accessTestSuiteMainPhase(TestSuiteExecutor.java:112)
	at com.kms.katalon.core.main.TestSuiteExecutor.execute(TestSuiteExecutor.java:81)
	at com.kms.katalon.core.main.TestCaseMain.startTestSuite(TestCaseMain.java:149)
	at com.kms.katalon.core.main.TestCaseMain$startTestSuite$0.call(Unknown Source)
	at TempTestSuite1585047280783.run(TempTestSuite1585047280783.groovy:36)]]></system-out>
         <system-err><![CDATA[2020-03-24 12:07:04 - [TEST_CASE][FAILED] - Test Cases/Test verify scandinavian letters (Swedish): Test Cases/Test verify scandinavian letters (Swedish) FAILED.
Reason:
com.kms.katalon.core.exception.StepFailedException: Actual text 'Resultater: 56' and expected text 'Resultater: 196' of test object 'Object Repository/test manuel objecter 2/Page_nightlyno - Axiell Quria/div_Resultater' are NOT matched.
	at com.kms.katalon.core.keyword.internal.KeywordMain.stepFailed(KeywordMain.groovy:32)
	at com.kms.katalon.core.webui.keyword.internal.WebUIKeywordMain.stepFailed(WebUIKeywordMain.groovy:65)
	at com.kms.katalon.core.webui.keyword.builtin.VerifyElementTextKeyword$_verifyElementText_closure1.doCall(VerifyElementTextKeyword.groovy:57)
	at com.kms.katalon.core.webui.keyword.builtin.VerifyElementTextKeyword$_verifyElementText_closure1.call(VerifyElementTextKeyword.groovy)
	at com.kms.katalon.core.webui.keyword.internal.WebUIKeywordMain.runKeyword(WebUIKeywordMain.groovy:21)
	at com.kms.katalon.core.webui.keyword.builtin.VerifyElementTextKeyword.verifyElementText(VerifyElementTextKeyword.groovy:72)
	at com.kms.katalon.core.webui.keyword.builtin.VerifyElementTextKeyword.execute(VerifyElementTextKeyword.groovy:40)
	at com.kms.katalon.core.keyword.internal.KeywordExecutor.executeKeywordForPlatform(KeywordExecutor.groovy:53)
	at com.kms.katalon.core.webui.keyword.WebUiBuiltInKeywords.verifyElementText(WebUiBuiltInKeywords.groovy:3663)
	at com.kms.katalon.core.webui.keyword.WebUiBuiltInKeywords$verifyElementText$5.call(Unknown Source)
	at Test verify scandinavian letters (Swedish).run(Test verify scandinavian letters (Swedish):45)
	at com.kms.katalon.core.main.ScriptEngine.run(ScriptEngine.java:194)
	at com.kms.katalon.core.main.ScriptEngine.runScriptAsRawText(ScriptEngine.java:119)
	at com.kms.katalon.core.main.TestCaseExecutor.runScript(TestCaseExecutor.java:328)
	at com.kms.katalon.core.main.TestCaseExecutor.doExecute(TestCaseExecutor.java:319)
	at com.kms.katalon.core.main.TestCaseExecutor.processExecutionPhase(TestCaseExecutor.java:298)
	at com.kms.katalon.core.main.TestCaseExecutor.accessMainPhase(TestCaseExecutor.java:290)
	at com.kms.katalon.core.main.TestCaseExecutor.execute(TestCaseExecutor.java:224)
	at com.kms.katalon.core.main.TestSuiteExecutor.accessTestCaseMainPhase(TestSuiteExecutor.java:129)
	at com.kms.katalon.core.main.TestSuiteExecutor.accessTestSuiteMainPhase(TestSuiteExecutor.java:112)
	at com.kms.katalon.core.main.TestSuiteExecutor.execute(TestSuiteExecutor.java:81)
	at com.kms.katalon.core.main.TestCaseMain.startTestSuite(TestCaseMain.java:149)
	at com.kms.katalon.core.main.TestCaseMain$startTestSuite$0.call(Unknown Source)
	at TempTestSuite1585047280783.run(TempTestSuite1585047280783.groovy:36)]]></system-err>
      </testcase>
      <testcase name="Test Cases/Test verify truncation and masking" classname="Test Cases/Test verify truncation and masking" status="PASSED">
         <system-out><![CDATA[2020-03-24 12:07:57 - [TEST_CASE][PASSED] - Test Cases/Test verify truncation and masking: Test Cases/Test verify truncation and masking

2020-03-24 12:07:58 - [TEST_STEP][PASSED] - openBrowser(""): Browser is opened with url: ''

2020-03-24 12:07:58 - [MESSAGE][INFO] - Starting 'Chrome' driver

2020-03-24 12:08:07 - [MESSAGE][PASSED] - Browser is opened with url: ''

2020-03-24 12:08:07 - [TEST_STEP][PASSED] - navigateToUrl("https://nightlyno.quriaint.axiell.com/frontend/e6577300-18cd-4938-95dc-8690d6b50505/public/index.html"): Navigate to 'https://nightlyno.quriaint.axiell.com/frontend/e6577300-18cd-4938-95dc-8690d6b50505/public/index.html' successfully

2020-03-24 12:08:09 - [MESSAGE][PASSED] - Navigate to 'https://nightlyno.quriaint.axiell.com/frontend/e6577300-18cd-4938-95dc-8690d6b50505/public/index.html' successfully

2020-03-24 12:08:09 - [TEST_STEP][PASSED] - click(findTestObject("Object Repository/Test Simple Search/Page_Axiell Quria/a_Sign in with Google")): Object: 'Object Repository/Test Simple Search/Page_Axiell Quria/a_Sign in with Google' is clicked on

2020-03-24 12:08:11 - [MESSAGE][PASSED] - Object: 'Object Repository/Test Simple Search/Page_Axiell Quria/a_Sign in with Google' is clicked on

2020-03-24 12:08:11 - [TEST_STEP][PASSED] - setText(findTestObject("Object Repository/Test Simple Search/Page_Logg p  Google-kontoer/input_axiell.com_identifier"), "axiell.norge.quria@gmail.com"): Text 'axiell.norge.quria@gmail.com' is set on object 'Object Repository/Test Simple Search/Page_Logg p  Google-kontoer/input_axiell.com_identifier'

2020-03-24 12:08:17 - [MESSAGE][PASSED] - Text 'axiell.norge.quria@gmail.com' is set on object 'Object Repository/Test Simple Search/Page_Logg p  Google-kontoer/input_axiell.com_identifier'

2020-03-24 12:08:17 - [TEST_STEP][PASSED] - click(findTestObject("Object Repository/Test Simple Search/Page_Logg p  Google-kontoer/span_Neste")): Object: 'Object Repository/Test Simple Search/Page_Logg p  Google-kontoer/span_Neste' is clicked on

2020-03-24 12:08:19 - [MESSAGE][PASSED] - Object: 'Object Repository/Test Simple Search/Page_Logg p  Google-kontoer/span_Neste' is clicked on

2020-03-24 12:08:19 - [TEST_STEP][PASSED] - waitForElementVisible(findTestObject("Test Simple Search/Page_Logg p  Google-kontoer/input_Password"), 30): Object 'Object Repository/Test Simple Search/Page_Logg p  Google-kontoer/input_Password' is visible

2020-03-24 12:08:21 - [MESSAGE][PASSED] - Object 'Object Repository/Test Simple Search/Page_Logg p  Google-kontoer/input_Password' is visible

2020-03-24 12:08:21 - [TEST_STEP][PASSED] - setEncryptedText(findTestObject("Test Simple Search/Page_Logg p  Google-kontoer/input_Password"), "d097ITWPO7f2v9EptRJGCg=="): Text ****** has been set on object 'Object Repository/Test Simple Search/Page_Logg p  Google-kontoer/input_Password'

2020-03-24 12:08:24 - [MESSAGE][PASSED] - Text ****** has been set on object 'Object Repository/Test Simple Search/Page_Logg p  Google-kontoer/input_Password'

2020-03-24 12:08:24 - [TEST_STEP][PASSED] - click(findTestObject("Manual Captured Objects/Page_Logg p  Google-kontoer/div_Neste")): Object: 'Object Repository/Manual Captured Objects/Page_Logg p  Google-kontoer/div_Neste' is clicked on

2020-03-24 12:08:26 - [MESSAGE][PASSED] - Object: 'Object Repository/Manual Captured Objects/Page_Logg p  Google-kontoer/div_Neste' is clicked on

2020-03-24 12:08:26 - [TEST_STEP][PASSED] - click(findTestObject("Object Repository/Test Simple Search/Page_nightlyno - Axiell Quria/md-icon")): Object: 'Object Repository/Test Simple Search/Page_nightlyno - Axiell Quria/md-icon' is clicked on

2020-03-24 12:08:34 - [MESSAGE][PASSED] - Object: 'Object Repository/Test Simple Search/Page_nightlyno - Axiell Quria/md-icon' is clicked on

2020-03-24 12:08:34 - [TEST_STEP][PASSED] - waitForElementVisible(findTestObject("Test Simple Search/Page_nightlyno - Axiell Quria/input_Abonnementer_search-inpu"), 30): Object 'Object Repository/Test Simple Search/Page_nightlyno - Axiell Quria/input_Abonnementer_search-inpu' is visible

2020-03-24 12:08:36 - [MESSAGE][PASSED] - Object 'Object Repository/Test Simple Search/Page_nightlyno - Axiell Quria/input_Abonnementer_search-inpu' is visible

2020-03-24 12:08:36 - [TEST_STEP][PASSED] - setText(findTestObject("Object Repository/Test Simple Search/Page_nightlyno - Axiell Quria/input_Abonnementer_search-inpu"), "Ha*n AND hest*"): Text 'Ha*n AND hest*' is set on object 'Object Repository/Test Simple Search/Page_nightlyno - Axiell Quria/input_Abonnementer_search-inpu'

2020-03-24 12:08:40 - [MESSAGE][PASSED] - Text 'Ha*n AND hest*' is set on object 'Object Repository/Test Simple Search/Page_nightlyno - Axiell Quria/input_Abonnementer_search-inpu'

2020-03-24 12:08:40 - [TEST_STEP][PASSED] - click(findTestObject("test manuel objecter 2/Page_nightlyno - Axiell Quria/md-icon_1")): Object: 'Object Repository/test manuel objecter 2/Page_nightlyno - Axiell Quria/md-icon_1' is clicked on

2020-03-24 12:08:42 - [MESSAGE][PASSED] - Object: 'Object Repository/test manuel objecter 2/Page_nightlyno - Axiell Quria/md-icon_1' is clicked on

2020-03-24 12:08:42 - [TEST_STEP][PASSED] - click(findTestObject("test manuel objecter 2/Page_nightlyno - Axiell Quria/div_Resultater")): Object: 'Object Repository/test manuel objecter 2/Page_nightlyno - Axiell Quria/div_Resultater' is clicked on

2020-03-24 12:08:44 - [MESSAGE][PASSED] - Object: 'Object Repository/test manuel objecter 2/Page_nightlyno - Axiell Quria/div_Resultater' is clicked on

2020-03-24 12:08:44 - [TEST_STEP][PASSED] - verifyElementText(findTestObject("test manuel objecter 2/Page_nightlyno - Axiell Quria/div_Resultater"), "Resultater: 3"): Actual text and expected text of test object 'Object Repository/test manuel objecter 2/Page_nightlyno - Axiell Quria/div_Resultater' are matched.

2020-03-24 12:08:46 - [MESSAGE][PASSED] - Actual text and expected text of test object 'Object Repository/test manuel objecter 2/Page_nightlyno - Axiell Quria/div_Resultater' are matched.

2020-03-24 12:08:46 - [TEST_STEP][PASSED] - click(findTestObject("Object Repository/test manuel objecter 2/Page_nightlyno - Axiell Quria/md-icon_expand_more")): Object: 'Object Repository/test manuel objecter 2/Page_nightlyno - Axiell Quria/md-icon_expand_more' is clicked on

2020-03-24 12:08:48 - [MESSAGE][PASSED] - Object: 'Object Repository/test manuel objecter 2/Page_nightlyno - Axiell Quria/md-icon_expand_more' is clicked on

2020-03-24 12:08:48 - [TEST_STEP][PASSED] - click(findTestObject("Object Repository/test manuel objecter 2/Page_nightlyno - Axiell Quria/a_exit_to_appLogg av")): Object: 'Object Repository/test manuel objecter 2/Page_nightlyno - Axiell Quria/a_exit_to_appLogg av' is clicked on

2020-03-24 12:08:50 - [MESSAGE][PASSED] - Object: 'Object Repository/test manuel objecter 2/Page_nightlyno - Axiell Quria/a_exit_to_appLogg av' is clicked on

2020-03-24 12:08:51 - [TEST_STEP][PASSED] - closeBrowser(): Browser is closed

2020-03-24 12:08:52 - [MESSAGE][PASSED] - Browser is closed]]></system-out>
         <system-err><![CDATA[]]></system-err>
      </testcase>
      <system-out><![CDATA[2020-03-24 11:54:43 - [TEST_SUITE][FAILED] - Test Suite Quria Search: Test Cases/Test turn off stop word FAILED.
Reason:
com.kms.katalon.core.exception.StepFailedException: Unable to click on object 'Object Repository/test manuel objecter 2/Page_nightlyno - Axiell Quria/div_Resultater' (Root cause: com.kms.katalon.core.webui.exception.WebElementNotFoundException: Web element with id: 'Object Repository/test manuel objecter 2/Page_nightlyno - Axiell Quria/div_Resultater' located by 'By.xpath: //md-content[@id='content']/div/div/div/div[2]/div/div' not found)
	at com.kms.katalon.core.keyword.internal.KeywordMain.stepFailed(KeywordMain.groovy:32)
	at com.kms.katalon.core.webui.keyword.internal.WebUIKeywordMain.stepFailed(WebUIKeywordMain.groovy:65)
	at com.kms.katalon.core.webui.keyword.internal.WebUIKeywordMain.runKeyword(WebUIKeywordMain.groovy:27)
	at com.kms.katalon.core.webui.keyword.builtin.ClickKeyword.click(ClickKeyword.groovy:86)
	at com.kms.katalon.core.webui.keyword.builtin.ClickKeyword.execute(ClickKeyword.groovy:67)
	at com.kms.katalon.core.keyword.internal.KeywordExecutor.executeKeywordForPlatform(KeywordExecutor.groovy:53)
	at com.kms.katalon.core.webui.keyword.WebUiBuiltInKeywords.click(WebUiBuiltInKeywords.groovy:616)
	at com.kms.katalon.core.webui.keyword.WebUiBuiltInKeywords$click$1.call(Unknown Source)
	at Test turn off stop word.run(Test turn off stop word:40)
	at com.kms.katalon.core.main.ScriptEngine.run(ScriptEngine.java:194)
	at com.kms.katalon.core.main.ScriptEngine.runScriptAsRawText(ScriptEngine.java:119)
	at com.kms.katalon.core.main.TestCaseExecutor.runScript(TestCaseExecutor.java:328)
	at com.kms.katalon.core.main.TestCaseExecutor.doExecute(TestCaseExecutor.java:319)
	at com.kms.katalon.core.main.TestCaseExecutor.processExecutionPhase(TestCaseExecutor.java:298)
	at com.kms.katalon.core.main.TestCaseExecutor.accessMainPhase(TestCaseExecutor.java:290)
	at com.kms.katalon.core.main.TestCaseExecutor.execute(TestCaseExecutor.java:224)
	at com.kms.katalon.core.main.TestSuiteExecutor.accessTestCaseMainPhase(TestSuiteExecutor.java:129)
	at com.kms.katalon.core.main.TestSuiteExecutor.accessTestSuiteMainPhase(TestSuiteExecutor.java:112)
	at com.kms.katalon.core.main.TestSuiteExecutor.execute(TestSuiteExecutor.java:81)
	at com.kms.katalon.core.main.TestCaseMain.startTestSuite(TestCaseMain.java:149)
	at com.kms.katalon.core.main.TestCaseMain$startTestSuite$0.call(Unknown Source)
	at TempTestSuite1585047280783.run(TempTestSuite1585047280783.groovy:36)]]></system-out>
      <system-err><![CDATA[2020-03-24 11:54:43 - [TEST_SUITE][FAILED] - Test Suite Quria Search: Test Cases/Test turn off stop word FAILED.
Reason:
com.kms.katalon.core.exception.StepFailedException: Unable to click on object 'Object Repository/test manuel objecter 2/Page_nightlyno - Axiell Quria/div_Resultater' (Root cause: com.kms.katalon.core.webui.exception.WebElementNotFoundException: Web element with id: 'Object Repository/test manuel objecter 2/Page_nightlyno - Axiell Quria/div_Resultater' located by 'By.xpath: //md-content[@id='content']/div/div/div/div[2]/div/div' not found)
	at com.kms.katalon.core.keyword.internal.KeywordMain.stepFailed(KeywordMain.groovy:32)
	at com.kms.katalon.core.webui.keyword.internal.WebUIKeywordMain.stepFailed(WebUIKeywordMain.groovy:65)
	at com.kms.katalon.core.webui.keyword.internal.WebUIKeywordMain.runKeyword(WebUIKeywordMain.groovy:27)
	at com.kms.katalon.core.webui.keyword.builtin.ClickKeyword.click(ClickKeyword.groovy:86)
	at com.kms.katalon.core.webui.keyword.builtin.ClickKeyword.execute(ClickKeyword.groovy:67)
	at com.kms.katalon.core.keyword.internal.KeywordExecutor.executeKeywordForPlatform(KeywordExecutor.groovy:53)
	at com.kms.katalon.core.webui.keyword.WebUiBuiltInKeywords.click(WebUiBuiltInKeywords.groovy:616)
	at com.kms.katalon.core.webui.keyword.WebUiBuiltInKeywords$click$1.call(Unknown Source)
	at Test turn off stop word.run(Test turn off stop word:40)
	at com.kms.katalon.core.main.ScriptEngine.run(ScriptEngine.java:194)
	at com.kms.katalon.core.main.ScriptEngine.runScriptAsRawText(ScriptEngine.java:119)
	at com.kms.katalon.core.main.TestCaseExecutor.runScript(TestCaseExecutor.java:328)
	at com.kms.katalon.core.main.TestCaseExecutor.doExecute(TestCaseExecutor.java:319)
	at com.kms.katalon.core.main.TestCaseExecutor.processExecutionPhase(TestCaseExecutor.java:298)
	at com.kms.katalon.core.main.TestCaseExecutor.accessMainPhase(TestCaseExecutor.java:290)
	at com.kms.katalon.core.main.TestCaseExecutor.execute(TestCaseExecutor.java:224)
	at com.kms.katalon.core.main.TestSuiteExecutor.accessTestCaseMainPhase(TestSuiteExecutor.java:129)
	at com.kms.katalon.core.main.TestSuiteExecutor.accessTestSuiteMainPhase(TestSuiteExecutor.java:112)
	at com.kms.katalon.core.main.TestSuiteExecutor.execute(TestSuiteExecutor.java:81)
	at com.kms.katalon.core.main.TestCaseMain.startTestSuite(TestCaseMain.java:149)
	at com.kms.katalon.core.main.TestCaseMain$startTestSuite$0.call(Unknown Source)
	at TempTestSuite1585047280783.run(TempTestSuite1585047280783.groovy:36)]]></system-err>
   </testsuite>
</testsuites>
