<?xml version="1.0" encoding="UTF-8"?>
<testsuites name="Test Suite Quria Patron" time="390" tests="6" failures="1" errors="0">
   <testsuite name="Test Suite Quria Patron" tests="6" failures="1" errors="0" time="390" timestamp="2020-03-10 09:57:13" hostname="ignacio - BIBITS-IGNACIO2.bibsent.no" id="Test Suites/Test Suite Quria Patron">
      <properties>
         <property name="deviceName" value=""/>
         <property name="devicePlatform" value=""/>
         <property name="logFolder" value="C:\\Users\\ignacio\\Katalon Studio\\KatalonQuriaTest\\Reports\\Test Suite Quria Patron\\20200310_095710"/>
         <property name="logFiles" value="C:\\Users\\ignacio\\Katalon Studio\\KatalonQuriaTest\\Reports\\Test Suite Quria Patron\\20200310_095710\\execution0.log"/>
         <property name="attachments" value="C:\\Users\\ignacio\\Katalon Studio\\KatalonQuriaTest\\Reports\\Test Suite Quria Patron\\20200310_095710\\1583831013868.png"/>
         <property name="hostName" value="ignacio - BIBITS-IGNACIO2.bibsent.no"/>
         <property name="os" value="Windows 10 64bit"/>
         <property name="katalonVersion" value="5.10.0.1"/>
         <property name="browser" value="Chrome 80.0.3987.132"/>
         <property name="hostAddress" value="10.81.1.180"/>
         <property name="sessionId" value="577983c4e94e30f9834342bc398e198b"/>
         <property name="seleniumVersion" value="3.7.1"/>
         <property name="proxyInformation" value="ProxyInformation{proxyOption=NO_PROXY, proxyServerType=HTTP, password=, proxyServerAddress=, proxyServerPort=0}"/>
         <property name="platform" value="Windows 10"/>
      </properties>
      <testcase name="Test Cases/Test Patron/New Test Case Patron Object search" classname="Test Cases/Test Patron/New Test Case Patron Object search" status="PASSED">
         <system-out><![CDATA[2020-03-10 09:57:13 - [TEST_CASE][PASSED] - Test Cases/Test Patron/New Test Case Patron Object search: Test Cases/Test Patron/New Test Case Patron Object search

2020-03-10 09:57:13 - [TEST_STEP][PASSED] - openBrowser(""): Browser is opened with url: ''

2020-03-10 09:57:14 - [MESSAGE][INFO] - Starting 'Chrome' driver

2020-03-10 09:57:14 - [MESSAGE][INFO] - Action delay is set to 1 seconds

2020-03-10 09:57:25 - [MESSAGE][PASSED] - Browser is opened with url: ''

2020-03-10 09:57:25 - [TEST_STEP][PASSED] - navigateToUrl("https://nightlyno.quriaint.axiell.com/frontend/e6577300-18cd-4938-95dc-8690d6b50505/public/index.html"): Navigate to 'https://nightlyno.quriaint.axiell.com/frontend/e6577300-18cd-4938-95dc-8690d6b50505/public/index.html' successfully

2020-03-10 09:57:27 - [MESSAGE][PASSED] - Navigate to 'https://nightlyno.quriaint.axiell.com/frontend/e6577300-18cd-4938-95dc-8690d6b50505/public/index.html' successfully

2020-03-10 09:57:27 - [TEST_STEP][PASSED] - click(findTestObject("Object Repository/Capture Object Patron Search/Page_Axiell Quria/a_Sign in with Google")): Object: 'Object Repository/Capture Object Patron Search/Page_Axiell Quria/a_Sign in with Google' is clicked on

2020-03-10 09:57:29 - [MESSAGE][PASSED] - Object: 'Object Repository/Capture Object Patron Search/Page_Axiell Quria/a_Sign in with Google' is clicked on

2020-03-10 09:57:29 - [TEST_STEP][PASSED] - setText(findTestObject("Object Repository/Capture Object Patron Search/Page_Logg p  Google-kontoer/input_axiell.com_identifier"), "axiell.norge.quria@gmail.com"): Text 'axiell.norge.quria@gmail.com' is set on object 'Object Repository/Capture Object Patron Search/Page_Logg p  Google-kontoer/input_axiell.com_identifier'

2020-03-10 09:57:34 - [MESSAGE][PASSED] - Text 'axiell.norge.quria@gmail.com' is set on object 'Object Repository/Capture Object Patron Search/Page_Logg p  Google-kontoer/input_axiell.com_identifier'

2020-03-10 09:57:34 - [TEST_STEP][PASSED] - click(findTestObject("Object Repository/Capture Object Patron Search/Page_Logg p  Google-kontoer/span_Neste")): Object: 'Object Repository/Capture Object Patron Search/Page_Logg p  Google-kontoer/span_Neste' is clicked on

2020-03-10 09:57:36 - [MESSAGE][PASSED] - Object: 'Object Repository/Capture Object Patron Search/Page_Logg p  Google-kontoer/span_Neste' is clicked on

2020-03-10 09:57:36 - [TEST_STEP][PASSED] - waitForElementVisible(findTestObject("Capture Object Patron Search/Page_Logg p  Google-kontoer/input_For mange mislykkede for"), 30): Object 'Object Repository/Capture Object Patron Search/Page_Logg p  Google-kontoer/input_For mange mislykkede for' is visible

2020-03-10 09:57:38 - [MESSAGE][PASSED] - Object 'Object Repository/Capture Object Patron Search/Page_Logg p  Google-kontoer/input_For mange mislykkede for' is visible

2020-03-10 09:57:38 - [TEST_STEP][PASSED] - setEncryptedText(findTestObject("Object Repository/Capture Object Patron Search/Page_Logg p  Google-kontoer/input_For mange mislykkede for"), "d097ITWPO7f2v9EptRJGCg=="): Text ****** has been set on object 'Object Repository/Capture Object Patron Search/Page_Logg p  Google-kontoer/input_For mange mislykkede for'

2020-03-10 09:57:41 - [MESSAGE][PASSED] - Text ****** has been set on object 'Object Repository/Capture Object Patron Search/Page_Logg p  Google-kontoer/input_For mange mislykkede for'

2020-03-10 09:57:41 - [TEST_STEP][PASSED] - click(findTestObject("Capture Object Patron Search/Page_Logg p  Google-kontoer/div_Neste")): Object: 'Object Repository/Capture Object Patron Search/Page_Logg p  Google-kontoer/div_Neste' is clicked on

2020-03-10 09:57:43 - [MESSAGE][PASSED] - Object: 'Object Repository/Capture Object Patron Search/Page_Logg p  Google-kontoer/div_Neste' is clicked on

2020-03-10 09:57:43 - [TEST_STEP][PASSED] - click(findTestObject("Capture Object Patron Search/Page_nightlyno - Axiell Quria/md-icon-Patron")): Object: 'Object Repository/Capture Object Patron Search/Page_nightlyno - Axiell Quria/md-icon-Patron' is clicked on

2020-03-10 09:57:49 - [MESSAGE][PASSED] - Object: 'Object Repository/Capture Object Patron Search/Page_nightlyno - Axiell Quria/md-icon-Patron' is clicked on

2020-03-10 09:57:49 - [TEST_STEP][PASSED] - setText(findTestObject("Capture Object Patron Search/Page_nightlyno - Axiell Quria/input_Search-Patron"), "Tejera Picossi"): Text 'Tejera Picossi' is set on object 'Object Repository/Capture Object Patron Search/Page_nightlyno - Axiell Quria/input_Search-Patron'

2020-03-10 09:57:54 - [MESSAGE][PASSED] - Text 'Tejera Picossi' is set on object 'Object Repository/Capture Object Patron Search/Page_nightlyno - Axiell Quria/input_Search-Patron'

2020-03-10 09:57:54 - [TEST_STEP][PASSED] - click(findTestObject("Capture Object Patron Search/Page_nightlyno - Axiell Quria/md-iconSearchPatron")): Object: 'Object Repository/Capture Object Patron Search/Page_nightlyno - Axiell Quria/md-iconSearchPatron' is clicked on

2020-03-10 09:57:56 - [MESSAGE][PASSED] - Object: 'Object Repository/Capture Object Patron Search/Page_nightlyno - Axiell Quria/md-iconSearchPatron' is clicked on

2020-03-10 09:57:56 - [TEST_STEP][PASSED] - click(findTestObject("Capture Object Patron Search/Page_nightlyno - Axiell Quria/md-icon_closePatron")): Object: 'Object Repository/Capture Object Patron Search/Page_nightlyno - Axiell Quria/md-icon_closePatron' is clicked on

2020-03-10 09:58:00 - [MESSAGE][PASSED] - Object: 'Object Repository/Capture Object Patron Search/Page_nightlyno - Axiell Quria/md-icon_closePatron' is clicked on

2020-03-10 09:58:00 - [TEST_STEP][PASSED] - click(findTestObject("Capture Object Patron Search/Page_nightlyno - Axiell Quria/td_PatronName")): Object: 'Object Repository/Capture Object Patron Search/Page_nightlyno - Axiell Quria/td_PatronName' is clicked on

2020-03-10 09:58:02 - [MESSAGE][PASSED] - Object: 'Object Repository/Capture Object Patron Search/Page_nightlyno - Axiell Quria/td_PatronName' is clicked on

2020-03-10 09:58:02 - [TEST_STEP][PASSED] - click(findTestObject("Capture Object Patron Search/Page_nightlyno - Axiell Quria/h2_PatronName")): Object: 'Object Repository/Capture Object Patron Search/Page_nightlyno - Axiell Quria/h2_PatronName' is clicked on

2020-03-10 09:58:04 - [MESSAGE][PASSED] - Object: 'Object Repository/Capture Object Patron Search/Page_nightlyno - Axiell Quria/h2_PatronName' is clicked on

2020-03-10 09:58:04 - [TEST_STEP][PASSED] - click(findTestObject("Capture Object Patron Search/Page_nightlyno - Axiell Quria/div_ActivLoan")): Object: 'Object Repository/Capture Object Patron Search/Page_nightlyno - Axiell Quria/div_ActivLoan' is clicked on

2020-03-10 09:58:06 - [MESSAGE][PASSED] - Object: 'Object Repository/Capture Object Patron Search/Page_nightlyno - Axiell Quria/div_ActivLoan' is clicked on

2020-03-10 09:58:06 - [TEST_STEP][PASSED] - click(findTestObject("Capture Object Patron Search/Page_nightlyno - Axiell Quria/span_Reserveringer")): Object: 'Object Repository/Capture Object Patron Search/Page_nightlyno - Axiell Quria/span_Reserveringer' is clicked on

2020-03-10 09:58:08 - [MESSAGE][PASSED] - Object: 'Object Repository/Capture Object Patron Search/Page_nightlyno - Axiell Quria/span_Reserveringer' is clicked on

2020-03-10 09:58:08 - [TEST_STEP][PASSED] - click(findTestObject("Capture Object Patron Search/Page_nightlyno - Axiell Quria/div_AktiveReserveringer")): Object: 'Object Repository/Capture Object Patron Search/Page_nightlyno - Axiell Quria/div_AktiveReserveringer' is clicked on

2020-03-10 09:58:10 - [MESSAGE][PASSED] - Object: 'Object Repository/Capture Object Patron Search/Page_nightlyno - Axiell Quria/div_AktiveReserveringer' is clicked on

2020-03-10 09:58:10 - [TEST_STEP][PASSED] - click(findTestObject("Object Repository/Capture Object Patron Search/Page_nightlyno - Axiell Quria/span_Gjeld og betalinger")): Object: 'Object Repository/Capture Object Patron Search/Page_nightlyno - Axiell Quria/span_Gjeld og betalinger' is clicked on

2020-03-10 09:58:12 - [MESSAGE][PASSED] - Object: 'Object Repository/Capture Object Patron Search/Page_nightlyno - Axiell Quria/span_Gjeld og betalinger' is clicked on

2020-03-10 09:58:12 - [TEST_STEP][PASSED] - click(findTestObject("Capture Object Patron Search/Page_nightlyno - Axiell Quria/div_ActivGjeld")): Object: 'Object Repository/Capture Object Patron Search/Page_nightlyno - Axiell Quria/div_ActivGjeld' is clicked on

2020-03-10 09:58:15 - [MESSAGE][PASSED] - Object: 'Object Repository/Capture Object Patron Search/Page_nightlyno - Axiell Quria/div_ActivGjeld' is clicked on

2020-03-10 09:58:15 - [TEST_STEP][PASSED] - closeBrowser(): Browser is closed

2020-03-10 09:58:16 - [MESSAGE][PASSED] - Browser is closed]]></system-out>
         <system-err><![CDATA[]]></system-err>
      </testcase>
      <testcase name="Test Cases/Test Patron/Test Case Log in with correct Patron" classname="Test Cases/Test Patron/Test Case Log in with correct Patron" status="PASSED">
         <system-out><![CDATA[2020-03-10 09:58:16 - [TEST_CASE][PASSED] - Test Cases/Test Patron/Test Case Log in with correct Patron: Test Cases/Test Patron/Test Case Log in with correct Patron

2020-03-10 09:58:17 - [TEST_STEP][PASSED] - callTestCase(findTestCase("Test Patron/Test Case Login"), [:], STOP_ON_FAILURE): Call Test Case 'Test Cases/Test Patron/Test Case Login' successfully

2020-03-10 09:58:17 - [TEST_CASE][PASSED] - Test Cases/Test Patron/Test Case Login: Test Cases/Test Patron/Test Case Login

2020-03-10 09:58:17 - [TEST_STEP][PASSED] - openBrowser(""): Browser is opened with url: ''

2020-03-10 09:58:17 - [MESSAGE][INFO] - Starting 'Chrome' driver

2020-03-10 09:58:25 - [MESSAGE][PASSED] - Browser is opened with url: ''

2020-03-10 09:58:25 - [TEST_STEP][PASSED] - navigateToUrl("https://nightlyno.quriaint.axiell.com"): Navigate to 'https://nightlyno.quriaint.axiell.com' successfully

2020-03-10 09:58:26 - [MESSAGE][PASSED] - Navigate to 'https://nightlyno.quriaint.axiell.com' successfully

2020-03-10 09:58:26 - [TEST_STEP][PASSED] - click(findTestObject("Object Repository/Test Simple Search/Page_Axiell Quria/a_Sign in with Google")): Object: 'Object Repository/Test Simple Search/Page_Axiell Quria/a_Sign in with Google' is clicked on

2020-03-10 09:58:29 - [MESSAGE][PASSED] - Object: 'Object Repository/Test Simple Search/Page_Axiell Quria/a_Sign in with Google' is clicked on

2020-03-10 09:58:29 - [TEST_STEP][PASSED] - setText(findTestObject("Object Repository/Test Simple Search/Page_Logg p  Google-kontoer/input_axiell.com_identifier"), "axiell.norge.quria@gmail.com"): Text 'axiell.norge.quria@gmail.com' is set on object 'Object Repository/Test Simple Search/Page_Logg p  Google-kontoer/input_axiell.com_identifier'

2020-03-10 09:58:34 - [MESSAGE][PASSED] - Text 'axiell.norge.quria@gmail.com' is set on object 'Object Repository/Test Simple Search/Page_Logg p  Google-kontoer/input_axiell.com_identifier'

2020-03-10 09:58:34 - [TEST_STEP][PASSED] - click(findTestObject("Capture Object Patron/Page_Logg p  Google-kontoer/span_Neste")): Object: 'Object Repository/Capture Object Patron/Page_Logg p  Google-kontoer/span_Neste' is clicked on

2020-03-10 09:58:36 - [MESSAGE][PASSED] - Object: 'Object Repository/Capture Object Patron/Page_Logg p  Google-kontoer/span_Neste' is clicked on

2020-03-10 09:58:36 - [TEST_STEP][PASSED] - waitForElementVisible(findTestObject("Test Simple Search/Page_Logg p  Google-kontoer/input_Password"), 30): Object 'Object Repository/Test Simple Search/Page_Logg p  Google-kontoer/input_Password' is visible

2020-03-10 09:58:38 - [MESSAGE][PASSED] - Object 'Object Repository/Test Simple Search/Page_Logg p  Google-kontoer/input_Password' is visible

2020-03-10 09:58:38 - [TEST_STEP][PASSED] - setEncryptedText(findTestObject("Test Simple Search/Page_Logg p  Google-kontoer/input_Password"), "d097ITWPO7f2v9EptRJGCg=="): Text ****** has been set on object 'Object Repository/Test Simple Search/Page_Logg p  Google-kontoer/input_Password'

2020-03-10 09:58:41 - [MESSAGE][PASSED] - Text ****** has been set on object 'Object Repository/Test Simple Search/Page_Logg p  Google-kontoer/input_Password'

2020-03-10 09:58:41 - [TEST_STEP][PASSED] - click(findTestObject("Manual Captured Objects/Page_Logg p  Google-kontoer/div_Neste")): Object: 'Object Repository/Manual Captured Objects/Page_Logg p  Google-kontoer/div_Neste' is clicked on

2020-03-10 09:58:43 - [MESSAGE][PASSED] - Object: 'Object Repository/Manual Captured Objects/Page_Logg p  Google-kontoer/div_Neste' is clicked on

2020-03-10 09:58:43 - [MESSAGE][PASSED] - Call Test Case 'Test Cases/Test Patron/Test Case Login' successfully

2020-03-10 09:58:43 - [TEST_STEP][PASSED] - callTestCase(findTestCase("Test Patron/Test Case Logout and Close Browser"), [:], STOP_ON_FAILURE): Call Test Case 'Test Cases/Test Patron/Test Case Logout and Close Browser' successfully

2020-03-10 09:58:43 - [TEST_CASE][PASSED] - Test Cases/Test Patron/Test Case Logout and Close Browser: Test Cases/Test Patron/Test Case Logout and Close Browser

2020-03-10 09:58:44 - [TEST_STEP][PASSED] - click(findTestObject("Object Repository/test manuel objecter 2/Page_nightlyno - Axiell Quria/md-icon_expand_more")): Object: 'Object Repository/test manuel objecter 2/Page_nightlyno - Axiell Quria/md-icon_expand_more' is clicked on

2020-03-10 09:58:48 - [MESSAGE][PASSED] - Object: 'Object Repository/test manuel objecter 2/Page_nightlyno - Axiell Quria/md-icon_expand_more' is clicked on

2020-03-10 09:58:48 - [TEST_STEP][PASSED] - click(findTestObject("Object Repository/test manuel objecter 2/Page_nightlyno - Axiell Quria/a_exit_to_appLogg av")): Object: 'Object Repository/test manuel objecter 2/Page_nightlyno - Axiell Quria/a_exit_to_appLogg av' is clicked on

2020-03-10 09:58:50 - [MESSAGE][PASSED] - Object: 'Object Repository/test manuel objecter 2/Page_nightlyno - Axiell Quria/a_exit_to_appLogg av' is clicked on

2020-03-10 09:58:50 - [TEST_STEP][PASSED] - closeBrowser(): Browser is closed

2020-03-10 09:58:52 - [MESSAGE][PASSED] - Browser is closed

2020-03-10 09:58:52 - [MESSAGE][PASSED] - Call Test Case 'Test Cases/Test Patron/Test Case Logout and Close Browser' successfully]]></system-out>
         <system-err><![CDATA[]]></system-err>
      </testcase>
      <testcase name="Test Cases/Test Patron/Test Search Multiple Patron" classname="Test Cases/Test Patron/Test Search Multiple Patron" status="PASSED">
         <system-out><![CDATA[2020-03-10 09:58:52 - [TEST_CASE][PASSED] - Test Cases/Test Patron/Test Search Multiple Patron: Test Cases/Test Patron/Test Search Multiple Patron

2020-03-10 09:58:52 - [TEST_STEP][PASSED] - callTestCase(findTestCase("Test Patron/Test Case Login"), [:], STOP_ON_FAILURE): Call Test Case 'Test Cases/Test Patron/Test Case Login' successfully

2020-03-10 09:58:52 - [TEST_CASE][PASSED] - Test Cases/Test Patron/Test Case Login: Test Cases/Test Patron/Test Case Login

2020-03-10 09:58:52 - [TEST_STEP][PASSED] - openBrowser(""): Browser is opened with url: ''

2020-03-10 09:58:52 - [MESSAGE][INFO] - Starting 'Chrome' driver

2020-03-10 09:59:00 - [MESSAGE][PASSED] - Browser is opened with url: ''

2020-03-10 09:59:00 - [TEST_STEP][PASSED] - navigateToUrl("https://nightlyno.quriaint.axiell.com"): Navigate to 'https://nightlyno.quriaint.axiell.com' successfully

2020-03-10 09:59:02 - [MESSAGE][PASSED] - Navigate to 'https://nightlyno.quriaint.axiell.com' successfully

2020-03-10 09:59:02 - [TEST_STEP][PASSED] - click(findTestObject("Object Repository/Test Simple Search/Page_Axiell Quria/a_Sign in with Google")): Object: 'Object Repository/Test Simple Search/Page_Axiell Quria/a_Sign in with Google' is clicked on

2020-03-10 09:59:04 - [MESSAGE][PASSED] - Object: 'Object Repository/Test Simple Search/Page_Axiell Quria/a_Sign in with Google' is clicked on

2020-03-10 09:59:04 - [TEST_STEP][PASSED] - setText(findTestObject("Object Repository/Test Simple Search/Page_Logg p  Google-kontoer/input_axiell.com_identifier"), "axiell.norge.quria@gmail.com"): Text 'axiell.norge.quria@gmail.com' is set on object 'Object Repository/Test Simple Search/Page_Logg p  Google-kontoer/input_axiell.com_identifier'

2020-03-10 09:59:08 - [MESSAGE][PASSED] - Text 'axiell.norge.quria@gmail.com' is set on object 'Object Repository/Test Simple Search/Page_Logg p  Google-kontoer/input_axiell.com_identifier'

2020-03-10 09:59:08 - [TEST_STEP][PASSED] - click(findTestObject("Capture Object Patron/Page_Logg p  Google-kontoer/span_Neste")): Object: 'Object Repository/Capture Object Patron/Page_Logg p  Google-kontoer/span_Neste' is clicked on

2020-03-10 09:59:11 - [MESSAGE][PASSED] - Object: 'Object Repository/Capture Object Patron/Page_Logg p  Google-kontoer/span_Neste' is clicked on

2020-03-10 09:59:11 - [TEST_STEP][PASSED] - waitForElementVisible(findTestObject("Test Simple Search/Page_Logg p  Google-kontoer/input_Password"), 30): Object 'Object Repository/Test Simple Search/Page_Logg p  Google-kontoer/input_Password' is visible

2020-03-10 09:59:13 - [MESSAGE][PASSED] - Object 'Object Repository/Test Simple Search/Page_Logg p  Google-kontoer/input_Password' is visible

2020-03-10 09:59:13 - [TEST_STEP][PASSED] - setEncryptedText(findTestObject("Test Simple Search/Page_Logg p  Google-kontoer/input_Password"), "d097ITWPO7f2v9EptRJGCg=="): Text ****** has been set on object 'Object Repository/Test Simple Search/Page_Logg p  Google-kontoer/input_Password'

2020-03-10 09:59:16 - [MESSAGE][PASSED] - Text ****** has been set on object 'Object Repository/Test Simple Search/Page_Logg p  Google-kontoer/input_Password'

2020-03-10 09:59:16 - [TEST_STEP][PASSED] - click(findTestObject("Manual Captured Objects/Page_Logg p  Google-kontoer/div_Neste")): Object: 'Object Repository/Manual Captured Objects/Page_Logg p  Google-kontoer/div_Neste' is clicked on

2020-03-10 09:59:18 - [MESSAGE][PASSED] - Object: 'Object Repository/Manual Captured Objects/Page_Logg p  Google-kontoer/div_Neste' is clicked on

2020-03-10 09:59:18 - [MESSAGE][PASSED] - Call Test Case 'Test Cases/Test Patron/Test Case Login' successfully

2020-03-10 09:59:18 - [TEST_STEP][PASSED] - click(findTestObject("Capture Object Patron/Page_nightlyno - Axiell Quria/md-icon-Patron")): Object: 'Object Repository/Capture Object Patron/Page_nightlyno - Axiell Quria/md-icon-Patron' is clicked on

2020-03-10 09:59:24 - [MESSAGE][PASSED] - Object: 'Object Repository/Capture Object Patron/Page_nightlyno - Axiell Quria/md-icon-Patron' is clicked on

2020-03-10 09:59:24 - [TEST_STEP][PASSED] - setText(findTestObject("Capture Object Patron/Page_nightlyno - Axiell Quria/input_Search-Patron"), "Tejera"): Text 'Tejera' is set on object 'Object Repository/Capture Object Patron/Page_nightlyno - Axiell Quria/input_Search-Patron'

2020-03-10 09:59:29 - [MESSAGE][PASSED] - Text 'Tejera' is set on object 'Object Repository/Capture Object Patron/Page_nightlyno - Axiell Quria/input_Search-Patron'

2020-03-10 09:59:29 - [TEST_STEP][PASSED] - click(findTestObject("Capture Object Patron/Page_nightlyno - Axiell Quria/md-iconSearchPatron")): Object: 'Object Repository/Capture Object Patron/Page_nightlyno - Axiell Quria/md-iconSearchPatron' is clicked on

2020-03-10 09:59:31 - [MESSAGE][PASSED] - Object: 'Object Repository/Capture Object Patron/Page_nightlyno - Axiell Quria/md-iconSearchPatron' is clicked on

2020-03-10 09:59:31 - [TEST_STEP][PASSED] - click(findTestObject("Capture Object Patron/Page_nightlyno - Axiell Quria/div_ResultaterPatron")): Object: 'Object Repository/Capture Object Patron/Page_nightlyno - Axiell Quria/div_ResultaterPatron' is clicked on

2020-03-10 09:59:33 - [MESSAGE][PASSED] - Object: 'Object Repository/Capture Object Patron/Page_nightlyno - Axiell Quria/div_ResultaterPatron' is clicked on

2020-03-10 09:59:33 - [TEST_STEP][PASSED] - verifyElementText(findTestObject("Capture Object Patron/Page_nightlyno - Axiell Quria/div_ResultaterPatron"), "Resultater: 4"): Actual text and expected text of test object 'Object Repository/Capture Object Patron/Page_nightlyno - Axiell Quria/div_ResultaterPatron' are matched.

2020-03-10 09:59:35 - [MESSAGE][PASSED] - Actual text and expected text of test object 'Object Repository/Capture Object Patron/Page_nightlyno - Axiell Quria/div_ResultaterPatron' are matched.

2020-03-10 09:59:35 - [TEST_STEP][PASSED] - callTestCase(findTestCase("Test Patron/Test Case Logout and Close Browser"), [:], STOP_ON_FAILURE): Call Test Case 'Test Cases/Test Patron/Test Case Logout and Close Browser' successfully

2020-03-10 09:59:35 - [TEST_CASE][PASSED] - Test Cases/Test Patron/Test Case Logout and Close Browser: Test Cases/Test Patron/Test Case Logout and Close Browser

2020-03-10 09:59:35 - [TEST_STEP][PASSED] - click(findTestObject("Object Repository/test manuel objecter 2/Page_nightlyno - Axiell Quria/md-icon_expand_more")): Object: 'Object Repository/test manuel objecter 2/Page_nightlyno - Axiell Quria/md-icon_expand_more' is clicked on

2020-03-10 09:59:37 - [MESSAGE][PASSED] - Object: 'Object Repository/test manuel objecter 2/Page_nightlyno - Axiell Quria/md-icon_expand_more' is clicked on

2020-03-10 09:59:37 - [TEST_STEP][PASSED] - click(findTestObject("Object Repository/test manuel objecter 2/Page_nightlyno - Axiell Quria/a_exit_to_appLogg av")): Object: 'Object Repository/test manuel objecter 2/Page_nightlyno - Axiell Quria/a_exit_to_appLogg av' is clicked on

2020-03-10 09:59:39 - [MESSAGE][PASSED] - Object: 'Object Repository/test manuel objecter 2/Page_nightlyno - Axiell Quria/a_exit_to_appLogg av' is clicked on

2020-03-10 09:59:39 - [TEST_STEP][PASSED] - closeBrowser(): Browser is closed

2020-03-10 09:59:41 - [MESSAGE][PASSED] - Browser is closed

2020-03-10 09:59:41 - [MESSAGE][PASSED] - Call Test Case 'Test Cases/Test Patron/Test Case Logout and Close Browser' successfully]]></system-out>
         <system-err><![CDATA[]]></system-err>
      </testcase>
      <testcase name="Test Cases/Test Patron/Test Search Unique Patron" classname="Test Cases/Test Patron/Test Search Unique Patron" status="PASSED">
         <system-out><![CDATA[2020-03-10 09:59:41 - [TEST_CASE][PASSED] - Test Cases/Test Patron/Test Search Unique Patron: Test Cases/Test Patron/Test Search Unique Patron

2020-03-10 09:59:41 - [TEST_STEP][PASSED] - callTestCase(findTestCase("Test Patron/Test Case Login"), [:], STOP_ON_FAILURE): Call Test Case 'Test Cases/Test Patron/Test Case Login' successfully

2020-03-10 09:59:41 - [TEST_CASE][PASSED] - Test Cases/Test Patron/Test Case Login: Test Cases/Test Patron/Test Case Login

2020-03-10 09:59:41 - [TEST_STEP][PASSED] - openBrowser(""): Browser is opened with url: ''

2020-03-10 09:59:41 - [MESSAGE][INFO] - Starting 'Chrome' driver

2020-03-10 09:59:49 - [MESSAGE][PASSED] - Browser is opened with url: ''

2020-03-10 09:59:49 - [TEST_STEP][PASSED] - navigateToUrl("https://nightlyno.quriaint.axiell.com"): Navigate to 'https://nightlyno.quriaint.axiell.com' successfully

2020-03-10 09:59:51 - [MESSAGE][PASSED] - Navigate to 'https://nightlyno.quriaint.axiell.com' successfully

2020-03-10 09:59:51 - [TEST_STEP][PASSED] - click(findTestObject("Object Repository/Test Simple Search/Page_Axiell Quria/a_Sign in with Google")): Object: 'Object Repository/Test Simple Search/Page_Axiell Quria/a_Sign in with Google' is clicked on

2020-03-10 09:59:53 - [MESSAGE][PASSED] - Object: 'Object Repository/Test Simple Search/Page_Axiell Quria/a_Sign in with Google' is clicked on

2020-03-10 09:59:53 - [TEST_STEP][PASSED] - setText(findTestObject("Object Repository/Test Simple Search/Page_Logg p  Google-kontoer/input_axiell.com_identifier"), "axiell.norge.quria@gmail.com"): Text 'axiell.norge.quria@gmail.com' is set on object 'Object Repository/Test Simple Search/Page_Logg p  Google-kontoer/input_axiell.com_identifier'

2020-03-10 09:59:58 - [MESSAGE][PASSED] - Text 'axiell.norge.quria@gmail.com' is set on object 'Object Repository/Test Simple Search/Page_Logg p  Google-kontoer/input_axiell.com_identifier'

2020-03-10 09:59:58 - [TEST_STEP][PASSED] - click(findTestObject("Capture Object Patron/Page_Logg p  Google-kontoer/span_Neste")): Object: 'Object Repository/Capture Object Patron/Page_Logg p  Google-kontoer/span_Neste' is clicked on

2020-03-10 10:00:00 - [MESSAGE][PASSED] - Object: 'Object Repository/Capture Object Patron/Page_Logg p  Google-kontoer/span_Neste' is clicked on

2020-03-10 10:00:00 - [TEST_STEP][PASSED] - waitForElementVisible(findTestObject("Test Simple Search/Page_Logg p  Google-kontoer/input_Password"), 30): Object 'Object Repository/Test Simple Search/Page_Logg p  Google-kontoer/input_Password' is visible

2020-03-10 10:00:02 - [MESSAGE][PASSED] - Object 'Object Repository/Test Simple Search/Page_Logg p  Google-kontoer/input_Password' is visible

2020-03-10 10:00:02 - [TEST_STEP][PASSED] - setEncryptedText(findTestObject("Test Simple Search/Page_Logg p  Google-kontoer/input_Password"), "d097ITWPO7f2v9EptRJGCg=="): Text ****** has been set on object 'Object Repository/Test Simple Search/Page_Logg p  Google-kontoer/input_Password'

2020-03-10 10:00:05 - [MESSAGE][PASSED] - Text ****** has been set on object 'Object Repository/Test Simple Search/Page_Logg p  Google-kontoer/input_Password'

2020-03-10 10:00:05 - [TEST_STEP][PASSED] - click(findTestObject("Manual Captured Objects/Page_Logg p  Google-kontoer/div_Neste")): Object: 'Object Repository/Manual Captured Objects/Page_Logg p  Google-kontoer/div_Neste' is clicked on

2020-03-10 10:00:07 - [MESSAGE][PASSED] - Object: 'Object Repository/Manual Captured Objects/Page_Logg p  Google-kontoer/div_Neste' is clicked on

2020-03-10 10:00:07 - [MESSAGE][PASSED] - Call Test Case 'Test Cases/Test Patron/Test Case Login' successfully

2020-03-10 10:00:07 - [TEST_STEP][PASSED] - click(findTestObject("Capture Object Patron/Page_nightlyno - Axiell Quria/md-icon-Patron")): Object: 'Object Repository/Capture Object Patron/Page_nightlyno - Axiell Quria/md-icon-Patron' is clicked on

2020-03-10 10:00:13 - [MESSAGE][PASSED] - Object: 'Object Repository/Capture Object Patron/Page_nightlyno - Axiell Quria/md-icon-Patron' is clicked on

2020-03-10 10:00:13 - [TEST_STEP][PASSED] - setText(findTestObject("Capture Object Patron/Page_nightlyno - Axiell Quria/input_Search-Patron"), "Tejera Picossi"): Text 'Tejera Picossi' is set on object 'Object Repository/Capture Object Patron/Page_nightlyno - Axiell Quria/input_Search-Patron'

2020-03-10 10:00:17 - [MESSAGE][PASSED] - Text 'Tejera Picossi' is set on object 'Object Repository/Capture Object Patron/Page_nightlyno - Axiell Quria/input_Search-Patron'

2020-03-10 10:00:17 - [TEST_STEP][PASSED] - click(findTestObject("Capture Object Patron/Page_nightlyno - Axiell Quria/md-iconSearchPatron")): Object: 'Object Repository/Capture Object Patron/Page_nightlyno - Axiell Quria/md-iconSearchPatron' is clicked on

2020-03-10 10:00:20 - [MESSAGE][PASSED] - Object: 'Object Repository/Capture Object Patron/Page_nightlyno - Axiell Quria/md-iconSearchPatron' is clicked on

2020-03-10 10:00:20 - [TEST_STEP][PASSED] - click(findTestObject("Capture Object Patron/Page_nightlyno - Axiell Quria/md-icon_closePatron")): Object: 'Object Repository/Capture Object Patron/Page_nightlyno - Axiell Quria/md-icon_closePatron' is clicked on

2020-03-10 10:00:23 - [MESSAGE][PASSED] - Object: 'Object Repository/Capture Object Patron/Page_nightlyno - Axiell Quria/md-icon_closePatron' is clicked on

2020-03-10 10:00:23 - [TEST_STEP][PASSED] - verifyElementText(findTestObject("Capture Object Patron/Page_nightlyno - Axiell Quria/td_PatronName"), "Tejera Picossi, Porfirio"): Actual text and expected text of test object 'Object Repository/Capture Object Patron/Page_nightlyno - Axiell Quria/td_PatronName' are matched.

2020-03-10 10:00:25 - [MESSAGE][PASSED] - Actual text and expected text of test object 'Object Repository/Capture Object Patron/Page_nightlyno - Axiell Quria/td_PatronName' are matched.

2020-03-10 10:00:25 - [TEST_STEP][PASSED] - callTestCase(findTestCase("Test Patron/Test Case Logout and Close Browser"), [:], STOP_ON_FAILURE): Call Test Case 'Test Cases/Test Patron/Test Case Logout and Close Browser' successfully

2020-03-10 10:00:25 - [TEST_CASE][PASSED] - Test Cases/Test Patron/Test Case Logout and Close Browser: Test Cases/Test Patron/Test Case Logout and Close Browser

2020-03-10 10:00:25 - [TEST_STEP][PASSED] - click(findTestObject("Object Repository/test manuel objecter 2/Page_nightlyno - Axiell Quria/md-icon_expand_more")): Object: 'Object Repository/test manuel objecter 2/Page_nightlyno - Axiell Quria/md-icon_expand_more' is clicked on

2020-03-10 10:00:27 - [MESSAGE][PASSED] - Object: 'Object Repository/test manuel objecter 2/Page_nightlyno - Axiell Quria/md-icon_expand_more' is clicked on

2020-03-10 10:00:27 - [TEST_STEP][PASSED] - click(findTestObject("Object Repository/test manuel objecter 2/Page_nightlyno - Axiell Quria/a_exit_to_appLogg av")): Object: 'Object Repository/test manuel objecter 2/Page_nightlyno - Axiell Quria/a_exit_to_appLogg av' is clicked on

2020-03-10 10:00:30 - [MESSAGE][PASSED] - Object: 'Object Repository/test manuel objecter 2/Page_nightlyno - Axiell Quria/a_exit_to_appLogg av' is clicked on

2020-03-10 10:00:30 - [TEST_STEP][PASSED] - closeBrowser(): Browser is closed

2020-03-10 10:00:31 - [MESSAGE][PASSED] - Browser is closed

2020-03-10 10:00:31 - [MESSAGE][PASSED] - Call Test Case 'Test Cases/Test Patron/Test Case Logout and Close Browser' successfully]]></system-out>
         <system-err><![CDATA[]]></system-err>
      </testcase>
      <testcase name="Test Cases/Test Patron/Test Search Unique Patron - Activ Loan" classname="Test Cases/Test Patron/Test Search Unique Patron - Activ Loan" status="PASSED">
         <system-out><![CDATA[2020-03-10 10:00:31 - [TEST_CASE][PASSED] - Test Cases/Test Patron/Test Search Unique Patron - Activ Loan: Test Cases/Test Patron/Test Search Unique Patron - Activ Loan

2020-03-10 10:00:32 - [TEST_STEP][PASSED] - callTestCase(findTestCase("Test Patron/Test Case Login"), [:], STOP_ON_FAILURE): Call Test Case 'Test Cases/Test Patron/Test Case Login' successfully

2020-03-10 10:00:32 - [TEST_CASE][PASSED] - Test Cases/Test Patron/Test Case Login: Test Cases/Test Patron/Test Case Login

2020-03-10 10:00:32 - [TEST_STEP][PASSED] - openBrowser(""): Browser is opened with url: ''

2020-03-10 10:00:32 - [MESSAGE][INFO] - Starting 'Chrome' driver

2020-03-10 10:00:39 - [MESSAGE][PASSED] - Browser is opened with url: ''

2020-03-10 10:00:39 - [TEST_STEP][PASSED] - navigateToUrl("https://nightlyno.quriaint.axiell.com"): Navigate to 'https://nightlyno.quriaint.axiell.com' successfully

2020-03-10 10:00:41 - [MESSAGE][PASSED] - Navigate to 'https://nightlyno.quriaint.axiell.com' successfully

2020-03-10 10:00:41 - [TEST_STEP][PASSED] - click(findTestObject("Object Repository/Test Simple Search/Page_Axiell Quria/a_Sign in with Google")): Object: 'Object Repository/Test Simple Search/Page_Axiell Quria/a_Sign in with Google' is clicked on

2020-03-10 10:00:43 - [MESSAGE][PASSED] - Object: 'Object Repository/Test Simple Search/Page_Axiell Quria/a_Sign in with Google' is clicked on

2020-03-10 10:00:43 - [TEST_STEP][PASSED] - setText(findTestObject("Object Repository/Test Simple Search/Page_Logg p  Google-kontoer/input_axiell.com_identifier"), "axiell.norge.quria@gmail.com"): Text 'axiell.norge.quria@gmail.com' is set on object 'Object Repository/Test Simple Search/Page_Logg p  Google-kontoer/input_axiell.com_identifier'

2020-03-10 10:00:48 - [MESSAGE][PASSED] - Text 'axiell.norge.quria@gmail.com' is set on object 'Object Repository/Test Simple Search/Page_Logg p  Google-kontoer/input_axiell.com_identifier'

2020-03-10 10:00:48 - [TEST_STEP][PASSED] - click(findTestObject("Capture Object Patron/Page_Logg p  Google-kontoer/span_Neste")): Object: 'Object Repository/Capture Object Patron/Page_Logg p  Google-kontoer/span_Neste' is clicked on

2020-03-10 10:00:50 - [MESSAGE][PASSED] - Object: 'Object Repository/Capture Object Patron/Page_Logg p  Google-kontoer/span_Neste' is clicked on

2020-03-10 10:00:50 - [TEST_STEP][PASSED] - waitForElementVisible(findTestObject("Test Simple Search/Page_Logg p  Google-kontoer/input_Password"), 30): Object 'Object Repository/Test Simple Search/Page_Logg p  Google-kontoer/input_Password' is visible

2020-03-10 10:00:52 - [MESSAGE][PASSED] - Object 'Object Repository/Test Simple Search/Page_Logg p  Google-kontoer/input_Password' is visible

2020-03-10 10:00:52 - [TEST_STEP][PASSED] - setEncryptedText(findTestObject("Test Simple Search/Page_Logg p  Google-kontoer/input_Password"), "d097ITWPO7f2v9EptRJGCg=="): Text ****** has been set on object 'Object Repository/Test Simple Search/Page_Logg p  Google-kontoer/input_Password'

2020-03-10 10:00:55 - [MESSAGE][PASSED] - Text ****** has been set on object 'Object Repository/Test Simple Search/Page_Logg p  Google-kontoer/input_Password'

2020-03-10 10:00:55 - [TEST_STEP][PASSED] - click(findTestObject("Manual Captured Objects/Page_Logg p  Google-kontoer/div_Neste")): Object: 'Object Repository/Manual Captured Objects/Page_Logg p  Google-kontoer/div_Neste' is clicked on

2020-03-10 10:00:57 - [MESSAGE][PASSED] - Object: 'Object Repository/Manual Captured Objects/Page_Logg p  Google-kontoer/div_Neste' is clicked on

2020-03-10 10:00:57 - [MESSAGE][PASSED] - Call Test Case 'Test Cases/Test Patron/Test Case Login' successfully

2020-03-10 10:00:57 - [TEST_STEP][PASSED] - click(findTestObject("Capture Object Patron/Page_nightlyno - Axiell Quria/md-icon-Patron")): Object: 'Object Repository/Capture Object Patron/Page_nightlyno - Axiell Quria/md-icon-Patron' is clicked on

2020-03-10 10:01:03 - [MESSAGE][PASSED] - Object: 'Object Repository/Capture Object Patron/Page_nightlyno - Axiell Quria/md-icon-Patron' is clicked on

2020-03-10 10:01:03 - [TEST_STEP][PASSED] - setText(findTestObject("Capture Object Patron/Page_nightlyno - Axiell Quria/input_Search-Patron"), "Tejera Picossi"): Text 'Tejera Picossi' is set on object 'Object Repository/Capture Object Patron/Page_nightlyno - Axiell Quria/input_Search-Patron'

2020-03-10 10:01:08 - [MESSAGE][PASSED] - Text 'Tejera Picossi' is set on object 'Object Repository/Capture Object Patron/Page_nightlyno - Axiell Quria/input_Search-Patron'

2020-03-10 10:01:08 - [TEST_STEP][PASSED] - click(findTestObject("Capture Object Patron/Page_nightlyno - Axiell Quria/md-iconSearchPatron")): Object: 'Object Repository/Capture Object Patron/Page_nightlyno - Axiell Quria/md-iconSearchPatron' is clicked on

2020-03-10 10:01:10 - [MESSAGE][PASSED] - Object: 'Object Repository/Capture Object Patron/Page_nightlyno - Axiell Quria/md-iconSearchPatron' is clicked on

2020-03-10 10:01:10 - [TEST_STEP][PASSED] - click(findTestObject("Capture Object Patron/Page_nightlyno - Axiell Quria/md-icon_closePatron")): Object: 'Object Repository/Capture Object Patron/Page_nightlyno - Axiell Quria/md-icon_closePatron' is clicked on

2020-03-10 10:01:14 - [MESSAGE][PASSED] - Object: 'Object Repository/Capture Object Patron/Page_nightlyno - Axiell Quria/md-icon_closePatron' is clicked on

2020-03-10 10:01:14 - [TEST_STEP][PASSED] - click(findTestObject("Capture Object Patron/Page_nightlyno - Axiell Quria/td_PatronName")): Object: 'Object Repository/Capture Object Patron/Page_nightlyno - Axiell Quria/td_PatronName' is clicked on

2020-03-10 10:01:16 - [MESSAGE][PASSED] - Object: 'Object Repository/Capture Object Patron/Page_nightlyno - Axiell Quria/td_PatronName' is clicked on

2020-03-10 10:01:16 - [TEST_STEP][PASSED] - click(findTestObject("Capture Object Patron/Page_nightlyno - Axiell Quria/h2_PatronName")): Object: 'Object Repository/Capture Object Patron/Page_nightlyno - Axiell Quria/h2_PatronName' is clicked on

2020-03-10 10:01:18 - [MESSAGE][PASSED] - Object: 'Object Repository/Capture Object Patron/Page_nightlyno - Axiell Quria/h2_PatronName' is clicked on

2020-03-10 10:01:18 - [TEST_STEP][PASSED] - click(findTestObject("Capture Object Patron/Page_nightlyno - Axiell Quria/div_ActivLoan")): Object: 'Object Repository/Capture Object Patron/Page_nightlyno - Axiell Quria/div_ActivLoan' is clicked on

2020-03-10 10:01:20 - [MESSAGE][PASSED] - Object: 'Object Repository/Capture Object Patron/Page_nightlyno - Axiell Quria/div_ActivLoan' is clicked on

2020-03-10 10:01:20 - [TEST_STEP][PASSED] - verifyElementText(findTestObject("Capture Object Patron/Page_nightlyno - Axiell Quria/div_ActivLoan"), "Utlånte eksemplarer (1)"): Actual text and expected text of test object 'Object Repository/Capture Object Patron/Page_nightlyno - Axiell Quria/div_ActivLoan' are matched.

2020-03-10 10:01:22 - [MESSAGE][PASSED] - Actual text and expected text of test object 'Object Repository/Capture Object Patron/Page_nightlyno - Axiell Quria/div_ActivLoan' are matched.

2020-03-10 10:01:22 - [TEST_STEP][PASSED] - click(findTestObject("Capture Object Patron/Page_nightlyno - Axiell Quria/md-icon_closePatron")): Object: 'Object Repository/Capture Object Patron/Page_nightlyno - Axiell Quria/md-icon_closePatron' is clicked on

2020-03-10 10:01:24 - [MESSAGE][PASSED] - Object: 'Object Repository/Capture Object Patron/Page_nightlyno - Axiell Quria/md-icon_closePatron' is clicked on

2020-03-10 10:01:24 - [TEST_STEP][PASSED] - callTestCase(findTestCase("Test Patron/Test Case Logout and Close Browser"), [:], STOP_ON_FAILURE): Call Test Case 'Test Cases/Test Patron/Test Case Logout and Close Browser' successfully

2020-03-10 10:01:24 - [TEST_CASE][PASSED] - Test Cases/Test Patron/Test Case Logout and Close Browser: Test Cases/Test Patron/Test Case Logout and Close Browser

2020-03-10 10:01:24 - [TEST_STEP][PASSED] - click(findTestObject("Object Repository/test manuel objecter 2/Page_nightlyno - Axiell Quria/md-icon_expand_more")): Object: 'Object Repository/test manuel objecter 2/Page_nightlyno - Axiell Quria/md-icon_expand_more' is clicked on

2020-03-10 10:01:26 - [MESSAGE][PASSED] - Object: 'Object Repository/test manuel objecter 2/Page_nightlyno - Axiell Quria/md-icon_expand_more' is clicked on

2020-03-10 10:01:26 - [TEST_STEP][PASSED] - click(findTestObject("Object Repository/test manuel objecter 2/Page_nightlyno - Axiell Quria/a_exit_to_appLogg av")): Object: 'Object Repository/test manuel objecter 2/Page_nightlyno - Axiell Quria/a_exit_to_appLogg av' is clicked on

2020-03-10 10:01:28 - [MESSAGE][PASSED] - Object: 'Object Repository/test manuel objecter 2/Page_nightlyno - Axiell Quria/a_exit_to_appLogg av' is clicked on

2020-03-10 10:01:28 - [TEST_STEP][PASSED] - closeBrowser(): Browser is closed

2020-03-10 10:01:30 - [MESSAGE][PASSED] - Browser is closed

2020-03-10 10:01:30 - [MESSAGE][PASSED] - Call Test Case 'Test Cases/Test Patron/Test Case Logout and Close Browser' successfully]]></system-out>
         <system-err><![CDATA[]]></system-err>
      </testcase>
      <testcase name="Test Cases/Test Patron/Test Search Unique Patron - Activ Reserved" classname="Test Cases/Test Patron/Test Search Unique Patron - Activ Reserved" status="PASSED">
         <system-out><![CDATA[2020-03-10 10:01:30 - [TEST_CASE][PASSED] - Test Cases/Test Patron/Test Search Unique Patron - Activ Reserved: Test Cases/Test Patron/Test Search Unique Patron - Activ Reserved

2020-03-10 10:01:30 - [TEST_STEP][PASSED] - callTestCase(findTestCase("Test Patron/Test Case Login"), [:], STOP_ON_FAILURE): Call Test Case 'Test Cases/Test Patron/Test Case Login' successfully

2020-03-10 10:01:30 - [TEST_CASE][PASSED] - Test Cases/Test Patron/Test Case Login: Test Cases/Test Patron/Test Case Login

2020-03-10 10:01:30 - [TEST_STEP][PASSED] - openBrowser(""): Browser is opened with url: ''

2020-03-10 10:01:30 - [MESSAGE][INFO] - Starting 'Chrome' driver

2020-03-10 10:01:38 - [MESSAGE][PASSED] - Browser is opened with url: ''

2020-03-10 10:01:38 - [TEST_STEP][PASSED] - navigateToUrl("https://nightlyno.quriaint.axiell.com"): Navigate to 'https://nightlyno.quriaint.axiell.com' successfully

2020-03-10 10:01:40 - [MESSAGE][PASSED] - Navigate to 'https://nightlyno.quriaint.axiell.com' successfully

2020-03-10 10:01:40 - [TEST_STEP][PASSED] - click(findTestObject("Object Repository/Test Simple Search/Page_Axiell Quria/a_Sign in with Google")): Object: 'Object Repository/Test Simple Search/Page_Axiell Quria/a_Sign in with Google' is clicked on

2020-03-10 10:01:42 - [MESSAGE][PASSED] - Object: 'Object Repository/Test Simple Search/Page_Axiell Quria/a_Sign in with Google' is clicked on

2020-03-10 10:01:42 - [TEST_STEP][PASSED] - setText(findTestObject("Object Repository/Test Simple Search/Page_Logg p  Google-kontoer/input_axiell.com_identifier"), "axiell.norge.quria@gmail.com"): Text 'axiell.norge.quria@gmail.com' is set on object 'Object Repository/Test Simple Search/Page_Logg p  Google-kontoer/input_axiell.com_identifier'

2020-03-10 10:01:47 - [MESSAGE][PASSED] - Text 'axiell.norge.quria@gmail.com' is set on object 'Object Repository/Test Simple Search/Page_Logg p  Google-kontoer/input_axiell.com_identifier'

2020-03-10 10:01:47 - [TEST_STEP][PASSED] - click(findTestObject("Capture Object Patron/Page_Logg p  Google-kontoer/span_Neste")): Object: 'Object Repository/Capture Object Patron/Page_Logg p  Google-kontoer/span_Neste' is clicked on

2020-03-10 10:01:49 - [MESSAGE][PASSED] - Object: 'Object Repository/Capture Object Patron/Page_Logg p  Google-kontoer/span_Neste' is clicked on

2020-03-10 10:01:49 - [TEST_STEP][PASSED] - waitForElementVisible(findTestObject("Test Simple Search/Page_Logg p  Google-kontoer/input_Password"), 30): Object 'Object Repository/Test Simple Search/Page_Logg p  Google-kontoer/input_Password' is visible

2020-03-10 10:01:51 - [MESSAGE][PASSED] - Object 'Object Repository/Test Simple Search/Page_Logg p  Google-kontoer/input_Password' is visible

2020-03-10 10:01:51 - [TEST_STEP][PASSED] - setEncryptedText(findTestObject("Test Simple Search/Page_Logg p  Google-kontoer/input_Password"), "d097ITWPO7f2v9EptRJGCg=="): Text ****** has been set on object 'Object Repository/Test Simple Search/Page_Logg p  Google-kontoer/input_Password'

2020-03-10 10:01:55 - [MESSAGE][PASSED] - Text ****** has been set on object 'Object Repository/Test Simple Search/Page_Logg p  Google-kontoer/input_Password'

2020-03-10 10:01:55 - [TEST_STEP][PASSED] - click(findTestObject("Manual Captured Objects/Page_Logg p  Google-kontoer/div_Neste")): Object: 'Object Repository/Manual Captured Objects/Page_Logg p  Google-kontoer/div_Neste' is clicked on

2020-03-10 10:01:57 - [MESSAGE][PASSED] - Object: 'Object Repository/Manual Captured Objects/Page_Logg p  Google-kontoer/div_Neste' is clicked on

2020-03-10 10:01:57 - [MESSAGE][PASSED] - Call Test Case 'Test Cases/Test Patron/Test Case Login' successfully

2020-03-10 10:01:57 - [TEST_STEP][PASSED] - click(findTestObject("Capture Object Patron/Page_nightlyno - Axiell Quria/md-icon-Patron")): Object: 'Object Repository/Capture Object Patron/Page_nightlyno - Axiell Quria/md-icon-Patron' is clicked on

2020-03-10 10:02:03 - [MESSAGE][PASSED] - Object: 'Object Repository/Capture Object Patron/Page_nightlyno - Axiell Quria/md-icon-Patron' is clicked on

2020-03-10 10:02:03 - [TEST_STEP][PASSED] - setText(findTestObject("Capture Object Patron/Page_nightlyno - Axiell Quria/input_Search-Patron"), "Tejera Picossi"): Text 'Tejera Picossi' is set on object 'Object Repository/Capture Object Patron/Page_nightlyno - Axiell Quria/input_Search-Patron'

2020-03-10 10:02:07 - [MESSAGE][PASSED] - Text 'Tejera Picossi' is set on object 'Object Repository/Capture Object Patron/Page_nightlyno - Axiell Quria/input_Search-Patron'

2020-03-10 10:02:07 - [TEST_STEP][PASSED] - click(findTestObject("Capture Object Patron/Page_nightlyno - Axiell Quria/md-iconSearchPatron")): Object: 'Object Repository/Capture Object Patron/Page_nightlyno - Axiell Quria/md-iconSearchPatron' is clicked on

2020-03-10 10:02:09 - [MESSAGE][PASSED] - Object: 'Object Repository/Capture Object Patron/Page_nightlyno - Axiell Quria/md-iconSearchPatron' is clicked on

2020-03-10 10:02:09 - [TEST_STEP][PASSED] - click(findTestObject("Capture Object Patron/Page_nightlyno - Axiell Quria/md-icon_closePatron")): Object: 'Object Repository/Capture Object Patron/Page_nightlyno - Axiell Quria/md-icon_closePatron' is clicked on

2020-03-10 10:02:12 - [MESSAGE][PASSED] - Object: 'Object Repository/Capture Object Patron/Page_nightlyno - Axiell Quria/md-icon_closePatron' is clicked on

2020-03-10 10:02:12 - [TEST_STEP][PASSED] - click(findTestObject("Capture Object Patron/Page_nightlyno - Axiell Quria/td_PatronName")): Object: 'Object Repository/Capture Object Patron/Page_nightlyno - Axiell Quria/td_PatronName' is clicked on

2020-03-10 10:02:14 - [MESSAGE][PASSED] - Object: 'Object Repository/Capture Object Patron/Page_nightlyno - Axiell Quria/td_PatronName' is clicked on

2020-03-10 10:02:14 - [TEST_STEP][PASSED] - click(findTestObject("Capture Object Patron/Page_nightlyno - Axiell Quria/h2_PatronName")): Object: 'Object Repository/Capture Object Patron/Page_nightlyno - Axiell Quria/h2_PatronName' is clicked on

2020-03-10 10:02:16 - [MESSAGE][PASSED] - Object: 'Object Repository/Capture Object Patron/Page_nightlyno - Axiell Quria/h2_PatronName' is clicked on

2020-03-10 10:02:16 - [TEST_STEP][PASSED] - click(findTestObject("Capture Object Patron/Page_nightlyno - Axiell Quria/div_ActivLoan")): Object: 'Object Repository/Capture Object Patron/Page_nightlyno - Axiell Quria/div_ActivLoan' is clicked on

2020-03-10 10:02:18 - [MESSAGE][PASSED] - Object: 'Object Repository/Capture Object Patron/Page_nightlyno - Axiell Quria/div_ActivLoan' is clicked on

2020-03-10 10:02:18 - [TEST_STEP][PASSED] - verifyElementText(findTestObject("Capture Object Patron/Page_nightlyno - Axiell Quria/div_ActivLoan"), "Utlånte eksemplarer (1)"): Actual text and expected text of test object 'Object Repository/Capture Object Patron/Page_nightlyno - Axiell Quria/div_ActivLoan' are matched.

2020-03-10 10:02:20 - [MESSAGE][PASSED] - Actual text and expected text of test object 'Object Repository/Capture Object Patron/Page_nightlyno - Axiell Quria/div_ActivLoan' are matched.

2020-03-10 10:02:20 - [TEST_STEP][PASSED] - click(findTestObject("Capture Object Patron Search/Page_nightlyno - Axiell Quria/span_Reserveringer")): Object: 'Object Repository/Capture Object Patron Search/Page_nightlyno - Axiell Quria/span_Reserveringer' is clicked on

2020-03-10 10:02:22 - [MESSAGE][PASSED] - Object: 'Object Repository/Capture Object Patron Search/Page_nightlyno - Axiell Quria/span_Reserveringer' is clicked on

2020-03-10 10:02:22 - [TEST_STEP][PASSED] - click(findTestObject("Capture Object Patron Search/Page_nightlyno - Axiell Quria/div_AktiveReserveringer")): Object: 'Object Repository/Capture Object Patron Search/Page_nightlyno - Axiell Quria/div_AktiveReserveringer' is clicked on

2020-03-10 10:02:24 - [MESSAGE][PASSED] - Object: 'Object Repository/Capture Object Patron Search/Page_nightlyno - Axiell Quria/div_AktiveReserveringer' is clicked on

2020-03-10 10:02:24 - [TEST_STEP][PASSED] - verifyElementText(findTestObject("Capture Object Patron Search/Page_nightlyno - Axiell Quria/div_AktiveReserveringer"), "Aktive reserveringer (1)"): Actual text and expected text of test object 'Object Repository/Capture Object Patron Search/Page_nightlyno - Axiell Quria/div_AktiveReserveringer' are matched.

2020-03-10 10:02:27 - [MESSAGE][PASSED] - Actual text and expected text of test object 'Object Repository/Capture Object Patron Search/Page_nightlyno - Axiell Quria/div_AktiveReserveringer' are matched.

2020-03-10 10:02:27 - [TEST_STEP][PASSED] - click(findTestObject("Capture Object Patron/Page_nightlyno - Axiell Quria/md-icon_closePatron")): Object: 'Object Repository/Capture Object Patron/Page_nightlyno - Axiell Quria/md-icon_closePatron' is clicked on

2020-03-10 10:02:29 - [MESSAGE][PASSED] - Object: 'Object Repository/Capture Object Patron/Page_nightlyno - Axiell Quria/md-icon_closePatron' is clicked on

2020-03-10 10:02:29 - [TEST_STEP][PASSED] - callTestCase(findTestCase("Test Patron/Test Case Logout and Close Browser"), [:], STOP_ON_FAILURE): Call Test Case 'Test Cases/Test Patron/Test Case Logout and Close Browser' successfully

2020-03-10 10:02:29 - [TEST_CASE][PASSED] - Test Cases/Test Patron/Test Case Logout and Close Browser: Test Cases/Test Patron/Test Case Logout and Close Browser

2020-03-10 10:02:29 - [TEST_STEP][PASSED] - click(findTestObject("Object Repository/test manuel objecter 2/Page_nightlyno - Axiell Quria/md-icon_expand_more")): Object: 'Object Repository/test manuel objecter 2/Page_nightlyno - Axiell Quria/md-icon_expand_more' is clicked on

2020-03-10 10:02:31 - [MESSAGE][PASSED] - Object: 'Object Repository/test manuel objecter 2/Page_nightlyno - Axiell Quria/md-icon_expand_more' is clicked on

2020-03-10 10:02:31 - [TEST_STEP][PASSED] - click(findTestObject("Object Repository/test manuel objecter 2/Page_nightlyno - Axiell Quria/a_exit_to_appLogg av")): Object: 'Object Repository/test manuel objecter 2/Page_nightlyno - Axiell Quria/a_exit_to_appLogg av' is clicked on

2020-03-10 10:02:33 - [MESSAGE][PASSED] - Object: 'Object Repository/test manuel objecter 2/Page_nightlyno - Axiell Quria/a_exit_to_appLogg av' is clicked on

2020-03-10 10:02:33 - [TEST_STEP][PASSED] - closeBrowser(): Browser is closed

2020-03-10 10:02:35 - [MESSAGE][PASSED] - Browser is closed

2020-03-10 10:02:35 - [MESSAGE][PASSED] - Call Test Case 'Test Cases/Test Patron/Test Case Logout and Close Browser' successfully]]></system-out>
         <system-err><![CDATA[]]></system-err>
      </testcase>
      <testcase name="Test Cases/Test Patron/Test Search Unique Patron - Debt" classname="Test Cases/Test Patron/Test Search Unique Patron - Debt" status="FAILED">
         <failure type="FAILED" message="Test Cases/Test Patron/Test Search Unique Patron - Debt FAILED.
Reason:
com.kms.katalon.core.exception.StepFailedException: Actual text '-kr  54,00' and expected text '-kr  47,00' of test object 'Object Repository/Capture Object Patron Search/Page_nightlyno - Axiell Quria/div_ActivGjeld' are NOT matched.
	at com.kms.katalon.core.keyword.internal.KeywordMain.stepFailed(KeywordMain.groovy:32)
	at com.kms.katalon.core.webui.keyword.internal.WebUIKeywordMain.stepFailed(WebUIKeywordMain.groovy:65)
	at com.kms.katalon.core.webui.keyword.builtin.VerifyElementTextKeyword$_verifyElementText_closure1.doCall(VerifyElementTextKeyword.groovy:57)
	at com.kms.katalon.core.webui.keyword.builtin.VerifyElementTextKeyword$_verifyElementText_closure1.call(VerifyElementTextKeyword.groovy)
	at com.kms.katalon.core.webui.keyword.internal.WebUIKeywordMain.runKeyword(WebUIKeywordMain.groovy:21)
	at com.kms.katalon.core.webui.keyword.builtin.VerifyElementTextKeyword.verifyElementText(VerifyElementTextKeyword.groovy:72)
	at com.kms.katalon.core.webui.keyword.builtin.VerifyElementTextKeyword.execute(VerifyElementTextKeyword.groovy:40)
	at com.kms.katalon.core.keyword.internal.KeywordExecutor.executeKeywordForPlatform(KeywordExecutor.groovy:53)
	at com.kms.katalon.core.webui.keyword.WebUiBuiltInKeywords.verifyElementText(WebUiBuiltInKeywords.groovy:3663)
	at com.kms.katalon.core.webui.keyword.WebUiBuiltInKeywords$verifyElementText$6.call(Unknown Source)
	at Test Search Unique Patron - Debt.run(Test Search Unique Patron - Debt:38)
	at com.kms.katalon.core.main.ScriptEngine.run(ScriptEngine.java:194)
	at com.kms.katalon.core.main.ScriptEngine.runScriptAsRawText(ScriptEngine.java:119)
	at com.kms.katalon.core.main.TestCaseExecutor.runScript(TestCaseExecutor.java:328)
	at com.kms.katalon.core.main.TestCaseExecutor.doExecute(TestCaseExecutor.java:319)
	at com.kms.katalon.core.main.TestCaseExecutor.processExecutionPhase(TestCaseExecutor.java:298)
	at com.kms.katalon.core.main.TestCaseExecutor.accessMainPhase(TestCaseExecutor.java:290)
	at com.kms.katalon.core.main.TestCaseExecutor.execute(TestCaseExecutor.java:224)
	at com.kms.katalon.core.main.TestSuiteExecutor.accessTestCaseMainPhase(TestSuiteExecutor.java:129)
	at com.kms.katalon.core.main.TestSuiteExecutor.accessTestSuiteMainPhase(TestSuiteExecutor.java:112)
	at com.kms.katalon.core.main.TestSuiteExecutor.execute(TestSuiteExecutor.java:81)
	at com.kms.katalon.core.main.TestCaseMain.startTestSuite(TestCaseMain.java:149)
	at com.kms.katalon.core.main.TestCaseMain$startTestSuite$0.call(Unknown Source)
	at TempTestSuite1583830630490.run(TempTestSuite1583830630490.groovy:36)
"/>
         <system-out><![CDATA[2020-03-10 10:02:35 - [TEST_CASE][FAILED] - Test Cases/Test Patron/Test Search Unique Patron - Debt: Test Cases/Test Patron/Test Search Unique Patron - Debt FAILED.
Reason:
com.kms.katalon.core.exception.StepFailedException: Actual text '-kr  54,00' and expected text '-kr  47,00' of test object 'Object Repository/Capture Object Patron Search/Page_nightlyno - Axiell Quria/div_ActivGjeld' are NOT matched.
	at com.kms.katalon.core.keyword.internal.KeywordMain.stepFailed(KeywordMain.groovy:32)
	at com.kms.katalon.core.webui.keyword.internal.WebUIKeywordMain.stepFailed(WebUIKeywordMain.groovy:65)
	at com.kms.katalon.core.webui.keyword.builtin.VerifyElementTextKeyword$_verifyElementText_closure1.doCall(VerifyElementTextKeyword.groovy:57)
	at com.kms.katalon.core.webui.keyword.builtin.VerifyElementTextKeyword$_verifyElementText_closure1.call(VerifyElementTextKeyword.groovy)
	at com.kms.katalon.core.webui.keyword.internal.WebUIKeywordMain.runKeyword(WebUIKeywordMain.groovy:21)
	at com.kms.katalon.core.webui.keyword.builtin.VerifyElementTextKeyword.verifyElementText(VerifyElementTextKeyword.groovy:72)
	at com.kms.katalon.core.webui.keyword.builtin.VerifyElementTextKeyword.execute(VerifyElementTextKeyword.groovy:40)
	at com.kms.katalon.core.keyword.internal.KeywordExecutor.executeKeywordForPlatform(KeywordExecutor.groovy:53)
	at com.kms.katalon.core.webui.keyword.WebUiBuiltInKeywords.verifyElementText(WebUiBuiltInKeywords.groovy:3663)
	at com.kms.katalon.core.webui.keyword.WebUiBuiltInKeywords$verifyElementText$6.call(Unknown Source)
	at Test Search Unique Patron - Debt.run(Test Search Unique Patron - Debt:38)
	at com.kms.katalon.core.main.ScriptEngine.run(ScriptEngine.java:194)
	at com.kms.katalon.core.main.ScriptEngine.runScriptAsRawText(ScriptEngine.java:119)
	at com.kms.katalon.core.main.TestCaseExecutor.runScript(TestCaseExecutor.java:328)
	at com.kms.katalon.core.main.TestCaseExecutor.doExecute(TestCaseExecutor.java:319)
	at com.kms.katalon.core.main.TestCaseExecutor.processExecutionPhase(TestCaseExecutor.java:298)
	at com.kms.katalon.core.main.TestCaseExecutor.accessMainPhase(TestCaseExecutor.java:290)
	at com.kms.katalon.core.main.TestCaseExecutor.execute(TestCaseExecutor.java:224)
	at com.kms.katalon.core.main.TestSuiteExecutor.accessTestCaseMainPhase(TestSuiteExecutor.java:129)
	at com.kms.katalon.core.main.TestSuiteExecutor.accessTestSuiteMainPhase(TestSuiteExecutor.java:112)
	at com.kms.katalon.core.main.TestSuiteExecutor.execute(TestSuiteExecutor.java:81)
	at com.kms.katalon.core.main.TestCaseMain.startTestSuite(TestCaseMain.java:149)
	at com.kms.katalon.core.main.TestCaseMain$startTestSuite$0.call(Unknown Source)
	at TempTestSuite1583830630490.run(TempTestSuite1583830630490.groovy:36)


2020-03-10 10:02:35 - [TEST_STEP][PASSED] - callTestCase(findTestCase("Test Patron/Test Case Login"), [:], STOP_ON_FAILURE): Call Test Case 'Test Cases/Test Patron/Test Case Login' successfully

2020-03-10 10:02:35 - [TEST_CASE][PASSED] - Test Cases/Test Patron/Test Case Login: Test Cases/Test Patron/Test Case Login

2020-03-10 10:02:35 - [TEST_STEP][PASSED] - openBrowser(""): Browser is opened with url: ''

2020-03-10 10:02:35 - [MESSAGE][INFO] - Starting 'Chrome' driver

2020-03-10 10:02:43 - [MESSAGE][PASSED] - Browser is opened with url: ''

2020-03-10 10:02:43 - [TEST_STEP][PASSED] - navigateToUrl("https://nightlyno.quriaint.axiell.com"): Navigate to 'https://nightlyno.quriaint.axiell.com' successfully

2020-03-10 10:02:44 - [MESSAGE][PASSED] - Navigate to 'https://nightlyno.quriaint.axiell.com' successfully

2020-03-10 10:02:44 - [TEST_STEP][PASSED] - click(findTestObject("Object Repository/Test Simple Search/Page_Axiell Quria/a_Sign in with Google")): Object: 'Object Repository/Test Simple Search/Page_Axiell Quria/a_Sign in with Google' is clicked on

2020-03-10 10:02:47 - [MESSAGE][PASSED] - Object: 'Object Repository/Test Simple Search/Page_Axiell Quria/a_Sign in with Google' is clicked on

2020-03-10 10:02:47 - [TEST_STEP][PASSED] - setText(findTestObject("Object Repository/Test Simple Search/Page_Logg p  Google-kontoer/input_axiell.com_identifier"), "axiell.norge.quria@gmail.com"): Text 'axiell.norge.quria@gmail.com' is set on object 'Object Repository/Test Simple Search/Page_Logg p  Google-kontoer/input_axiell.com_identifier'

2020-03-10 10:02:51 - [MESSAGE][PASSED] - Text 'axiell.norge.quria@gmail.com' is set on object 'Object Repository/Test Simple Search/Page_Logg p  Google-kontoer/input_axiell.com_identifier'

2020-03-10 10:02:51 - [TEST_STEP][PASSED] - click(findTestObject("Capture Object Patron/Page_Logg p  Google-kontoer/span_Neste")): Object: 'Object Repository/Capture Object Patron/Page_Logg p  Google-kontoer/span_Neste' is clicked on

2020-03-10 10:02:53 - [MESSAGE][PASSED] - Object: 'Object Repository/Capture Object Patron/Page_Logg p  Google-kontoer/span_Neste' is clicked on

2020-03-10 10:02:53 - [TEST_STEP][PASSED] - waitForElementVisible(findTestObject("Test Simple Search/Page_Logg p  Google-kontoer/input_Password"), 30): Object 'Object Repository/Test Simple Search/Page_Logg p  Google-kontoer/input_Password' is visible

2020-03-10 10:02:56 - [MESSAGE][PASSED] - Object 'Object Repository/Test Simple Search/Page_Logg p  Google-kontoer/input_Password' is visible

2020-03-10 10:02:56 - [TEST_STEP][PASSED] - setEncryptedText(findTestObject("Test Simple Search/Page_Logg p  Google-kontoer/input_Password"), "d097ITWPO7f2v9EptRJGCg=="): Text ****** has been set on object 'Object Repository/Test Simple Search/Page_Logg p  Google-kontoer/input_Password'

2020-03-10 10:02:59 - [MESSAGE][PASSED] - Text ****** has been set on object 'Object Repository/Test Simple Search/Page_Logg p  Google-kontoer/input_Password'

2020-03-10 10:02:59 - [TEST_STEP][PASSED] - click(findTestObject("Manual Captured Objects/Page_Logg p  Google-kontoer/div_Neste")): Object: 'Object Repository/Manual Captured Objects/Page_Logg p  Google-kontoer/div_Neste' is clicked on

2020-03-10 10:03:01 - [MESSAGE][PASSED] - Object: 'Object Repository/Manual Captured Objects/Page_Logg p  Google-kontoer/div_Neste' is clicked on

2020-03-10 10:03:01 - [MESSAGE][PASSED] - Call Test Case 'Test Cases/Test Patron/Test Case Login' successfully

2020-03-10 10:03:01 - [TEST_STEP][PASSED] - click(findTestObject("Capture Object Patron/Page_nightlyno - Axiell Quria/md-icon-Patron")): Object: 'Object Repository/Capture Object Patron/Page_nightlyno - Axiell Quria/md-icon-Patron' is clicked on

2020-03-10 10:03:07 - [MESSAGE][PASSED] - Object: 'Object Repository/Capture Object Patron/Page_nightlyno - Axiell Quria/md-icon-Patron' is clicked on

2020-03-10 10:03:07 - [TEST_STEP][PASSED] - setText(findTestObject("Capture Object Patron/Page_nightlyno - Axiell Quria/input_Search-Patron"), "Tejera Picossi"): Text 'Tejera Picossi' is set on object 'Object Repository/Capture Object Patron/Page_nightlyno - Axiell Quria/input_Search-Patron'

2020-03-10 10:03:11 - [MESSAGE][PASSED] - Text 'Tejera Picossi' is set on object 'Object Repository/Capture Object Patron/Page_nightlyno - Axiell Quria/input_Search-Patron'

2020-03-10 10:03:11 - [TEST_STEP][PASSED] - click(findTestObject("Capture Object Patron/Page_nightlyno - Axiell Quria/md-iconSearchPatron")): Object: 'Object Repository/Capture Object Patron/Page_nightlyno - Axiell Quria/md-iconSearchPatron' is clicked on

2020-03-10 10:03:14 - [MESSAGE][PASSED] - Object: 'Object Repository/Capture Object Patron/Page_nightlyno - Axiell Quria/md-iconSearchPatron' is clicked on

2020-03-10 10:03:14 - [TEST_STEP][PASSED] - click(findTestObject("Capture Object Patron/Page_nightlyno - Axiell Quria/md-icon_closePatron")): Object: 'Object Repository/Capture Object Patron/Page_nightlyno - Axiell Quria/md-icon_closePatron' is clicked on

2020-03-10 10:03:17 - [MESSAGE][PASSED] - Object: 'Object Repository/Capture Object Patron/Page_nightlyno - Axiell Quria/md-icon_closePatron' is clicked on

2020-03-10 10:03:17 - [TEST_STEP][PASSED] - click(findTestObject("Capture Object Patron/Page_nightlyno - Axiell Quria/td_PatronName")): Object: 'Object Repository/Capture Object Patron/Page_nightlyno - Axiell Quria/td_PatronName' is clicked on

2020-03-10 10:03:19 - [MESSAGE][PASSED] - Object: 'Object Repository/Capture Object Patron/Page_nightlyno - Axiell Quria/td_PatronName' is clicked on

2020-03-10 10:03:19 - [TEST_STEP][PASSED] - click(findTestObject("Capture Object Patron/Page_nightlyno - Axiell Quria/h2_PatronName")): Object: 'Object Repository/Capture Object Patron/Page_nightlyno - Axiell Quria/h2_PatronName' is clicked on

2020-03-10 10:03:23 - [MESSAGE][PASSED] - Object: 'Object Repository/Capture Object Patron/Page_nightlyno - Axiell Quria/h2_PatronName' is clicked on

2020-03-10 10:03:23 - [TEST_STEP][PASSED] - click(findTestObject("Capture Object Patron/Page_nightlyno - Axiell Quria/div_ActivLoan")): Object: 'Object Repository/Capture Object Patron/Page_nightlyno - Axiell Quria/div_ActivLoan' is clicked on

2020-03-10 10:03:25 - [MESSAGE][PASSED] - Object: 'Object Repository/Capture Object Patron/Page_nightlyno - Axiell Quria/div_ActivLoan' is clicked on

2020-03-10 10:03:25 - [TEST_STEP][PASSED] - verifyElementText(findTestObject("Capture Object Patron/Page_nightlyno - Axiell Quria/div_ActivLoan"), "Utlånte eksemplarer (1)"): Actual text and expected text of test object 'Object Repository/Capture Object Patron/Page_nightlyno - Axiell Quria/div_ActivLoan' are matched.

2020-03-10 10:03:27 - [MESSAGE][PASSED] - Actual text and expected text of test object 'Object Repository/Capture Object Patron/Page_nightlyno - Axiell Quria/div_ActivLoan' are matched.

2020-03-10 10:03:27 - [TEST_STEP][PASSED] - click(findTestObject("Object Repository/Capture Object Patron Search/Page_nightlyno - Axiell Quria/span_Gjeld og betalinger")): Object: 'Object Repository/Capture Object Patron Search/Page_nightlyno - Axiell Quria/span_Gjeld og betalinger' is clicked on

2020-03-10 10:03:29 - [MESSAGE][PASSED] - Object: 'Object Repository/Capture Object Patron Search/Page_nightlyno - Axiell Quria/span_Gjeld og betalinger' is clicked on

2020-03-10 10:03:29 - [TEST_STEP][PASSED] - click(findTestObject("Capture Object Patron Search/Page_nightlyno - Axiell Quria/div_ActivGjeld")): Object: 'Object Repository/Capture Object Patron Search/Page_nightlyno - Axiell Quria/div_ActivGjeld' is clicked on

2020-03-10 10:03:31 - [MESSAGE][PASSED] - Object: 'Object Repository/Capture Object Patron Search/Page_nightlyno - Axiell Quria/div_ActivGjeld' is clicked on

2020-03-10 10:03:31 - [TEST_STEP][FAILED] - verifyElementText(findTestObject("Capture Object Patron Search/Page_nightlyno - Axiell Quria/div_ActivGjeld"), "-kr  47,00"): Actual text '-kr  54,00' and expected text '-kr  47,00' of test object 'Object Repository/Capture Object Patron Search/Page_nightlyno - Axiell Quria/div_ActivGjeld' are NOT matched.

2020-03-10 10:03:35 - [MESSAGE][FAILED] - Actual text '-kr  54,00' and expected text '-kr  47,00' of test object 'Object Repository/Capture Object Patron Search/Page_nightlyno - Axiell Quria/div_ActivGjeld' are NOT matched.
[[ATTACHMENT|C:\\Users\\ignacio\\Katalon Studio\\KatalonQuriaTest\\Reports\\Test Suite Quria Patron\\20200310_095710\\1583831013868.png]]

2020-03-10 10:03:35 - [TEST_STEP][PASSED] - click(findTestObject("Capture Object Patron/Page_nightlyno - Axiell Quria/md-icon_closePatron")): Object: 'Object Repository/Capture Object Patron/Page_nightlyno - Axiell Quria/md-icon_closePatron' is clicked on

2020-03-10 10:03:37 - [MESSAGE][PASSED] - Object: 'Object Repository/Capture Object Patron/Page_nightlyno - Axiell Quria/md-icon_closePatron' is clicked on

2020-03-10 10:03:37 - [TEST_STEP][FAILED] - callTestCase(findTestCase("Test Patron/Test Case Logout and Close Browser"), [:], STOP_ON_FAILURE): callTestCase(findTestCase("Test Patron/Test Case Logout and Close Browser"), [:], STOP_ON_FAILURE) FAILED.
Reason:
com.kms.katalon.core.exception.StepFailedException: Actual text '-kr  54,00' and expected text '-kr  47,00' of test object 'Object Repository/Capture Object Patron Search/Page_nightlyno - Axiell Quria/div_ActivGjeld' are NOT matched.
	at com.kms.katalon.core.keyword.internal.KeywordMain.stepFailed(KeywordMain.groovy:32)
	at com.kms.katalon.core.webui.keyword.internal.WebUIKeywordMain.stepFailed(WebUIKeywordMain.groovy:65)
	at com.kms.katalon.core.webui.keyword.builtin.VerifyElementTextKeyword$_verifyElementText_closure1.doCall(VerifyElementTextKeyword.groovy:57)
	at com.kms.katalon.core.webui.keyword.builtin.VerifyElementTextKeyword$_verifyElementText_closure1.call(VerifyElementTextKeyword.groovy)
	at com.kms.katalon.core.webui.keyword.internal.WebUIKeywordMain.runKeyword(WebUIKeywordMain.groovy:21)
	at com.kms.katalon.core.webui.keyword.builtin.VerifyElementTextKeyword.verifyElementText(VerifyElementTextKeyword.groovy:72)
	at com.kms.katalon.core.webui.keyword.builtin.VerifyElementTextKeyword.execute(VerifyElementTextKeyword.groovy:40)
	at com.kms.katalon.core.keyword.internal.KeywordExecutor.executeKeywordForPlatform(KeywordExecutor.groovy:53)
	at com.kms.katalon.core.webui.keyword.WebUiBuiltInKeywords.verifyElementText(WebUiBuiltInKeywords.groovy:3663)
	at com.kms.katalon.core.webui.keyword.WebUiBuiltInKeywords$verifyElementText$6.call(Unknown Source)
	at Test Search Unique Patron - Debt.run(Test Search Unique Patron - Debt:38)
	at com.kms.katalon.core.main.ScriptEngine.run(ScriptEngine.java:194)
	at com.kms.katalon.core.main.ScriptEngine.runScriptAsRawText(ScriptEngine.java:119)
	at com.kms.katalon.core.main.TestCaseExecutor.runScript(TestCaseExecutor.java:328)
	at com.kms.katalon.core.main.TestCaseExecutor.doExecute(TestCaseExecutor.java:319)
	at com.kms.katalon.core.main.TestCaseExecutor.processExecutionPhase(TestCaseExecutor.java:298)
	at com.kms.katalon.core.main.TestCaseExecutor.accessMainPhase(TestCaseExecutor.java:290)
	at com.kms.katalon.core.main.TestCaseExecutor.execute(TestCaseExecutor.java:224)
	at com.kms.katalon.core.main.TestSuiteExecutor.accessTestCaseMainPhase(TestSuiteExecutor.java:129)
	at com.kms.katalon.core.main.TestSuiteExecutor.accessTestSuiteMainPhase(TestSuiteExecutor.java:112)
	at com.kms.katalon.core.main.TestSuiteExecutor.execute(TestSuiteExecutor.java:81)
	at com.kms.katalon.core.main.TestCaseMain.startTestSuite(TestCaseMain.java:149)
	at com.kms.katalon.core.main.TestCaseMain$startTestSuite$0.call(Unknown Source)
	at TempTestSuite1583830630490.run(TempTestSuite1583830630490.groovy:36)


2020-03-10 10:03:37 - [TEST_CASE][PASSED] - Test Cases/Test Patron/Test Case Logout and Close Browser: Test Cases/Test Patron/Test Case Logout and Close Browser

2020-03-10 10:03:37 - [TEST_STEP][PASSED] - click(findTestObject("Object Repository/test manuel objecter 2/Page_nightlyno - Axiell Quria/md-icon_expand_more")): Object: 'Object Repository/test manuel objecter 2/Page_nightlyno - Axiell Quria/md-icon_expand_more' is clicked on

2020-03-10 10:03:39 - [MESSAGE][PASSED] - Object: 'Object Repository/test manuel objecter 2/Page_nightlyno - Axiell Quria/md-icon_expand_more' is clicked on

2020-03-10 10:03:39 - [TEST_STEP][PASSED] - click(findTestObject("Object Repository/test manuel objecter 2/Page_nightlyno - Axiell Quria/a_exit_to_appLogg av")): Object: 'Object Repository/test manuel objecter 2/Page_nightlyno - Axiell Quria/a_exit_to_appLogg av' is clicked on

2020-03-10 10:03:41 - [MESSAGE][PASSED] - Object: 'Object Repository/test manuel objecter 2/Page_nightlyno - Axiell Quria/a_exit_to_appLogg av' is clicked on

2020-03-10 10:03:41 - [TEST_STEP][PASSED] - closeBrowser(): Browser is closed

2020-03-10 10:03:43 - [MESSAGE][PASSED] - Browser is closed

2020-03-10 10:03:43 - [MESSAGE][PASSED] - Call Test Case 'Test Cases/Test Patron/Test Case Logout and Close Browser' successfully

2020-03-10 10:03:43 - [MESSAGE][FAILED] - callTestCase(findTestCase("Test Patron/Test Case Logout and Close Browser"), [:], STOP_ON_FAILURE) FAILED.
Reason:
com.kms.katalon.core.exception.StepFailedException: Actual text '-kr  54,00' and expected text '-kr  47,00' of test object 'Object Repository/Capture Object Patron Search/Page_nightlyno - Axiell Quria/div_ActivGjeld' are NOT matched.
	at com.kms.katalon.core.keyword.internal.KeywordMain.stepFailed(KeywordMain.groovy:32)
	at com.kms.katalon.core.webui.keyword.internal.WebUIKeywordMain.stepFailed(WebUIKeywordMain.groovy:65)
	at com.kms.katalon.core.webui.keyword.builtin.VerifyElementTextKeyword$_verifyElementText_closure1.doCall(VerifyElementTextKeyword.groovy:57)
	at com.kms.katalon.core.webui.keyword.builtin.VerifyElementTextKeyword$_verifyElementText_closure1.call(VerifyElementTextKeyword.groovy)
	at com.kms.katalon.core.webui.keyword.internal.WebUIKeywordMain.runKeyword(WebUIKeywordMain.groovy:21)
	at com.kms.katalon.core.webui.keyword.builtin.VerifyElementTextKeyword.verifyElementText(VerifyElementTextKeyword.groovy:72)
	at com.kms.katalon.core.webui.keyword.builtin.VerifyElementTextKeyword.execute(VerifyElementTextKeyword.groovy:40)
	at com.kms.katalon.core.keyword.internal.KeywordExecutor.executeKeywordForPlatform(KeywordExecutor.groovy:53)
	at com.kms.katalon.core.webui.keyword.WebUiBuiltInKeywords.verifyElementText(WebUiBuiltInKeywords.groovy:3663)
	at com.kms.katalon.core.webui.keyword.WebUiBuiltInKeywords$verifyElementText$6.call(Unknown Source)
	at Test Search Unique Patron - Debt.run(Test Search Unique Patron - Debt:38)
	at com.kms.katalon.core.main.ScriptEngine.run(ScriptEngine.java:194)
	at com.kms.katalon.core.main.ScriptEngine.runScriptAsRawText(ScriptEngine.java:119)
	at com.kms.katalon.core.main.TestCaseExecutor.runScript(TestCaseExecutor.java:328)
	at com.kms.katalon.core.main.TestCaseExecutor.doExecute(TestCaseExecutor.java:319)
	at com.kms.katalon.core.main.TestCaseExecutor.processExecutionPhase(TestCaseExecutor.java:298)
	at com.kms.katalon.core.main.TestCaseExecutor.accessMainPhase(TestCaseExecutor.java:290)
	at com.kms.katalon.core.main.TestCaseExecutor.execute(TestCaseExecutor.java:224)
	at com.kms.katalon.core.main.TestSuiteExecutor.accessTestCaseMainPhase(TestSuiteExecutor.java:129)
	at com.kms.katalon.core.main.TestSuiteExecutor.accessTestSuiteMainPhase(TestSuiteExecutor.java:112)
	at com.kms.katalon.core.main.TestSuiteExecutor.execute(TestSuiteExecutor.java:81)
	at com.kms.katalon.core.main.TestCaseMain.startTestSuite(TestCaseMain.java:149)
	at com.kms.katalon.core.main.TestCaseMain$startTestSuite$0.call(Unknown Source)
	at TempTestSuite1583830630490.run(TempTestSuite1583830630490.groovy:36)]]></system-out>
         <system-err><![CDATA[2020-03-10 10:02:35 - [TEST_CASE][FAILED] - Test Cases/Test Patron/Test Search Unique Patron - Debt: Test Cases/Test Patron/Test Search Unique Patron - Debt FAILED.
Reason:
com.kms.katalon.core.exception.StepFailedException: Actual text '-kr  54,00' and expected text '-kr  47,00' of test object 'Object Repository/Capture Object Patron Search/Page_nightlyno - Axiell Quria/div_ActivGjeld' are NOT matched.
	at com.kms.katalon.core.keyword.internal.KeywordMain.stepFailed(KeywordMain.groovy:32)
	at com.kms.katalon.core.webui.keyword.internal.WebUIKeywordMain.stepFailed(WebUIKeywordMain.groovy:65)
	at com.kms.katalon.core.webui.keyword.builtin.VerifyElementTextKeyword$_verifyElementText_closure1.doCall(VerifyElementTextKeyword.groovy:57)
	at com.kms.katalon.core.webui.keyword.builtin.VerifyElementTextKeyword$_verifyElementText_closure1.call(VerifyElementTextKeyword.groovy)
	at com.kms.katalon.core.webui.keyword.internal.WebUIKeywordMain.runKeyword(WebUIKeywordMain.groovy:21)
	at com.kms.katalon.core.webui.keyword.builtin.VerifyElementTextKeyword.verifyElementText(VerifyElementTextKeyword.groovy:72)
	at com.kms.katalon.core.webui.keyword.builtin.VerifyElementTextKeyword.execute(VerifyElementTextKeyword.groovy:40)
	at com.kms.katalon.core.keyword.internal.KeywordExecutor.executeKeywordForPlatform(KeywordExecutor.groovy:53)
	at com.kms.katalon.core.webui.keyword.WebUiBuiltInKeywords.verifyElementText(WebUiBuiltInKeywords.groovy:3663)
	at com.kms.katalon.core.webui.keyword.WebUiBuiltInKeywords$verifyElementText$6.call(Unknown Source)
	at Test Search Unique Patron - Debt.run(Test Search Unique Patron - Debt:38)
	at com.kms.katalon.core.main.ScriptEngine.run(ScriptEngine.java:194)
	at com.kms.katalon.core.main.ScriptEngine.runScriptAsRawText(ScriptEngine.java:119)
	at com.kms.katalon.core.main.TestCaseExecutor.runScript(TestCaseExecutor.java:328)
	at com.kms.katalon.core.main.TestCaseExecutor.doExecute(TestCaseExecutor.java:319)
	at com.kms.katalon.core.main.TestCaseExecutor.processExecutionPhase(TestCaseExecutor.java:298)
	at com.kms.katalon.core.main.TestCaseExecutor.accessMainPhase(TestCaseExecutor.java:290)
	at com.kms.katalon.core.main.TestCaseExecutor.execute(TestCaseExecutor.java:224)
	at com.kms.katalon.core.main.TestSuiteExecutor.accessTestCaseMainPhase(TestSuiteExecutor.java:129)
	at com.kms.katalon.core.main.TestSuiteExecutor.accessTestSuiteMainPhase(TestSuiteExecutor.java:112)
	at com.kms.katalon.core.main.TestSuiteExecutor.execute(TestSuiteExecutor.java:81)
	at com.kms.katalon.core.main.TestCaseMain.startTestSuite(TestCaseMain.java:149)
	at com.kms.katalon.core.main.TestCaseMain$startTestSuite$0.call(Unknown Source)
	at TempTestSuite1583830630490.run(TempTestSuite1583830630490.groovy:36)]]></system-err>
      </testcase>
      <system-out><![CDATA[2020-03-10 09:57:13 - [TEST_SUITE][FAILED] - Test Suite Quria Patron: Test Cases/Test Patron/Test Search Unique Patron - Debt FAILED.
Reason:
com.kms.katalon.core.exception.StepFailedException: Actual text '-kr  54,00' and expected text '-kr  47,00' of test object 'Object Repository/Capture Object Patron Search/Page_nightlyno - Axiell Quria/div_ActivGjeld' are NOT matched.
	at com.kms.katalon.core.keyword.internal.KeywordMain.stepFailed(KeywordMain.groovy:32)
	at com.kms.katalon.core.webui.keyword.internal.WebUIKeywordMain.stepFailed(WebUIKeywordMain.groovy:65)
	at com.kms.katalon.core.webui.keyword.builtin.VerifyElementTextKeyword$_verifyElementText_closure1.doCall(VerifyElementTextKeyword.groovy:57)
	at com.kms.katalon.core.webui.keyword.builtin.VerifyElementTextKeyword$_verifyElementText_closure1.call(VerifyElementTextKeyword.groovy)
	at com.kms.katalon.core.webui.keyword.internal.WebUIKeywordMain.runKeyword(WebUIKeywordMain.groovy:21)
	at com.kms.katalon.core.webui.keyword.builtin.VerifyElementTextKeyword.verifyElementText(VerifyElementTextKeyword.groovy:72)
	at com.kms.katalon.core.webui.keyword.builtin.VerifyElementTextKeyword.execute(VerifyElementTextKeyword.groovy:40)
	at com.kms.katalon.core.keyword.internal.KeywordExecutor.executeKeywordForPlatform(KeywordExecutor.groovy:53)
	at com.kms.katalon.core.webui.keyword.WebUiBuiltInKeywords.verifyElementText(WebUiBuiltInKeywords.groovy:3663)
	at com.kms.katalon.core.webui.keyword.WebUiBuiltInKeywords$verifyElementText$6.call(Unknown Source)
	at Test Search Unique Patron - Debt.run(Test Search Unique Patron - Debt:38)
	at com.kms.katalon.core.main.ScriptEngine.run(ScriptEngine.java:194)
	at com.kms.katalon.core.main.ScriptEngine.runScriptAsRawText(ScriptEngine.java:119)
	at com.kms.katalon.core.main.TestCaseExecutor.runScript(TestCaseExecutor.java:328)
	at com.kms.katalon.core.main.TestCaseExecutor.doExecute(TestCaseExecutor.java:319)
	at com.kms.katalon.core.main.TestCaseExecutor.processExecutionPhase(TestCaseExecutor.java:298)
	at com.kms.katalon.core.main.TestCaseExecutor.accessMainPhase(TestCaseExecutor.java:290)
	at com.kms.katalon.core.main.TestCaseExecutor.execute(TestCaseExecutor.java:224)
	at com.kms.katalon.core.main.TestSuiteExecutor.accessTestCaseMainPhase(TestSuiteExecutor.java:129)
	at com.kms.katalon.core.main.TestSuiteExecutor.accessTestSuiteMainPhase(TestSuiteExecutor.java:112)
	at com.kms.katalon.core.main.TestSuiteExecutor.execute(TestSuiteExecutor.java:81)
	at com.kms.katalon.core.main.TestCaseMain.startTestSuite(TestCaseMain.java:149)
	at com.kms.katalon.core.main.TestCaseMain$startTestSuite$0.call(Unknown Source)
	at TempTestSuite1583830630490.run(TempTestSuite1583830630490.groovy:36)]]></system-out>
      <system-err><![CDATA[2020-03-10 09:57:13 - [TEST_SUITE][FAILED] - Test Suite Quria Patron: Test Cases/Test Patron/Test Search Unique Patron - Debt FAILED.
Reason:
com.kms.katalon.core.exception.StepFailedException: Actual text '-kr  54,00' and expected text '-kr  47,00' of test object 'Object Repository/Capture Object Patron Search/Page_nightlyno - Axiell Quria/div_ActivGjeld' are NOT matched.
	at com.kms.katalon.core.keyword.internal.KeywordMain.stepFailed(KeywordMain.groovy:32)
	at com.kms.katalon.core.webui.keyword.internal.WebUIKeywordMain.stepFailed(WebUIKeywordMain.groovy:65)
	at com.kms.katalon.core.webui.keyword.builtin.VerifyElementTextKeyword$_verifyElementText_closure1.doCall(VerifyElementTextKeyword.groovy:57)
	at com.kms.katalon.core.webui.keyword.builtin.VerifyElementTextKeyword$_verifyElementText_closure1.call(VerifyElementTextKeyword.groovy)
	at com.kms.katalon.core.webui.keyword.internal.WebUIKeywordMain.runKeyword(WebUIKeywordMain.groovy:21)
	at com.kms.katalon.core.webui.keyword.builtin.VerifyElementTextKeyword.verifyElementText(VerifyElementTextKeyword.groovy:72)
	at com.kms.katalon.core.webui.keyword.builtin.VerifyElementTextKeyword.execute(VerifyElementTextKeyword.groovy:40)
	at com.kms.katalon.core.keyword.internal.KeywordExecutor.executeKeywordForPlatform(KeywordExecutor.groovy:53)
	at com.kms.katalon.core.webui.keyword.WebUiBuiltInKeywords.verifyElementText(WebUiBuiltInKeywords.groovy:3663)
	at com.kms.katalon.core.webui.keyword.WebUiBuiltInKeywords$verifyElementText$6.call(Unknown Source)
	at Test Search Unique Patron - Debt.run(Test Search Unique Patron - Debt:38)
	at com.kms.katalon.core.main.ScriptEngine.run(ScriptEngine.java:194)
	at com.kms.katalon.core.main.ScriptEngine.runScriptAsRawText(ScriptEngine.java:119)
	at com.kms.katalon.core.main.TestCaseExecutor.runScript(TestCaseExecutor.java:328)
	at com.kms.katalon.core.main.TestCaseExecutor.doExecute(TestCaseExecutor.java:319)
	at com.kms.katalon.core.main.TestCaseExecutor.processExecutionPhase(TestCaseExecutor.java:298)
	at com.kms.katalon.core.main.TestCaseExecutor.accessMainPhase(TestCaseExecutor.java:290)
	at com.kms.katalon.core.main.TestCaseExecutor.execute(TestCaseExecutor.java:224)
	at com.kms.katalon.core.main.TestSuiteExecutor.accessTestCaseMainPhase(TestSuiteExecutor.java:129)
	at com.kms.katalon.core.main.TestSuiteExecutor.accessTestSuiteMainPhase(TestSuiteExecutor.java:112)
	at com.kms.katalon.core.main.TestSuiteExecutor.execute(TestSuiteExecutor.java:81)
	at com.kms.katalon.core.main.TestCaseMain.startTestSuite(TestCaseMain.java:149)
	at com.kms.katalon.core.main.TestCaseMain$startTestSuite$0.call(Unknown Source)
	at TempTestSuite1583830630490.run(TempTestSuite1583830630490.groovy:36)]]></system-err>
   </testsuite>
</testsuites>
