<?xml version="1.0" encoding="UTF-8"?>
<testsuites name="Test Suite Quria Search" time="69" tests="9" failures="1" errors="0">
   <testsuite name="Test Suite Quria Search" tests="9" failures="1" errors="0" time="69" timestamp="2020-01-08 12:41:24" hostname="ignacio - BIBITS-IGNACIO2.bibsent.no" id="Test Suites/Test Suite Quria Search">
      <properties>
         <property name="deviceName" value=""/>
         <property name="devicePlatform" value=""/>
         <property name="logFolder" value="C:\\Users\\ignacio\\Katalon Studio\\KatalonQuriaTest\\Reports\\Test Suite Quria Search\\20200108_124121"/>
         <property name="logFiles" value="C:\\Users\\ignacio\\Katalon Studio\\KatalonQuriaTest\\Reports\\Test Suite Quria Search\\20200108_124121\\execution0.log"/>
         <property name="attachments" value="C:\\Users\\ignacio\\Katalon Studio\\KatalonQuriaTest\\Reports\\Test Suite Quria Search\\20200108_124121\\1578483739835.png"/>
         <property name="hostName" value="ignacio - BIBITS-IGNACIO2.bibsent.no"/>
         <property name="os" value="Windows 10 64bit"/>
         <property name="katalonVersion" value="5.10.0.1"/>
         <property name="browser" value="Firefox 69.0"/>
         <property name="hostAddress" value="10.81.1.177"/>
         <property name="sessionId" value="c0c5ddea-5ee2-4718-928a-708bec2335d3"/>
         <property name="seleniumVersion" value="3.7.1"/>
         <property name="proxyInformation" value="ProxyInformation{proxyOption=NO_PROXY, proxyServerType=HTTP, password=, proxyServerAddress=, proxyServerPort=0}"/>
         <property name="platform" value="Windows 10"/>
      </properties>
      <testcase name="Test Cases/Test Simple Search" classname="Test Cases/Test Simple Search" status="PASSED">
         <system-out><![CDATA[2020-01-08 12:41:25 - [TEST_CASE][PASSED] - Test Cases/Test Simple Search: Test Cases/Test Simple Search

2020-01-08 12:41:25 - [TEST_STEP][PASSED] - openBrowser(""): Browser is opened with url: ''

2020-01-08 12:41:25 - [MESSAGE][INFO] - Starting 'Firefox' driver

2020-01-08 12:41:26 - [MESSAGE][INFO] - Action delay is set to 0 seconds

2020-01-08 12:41:31 - [MESSAGE][PASSED] - Browser is opened with url: ''

2020-01-08 12:41:31 - [TEST_STEP][PASSED] - navigateToUrl("https://nightlyno.quriaint.axiell.com/frontend/e6577300-18cd-4938-95dc-8690d6b50505/public/index.html"): Navigate to 'https://nightlyno.quriaint.axiell.com/frontend/e6577300-18cd-4938-95dc-8690d6b50505/public/index.html' successfully

2020-01-08 12:41:33 - [MESSAGE][PASSED] - Navigate to 'https://nightlyno.quriaint.axiell.com/frontend/e6577300-18cd-4938-95dc-8690d6b50505/public/index.html' successfully

2020-01-08 12:41:33 - [TEST_STEP][PASSED] - click(findTestObject("Object Repository/Test Simple Search/Page_Axiell Quria/a_Sign in with Google")): Object: 'Object Repository/Test Simple Search/Page_Axiell Quria/a_Sign in with Google' is clicked on

2020-01-08 12:41:33 - [MESSAGE][PASSED] - Object: 'Object Repository/Test Simple Search/Page_Axiell Quria/a_Sign in with Google' is clicked on

2020-01-08 12:41:33 - [TEST_STEP][PASSED] - setText(findTestObject("Object Repository/Test Simple Search/Page_Logg p  Google-kontoer/input_axiell.com_identifier"), "axiell.norge.quria@gmail.com"): Text 'axiell.norge.quria@gmail.com' is set on object 'Object Repository/Test Simple Search/Page_Logg p  Google-kontoer/input_axiell.com_identifier'

2020-01-08 12:41:34 - [MESSAGE][PASSED] - Text 'axiell.norge.quria@gmail.com' is set on object 'Object Repository/Test Simple Search/Page_Logg p  Google-kontoer/input_axiell.com_identifier'

2020-01-08 12:41:34 - [TEST_STEP][PASSED] - click(findTestObject("Object Repository/Test Simple Search/Page_Logg p  Google-kontoer/span_Neste")): Object: 'Object Repository/Test Simple Search/Page_Logg p  Google-kontoer/span_Neste' is clicked on

2020-01-08 12:41:34 - [MESSAGE][PASSED] - Object: 'Object Repository/Test Simple Search/Page_Logg p  Google-kontoer/span_Neste' is clicked on

2020-01-08 12:41:34 - [TEST_STEP][PASSED] - setEncryptedText(findTestObject("Object Repository/Test Simple Search/Page_Logg p  Google-kontoer/input_For mange mislykkede for"), "d097ITWPO7f2v9EptRJGCg=="): Text ****** has been set on object 'Object Repository/Test Simple Search/Page_Logg p  Google-kontoer/input_For mange mislykkede for'

2020-01-08 12:41:35 - [MESSAGE][PASSED] - Text ****** has been set on object 'Object Repository/Test Simple Search/Page_Logg p  Google-kontoer/input_For mange mislykkede for'

2020-01-08 12:41:35 - [TEST_STEP][PASSED] - click(findTestObject("Test Simple Search/Page_Logg p  Google-kontoer/div_Neste")): Object: 'Object Repository/Test Simple Search/Page_Logg p  Google-kontoer/div_Neste' is clicked on

2020-01-08 12:41:38 - [MESSAGE][PASSED] - Object: 'Object Repository/Test Simple Search/Page_Logg p  Google-kontoer/div_Neste' is clicked on

2020-01-08 12:41:38 - [TEST_STEP][PASSED] - click(findTestObject("Object Repository/Test Simple Search/Page_nightlyno - Axiell Quria/md-icon")): Object: 'Object Repository/Test Simple Search/Page_nightlyno - Axiell Quria/md-icon' is clicked on

2020-01-08 12:41:38 - [MESSAGE][PASSED] - Object: 'Object Repository/Test Simple Search/Page_nightlyno - Axiell Quria/md-icon' is clicked on

2020-01-08 12:41:38 - [TEST_STEP][PASSED] - setText(findTestObject("Object Repository/Test Simple Search/Page_nightlyno - Axiell Quria/input_Abonnementer_search-inpu"), "Cervantes"): Text 'Cervantes' is set on object 'Object Repository/Test Simple Search/Page_nightlyno - Axiell Quria/input_Abonnementer_search-inpu'

2020-01-08 12:41:39 - [MESSAGE][PASSED] - Text 'Cervantes' is set on object 'Object Repository/Test Simple Search/Page_nightlyno - Axiell Quria/input_Abonnementer_search-inpu'

2020-01-08 12:41:39 - [TEST_STEP][PASSED] - click(findTestObject("Object Repository/Test Simple Search/Page_nightlyno - Axiell Quria/md-icon_expand_more")): Object: 'Object Repository/Test Simple Search/Page_nightlyno - Axiell Quria/md-icon_expand_more' is clicked on

2020-01-08 12:41:39 - [MESSAGE][PASSED] - Object: 'Object Repository/Test Simple Search/Page_nightlyno - Axiell Quria/md-icon_expand_more' is clicked on

2020-01-08 12:41:39 - [TEST_STEP][PASSED] - click(findTestObject("Object Repository/Test Simple Search/Page_nightlyno - Axiell Quria/a_exit_to_appLogg av")): Object: 'Object Repository/Test Simple Search/Page_nightlyno - Axiell Quria/a_exit_to_appLogg av' is clicked on

2020-01-08 12:41:40 - [MESSAGE][PASSED] - Object: 'Object Repository/Test Simple Search/Page_nightlyno - Axiell Quria/a_exit_to_appLogg av' is clicked on

2020-01-08 12:41:40 - [TEST_STEP][PASSED] - closeBrowser(): Browser is closed

2020-01-08 12:41:41 - [MESSAGE][PASSED] - Browser is closed]]></system-out>
         <system-err><![CDATA[]]></system-err>
      </testcase>
      <testcase name="Test Cases/Test Facet" classname="Test Cases/Test Facet" status="FAILED">
         <failure type="FAILED" message="Test Cases/Test Facet FAILED.
Reason:
com.kms.katalon.core.exception.StepFailedException: Unable to click on object 'Object Repository/Test Facet/Page_Logg p  Google-kontoer/span_Neste' (Root cause: com.kms.katalon.core.webui.exception.WebElementNotFoundException: Web element with id: 'Object Repository/Test Facet/Page_Logg p  Google-kontoer/span_Neste' located by 'By.xpath: //div[@id='identifierNext']/span/span' not found)
	at com.kms.katalon.core.keyword.internal.KeywordMain.stepFailed(KeywordMain.groovy:32)
	at com.kms.katalon.core.webui.keyword.internal.WebUIKeywordMain.stepFailed(WebUIKeywordMain.groovy:65)
	at com.kms.katalon.core.webui.keyword.internal.WebUIKeywordMain.runKeyword(WebUIKeywordMain.groovy:27)
	at com.kms.katalon.core.webui.keyword.builtin.ClickKeyword.click(ClickKeyword.groovy:86)
	at com.kms.katalon.core.webui.keyword.builtin.ClickKeyword.execute(ClickKeyword.groovy:67)
	at com.kms.katalon.core.keyword.internal.KeywordExecutor.executeKeywordForPlatform(KeywordExecutor.groovy:53)
	at com.kms.katalon.core.webui.keyword.WebUiBuiltInKeywords.click(WebUiBuiltInKeywords.groovy:616)
	at com.kms.katalon.core.webui.keyword.WebUiBuiltInKeywords$click$1.call(Unknown Source)
	at Test Facet.run(Test Facet:29)
	at com.kms.katalon.core.main.ScriptEngine.run(ScriptEngine.java:194)
	at com.kms.katalon.core.main.ScriptEngine.runScriptAsRawText(ScriptEngine.java:119)
	at com.kms.katalon.core.main.TestCaseExecutor.runScript(TestCaseExecutor.java:328)
	at com.kms.katalon.core.main.TestCaseExecutor.doExecute(TestCaseExecutor.java:319)
	at com.kms.katalon.core.main.TestCaseExecutor.processExecutionPhase(TestCaseExecutor.java:298)
	at com.kms.katalon.core.main.TestCaseExecutor.accessMainPhase(TestCaseExecutor.java:290)
	at com.kms.katalon.core.main.TestCaseExecutor.execute(TestCaseExecutor.java:224)
	at com.kms.katalon.core.main.TestSuiteExecutor.accessTestCaseMainPhase(TestSuiteExecutor.java:129)
	at com.kms.katalon.core.main.TestSuiteExecutor.accessTestSuiteMainPhase(TestSuiteExecutor.java:112)
	at com.kms.katalon.core.main.TestSuiteExecutor.execute(TestSuiteExecutor.java:81)
	at com.kms.katalon.core.main.TestCaseMain.startTestSuite(TestCaseMain.java:149)
	at com.kms.katalon.core.main.TestCaseMain$startTestSuite$0.call(Unknown Source)
	at TempTestSuite1578483681998.run(TempTestSuite1578483681998.groovy:36)
"/>
         <system-out><![CDATA[2020-01-08 12:41:41 - [TEST_CASE][FAILED] - Test Cases/Test Facet: Test Cases/Test Facet FAILED.
Reason:
com.kms.katalon.core.exception.StepFailedException: Unable to click on object 'Object Repository/Test Facet/Page_Logg p  Google-kontoer/span_Neste' (Root cause: com.kms.katalon.core.webui.exception.WebElementNotFoundException: Web element with id: 'Object Repository/Test Facet/Page_Logg p  Google-kontoer/span_Neste' located by 'By.xpath: //div[@id='identifierNext']/span/span' not found)
	at com.kms.katalon.core.keyword.internal.KeywordMain.stepFailed(KeywordMain.groovy:32)
	at com.kms.katalon.core.webui.keyword.internal.WebUIKeywordMain.stepFailed(WebUIKeywordMain.groovy:65)
	at com.kms.katalon.core.webui.keyword.internal.WebUIKeywordMain.runKeyword(WebUIKeywordMain.groovy:27)
	at com.kms.katalon.core.webui.keyword.builtin.ClickKeyword.click(ClickKeyword.groovy:86)
	at com.kms.katalon.core.webui.keyword.builtin.ClickKeyword.execute(ClickKeyword.groovy:67)
	at com.kms.katalon.core.keyword.internal.KeywordExecutor.executeKeywordForPlatform(KeywordExecutor.groovy:53)
	at com.kms.katalon.core.webui.keyword.WebUiBuiltInKeywords.click(WebUiBuiltInKeywords.groovy:616)
	at com.kms.katalon.core.webui.keyword.WebUiBuiltInKeywords$click$1.call(Unknown Source)
	at Test Facet.run(Test Facet:29)
	at com.kms.katalon.core.main.ScriptEngine.run(ScriptEngine.java:194)
	at com.kms.katalon.core.main.ScriptEngine.runScriptAsRawText(ScriptEngine.java:119)
	at com.kms.katalon.core.main.TestCaseExecutor.runScript(TestCaseExecutor.java:328)
	at com.kms.katalon.core.main.TestCaseExecutor.doExecute(TestCaseExecutor.java:319)
	at com.kms.katalon.core.main.TestCaseExecutor.processExecutionPhase(TestCaseExecutor.java:298)
	at com.kms.katalon.core.main.TestCaseExecutor.accessMainPhase(TestCaseExecutor.java:290)
	at com.kms.katalon.core.main.TestCaseExecutor.execute(TestCaseExecutor.java:224)
	at com.kms.katalon.core.main.TestSuiteExecutor.accessTestCaseMainPhase(TestSuiteExecutor.java:129)
	at com.kms.katalon.core.main.TestSuiteExecutor.accessTestSuiteMainPhase(TestSuiteExecutor.java:112)
	at com.kms.katalon.core.main.TestSuiteExecutor.execute(TestSuiteExecutor.java:81)
	at com.kms.katalon.core.main.TestCaseMain.startTestSuite(TestCaseMain.java:149)
	at com.kms.katalon.core.main.TestCaseMain$startTestSuite$0.call(Unknown Source)
	at TempTestSuite1578483681998.run(TempTestSuite1578483681998.groovy:36)


2020-01-08 12:41:41 - [TEST_STEP][PASSED] - openBrowser(""): Browser is opened with url: ''

2020-01-08 12:41:41 - [MESSAGE][INFO] - Starting 'Firefox' driver

2020-01-08 12:41:45 - [MESSAGE][PASSED] - Browser is opened with url: ''

2020-01-08 12:41:45 - [TEST_STEP][PASSED] - navigateToUrl("https://nightlyno.quriaint.axiell.com/frontend/e6577300-18cd-4938-95dc-8690d6b50505/public/index.html"): Navigate to 'https://nightlyno.quriaint.axiell.com/frontend/e6577300-18cd-4938-95dc-8690d6b50505/public/index.html' successfully

2020-01-08 12:41:46 - [MESSAGE][PASSED] - Navigate to 'https://nightlyno.quriaint.axiell.com/frontend/e6577300-18cd-4938-95dc-8690d6b50505/public/index.html' successfully

2020-01-08 12:41:46 - [TEST_STEP][PASSED] - click(findTestObject("Object Repository/Test Facet/Page_Axiell Quria/a_Sign in with Google")): Object: 'Object Repository/Test Facet/Page_Axiell Quria/a_Sign in with Google' is clicked on

2020-01-08 12:41:47 - [MESSAGE][PASSED] - Object: 'Object Repository/Test Facet/Page_Axiell Quria/a_Sign in with Google' is clicked on

2020-01-08 12:41:47 - [TEST_STEP][PASSED] - setText(findTestObject("Object Repository/Test Facet/Page_Logg p  Google-kontoer/input_axiell.com_identifier"), "axiell.norge.quria@gmail.com"): Text 'axiell.norge.quria@gmail.com' is set on object 'Object Repository/Test Facet/Page_Logg p  Google-kontoer/input_axiell.com_identifier'

2020-01-08 12:41:48 - [MESSAGE][PASSED] - Text 'axiell.norge.quria@gmail.com' is set on object 'Object Repository/Test Facet/Page_Logg p  Google-kontoer/input_axiell.com_identifier'

2020-01-08 12:41:48 - [TEST_STEP][PASSED] - click(findTestObject("Object Repository/Test Facet/Page_Logg p  Google-kontoer/span_Neste")): Object: 'Object Repository/Test Facet/Page_Logg p  Google-kontoer/span_Neste' is clicked on

2020-01-08 12:41:48 - [MESSAGE][PASSED] - Object: 'Object Repository/Test Facet/Page_Logg p  Google-kontoer/span_Neste' is clicked on

2020-01-08 12:41:48 - [TEST_STEP][PASSED] - setEncryptedText(findTestObject("Object Repository/Test Facet/Page_Logg p  Google-kontoer/input_For mange mislykkede for"), "d097ITWPO7f2v9EptRJGCg=="): Text ****** has been set on object 'Object Repository/Test Facet/Page_Logg p  Google-kontoer/input_For mange mislykkede for'

2020-01-08 12:41:49 - [MESSAGE][PASSED] - Text ****** has been set on object 'Object Repository/Test Facet/Page_Logg p  Google-kontoer/input_For mange mislykkede for'

2020-01-08 12:41:49 - [TEST_STEP][FAILED] - click(findTestObject("Object Repository/Test Facet/Page_Logg p  Google-kontoer/span_Neste")): Unable to click on object 'Object Repository/Test Facet/Page_Logg p  Google-kontoer/span_Neste' (Root cause: com.kms.katalon.core.webui.exception.WebElementNotFoundException: Web element with id: 'Object Repository/Test Facet/Page_Logg p  Google-kontoer/span_Neste' located by 'By.xpath: //div[@id='identifierNext']/span/span' not found)

2020-01-08 12:42:19 - [MESSAGE][INFO] - Unable to find the element located by 'By.xpath: //div[@id='identifierNext']/span/span'. Please recheck the objects properties to make sure the desired element is located. 

2020-01-08 12:42:19 - [MESSAGE][FAILED] - Unable to click on object 'Object Repository/Test Facet/Page_Logg p  Google-kontoer/span_Neste' (Root cause: com.kms.katalon.core.webui.exception.WebElementNotFoundException: Web element with id: 'Object Repository/Test Facet/Page_Logg p  Google-kontoer/span_Neste' located by 'By.xpath: //div[@id='identifierNext']/span/span' not found)
[[ATTACHMENT|C:\\Users\\ignacio\\Katalon Studio\\KatalonQuriaTest\\Reports\\Test Suite Quria Search\\20200108_124121\\1578483739835.png]]

2020-01-08 12:42:19 - [TEST_STEP][PASSED] - click(findTestObject("Object Repository/Test Facet/Page_nightlyno - Axiell Quria/span_Samlinger")): Object: 'Object Repository/Test Facet/Page_nightlyno - Axiell Quria/span_Samlinger' is clicked on

2020-01-08 12:42:29 - [MESSAGE][PASSED] - Object: 'Object Repository/Test Facet/Page_nightlyno - Axiell Quria/span_Samlinger' is clicked on

2020-01-08 12:42:29 - [TEST_STEP][PASSED] - setText(findTestObject("Object Repository/Test Facet/Page_nightlyno - Axiell Quria/input_Abonnementer_search-inpu"), "Creator: Brown"): Text 'Creator: Brown' is set on object 'Object Repository/Test Facet/Page_nightlyno - Axiell Quria/input_Abonnementer_search-inpu'

2020-01-08 12:42:30 - [MESSAGE][PASSED] - Text 'Creator: Brown' is set on object 'Object Repository/Test Facet/Page_nightlyno - Axiell Quria/input_Abonnementer_search-inpu'

2020-01-08 12:42:30 - [TEST_STEP][PASSED] - click(findTestObject("Object Repository/Test Facet/Page_nightlyno - Axiell Quria/div_Resultater 16")): Object: 'Object Repository/Test Facet/Page_nightlyno - Axiell Quria/div_Resultater 16' is clicked on

2020-01-08 12:42:30 - [MESSAGE][PASSED] - Object: 'Object Repository/Test Facet/Page_nightlyno - Axiell Quria/div_Resultater 16' is clicked on

2020-01-08 12:42:30 - [TEST_STEP][PASSED] - click(findTestObject("Object Repository/Test Facet/Page_nightlyno - Axiell Quria/div_Resultater 16")): Object: 'Object Repository/Test Facet/Page_nightlyno - Axiell Quria/div_Resultater 16' is clicked on

2020-01-08 12:42:30 - [MESSAGE][PASSED] - Object: 'Object Repository/Test Facet/Page_nightlyno - Axiell Quria/div_Resultater 16' is clicked on

2020-01-08 12:42:30 - [TEST_STEP][PASSED] - click(findTestObject("Object Repository/Test Facet/Page_nightlyno - Axiell Quria/md-icon_expand_more")): Object: 'Object Repository/Test Facet/Page_nightlyno - Axiell Quria/md-icon_expand_more' is clicked on

2020-01-08 12:42:31 - [MESSAGE][PASSED] - Object: 'Object Repository/Test Facet/Page_nightlyno - Axiell Quria/md-icon_expand_more' is clicked on

2020-01-08 12:42:31 - [TEST_STEP][PASSED] - click(findTestObject("Object Repository/Test Facet/Page_nightlyno - Axiell Quria/a_exit_to_appLogg av")): Object: 'Object Repository/Test Facet/Page_nightlyno - Axiell Quria/a_exit_to_appLogg av' is clicked on

2020-01-08 12:42:31 - [MESSAGE][PASSED] - Object: 'Object Repository/Test Facet/Page_nightlyno - Axiell Quria/a_exit_to_appLogg av' is clicked on

2020-01-08 12:42:31 - [TEST_STEP][FAILED] - closeBrowser(): closeBrowser() FAILED.
Reason:
com.kms.katalon.core.exception.StepFailedException: Unable to click on object 'Object Repository/Test Facet/Page_Logg p  Google-kontoer/span_Neste' (Root cause: com.kms.katalon.core.webui.exception.WebElementNotFoundException: Web element with id: 'Object Repository/Test Facet/Page_Logg p  Google-kontoer/span_Neste' located by 'By.xpath: //div[@id='identifierNext']/span/span' not found)
	at com.kms.katalon.core.keyword.internal.KeywordMain.stepFailed(KeywordMain.groovy:32)
	at com.kms.katalon.core.webui.keyword.internal.WebUIKeywordMain.stepFailed(WebUIKeywordMain.groovy:65)
	at com.kms.katalon.core.webui.keyword.internal.WebUIKeywordMain.runKeyword(WebUIKeywordMain.groovy:27)
	at com.kms.katalon.core.webui.keyword.builtin.ClickKeyword.click(ClickKeyword.groovy:86)
	at com.kms.katalon.core.webui.keyword.builtin.ClickKeyword.execute(ClickKeyword.groovy:67)
	at com.kms.katalon.core.keyword.internal.KeywordExecutor.executeKeywordForPlatform(KeywordExecutor.groovy:53)
	at com.kms.katalon.core.webui.keyword.WebUiBuiltInKeywords.click(WebUiBuiltInKeywords.groovy:616)
	at com.kms.katalon.core.webui.keyword.WebUiBuiltInKeywords$click$1.call(Unknown Source)
	at Test Facet.run(Test Facet:29)
	at com.kms.katalon.core.main.ScriptEngine.run(ScriptEngine.java:194)
	at com.kms.katalon.core.main.ScriptEngine.runScriptAsRawText(ScriptEngine.java:119)
	at com.kms.katalon.core.main.TestCaseExecutor.runScript(TestCaseExecutor.java:328)
	at com.kms.katalon.core.main.TestCaseExecutor.doExecute(TestCaseExecutor.java:319)
	at com.kms.katalon.core.main.TestCaseExecutor.processExecutionPhase(TestCaseExecutor.java:298)
	at com.kms.katalon.core.main.TestCaseExecutor.accessMainPhase(TestCaseExecutor.java:290)
	at com.kms.katalon.core.main.TestCaseExecutor.execute(TestCaseExecutor.java:224)
	at com.kms.katalon.core.main.TestSuiteExecutor.accessTestCaseMainPhase(TestSuiteExecutor.java:129)
	at com.kms.katalon.core.main.TestSuiteExecutor.accessTestSuiteMainPhase(TestSuiteExecutor.java:112)
	at com.kms.katalon.core.main.TestSuiteExecutor.execute(TestSuiteExecutor.java:81)
	at com.kms.katalon.core.main.TestCaseMain.startTestSuite(TestCaseMain.java:149)
	at com.kms.katalon.core.main.TestCaseMain$startTestSuite$0.call(Unknown Source)
	at TempTestSuite1578483681998.run(TempTestSuite1578483681998.groovy:36)


2020-01-08 12:42:32 - [MESSAGE][PASSED] - Browser is closed

2020-01-08 12:42:32 - [MESSAGE][FAILED] - closeBrowser() FAILED.
Reason:
com.kms.katalon.core.exception.StepFailedException: Unable to click on object 'Object Repository/Test Facet/Page_Logg p  Google-kontoer/span_Neste' (Root cause: com.kms.katalon.core.webui.exception.WebElementNotFoundException: Web element with id: 'Object Repository/Test Facet/Page_Logg p  Google-kontoer/span_Neste' located by 'By.xpath: //div[@id='identifierNext']/span/span' not found)
	at com.kms.katalon.core.keyword.internal.KeywordMain.stepFailed(KeywordMain.groovy:32)
	at com.kms.katalon.core.webui.keyword.internal.WebUIKeywordMain.stepFailed(WebUIKeywordMain.groovy:65)
	at com.kms.katalon.core.webui.keyword.internal.WebUIKeywordMain.runKeyword(WebUIKeywordMain.groovy:27)
	at com.kms.katalon.core.webui.keyword.builtin.ClickKeyword.click(ClickKeyword.groovy:86)
	at com.kms.katalon.core.webui.keyword.builtin.ClickKeyword.execute(ClickKeyword.groovy:67)
	at com.kms.katalon.core.keyword.internal.KeywordExecutor.executeKeywordForPlatform(KeywordExecutor.groovy:53)
	at com.kms.katalon.core.webui.keyword.WebUiBuiltInKeywords.click(WebUiBuiltInKeywords.groovy:616)
	at com.kms.katalon.core.webui.keyword.WebUiBuiltInKeywords$click$1.call(Unknown Source)
	at Test Facet.run(Test Facet:29)
	at com.kms.katalon.core.main.ScriptEngine.run(ScriptEngine.java:194)
	at com.kms.katalon.core.main.ScriptEngine.runScriptAsRawText(ScriptEngine.java:119)
	at com.kms.katalon.core.main.TestCaseExecutor.runScript(TestCaseExecutor.java:328)
	at com.kms.katalon.core.main.TestCaseExecutor.doExecute(TestCaseExecutor.java:319)
	at com.kms.katalon.core.main.TestCaseExecutor.processExecutionPhase(TestCaseExecutor.java:298)
	at com.kms.katalon.core.main.TestCaseExecutor.accessMainPhase(TestCaseExecutor.java:290)
	at com.kms.katalon.core.main.TestCaseExecutor.execute(TestCaseExecutor.java:224)
	at com.kms.katalon.core.main.TestSuiteExecutor.accessTestCaseMainPhase(TestSuiteExecutor.java:129)
	at com.kms.katalon.core.main.TestSuiteExecutor.accessTestSuiteMainPhase(TestSuiteExecutor.java:112)
	at com.kms.katalon.core.main.TestSuiteExecutor.execute(TestSuiteExecutor.java:81)
	at com.kms.katalon.core.main.TestCaseMain.startTestSuite(TestCaseMain.java:149)
	at com.kms.katalon.core.main.TestCaseMain$startTestSuite$0.call(Unknown Source)
	at TempTestSuite1578483681998.run(TempTestSuite1578483681998.groovy:36)]]></system-out>
         <system-err><![CDATA[2020-01-08 12:41:41 - [TEST_CASE][FAILED] - Test Cases/Test Facet: Test Cases/Test Facet FAILED.
Reason:
com.kms.katalon.core.exception.StepFailedException: Unable to click on object 'Object Repository/Test Facet/Page_Logg p  Google-kontoer/span_Neste' (Root cause: com.kms.katalon.core.webui.exception.WebElementNotFoundException: Web element with id: 'Object Repository/Test Facet/Page_Logg p  Google-kontoer/span_Neste' located by 'By.xpath: //div[@id='identifierNext']/span/span' not found)
	at com.kms.katalon.core.keyword.internal.KeywordMain.stepFailed(KeywordMain.groovy:32)
	at com.kms.katalon.core.webui.keyword.internal.WebUIKeywordMain.stepFailed(WebUIKeywordMain.groovy:65)
	at com.kms.katalon.core.webui.keyword.internal.WebUIKeywordMain.runKeyword(WebUIKeywordMain.groovy:27)
	at com.kms.katalon.core.webui.keyword.builtin.ClickKeyword.click(ClickKeyword.groovy:86)
	at com.kms.katalon.core.webui.keyword.builtin.ClickKeyword.execute(ClickKeyword.groovy:67)
	at com.kms.katalon.core.keyword.internal.KeywordExecutor.executeKeywordForPlatform(KeywordExecutor.groovy:53)
	at com.kms.katalon.core.webui.keyword.WebUiBuiltInKeywords.click(WebUiBuiltInKeywords.groovy:616)
	at com.kms.katalon.core.webui.keyword.WebUiBuiltInKeywords$click$1.call(Unknown Source)
	at Test Facet.run(Test Facet:29)
	at com.kms.katalon.core.main.ScriptEngine.run(ScriptEngine.java:194)
	at com.kms.katalon.core.main.ScriptEngine.runScriptAsRawText(ScriptEngine.java:119)
	at com.kms.katalon.core.main.TestCaseExecutor.runScript(TestCaseExecutor.java:328)
	at com.kms.katalon.core.main.TestCaseExecutor.doExecute(TestCaseExecutor.java:319)
	at com.kms.katalon.core.main.TestCaseExecutor.processExecutionPhase(TestCaseExecutor.java:298)
	at com.kms.katalon.core.main.TestCaseExecutor.accessMainPhase(TestCaseExecutor.java:290)
	at com.kms.katalon.core.main.TestCaseExecutor.execute(TestCaseExecutor.java:224)
	at com.kms.katalon.core.main.TestSuiteExecutor.accessTestCaseMainPhase(TestSuiteExecutor.java:129)
	at com.kms.katalon.core.main.TestSuiteExecutor.accessTestSuiteMainPhase(TestSuiteExecutor.java:112)
	at com.kms.katalon.core.main.TestSuiteExecutor.execute(TestSuiteExecutor.java:81)
	at com.kms.katalon.core.main.TestCaseMain.startTestSuite(TestCaseMain.java:149)
	at com.kms.katalon.core.main.TestCaseMain$startTestSuite$0.call(Unknown Source)
	at TempTestSuite1578483681998.run(TempTestSuite1578483681998.groovy:36)]]></system-err>
      </testcase>
      <testcase name="Test Cases/Test Single Search hit, only one hit result" classname="Test Cases/Test Single Search hit, only one hit result" status="PASSED">
         <system-out><![CDATA[2020-01-08 12:42:32 - [TEST_CASE][PASSED] - Test Cases/Test Single Search hit, only one hit result: Test Cases/Test Single Search hit, only one hit result

2020-01-08 12:42:32 - [TEST_STEP][PASSED] - return null: null]]></system-out>
         <system-err><![CDATA[]]></system-err>
      </testcase>
      <testcase name="Test Cases/Test turn off stop word" classname="Test Cases/Test turn off stop word" status="PASSED">
         <system-out><![CDATA[2020-01-08 12:42:32 - [TEST_CASE][PASSED] - Test Cases/Test turn off stop word: Test Cases/Test turn off stop word

2020-01-08 12:42:33 - [TEST_STEP][PASSED] - return null: null]]></system-out>
         <system-err><![CDATA[]]></system-err>
      </testcase>
      <testcase name="Test Cases/Test verify free text search" classname="Test Cases/Test verify free text search" status="PASSED">
         <system-out><![CDATA[2020-01-08 12:42:33 - [TEST_CASE][PASSED] - Test Cases/Test verify free text search: Test Cases/Test verify free text search

2020-01-08 12:42:33 - [TEST_STEP][PASSED] - return null: null]]></system-out>
         <system-err><![CDATA[]]></system-err>
      </testcase>
      <testcase name="Test Cases/Test verify Fuzzy search" classname="Test Cases/Test verify Fuzzy search" status="PASSED">
         <system-out><![CDATA[2020-01-08 12:42:33 - [TEST_CASE][PASSED] - Test Cases/Test verify Fuzzy search: Test Cases/Test verify Fuzzy search

2020-01-08 12:42:33 - [TEST_STEP][PASSED] - return null: null]]></system-out>
         <system-err><![CDATA[]]></system-err>
      </testcase>
      <testcase name="Test Cases/Test verify phrase search" classname="Test Cases/Test verify phrase search" status="PASSED">
         <system-out><![CDATA[2020-01-08 12:42:33 - [TEST_CASE][PASSED] - Test Cases/Test verify phrase search: Test Cases/Test verify phrase search

2020-01-08 12:42:33 - [TEST_STEP][PASSED] - return null: null]]></system-out>
         <system-err><![CDATA[]]></system-err>
      </testcase>
      <testcase name="Test Cases/Test verify scandinavian letters" classname="Test Cases/Test verify scandinavian letters" status="PASSED">
         <system-out><![CDATA[2020-01-08 12:42:33 - [TEST_CASE][PASSED] - Test Cases/Test verify scandinavian letters: Test Cases/Test verify scandinavian letters

2020-01-08 12:42:33 - [TEST_STEP][PASSED] - return null: null]]></system-out>
         <system-err><![CDATA[]]></system-err>
      </testcase>
      <testcase name="Test Cases/Test verify stop words" classname="Test Cases/Test verify stop words" status="PASSED">
         <system-out><![CDATA[2020-01-08 12:42:33 - [TEST_CASE][PASSED] - Test Cases/Test verify stop words: Test Cases/Test verify stop words

2020-01-08 12:42:34 - [TEST_STEP][PASSED] - return null: null]]></system-out>
         <system-err><![CDATA[]]></system-err>
      </testcase>
      <testcase name="Test Cases/Test verify truncation and masking" classname="Test Cases/Test verify truncation and masking" status="PASSED">
         <system-out><![CDATA[2020-01-08 12:42:34 - [TEST_CASE][PASSED] - Test Cases/Test verify truncation and masking: Test Cases/Test verify truncation and masking

2020-01-08 12:42:34 - [TEST_STEP][PASSED] - return null: null]]></system-out>
         <system-err><![CDATA[]]></system-err>
      </testcase>
      <system-out><![CDATA[2020-01-08 12:41:24 - [TEST_SUITE][FAILED] - Test Suite Quria Search: Test Cases/Test Facet FAILED.
Reason:
com.kms.katalon.core.exception.StepFailedException: Unable to click on object 'Object Repository/Test Facet/Page_Logg p  Google-kontoer/span_Neste' (Root cause: com.kms.katalon.core.webui.exception.WebElementNotFoundException: Web element with id: 'Object Repository/Test Facet/Page_Logg p  Google-kontoer/span_Neste' located by 'By.xpath: //div[@id='identifierNext']/span/span' not found)
	at com.kms.katalon.core.keyword.internal.KeywordMain.stepFailed(KeywordMain.groovy:32)
	at com.kms.katalon.core.webui.keyword.internal.WebUIKeywordMain.stepFailed(WebUIKeywordMain.groovy:65)
	at com.kms.katalon.core.webui.keyword.internal.WebUIKeywordMain.runKeyword(WebUIKeywordMain.groovy:27)
	at com.kms.katalon.core.webui.keyword.builtin.ClickKeyword.click(ClickKeyword.groovy:86)
	at com.kms.katalon.core.webui.keyword.builtin.ClickKeyword.execute(ClickKeyword.groovy:67)
	at com.kms.katalon.core.keyword.internal.KeywordExecutor.executeKeywordForPlatform(KeywordExecutor.groovy:53)
	at com.kms.katalon.core.webui.keyword.WebUiBuiltInKeywords.click(WebUiBuiltInKeywords.groovy:616)
	at com.kms.katalon.core.webui.keyword.WebUiBuiltInKeywords$click$1.call(Unknown Source)
	at Test Facet.run(Test Facet:29)
	at com.kms.katalon.core.main.ScriptEngine.run(ScriptEngine.java:194)
	at com.kms.katalon.core.main.ScriptEngine.runScriptAsRawText(ScriptEngine.java:119)
	at com.kms.katalon.core.main.TestCaseExecutor.runScript(TestCaseExecutor.java:328)
	at com.kms.katalon.core.main.TestCaseExecutor.doExecute(TestCaseExecutor.java:319)
	at com.kms.katalon.core.main.TestCaseExecutor.processExecutionPhase(TestCaseExecutor.java:298)
	at com.kms.katalon.core.main.TestCaseExecutor.accessMainPhase(TestCaseExecutor.java:290)
	at com.kms.katalon.core.main.TestCaseExecutor.execute(TestCaseExecutor.java:224)
	at com.kms.katalon.core.main.TestSuiteExecutor.accessTestCaseMainPhase(TestSuiteExecutor.java:129)
	at com.kms.katalon.core.main.TestSuiteExecutor.accessTestSuiteMainPhase(TestSuiteExecutor.java:112)
	at com.kms.katalon.core.main.TestSuiteExecutor.execute(TestSuiteExecutor.java:81)
	at com.kms.katalon.core.main.TestCaseMain.startTestSuite(TestCaseMain.java:149)
	at com.kms.katalon.core.main.TestCaseMain$startTestSuite$0.call(Unknown Source)
	at TempTestSuite1578483681998.run(TempTestSuite1578483681998.groovy:36)]]></system-out>
      <system-err><![CDATA[2020-01-08 12:41:24 - [TEST_SUITE][FAILED] - Test Suite Quria Search: Test Cases/Test Facet FAILED.
Reason:
com.kms.katalon.core.exception.StepFailedException: Unable to click on object 'Object Repository/Test Facet/Page_Logg p  Google-kontoer/span_Neste' (Root cause: com.kms.katalon.core.webui.exception.WebElementNotFoundException: Web element with id: 'Object Repository/Test Facet/Page_Logg p  Google-kontoer/span_Neste' located by 'By.xpath: //div[@id='identifierNext']/span/span' not found)
	at com.kms.katalon.core.keyword.internal.KeywordMain.stepFailed(KeywordMain.groovy:32)
	at com.kms.katalon.core.webui.keyword.internal.WebUIKeywordMain.stepFailed(WebUIKeywordMain.groovy:65)
	at com.kms.katalon.core.webui.keyword.internal.WebUIKeywordMain.runKeyword(WebUIKeywordMain.groovy:27)
	at com.kms.katalon.core.webui.keyword.builtin.ClickKeyword.click(ClickKeyword.groovy:86)
	at com.kms.katalon.core.webui.keyword.builtin.ClickKeyword.execute(ClickKeyword.groovy:67)
	at com.kms.katalon.core.keyword.internal.KeywordExecutor.executeKeywordForPlatform(KeywordExecutor.groovy:53)
	at com.kms.katalon.core.webui.keyword.WebUiBuiltInKeywords.click(WebUiBuiltInKeywords.groovy:616)
	at com.kms.katalon.core.webui.keyword.WebUiBuiltInKeywords$click$1.call(Unknown Source)
	at Test Facet.run(Test Facet:29)
	at com.kms.katalon.core.main.ScriptEngine.run(ScriptEngine.java:194)
	at com.kms.katalon.core.main.ScriptEngine.runScriptAsRawText(ScriptEngine.java:119)
	at com.kms.katalon.core.main.TestCaseExecutor.runScript(TestCaseExecutor.java:328)
	at com.kms.katalon.core.main.TestCaseExecutor.doExecute(TestCaseExecutor.java:319)
	at com.kms.katalon.core.main.TestCaseExecutor.processExecutionPhase(TestCaseExecutor.java:298)
	at com.kms.katalon.core.main.TestCaseExecutor.accessMainPhase(TestCaseExecutor.java:290)
	at com.kms.katalon.core.main.TestCaseExecutor.execute(TestCaseExecutor.java:224)
	at com.kms.katalon.core.main.TestSuiteExecutor.accessTestCaseMainPhase(TestSuiteExecutor.java:129)
	at com.kms.katalon.core.main.TestSuiteExecutor.accessTestSuiteMainPhase(TestSuiteExecutor.java:112)
	at com.kms.katalon.core.main.TestSuiteExecutor.execute(TestSuiteExecutor.java:81)
	at com.kms.katalon.core.main.TestCaseMain.startTestSuite(TestCaseMain.java:149)
	at com.kms.katalon.core.main.TestCaseMain$startTestSuite$0.call(Unknown Source)
	at TempTestSuite1578483681998.run(TempTestSuite1578483681998.groovy:36)]]></system-err>
   </testsuite>
</testsuites>
